[0.014s] Invoking command in '/home/raz/volcani/rover_volkani/build/roverrobotics_gazebo': CMAKE_PREFIX_PATH=/home/raz/volcani/rover_volkani/install/roverrobotics_description:/home/raz/volcani/rover_volkani/install/rplidar_ros:/home/raz/volcani/rover_volkani/install/roverrobotics_input_manager:/home/raz/volcani/rover_volkani/install/roverrobotics_gazebo:/home/raz/volcani/rover_volkani/install/roverrobotics_driver:/home/raz/volcani/rover_volkani/install/greenhouse_navigation:/home/raz/volcani/rover_volkani/install/bno055:/opt/ros/humble /usr/bin/cmake --build /home/raz/volcani/rover_volkani/build/roverrobotics_gazebo -- -j24 -l24
[0.043s] Invoked command in '/home/raz/volcani/rover_volkani/build/roverrobotics_gazebo' returned '0': CMAKE_PREFIX_PATH=/home/raz/volcani/rover_volkani/install/roverrobotics_description:/home/raz/volcani/rover_volkani/install/rplidar_ros:/home/raz/volcani/rover_volkani/install/roverrobotics_input_manager:/home/raz/volcani/rover_volkani/install/roverrobotics_gazebo:/home/raz/volcani/rover_volkani/install/roverrobotics_driver:/home/raz/volcani/rover_volkani/install/greenhouse_navigation:/home/raz/volcani/rover_volkani/install/bno055:/opt/ros/humble /usr/bin/cmake --build /home/raz/volcani/rover_volkani/build/roverrobotics_gazebo -- -j24 -l24
[0.044s] Invoking command in '/home/raz/volcani/rover_volkani/build/roverrobotics_gazebo': CMAKE_PREFIX_PATH=/home/raz/volcani/rover_volkani/install/roverrobotics_description:/home/raz/volcani/rover_volkani/install/rplidar_ros:/home/raz/volcani/rover_volkani/install/roverrobotics_input_manager:/home/raz/volcani/rover_volkani/install/roverrobotics_gazebo:/home/raz/volcani/rover_volkani/install/roverrobotics_driver:/home/raz/volcani/rover_volkani/install/greenhouse_navigation:/home/raz/volcani/rover_volkani/install/bno055:/opt/ros/humble /usr/bin/cmake --install /home/raz/volcani/rover_volkani/build/roverrobotics_gazebo
[0.048s] -- Install configuration: ""
[0.049s] -- Execute custom install script
[0.049s] -- Up-to-date symlink: /home/raz/volcani/rover_volkani/install/roverrobotics_gazebo/share/roverrobotics_gazebo/launch/2wd_rover_gazebo.launch.py
[0.049s] -- Up-to-date symlink: /home/raz/volcani/rover_volkani/install/roverrobotics_gazebo/share/roverrobotics_gazebo/launch/4wd_rover_gazebo.launch.py
[0.049s] -- Up-to-date symlink: /home/raz/volcani/rover_volkani/install/roverrobotics_gazebo/share/roverrobotics_gazebo/launch/flipper_gazebo.launch.py
[0.049s] -- Up-to-date symlink: /home/raz/volcani/rover_volkani/install/roverrobotics_gazebo/share/roverrobotics_gazebo/launch/max_gazebo.launch.py
[0.049s] -- Up-to-date symlink: /home/raz/volcani/rover_volkani/install/roverrobotics_gazebo/share/roverrobotics_gazebo/launch/mini_gazebo.launch.py
[0.049s] -- Up-to-date symlink: /home/raz/volcani/rover_volkani/install/roverrobotics_gazebo/share/roverrobotics_gazebo/launch/miti_65_gazebo.launch.py
[0.049s] -- Up-to-date symlink: /home/raz/volcani/rover_volkani/install/roverrobotics_gazebo/share/roverrobotics_gazebo/launch/miti_gazebo.launch.py
[0.049s] -- Up-to-date symlink: /home/raz/volcani/rover_volkani/install/roverrobotics_gazebo/share/roverrobotics_gazebo/worlds/depot.sdf
[0.049s] -- Symlinking: /home/raz/volcani/rover_volkani/install/roverrobotics_gazebo/share/roverrobotics_gazebo/worlds/indoor_abc_lab3.pgm
[0.055s] -- Up-to-date symlink: /home/raz/volcani/rover_volkani/install/roverrobotics_gazebo/share/roverrobotics_gazebo/worlds/indoor_abc_lab3.sdf
[0.055s] -- Up-to-date symlink: /home/raz/volcani/rover_volkani/install/roverrobotics_gazebo/share/roverrobotics_gazebo/worlds/maze.sdf
[0.055s] -- Up-to-date symlink: /home/raz/volcani/rover_volkani/install/roverrobotics_gazebo/share/roverrobotics_gazebo/worlds/warehouse.sdf
[0.055s] -- Up-to-date symlink: /home/raz/volcani/rover_volkani/install/roverrobotics_gazebo/share/ament_index/resource_index/package_run_dependencies/roverrobotics_gazebo
[0.055s] -- Up-to-date symlink: /home/raz/volcani/rover_volkani/install/roverrobotics_gazebo/share/ament_index/resource_index/parent_prefix_path/roverrobotics_gazebo
[0.055s] -- Up-to-date symlink: /home/raz/volcani/rover_volkani/install/roverrobotics_gazebo/share/roverrobotics_gazebo/environment/ament_prefix_path.sh
[0.055s] -- Up-to-date symlink: /home/raz/volcani/rover_volkani/install/roverrobotics_gazebo/share/roverrobotics_gazebo/environment/ament_prefix_path.dsv
[0.055s] -- Up-to-date symlink: /home/raz/volcani/rover_volkani/install/roverrobotics_gazebo/share/roverrobotics_gazebo/environment/path.sh
[0.055s] -- Up-to-date symlink: /home/raz/volcani/rover_volkani/install/roverrobotics_gazebo/share/roverrobotics_gazebo/environment/path.dsv
[0.055s] -- Up-to-date symlink: /home/raz/volcani/rover_volkani/install/roverrobotics_gazebo/share/roverrobotics_gazebo/local_setup.bash
[0.055s] -- Up-to-date symlink: /home/raz/volcani/rover_volkani/install/roverrobotics_gazebo/share/roverrobotics_gazebo/local_setup.sh
[0.055s] -- Up-to-date symlink: /home/raz/volcani/rover_volkani/install/roverrobotics_gazebo/share/roverrobotics_gazebo/local_setup.zsh
[0.055s] -- Up-to-date symlink: /home/raz/volcani/rover_volkani/install/roverrobotics_gazebo/share/roverrobotics_gazebo/local_setup.dsv
[0.055s] -- Symlinking: /home/raz/volcani/rover_volkani/install/roverrobotics_gazebo/share/roverrobotics_gazebo/package.dsv
[0.061s] -- Up-to-date symlink: /home/raz/volcani/rover_volkani/install/roverrobotics_gazebo/share/ament_index/resource_index/packages/roverrobotics_gazebo
[0.061s] -- Up-to-date symlink: /home/raz/volcani/rover_volkani/install/roverrobotics_gazebo/share/roverrobotics_gazebo/cmake/roverrobotics_gazeboConfig.cmake
[0.061s] -- Up-to-date symlink: /home/raz/volcani/rover_volkani/install/roverrobotics_gazebo/share/roverrobotics_gazebo/cmake/roverrobotics_gazeboConfig-version.cmake
[0.061s] -- Up-to-date symlink: /home/raz/volcani/rover_volkani/install/roverrobotics_gazebo/share/roverrobotics_gazebo/package.xml
[0.063s] Invoked command in '/home/raz/volcani/rover_volkani/build/roverrobotics_gazebo' returned '0': CMAKE_PREFIX_PATH=/home/raz/volcani/rover_volkani/install/roverrobotics_description:/home/raz/volcani/rover_volkani/install/rplidar_ros:/home/raz/volcani/rover_volkani/install/roverrobotics_input_manager:/home/raz/volcani/rover_volkani/install/roverrobotics_gazebo:/home/raz/volcani/rover_volkani/install/roverrobotics_driver:/home/raz/volcani/rover_volkani/install/greenhouse_navigation:/home/raz/volcani/rover_volkani/install/bno055:/opt/ros/humble /usr/bin/cmake --install /home/raz/volcani/rover_volkani/build/roverrobotics_gazebo
