[0.014s] Invoking command in '/home/raz/volcani/rover_volkani/build/roverrobotics_description': CMAKE_PREFIX_PATH=${CMAKE_PREFIX_PATH}:/home/raz/volcani/rover_volkani/install/greenhouse_navigation:/home/raz/volcani/rover_volkani/install/bno055:/opt/ros/humble /usr/bin/cmake /home/raz/volcani/rover_volkani/src/roverrobotics_description -DAMENT_CMAKE_SYMLINK_INSTALL=1 -DCMAKE_INSTALL_PREFIX=/home/raz/volcani/rover_volkani/install/roverrobotics_description
[0.191s] -- The C compiler identification is GNU 11.4.0
[0.192s] -- The CXX compiler identification is GNU 11.4.0
[0.192s] -- Detecting C compiler ABI info
[0.192s] -- Detecting C compiler ABI info - done
[0.197s] -- Check for working C compiler: /usr/bin/cc - skipped
[0.197s] -- Detecting C compile features
[0.197s] -- Detecting C compile features - done
[0.199s] -- Detecting CXX compiler ABI info
[0.257s] -- Detecting CXX compiler ABI info - done
[0.262s] -- Check for working CXX compiler: /usr/bin/c++ - skipped
[0.262s] -- Detecting CXX compile features
[0.263s] -- Detecting CXX compile features - done
[0.265s] -- Found ament_cmake: 1.3.11 (/opt/ros/humble/share/ament_cmake/cmake)
[0.383s] -- Found Python3: /usr/bin/python3 (found version "3.10.12") found components: Interpreter 
[0.430s] -- Override CMake install command with custom implementation using symlinks instead of copying resources
[0.499s] -- Configuring done
[0.500s] -- Generating done
[0.501s] -- Build files have been written to: /home/raz/volcani/rover_volkani/build/roverrobotics_description
[0.504s] Invoked command in '/home/raz/volcani/rover_volkani/build/roverrobotics_description' returned '0': CMAKE_PREFIX_PATH=${CMAKE_PREFIX_PATH}:/home/raz/volcani/rover_volkani/install/greenhouse_navigation:/home/raz/volcani/rover_volkani/install/bno055:/opt/ros/humble /usr/bin/cmake /home/raz/volcani/rover_volkani/src/roverrobotics_description -DAMENT_CMAKE_SYMLINK_INSTALL=1 -DCMAKE_INSTALL_PREFIX=/home/raz/volcani/rover_volkani/install/roverrobotics_description
[0.505s] Invoking command in '/home/raz/volcani/rover_volkani/build/roverrobotics_description': CMAKE_PREFIX_PATH=${CMAKE_PREFIX_PATH}:/home/raz/volcani/rover_volkani/install/greenhouse_navigation:/home/raz/volcani/rover_volkani/install/bno055:/opt/ros/humble /usr/bin/cmake --build /home/raz/volcani/rover_volkani/build/roverrobotics_description -- -j24 -l24
[0.534s] Invoked command in '/home/raz/volcani/rover_volkani/build/roverrobotics_description' returned '0': CMAKE_PREFIX_PATH=${CMAKE_PREFIX_PATH}:/home/raz/volcani/rover_volkani/install/greenhouse_navigation:/home/raz/volcani/rover_volkani/install/bno055:/opt/ros/humble /usr/bin/cmake --build /home/raz/volcani/rover_volkani/build/roverrobotics_description -- -j24 -l24
[0.543s] Invoking command in '/home/raz/volcani/rover_volkani/build/roverrobotics_description': CMAKE_PREFIX_PATH=${CMAKE_PREFIX_PATH}:/home/raz/volcani/rover_volkani/install/greenhouse_navigation:/home/raz/volcani/rover_volkani/install/bno055:/opt/ros/humble /usr/bin/cmake --install /home/raz/volcani/rover_volkani/build/roverrobotics_description
[0.549s] -- Install configuration: ""
[0.549s] -- Execute custom install script
[0.550s] -- Symlinking: /home/raz/volcani/rover_volkani/install/roverrobotics_description/share/roverrobotics_description/rviz/urdf.rviz
[0.555s] -- Symlinking: /home/raz/volcani/rover_volkani/install/roverrobotics_description/share/roverrobotics_description/launch/display_2wd_rover.launch.py
[0.561s] -- Symlinking: /home/raz/volcani/rover_volkani/install/roverrobotics_description/share/roverrobotics_description/launch/display_4wd_rover.launch.py
[0.567s] -- Symlinking: /home/raz/volcani/rover_volkani/install/roverrobotics_description/share/roverrobotics_description/launch/display_flipper.launch.py
[0.572s] -- Symlinking: /home/raz/volcani/rover_volkani/install/roverrobotics_description/share/roverrobotics_description/launch/display_max.launch.py
[0.578s] -- Symlinking: /home/raz/volcani/rover_volkani/install/roverrobotics_description/share/roverrobotics_description/launch/display_mini.launch.py
[0.583s] -- Symlinking: /home/raz/volcani/rover_volkani/install/roverrobotics_description/share/roverrobotics_description/launch/display_miti.launch.py
[0.589s] -- Symlinking: /home/raz/volcani/rover_volkani/install/roverrobotics_description/share/roverrobotics_description/launch/display_miti_65.launch.py
[0.595s] -- Symlinking: /home/raz/volcani/rover_volkani/install/roverrobotics_description/share/roverrobotics_description/meshes/65wheels.dae
[0.601s] -- Symlinking: /home/raz/volcani/rover_volkani/install/roverrobotics_description/share/roverrobotics_description/meshes/castor.dae
[0.607s] -- Symlinking: /home/raz/volcani/rover_volkani/install/roverrobotics_description/share/roverrobotics_description/meshes/castor_housing.dae
[0.613s] -- Symlinking: /home/raz/volcani/rover_volkani/install/roverrobotics_description/share/roverrobotics_description/meshes/flipper.dae
[0.620s] -- Symlinking: /home/raz/volcani/rover_volkani/install/roverrobotics_description/share/roverrobotics_description/meshes/flipper_chassis.dae
[0.625s] -- Symlinking: /home/raz/volcani/rover_volkani/install/roverrobotics_description/share/roverrobotics_description/meshes/flipper_track.dae
[0.630s] -- Symlinking: /home/raz/volcani/rover_volkani/install/roverrobotics_description/share/roverrobotics_description/meshes/hub_10in.dae
[0.636s] -- Symlinking: /home/raz/volcani/rover_volkani/install/roverrobotics_description/share/roverrobotics_description/meshes/hub_6.5in.dae
[0.641s] -- Symlinking: /home/raz/volcani/rover_volkani/install/roverrobotics_description/share/roverrobotics_description/meshes/max_chassis.dae
[0.647s] -- Symlinking: /home/raz/volcani/rover_volkani/install/roverrobotics_description/share/roverrobotics_description/meshes/max_wheels_10in.dae
[0.652s] -- Symlinking: /home/raz/volcani/rover_volkani/install/roverrobotics_description/share/roverrobotics_description/meshes/max_wheels_13in.dae
[0.657s] -- Symlinking: /home/raz/volcani/rover_volkani/install/roverrobotics_description/share/roverrobotics_description/meshes/max_wheels_15in.dae
[0.663s] -- Symlinking: /home/raz/volcani/rover_volkani/install/roverrobotics_description/share/roverrobotics_description/meshes/mini_chassis.dae
[0.668s] -- Symlinking: /home/raz/volcani/rover_volkani/install/roverrobotics_description/share/roverrobotics_description/meshes/mini_chassis_new.dae
[0.674s] -- Symlinking: /home/raz/volcani/rover_volkani/install/roverrobotics_description/share/roverrobotics_description/meshes/miti_chassis.dae
[0.678s] -- Symlinking: /home/raz/volcani/rover_volkani/install/roverrobotics_description/share/roverrobotics_description/meshes/miti_chassis_new.dae
[0.685s] -- Symlinking: /home/raz/volcani/rover_volkani/install/roverrobotics_description/share/roverrobotics_description/meshes/pro_tire.dae
[0.690s] -- Symlinking: /home/raz/volcani/rover_volkani/install/roverrobotics_description/share/roverrobotics_description/meshes/rover_2wd_core.dae
[0.697s] -- Symlinking: /home/raz/volcani/rover_volkani/install/roverrobotics_description/share/roverrobotics_description/meshes/rover_payload.dae
[0.702s] -- Symlinking: /home/raz/volcani/rover_volkani/install/roverrobotics_description/share/roverrobotics_description/meshes/rplidar_s2.dae
[0.708s] -- Symlinking: /home/raz/volcani/rover_volkani/install/roverrobotics_description/share/roverrobotics_description/urdf/accessories/frames_2025-04-29_10.36.39.gv
[0.714s] -- Symlinking: /home/raz/volcani/rover_volkani/install/roverrobotics_description/share/roverrobotics_description/urdf/accessories/frames_2025-04-29_10.36.39.pdf
[0.721s] -- Symlinking: /home/raz/volcani/rover_volkani/install/roverrobotics_description/share/roverrobotics_description/urdf/accessories/imu.urdf
[0.726s] -- Symlinking: /home/raz/volcani/rover_volkani/install/roverrobotics_description/share/roverrobotics_description/urdf/accessories/rover_dev_payload.urdf
[0.732s] -- Symlinking: /home/raz/volcani/rover_volkani/install/roverrobotics_description/share/roverrobotics_description/urdf/accessories/rplidar_s2.urdf
[0.739s] -- Symlinking: /home/raz/volcani/rover_volkani/install/roverrobotics_description/share/roverrobotics_description/urdf/flipper.urdf
[0.744s] -- Symlinking: /home/raz/volcani/rover_volkani/install/roverrobotics_description/share/roverrobotics_description/urdf/max.urdf
[0.750s] -- Symlinking: /home/raz/volcani/rover_volkani/install/roverrobotics_description/share/roverrobotics_description/urdf/max_100.urdf
[0.756s] -- Symlinking: /home/raz/volcani/rover_volkani/install/roverrobotics_description/share/roverrobotics_description/urdf/max_130.urdf
[0.762s] -- Symlinking: /home/raz/volcani/rover_volkani/install/roverrobotics_description/share/roverrobotics_description/urdf/max_150.urdf
[0.769s] -- Symlinking: /home/raz/volcani/rover_volkani/install/roverrobotics_description/share/roverrobotics_description/urdf/max_65.urdf
[0.774s] -- Symlinking: /home/raz/volcani/rover_volkani/install/roverrobotics_description/share/roverrobotics_description/urdf/mini.urdf
[0.781s] -- Symlinking: /home/raz/volcani/rover_volkani/install/roverrobotics_description/share/roverrobotics_description/urdf/miti.urdf
[0.786s] -- Symlinking: /home/raz/volcani/rover_volkani/install/roverrobotics_description/share/roverrobotics_description/urdf/miti_65.urdf
[0.794s] -- Symlinking: /home/raz/volcani/rover_volkani/install/roverrobotics_description/share/roverrobotics_description/urdf/rover_2wd.urdf
[0.799s] -- Symlinking: /home/raz/volcani/rover_volkani/install/roverrobotics_description/share/roverrobotics_description/urdf/rover_4wd.urdf
[0.805s] -- Symlinking: /home/raz/volcani/rover_volkani/install/roverrobotics_description/share/ament_index/resource_index/package_run_dependencies/roverrobotics_description
[0.811s] -- Symlinking: /home/raz/volcani/rover_volkani/install/roverrobotics_description/share/ament_index/resource_index/parent_prefix_path/roverrobotics_description
[0.816s] -- Symlinking: /home/raz/volcani/rover_volkani/install/roverrobotics_description/share/roverrobotics_description/environment/ament_prefix_path.sh
[0.823s] -- Symlinking: /home/raz/volcani/rover_volkani/install/roverrobotics_description/share/roverrobotics_description/environment/ament_prefix_path.dsv
[0.831s] -- Symlinking: /home/raz/volcani/rover_volkani/install/roverrobotics_description/share/roverrobotics_description/environment/path.sh
[0.837s] -- Symlinking: /home/raz/volcani/rover_volkani/install/roverrobotics_description/share/roverrobotics_description/environment/path.dsv
[0.845s] -- Symlinking: /home/raz/volcani/rover_volkani/install/roverrobotics_description/share/roverrobotics_description/local_setup.bash
[0.851s] -- Symlinking: /home/raz/volcani/rover_volkani/install/roverrobotics_description/share/roverrobotics_description/local_setup.sh
[0.857s] -- Symlinking: /home/raz/volcani/rover_volkani/install/roverrobotics_description/share/roverrobotics_description/local_setup.zsh
[0.863s] -- Symlinking: /home/raz/volcani/rover_volkani/install/roverrobotics_description/share/roverrobotics_description/local_setup.dsv
[0.869s] -- Symlinking: /home/raz/volcani/rover_volkani/install/roverrobotics_description/share/roverrobotics_description/package.dsv
[0.876s] -- Symlinking: /home/raz/volcani/rover_volkani/install/roverrobotics_description/share/ament_index/resource_index/packages/roverrobotics_description
[0.886s] -- Symlinking: /home/raz/volcani/rover_volkani/install/roverrobotics_description/share/roverrobotics_description/cmake/roverrobotics_descriptionConfig.cmake
[0.893s] -- Symlinking: /home/raz/volcani/rover_volkani/install/roverrobotics_description/share/roverrobotics_description/cmake/roverrobotics_descriptionConfig-version.cmake
[0.899s] -- Symlinking: /home/raz/volcani/rover_volkani/install/roverrobotics_description/share/roverrobotics_description/package.xml
[0.909s] Invoked command in '/home/raz/volcani/rover_volkani/build/roverrobotics_description' returned '0': CMAKE_PREFIX_PATH=${CMAKE_PREFIX_PATH}:/home/raz/volcani/rover_volkani/install/greenhouse_navigation:/home/raz/volcani/rover_volkani/install/bno055:/opt/ros/humble /usr/bin/cmake --install /home/raz/volcani/rover_volkani/build/roverrobotics_description
