[0.064s] DEBUG:colcon:Command line arguments: ['/usr/bin/colcon', 'build']
[0.064s] DEBUG:colcon:Parsed command line arguments: Namespace(log_base=None, log_level=None, verb_name='build', build_base='build', install_base='install', merge_install=False, symlink_install=False, test_result_base=None, continue_on_error=False, executor='parallel', parallel_workers=8, event_handlers=None, ignore_user_meta=False, metas=['./colcon.meta'], base_paths=['.'], packages_ignore=None, packages_ignore_regex=None, paths=None, packages_up_to=None, packages_up_to_regex=None, packages_above=None, packages_above_and_dependencies=None, packages_above_depth=None, packages_select_by_dep=None, packages_skip_by_dep=None, packages_skip_up_to=None, packages_select_build_failed=False, packages_skip_build_finished=False, packages_select_test_failures=False, packages_skip_test_passed=False, packages_select=None, packages_skip=None, packages_select_regex=None, packages_skip_regex=None, packages_start=None, packages_end=None, allow_overriding=[], cmake_args=None, cmake_target=None, cmake_target_skip_unavailable=False, cmake_clean_cache=False, cmake_clean_first=False, cmake_force_configure=False, ament_cmake_args=None, catkin_cmake_args=None, catkin_skip_building_tests=False, mixin_files=None, mixin=None, verb_parser=<colcon_mixin.mixin.mixin_argument.MixinArgumentDecorator object at 0x7d1fdab62350>, verb_extension=<colcon_core.verb.build.BuildVerb object at 0x7d1fdab618d0>, main=<bound method BuildVerb.main of <colcon_core.verb.build.BuildVerb object at 0x7d1fdab618d0>>, mixin_verb=('build',))
[0.165s] Level 1:colcon.colcon_core.package_discovery:discover_packages(colcon_meta) check parameters
[0.165s] Level 1:colcon.colcon_core.package_discovery:discover_packages(recursive) check parameters
[0.165s] Level 1:colcon.colcon_core.package_discovery:discover_packages(ignore) check parameters
[0.165s] Level 1:colcon.colcon_core.package_discovery:discover_packages(path) check parameters
[0.165s] Level 1:colcon.colcon_core.package_discovery:discover_packages(colcon_meta) discover
[0.165s] Level 1:colcon.colcon_core.package_discovery:discover_packages(recursive) discover
[0.165s] INFO:colcon.colcon_core.package_discovery:Crawling recursively for packages in '/home/rover/rover_workspace'
[0.165s] Level 1:colcon.colcon_core.package_identification:_identify(.) by extensions ['ignore', 'ignore_ament_install']
[0.165s] Level 1:colcon.colcon_core.package_identification:_identify(.) by extension 'ignore'
[0.165s] Level 1:colcon.colcon_core.package_identification:_identify(.) by extension 'ignore_ament_install'
[0.165s] Level 1:colcon.colcon_core.package_identification:_identify(.) by extensions ['colcon_pkg']
[0.165s] Level 1:colcon.colcon_core.package_identification:_identify(.) by extension 'colcon_pkg'
[0.165s] Level 1:colcon.colcon_core.package_identification:_identify(.) by extensions ['colcon_meta']
[0.165s] Level 1:colcon.colcon_core.package_identification:_identify(.) by extension 'colcon_meta'
[0.165s] Level 1:colcon.colcon_core.package_identification:_identify(.) by extensions ['ros']
[0.165s] Level 1:colcon.colcon_core.package_identification:_identify(.) by extension 'ros'
[0.175s] Level 1:colcon.colcon_core.package_identification:_identify(.) by extensions ['cmake', 'python']
[0.175s] Level 1:colcon.colcon_core.package_identification:_identify(.) by extension 'cmake'
[0.175s] Level 1:colcon.colcon_core.package_identification:_identify(.) by extension 'python'
[0.175s] Level 1:colcon.colcon_core.package_identification:_identify(.) by extensions ['python_setup_py']
[0.175s] Level 1:colcon.colcon_core.package_identification:_identify(.) by extension 'python_setup_py'
[0.175s] Level 1:colcon.colcon_core.package_identification:_identify(build) by extensions ['ignore', 'ignore_ament_install']
[0.175s] Level 1:colcon.colcon_core.package_identification:_identify(build) by extension 'ignore'
[0.175s] Level 1:colcon.colcon_core.package_identification:_identify(build) ignored
[0.175s] Level 1:colcon.colcon_core.package_identification:_identify(install) by extensions ['ignore', 'ignore_ament_install']
[0.176s] Level 1:colcon.colcon_core.package_identification:_identify(install) by extension 'ignore'
[0.176s] Level 1:colcon.colcon_core.package_identification:_identify(install) ignored
[0.176s] Level 1:colcon.colcon_core.package_identification:_identify(log) by extensions ['ignore', 'ignore_ament_install']
[0.176s] Level 1:colcon.colcon_core.package_identification:_identify(log) by extension 'ignore'
[0.176s] Level 1:colcon.colcon_core.package_identification:_identify(log) ignored
[0.176s] Level 1:colcon.colcon_core.package_identification:_identify(src) by extensions ['ignore', 'ignore_ament_install']
[0.176s] Level 1:colcon.colcon_core.package_identification:_identify(src) by extension 'ignore'
[0.176s] Level 1:colcon.colcon_core.package_identification:_identify(src) by extension 'ignore_ament_install'
[0.176s] Level 1:colcon.colcon_core.package_identification:_identify(src) by extensions ['colcon_pkg']
[0.176s] Level 1:colcon.colcon_core.package_identification:_identify(src) by extension 'colcon_pkg'
[0.176s] Level 1:colcon.colcon_core.package_identification:_identify(src) by extensions ['colcon_meta']
[0.176s] Level 1:colcon.colcon_core.package_identification:_identify(src) by extension 'colcon_meta'
[0.176s] Level 1:colcon.colcon_core.package_identification:_identify(src) by extensions ['ros']
[0.176s] Level 1:colcon.colcon_core.package_identification:_identify(src) by extension 'ros'
[0.176s] Level 1:colcon.colcon_core.package_identification:_identify(src) by extensions ['cmake', 'python']
[0.176s] Level 1:colcon.colcon_core.package_identification:_identify(src) by extension 'cmake'
[0.176s] Level 1:colcon.colcon_core.package_identification:_identify(src) by extension 'python'
[0.176s] Level 1:colcon.colcon_core.package_identification:_identify(src) by extensions ['python_setup_py']
[0.176s] Level 1:colcon.colcon_core.package_identification:_identify(src) by extension 'python_setup_py'
[0.176s] Level 1:colcon.colcon_core.package_identification:_identify(src/bno055) by extensions ['ignore', 'ignore_ament_install']
[0.176s] Level 1:colcon.colcon_core.package_identification:_identify(src/bno055) by extension 'ignore'
[0.176s] Level 1:colcon.colcon_core.package_identification:_identify(src/bno055) by extension 'ignore_ament_install'
[0.176s] Level 1:colcon.colcon_core.package_identification:_identify(src/bno055) by extensions ['colcon_pkg']
[0.176s] Level 1:colcon.colcon_core.package_identification:_identify(src/bno055) by extension 'colcon_pkg'
[0.176s] Level 1:colcon.colcon_core.package_identification:_identify(src/bno055) by extensions ['colcon_meta']
[0.176s] Level 1:colcon.colcon_core.package_identification:_identify(src/bno055) by extension 'colcon_meta'
[0.176s] Level 1:colcon.colcon_core.package_identification:_identify(src/bno055) by extensions ['ros']
[0.176s] Level 1:colcon.colcon_core.package_identification:_identify(src/bno055) by extension 'ros'
[0.178s] DEBUG:colcon.colcon_core.package_identification:Package 'src/bno055' with type 'ros.ament_python' and name 'bno055'
[0.178s] Level 1:colcon.colcon_core.package_identification:_identify(src/roverrobotics_description) by extensions ['ignore', 'ignore_ament_install']
[0.178s] Level 1:colcon.colcon_core.package_identification:_identify(src/roverrobotics_description) by extension 'ignore'
[0.178s] Level 1:colcon.colcon_core.package_identification:_identify(src/roverrobotics_description) by extension 'ignore_ament_install'
[0.178s] Level 1:colcon.colcon_core.package_identification:_identify(src/roverrobotics_description) by extensions ['colcon_pkg']
[0.178s] Level 1:colcon.colcon_core.package_identification:_identify(src/roverrobotics_description) by extension 'colcon_pkg'
[0.178s] Level 1:colcon.colcon_core.package_identification:_identify(src/roverrobotics_description) by extensions ['colcon_meta']
[0.178s] Level 1:colcon.colcon_core.package_identification:_identify(src/roverrobotics_description) by extension 'colcon_meta'
[0.178s] Level 1:colcon.colcon_core.package_identification:_identify(src/roverrobotics_description) by extensions ['ros']
[0.178s] Level 1:colcon.colcon_core.package_identification:_identify(src/roverrobotics_description) by extension 'ros'
[0.179s] DEBUG:colcon.colcon_core.package_identification:Package 'src/roverrobotics_description' with type 'ros.ament_cmake' and name 'roverrobotics_description'
[0.179s] Level 1:colcon.colcon_core.package_identification:_identify(src/roverrobotics_driver) by extensions ['ignore', 'ignore_ament_install']
[0.179s] Level 1:colcon.colcon_core.package_identification:_identify(src/roverrobotics_driver) by extension 'ignore'
[0.179s] Level 1:colcon.colcon_core.package_identification:_identify(src/roverrobotics_driver) by extension 'ignore_ament_install'
[0.179s] Level 1:colcon.colcon_core.package_identification:_identify(src/roverrobotics_driver) by extensions ['colcon_pkg']
[0.179s] Level 1:colcon.colcon_core.package_identification:_identify(src/roverrobotics_driver) by extension 'colcon_pkg'
[0.179s] Level 1:colcon.colcon_core.package_identification:_identify(src/roverrobotics_driver) by extensions ['colcon_meta']
[0.179s] Level 1:colcon.colcon_core.package_identification:_identify(src/roverrobotics_driver) by extension 'colcon_meta'
[0.179s] Level 1:colcon.colcon_core.package_identification:_identify(src/roverrobotics_driver) by extensions ['ros']
[0.179s] Level 1:colcon.colcon_core.package_identification:_identify(src/roverrobotics_driver) by extension 'ros'
[0.180s] DEBUG:colcon.colcon_core.package_identification:Package 'src/roverrobotics_driver' with type 'ros.ament_cmake' and name 'roverrobotics_driver'
[0.180s] Level 1:colcon.colcon_core.package_identification:_identify(src/roverrobotics_gazebo) by extensions ['ignore', 'ignore_ament_install']
[0.180s] Level 1:colcon.colcon_core.package_identification:_identify(src/roverrobotics_gazebo) by extension 'ignore'
[0.180s] Level 1:colcon.colcon_core.package_identification:_identify(src/roverrobotics_gazebo) by extension 'ignore_ament_install'
[0.180s] Level 1:colcon.colcon_core.package_identification:_identify(src/roverrobotics_gazebo) by extensions ['colcon_pkg']
[0.180s] Level 1:colcon.colcon_core.package_identification:_identify(src/roverrobotics_gazebo) by extension 'colcon_pkg'
[0.180s] Level 1:colcon.colcon_core.package_identification:_identify(src/roverrobotics_gazebo) by extensions ['colcon_meta']
[0.180s] Level 1:colcon.colcon_core.package_identification:_identify(src/roverrobotics_gazebo) by extension 'colcon_meta'
[0.180s] Level 1:colcon.colcon_core.package_identification:_identify(src/roverrobotics_gazebo) by extensions ['ros']
[0.180s] Level 1:colcon.colcon_core.package_identification:_identify(src/roverrobotics_gazebo) by extension 'ros'
[0.180s] DEBUG:colcon.colcon_core.package_identification:Package 'src/roverrobotics_gazebo' with type 'ros.ament_cmake' and name 'roverrobotics_gazebo'
[0.180s] Level 1:colcon.colcon_core.package_identification:_identify(src/roverrobotics_input_manager) by extensions ['ignore', 'ignore_ament_install']
[0.180s] Level 1:colcon.colcon_core.package_identification:_identify(src/roverrobotics_input_manager) by extension 'ignore'
[0.180s] Level 1:colcon.colcon_core.package_identification:_identify(src/roverrobotics_input_manager) by extension 'ignore_ament_install'
[0.180s] Level 1:colcon.colcon_core.package_identification:_identify(src/roverrobotics_input_manager) by extensions ['colcon_pkg']
[0.180s] Level 1:colcon.colcon_core.package_identification:_identify(src/roverrobotics_input_manager) by extension 'colcon_pkg'
[0.180s] Level 1:colcon.colcon_core.package_identification:_identify(src/roverrobotics_input_manager) by extensions ['colcon_meta']
[0.180s] Level 1:colcon.colcon_core.package_identification:_identify(src/roverrobotics_input_manager) by extension 'colcon_meta'
[0.180s] Level 1:colcon.colcon_core.package_identification:_identify(src/roverrobotics_input_manager) by extensions ['ros']
[0.180s] Level 1:colcon.colcon_core.package_identification:_identify(src/roverrobotics_input_manager) by extension 'ros'
[0.181s] DEBUG:colcon.colcon_core.package_identification:Package 'src/roverrobotics_input_manager' with type 'ros.ament_cmake' and name 'roverrobotics_input_manager'
[0.181s] Level 1:colcon.colcon_core.package_identification:_identify(src/rplidar_ros) by extensions ['ignore', 'ignore_ament_install']
[0.181s] Level 1:colcon.colcon_core.package_identification:_identify(src/rplidar_ros) by extension 'ignore'
[0.181s] Level 1:colcon.colcon_core.package_identification:_identify(src/rplidar_ros) by extension 'ignore_ament_install'
[0.181s] Level 1:colcon.colcon_core.package_identification:_identify(src/rplidar_ros) by extensions ['colcon_pkg']
[0.181s] Level 1:colcon.colcon_core.package_identification:_identify(src/rplidar_ros) by extension 'colcon_pkg'
[0.181s] Level 1:colcon.colcon_core.package_identification:_identify(src/rplidar_ros) by extensions ['colcon_meta']
[0.181s] Level 1:colcon.colcon_core.package_identification:_identify(src/rplidar_ros) by extension 'colcon_meta'
[0.181s] Level 1:colcon.colcon_core.package_identification:_identify(src/rplidar_ros) by extensions ['ros']
[0.181s] Level 1:colcon.colcon_core.package_identification:_identify(src/rplidar_ros) by extension 'ros'
[0.181s] DEBUG:colcon.colcon_core.package_identification:Package 'src/rplidar_ros' with type 'ros.ament_cmake' and name 'rplidar_ros'
[0.181s] Level 1:colcon.colcon_core.package_discovery:discover_packages(recursive) using defaults
[0.181s] Level 1:colcon.colcon_core.package_discovery:discover_packages(ignore) discover
[0.181s] Level 1:colcon.colcon_core.package_discovery:discover_packages(ignore) using defaults
[0.181s] Level 1:colcon.colcon_core.package_discovery:discover_packages(path) discover
[0.181s] Level 1:colcon.colcon_core.package_discovery:discover_packages(path) using defaults
[0.202s] Level 1:colcon.colcon_core.package_discovery:discover_packages(prefix_path) check parameters
[0.202s] Level 1:colcon.colcon_core.package_discovery:discover_packages(prefix_path) discover
[0.203s] WARNING:colcon.colcon_ros.prefix_path.ament:The path '/home/rover/rover_workspace/install/rplidar_ros' in the environment variable AMENT_PREFIX_PATH doesn't exist
[0.203s] WARNING:colcon.colcon_ros.prefix_path.ament:The path '/home/rover/rover_workspace/install/roverrobotics_input_manager' in the environment variable AMENT_PREFIX_PATH doesn't exist
[0.203s] WARNING:colcon.colcon_ros.prefix_path.ament:The path '/home/rover/rover_workspace/install/roverrobotics_gazebo' in the environment variable AMENT_PREFIX_PATH doesn't exist
[0.203s] WARNING:colcon.colcon_ros.prefix_path.ament:The path '/home/rover/rover_workspace/install/roverrobotics_driver' in the environment variable AMENT_PREFIX_PATH doesn't exist
[0.203s] WARNING:colcon.colcon_ros.prefix_path.ament:The path '/home/rover/rover_workspace/install/roverrobotics_description' in the environment variable AMENT_PREFIX_PATH doesn't exist
[0.203s] WARNING:colcon.colcon_ros.prefix_path.ament:The path '/home/rover/rover_workspace/install/bno055' in the environment variable AMENT_PREFIX_PATH doesn't exist
[0.203s] WARNING:colcon.colcon_ros.prefix_path.catkin:The path '/home/rover/rover_workspace/install/rplidar_ros' in the environment variable CMAKE_PREFIX_PATH doesn't exist
[0.203s] WARNING:colcon.colcon_ros.prefix_path.catkin:The path '/home/rover/rover_workspace/install/roverrobotics_input_manager' in the environment variable CMAKE_PREFIX_PATH doesn't exist
[0.203s] WARNING:colcon.colcon_ros.prefix_path.catkin:The path '/home/rover/rover_workspace/install/roverrobotics_gazebo' in the environment variable CMAKE_PREFIX_PATH doesn't exist
[0.203s] WARNING:colcon.colcon_ros.prefix_path.catkin:The path '/home/rover/rover_workspace/install/roverrobotics_driver' in the environment variable CMAKE_PREFIX_PATH doesn't exist
[0.203s] WARNING:colcon.colcon_ros.prefix_path.catkin:The path '/home/rover/rover_workspace/install/roverrobotics_description' in the environment variable CMAKE_PREFIX_PATH doesn't exist
[0.204s] DEBUG:colcon.colcon_installed_package_information.package_discovery:Found 8 installed packages in /home/rover/NUC-1/install
[0.204s] DEBUG:colcon.colcon_installed_package_information.package_discovery:Found 0 installed packages in /home/rover/rover_workspace/install
[0.205s] DEBUG:colcon.colcon_installed_package_information.package_discovery:Found 321 installed packages in /opt/ros/humble
[0.206s] Level 1:colcon.colcon_core.package_discovery:discover_packages(prefix_path) using defaults
[0.230s] Level 5:colcon.colcon_core.verb:set package 'bno055' build argument 'cmake_args' from command line to 'None'
[0.230s] Level 5:colcon.colcon_core.verb:set package 'bno055' build argument 'cmake_target' from command line to 'None'
[0.230s] Level 5:colcon.colcon_core.verb:set package 'bno055' build argument 'cmake_target_skip_unavailable' from command line to 'False'
[0.230s] Level 5:colcon.colcon_core.verb:set package 'bno055' build argument 'cmake_clean_cache' from command line to 'False'
[0.230s] Level 5:colcon.colcon_core.verb:set package 'bno055' build argument 'cmake_clean_first' from command line to 'False'
[0.230s] Level 5:colcon.colcon_core.verb:set package 'bno055' build argument 'cmake_force_configure' from command line to 'False'
[0.230s] Level 5:colcon.colcon_core.verb:set package 'bno055' build argument 'ament_cmake_args' from command line to 'None'
[0.230s] Level 5:colcon.colcon_core.verb:set package 'bno055' build argument 'catkin_cmake_args' from command line to 'None'
[0.230s] Level 5:colcon.colcon_core.verb:set package 'bno055' build argument 'catkin_skip_building_tests' from command line to 'False'
[0.230s] DEBUG:colcon.colcon_core.verb:Building package 'bno055' with the following arguments: {'ament_cmake_args': None, 'build_base': '/home/rover/rover_workspace/build/bno055', 'catkin_cmake_args': None, 'catkin_skip_building_tests': False, 'cmake_args': None, 'cmake_clean_cache': False, 'cmake_clean_first': False, 'cmake_force_configure': False, 'cmake_target': None, 'cmake_target_skip_unavailable': False, 'install_base': '/home/rover/rover_workspace/install/bno055', 'merge_install': False, 'path': '/home/rover/rover_workspace/src/bno055', 'symlink_install': False, 'test_result_base': None}
[0.230s] Level 5:colcon.colcon_core.verb:set package 'roverrobotics_description' build argument 'cmake_args' from command line to 'None'
[0.230s] Level 5:colcon.colcon_core.verb:set package 'roverrobotics_description' build argument 'cmake_target' from command line to 'None'
[0.230s] Level 5:colcon.colcon_core.verb:set package 'roverrobotics_description' build argument 'cmake_target_skip_unavailable' from command line to 'False'
[0.230s] Level 5:colcon.colcon_core.verb:set package 'roverrobotics_description' build argument 'cmake_clean_cache' from command line to 'False'
[0.230s] Level 5:colcon.colcon_core.verb:set package 'roverrobotics_description' build argument 'cmake_clean_first' from command line to 'False'
[0.230s] Level 5:colcon.colcon_core.verb:set package 'roverrobotics_description' build argument 'cmake_force_configure' from command line to 'False'
[0.230s] Level 5:colcon.colcon_core.verb:set package 'roverrobotics_description' build argument 'ament_cmake_args' from command line to 'None'
[0.230s] Level 5:colcon.colcon_core.verb:set package 'roverrobotics_description' build argument 'catkin_cmake_args' from command line to 'None'
[0.230s] Level 5:colcon.colcon_core.verb:set package 'roverrobotics_description' build argument 'catkin_skip_building_tests' from command line to 'False'
[0.230s] DEBUG:colcon.colcon_core.verb:Building package 'roverrobotics_description' with the following arguments: {'ament_cmake_args': None, 'build_base': '/home/rover/rover_workspace/build/roverrobotics_description', 'catkin_cmake_args': None, 'catkin_skip_building_tests': False, 'cmake_args': None, 'cmake_clean_cache': False, 'cmake_clean_first': False, 'cmake_force_configure': False, 'cmake_target': None, 'cmake_target_skip_unavailable': False, 'install_base': '/home/rover/rover_workspace/install/roverrobotics_description', 'merge_install': False, 'path': '/home/rover/rover_workspace/src/roverrobotics_description', 'symlink_install': False, 'test_result_base': None}
[0.230s] Level 5:colcon.colcon_core.verb:set package 'roverrobotics_driver' build argument 'cmake_args' from command line to 'None'
[0.230s] Level 5:colcon.colcon_core.verb:set package 'roverrobotics_driver' build argument 'cmake_target' from command line to 'None'
[0.230s] Level 5:colcon.colcon_core.verb:set package 'roverrobotics_driver' build argument 'cmake_target_skip_unavailable' from command line to 'False'
[0.230s] Level 5:colcon.colcon_core.verb:set package 'roverrobotics_driver' build argument 'cmake_clean_cache' from command line to 'False'
[0.230s] Level 5:colcon.colcon_core.verb:set package 'roverrobotics_driver' build argument 'cmake_clean_first' from command line to 'False'
[0.230s] Level 5:colcon.colcon_core.verb:set package 'roverrobotics_driver' build argument 'cmake_force_configure' from command line to 'False'
[0.230s] Level 5:colcon.colcon_core.verb:set package 'roverrobotics_driver' build argument 'ament_cmake_args' from command line to 'None'
[0.230s] Level 5:colcon.colcon_core.verb:set package 'roverrobotics_driver' build argument 'catkin_cmake_args' from command line to 'None'
[0.230s] Level 5:colcon.colcon_core.verb:set package 'roverrobotics_driver' build argument 'catkin_skip_building_tests' from command line to 'False'
[0.230s] DEBUG:colcon.colcon_core.verb:Building package 'roverrobotics_driver' with the following arguments: {'ament_cmake_args': None, 'build_base': '/home/rover/rover_workspace/build/roverrobotics_driver', 'catkin_cmake_args': None, 'catkin_skip_building_tests': False, 'cmake_args': None, 'cmake_clean_cache': False, 'cmake_clean_first': False, 'cmake_force_configure': False, 'cmake_target': None, 'cmake_target_skip_unavailable': False, 'install_base': '/home/rover/rover_workspace/install/roverrobotics_driver', 'merge_install': False, 'path': '/home/rover/rover_workspace/src/roverrobotics_driver', 'symlink_install': False, 'test_result_base': None}
[0.231s] Level 5:colcon.colcon_core.verb:set package 'roverrobotics_input_manager' build argument 'cmake_args' from command line to 'None'
[0.231s] Level 5:colcon.colcon_core.verb:set package 'roverrobotics_input_manager' build argument 'cmake_target' from command line to 'None'
[0.231s] Level 5:colcon.colcon_core.verb:set package 'roverrobotics_input_manager' build argument 'cmake_target_skip_unavailable' from command line to 'False'
[0.231s] Level 5:colcon.colcon_core.verb:set package 'roverrobotics_input_manager' build argument 'cmake_clean_cache' from command line to 'False'
[0.231s] Level 5:colcon.colcon_core.verb:set package 'roverrobotics_input_manager' build argument 'cmake_clean_first' from command line to 'False'
[0.231s] Level 5:colcon.colcon_core.verb:set package 'roverrobotics_input_manager' build argument 'cmake_force_configure' from command line to 'False'
[0.231s] Level 5:colcon.colcon_core.verb:set package 'roverrobotics_input_manager' build argument 'ament_cmake_args' from command line to 'None'
[0.231s] Level 5:colcon.colcon_core.verb:set package 'roverrobotics_input_manager' build argument 'catkin_cmake_args' from command line to 'None'
[0.231s] Level 5:colcon.colcon_core.verb:set package 'roverrobotics_input_manager' build argument 'catkin_skip_building_tests' from command line to 'False'
[0.231s] DEBUG:colcon.colcon_core.verb:Building package 'roverrobotics_input_manager' with the following arguments: {'ament_cmake_args': None, 'build_base': '/home/rover/rover_workspace/build/roverrobotics_input_manager', 'catkin_cmake_args': None, 'catkin_skip_building_tests': False, 'cmake_args': None, 'cmake_clean_cache': False, 'cmake_clean_first': False, 'cmake_force_configure': False, 'cmake_target': None, 'cmake_target_skip_unavailable': False, 'install_base': '/home/rover/rover_workspace/install/roverrobotics_input_manager', 'merge_install': False, 'path': '/home/rover/rover_workspace/src/roverrobotics_input_manager', 'symlink_install': False, 'test_result_base': None}
[0.231s] Level 5:colcon.colcon_core.verb:set package 'rplidar_ros' build argument 'cmake_args' from command line to 'None'
[0.231s] Level 5:colcon.colcon_core.verb:set package 'rplidar_ros' build argument 'cmake_target' from command line to 'None'
[0.231s] Level 5:colcon.colcon_core.verb:set package 'rplidar_ros' build argument 'cmake_target_skip_unavailable' from command line to 'False'
[0.231s] Level 5:colcon.colcon_core.verb:set package 'rplidar_ros' build argument 'cmake_clean_cache' from command line to 'False'
[0.231s] Level 5:colcon.colcon_core.verb:set package 'rplidar_ros' build argument 'cmake_clean_first' from command line to 'False'
[0.231s] Level 5:colcon.colcon_core.verb:set package 'rplidar_ros' build argument 'cmake_force_configure' from command line to 'False'
[0.231s] Level 5:colcon.colcon_core.verb:set package 'rplidar_ros' build argument 'ament_cmake_args' from command line to 'None'
[0.231s] Level 5:colcon.colcon_core.verb:set package 'rplidar_ros' build argument 'catkin_cmake_args' from command line to 'None'
[0.231s] Level 5:colcon.colcon_core.verb:set package 'rplidar_ros' build argument 'catkin_skip_building_tests' from command line to 'False'
[0.231s] DEBUG:colcon.colcon_core.verb:Building package 'rplidar_ros' with the following arguments: {'ament_cmake_args': None, 'build_base': '/home/rover/rover_workspace/build/rplidar_ros', 'catkin_cmake_args': None, 'catkin_skip_building_tests': False, 'cmake_args': None, 'cmake_clean_cache': False, 'cmake_clean_first': False, 'cmake_force_configure': False, 'cmake_target': None, 'cmake_target_skip_unavailable': False, 'install_base': '/home/rover/rover_workspace/install/rplidar_ros', 'merge_install': False, 'path': '/home/rover/rover_workspace/src/rplidar_ros', 'symlink_install': False, 'test_result_base': None}
[0.231s] Level 5:colcon.colcon_core.verb:set package 'roverrobotics_gazebo' build argument 'cmake_args' from command line to 'None'
[0.231s] Level 5:colcon.colcon_core.verb:set package 'roverrobotics_gazebo' build argument 'cmake_target' from command line to 'None'
[0.231s] Level 5:colcon.colcon_core.verb:set package 'roverrobotics_gazebo' build argument 'cmake_target_skip_unavailable' from command line to 'False'
[0.231s] Level 5:colcon.colcon_core.verb:set package 'roverrobotics_gazebo' build argument 'cmake_clean_cache' from command line to 'False'
[0.231s] Level 5:colcon.colcon_core.verb:set package 'roverrobotics_gazebo' build argument 'cmake_clean_first' from command line to 'False'
[0.231s] Level 5:colcon.colcon_core.verb:set package 'roverrobotics_gazebo' build argument 'cmake_force_configure' from command line to 'False'
[0.231s] Level 5:colcon.colcon_core.verb:set package 'roverrobotics_gazebo' build argument 'ament_cmake_args' from command line to 'None'
[0.231s] Level 5:colcon.colcon_core.verb:set package 'roverrobotics_gazebo' build argument 'catkin_cmake_args' from command line to 'None'
[0.231s] Level 5:colcon.colcon_core.verb:set package 'roverrobotics_gazebo' build argument 'catkin_skip_building_tests' from command line to 'False'
[0.231s] DEBUG:colcon.colcon_core.verb:Building package 'roverrobotics_gazebo' with the following arguments: {'ament_cmake_args': None, 'build_base': '/home/rover/rover_workspace/build/roverrobotics_gazebo', 'catkin_cmake_args': None, 'catkin_skip_building_tests': False, 'cmake_args': None, 'cmake_clean_cache': False, 'cmake_clean_first': False, 'cmake_force_configure': False, 'cmake_target': None, 'cmake_target_skip_unavailable': False, 'install_base': '/home/rover/rover_workspace/install/roverrobotics_gazebo', 'merge_install': False, 'path': '/home/rover/rover_workspace/src/roverrobotics_gazebo', 'symlink_install': False, 'test_result_base': None}
[0.231s] INFO:colcon.colcon_core.executor:Executing jobs using 'parallel' executor
[0.232s] DEBUG:colcon.colcon_parallel_executor.executor.parallel:run_until_complete
[0.232s] INFO:colcon.colcon_ros.task.ament_cmake.build:Building ROS package in '/home/rover/rover_workspace/src/roverrobotics_description' with build type 'ament_cmake'
[0.232s] INFO:colcon.colcon_cmake.task.cmake.build:Building CMake package in '/home/rover/rover_workspace/src/roverrobotics_description'
[0.234s] INFO:colcon.colcon_core.plugin_system:Skipping extension 'colcon_core.shell.bat': Not used on non-Windows systems
[0.234s] INFO:colcon.colcon_core.shell:Skip shell extension 'powershell' for command environment: Not usable outside of PowerShell
[0.234s] DEBUG:colcon.colcon_core.shell:Skip shell extension 'dsv' for command environment
[0.236s] INFO:colcon.colcon_ros.task.ament_python.build:Building ROS package in '/home/rover/rover_workspace/src/bno055' with build type 'ament_python'
[0.236s] Level 1:colcon.colcon_core.shell:create_environment_hook('bno055', 'ament_prefix_path')
[0.237s] INFO:colcon.colcon_core.shell:Creating environment hook '/home/rover/rover_workspace/install/bno055/share/bno055/hook/ament_prefix_path.ps1'
[0.237s] INFO:colcon.colcon_core.shell:Creating environment descriptor '/home/rover/rover_workspace/install/bno055/share/bno055/hook/ament_prefix_path.dsv'
[0.237s] INFO:colcon.colcon_core.shell:Creating environment hook '/home/rover/rover_workspace/install/bno055/share/bno055/hook/ament_prefix_path.sh'
[0.238s] INFO:colcon.colcon_core.shell:Skip shell extension 'powershell' for command environment: Not usable outside of PowerShell
[0.238s] DEBUG:colcon.colcon_core.shell:Skip shell extension 'dsv' for command environment
[0.240s] INFO:colcon.colcon_ros.task.ament_cmake.build:Building ROS package in '/home/rover/rover_workspace/src/roverrobotics_driver' with build type 'ament_cmake'
[0.240s] INFO:colcon.colcon_cmake.task.cmake.build:Building CMake package in '/home/rover/rover_workspace/src/roverrobotics_driver'
[0.240s] INFO:colcon.colcon_core.shell:Skip shell extension 'powershell' for command environment: Not usable outside of PowerShell
[0.240s] DEBUG:colcon.colcon_core.shell:Skip shell extension 'dsv' for command environment
[0.242s] INFO:colcon.colcon_ros.task.ament_cmake.build:Building ROS package in '/home/rover/rover_workspace/src/roverrobotics_input_manager' with build type 'ament_cmake'
[0.242s] INFO:colcon.colcon_cmake.task.cmake.build:Building CMake package in '/home/rover/rover_workspace/src/roverrobotics_input_manager'
[0.243s] INFO:colcon.colcon_core.shell:Skip shell extension 'powershell' for command environment: Not usable outside of PowerShell
[0.243s] DEBUG:colcon.colcon_core.shell:Skip shell extension 'dsv' for command environment
[0.245s] INFO:colcon.colcon_ros.task.ament_cmake.build:Building ROS package in '/home/rover/rover_workspace/src/rplidar_ros' with build type 'ament_cmake'
[0.245s] INFO:colcon.colcon_cmake.task.cmake.build:Building CMake package in '/home/rover/rover_workspace/src/rplidar_ros'
[0.245s] INFO:colcon.colcon_core.shell:Skip shell extension 'powershell' for command environment: Not usable outside of PowerShell
[0.245s] DEBUG:colcon.colcon_core.shell:Skip shell extension 'dsv' for command environment
[0.250s] DEBUG:colcon.colcon_core.event_handler.log_command:Invoking command in '/home/rover/rover_workspace/build/roverrobotics_description': CMAKE_PREFIX_PATH=${CMAKE_PREFIX_PATH}:/home/rover/rover_workspace/install/bno055:/home/rover/NUC-1/install/variable_autonomy:/home/rover/NUC-1/install/bno055:/opt/ros/humble /usr/bin/cmake /home/rover/rover_workspace/src/roverrobotics_description -DCMAKE_INSTALL_PREFIX=/home/rover/rover_workspace/install/roverrobotics_description
[0.422s] INFO:colcon.colcon_core.task.python.build:Building Python package in '/home/rover/rover_workspace/src/bno055'
[0.423s] INFO:colcon.colcon_core.shell:Skip shell extension 'powershell' for command environment: Not usable outside of PowerShell
[0.423s] DEBUG:colcon.colcon_core.shell:Skip shell extension 'dsv' for command environment
[0.427s] DEBUG:colcon.colcon_core.event_handler.log_command:Invoking command in '/home/rover/rover_workspace/build/roverrobotics_driver': CMAKE_PREFIX_PATH=${CMAKE_PREFIX_PATH}:/home/rover/rover_workspace/install/bno055:/home/rover/NUC-1/install/variable_autonomy:/home/rover/NUC-1/install/bno055:/opt/ros/humble /usr/bin/cmake /home/rover/rover_workspace/src/roverrobotics_driver -DCMAKE_INSTALL_PREFIX=/home/rover/rover_workspace/install/roverrobotics_driver
[0.429s] DEBUG:colcon.colcon_core.event_handler.log_command:Invoking command in '/home/rover/rover_workspace/build/roverrobotics_input_manager': CMAKE_PREFIX_PATH=${CMAKE_PREFIX_PATH}:/home/rover/rover_workspace/install/bno055:/home/rover/NUC-1/install/variable_autonomy:/home/rover/NUC-1/install/bno055:/opt/ros/humble /usr/bin/cmake /home/rover/rover_workspace/src/roverrobotics_input_manager -DCMAKE_INSTALL_PREFIX=/home/rover/rover_workspace/install/roverrobotics_input_manager
[0.431s] DEBUG:colcon.colcon_core.event_handler.log_command:Invoking command in '/home/rover/rover_workspace/build/rplidar_ros': CMAKE_PREFIX_PATH=${CMAKE_PREFIX_PATH}:/home/rover/rover_workspace/install/bno055:/home/rover/NUC-1/install/variable_autonomy:/home/rover/NUC-1/install/bno055:/opt/ros/humble /usr/bin/cmake /home/rover/rover_workspace/src/rplidar_ros -DCMAKE_INSTALL_PREFIX=/home/rover/rover_workspace/install/rplidar_ros
[0.737s] DEBUG:colcon.colcon_core.event_handler.log_command:Invoking command in '/home/rover/rover_workspace/src/bno055': PYTHONPATH=/home/rover/rover_workspace/build/bno055/prefix_override:/usr/lib/python3/dist-packages/colcon_core/task/python/colcon_distutils_commands:/home/rover/rover_workspace/install/bno055/lib/python3.10/site-packages:${PYTHONPATH} /usr/bin/python3 -W ignore:setup.py install is deprecated -W ignore:easy_install command is deprecated setup.py egg_info --egg-base ../../build/bno055 build --build-base /home/rover/rover_workspace/build/bno055/build install --record /home/rover/rover_workspace/build/bno055/install.log --single-version-externally-managed install_data
[0.854s] DEBUG:colcon.colcon_core.event_handler.log_command:Invoked command in '/home/rover/rover_workspace/build/roverrobotics_description' returned '0': CMAKE_PREFIX_PATH=${CMAKE_PREFIX_PATH}:/home/rover/rover_workspace/install/bno055:/home/rover/NUC-1/install/variable_autonomy:/home/rover/NUC-1/install/bno055:/opt/ros/humble /usr/bin/cmake /home/rover/rover_workspace/src/roverrobotics_description -DCMAKE_INSTALL_PREFIX=/home/rover/rover_workspace/install/roverrobotics_description
[0.856s] DEBUG:colcon.colcon_core.event_handler.log_command:Invoking command in '/home/rover/rover_workspace/build/roverrobotics_description': CMAKE_PREFIX_PATH=${CMAKE_PREFIX_PATH}:/home/rover/rover_workspace/install/bno055:/home/rover/NUC-1/install/variable_autonomy:/home/rover/NUC-1/install/bno055:/opt/ros/humble /usr/bin/cmake --build /home/rover/rover_workspace/build/roverrobotics_description -- -j8 -l8
[0.892s] DEBUG:colcon.colcon_core.event_handler.log_command:Invoked command in '/home/rover/rover_workspace/build/roverrobotics_description' returned '0': CMAKE_PREFIX_PATH=${CMAKE_PREFIX_PATH}:/home/rover/rover_workspace/install/bno055:/home/rover/NUC-1/install/variable_autonomy:/home/rover/NUC-1/install/bno055:/opt/ros/humble /usr/bin/cmake --build /home/rover/rover_workspace/build/roverrobotics_description -- -j8 -l8
[0.903s] DEBUG:colcon.colcon_core.event_handler.log_command:Invoking command in '/home/rover/rover_workspace/build/roverrobotics_description': CMAKE_PREFIX_PATH=${CMAKE_PREFIX_PATH}:/home/rover/rover_workspace/install/bno055:/home/rover/NUC-1/install/variable_autonomy:/home/rover/NUC-1/install/bno055:/opt/ros/humble /usr/bin/cmake --install /home/rover/rover_workspace/build/roverrobotics_description
[0.956s] DEBUG:colcon.colcon_core.event_handler.log_command:Invoked command in '/home/rover/rover_workspace/build/roverrobotics_input_manager' returned '0': CMAKE_PREFIX_PATH=${CMAKE_PREFIX_PATH}:/home/rover/rover_workspace/install/bno055:/home/rover/NUC-1/install/variable_autonomy:/home/rover/NUC-1/install/bno055:/opt/ros/humble /usr/bin/cmake /home/rover/rover_workspace/src/roverrobotics_input_manager -DCMAKE_INSTALL_PREFIX=/home/rover/rover_workspace/install/roverrobotics_input_manager
[0.957s] DEBUG:colcon.colcon_core.event_handler.log_command:Invoking command in '/home/rover/rover_workspace/build/roverrobotics_input_manager': CMAKE_PREFIX_PATH=${CMAKE_PREFIX_PATH}:/home/rover/rover_workspace/install/bno055:/home/rover/NUC-1/install/variable_autonomy:/home/rover/NUC-1/install/bno055:/opt/ros/humble /usr/bin/cmake --build /home/rover/rover_workspace/build/roverrobotics_input_manager -- -j8 -l8
[0.989s] DEBUG:colcon.colcon_core.event_handler.log_command:Invoked command in '/home/rover/rover_workspace/src/bno055' returned '0': PYTHONPATH=/home/rover/rover_workspace/build/bno055/prefix_override:/usr/lib/python3/dist-packages/colcon_core/task/python/colcon_distutils_commands:/home/rover/rover_workspace/install/bno055/lib/python3.10/site-packages:${PYTHONPATH} /usr/bin/python3 -W ignore:setup.py install is deprecated -W ignore:easy_install command is deprecated setup.py egg_info --egg-base ../../build/bno055 build --build-base /home/rover/rover_workspace/build/bno055/build install --record /home/rover/rover_workspace/build/bno055/install.log --single-version-externally-managed install_data
[0.991s] Level 1:colcon.colcon_core.environment:checking '/home/rover/rover_workspace/install/bno055' for CMake module files
[0.991s] Level 1:colcon.colcon_core.environment:checking '/home/rover/rover_workspace/install/bno055' for CMake config files
[0.992s] Level 1:colcon.colcon_core.environment:checking '/home/rover/rover_workspace/install/bno055/lib'
[0.992s] Level 1:colcon.colcon_core.environment:checking '/home/rover/rover_workspace/install/bno055/bin'
[0.992s] Level 1:colcon.colcon_core.environment:checking '/home/rover/rover_workspace/install/bno055/lib/pkgconfig/bno055.pc'
[0.993s] Level 1:colcon.colcon_core.environment:checking '/home/rover/rover_workspace/install/bno055/lib/python3.10/site-packages'
[0.993s] Level 1:colcon.colcon_core.shell:create_environment_hook('bno055', 'pythonpath')
[0.993s] INFO:colcon.colcon_core.shell:Creating environment hook '/home/rover/rover_workspace/install/bno055/share/bno055/hook/pythonpath.ps1'
[0.993s] INFO:colcon.colcon_core.shell:Creating environment descriptor '/home/rover/rover_workspace/install/bno055/share/bno055/hook/pythonpath.dsv'
[0.994s] INFO:colcon.colcon_core.shell:Creating environment hook '/home/rover/rover_workspace/install/bno055/share/bno055/hook/pythonpath.sh'
[0.994s] Level 1:colcon.colcon_core.environment:checking '/home/rover/rover_workspace/install/bno055/bin'
[0.994s] Level 1:colcon.colcon_core.environment:create_environment_scripts_only(bno055)
[0.995s] INFO:colcon.colcon_core.shell:Creating package script '/home/rover/rover_workspace/install/bno055/share/bno055/package.ps1'
[0.995s] INFO:colcon.colcon_core.shell:Creating package descriptor '/home/rover/rover_workspace/install/bno055/share/bno055/package.dsv'
[0.996s] INFO:colcon.colcon_core.shell:Creating package script '/home/rover/rover_workspace/install/bno055/share/bno055/package.sh'
[0.997s] INFO:colcon.colcon_core.shell:Creating package script '/home/rover/rover_workspace/install/bno055/share/bno055/package.bash'
[0.997s] INFO:colcon.colcon_core.shell:Creating package script '/home/rover/rover_workspace/install/bno055/share/bno055/package.zsh'
[0.998s] Level 1:colcon.colcon_core.environment:create_file_with_runtime_dependencies(/home/rover/rover_workspace/install/bno055/share/colcon-core/packages/bno055)
[1.000s] DEBUG:colcon.colcon_core.event_handler.log_command:Invoked command in '/home/rover/rover_workspace/build/roverrobotics_input_manager' returned '0': CMAKE_PREFIX_PATH=${CMAKE_PREFIX_PATH}:/home/rover/rover_workspace/install/bno055:/home/rover/NUC-1/install/variable_autonomy:/home/rover/NUC-1/install/bno055:/opt/ros/humble /usr/bin/cmake --build /home/rover/rover_workspace/build/roverrobotics_input_manager -- -j8 -l8
[1.001s] DEBUG:colcon.colcon_core.event_handler.log_command:Invoking command in '/home/rover/rover_workspace/build/roverrobotics_input_manager': CMAKE_PREFIX_PATH=${CMAKE_PREFIX_PATH}:/home/rover/rover_workspace/install/bno055:/home/rover/NUC-1/install/variable_autonomy:/home/rover/NUC-1/install/bno055:/opt/ros/humble /usr/bin/cmake --install /home/rover/rover_workspace/build/roverrobotics_input_manager
[1.010s] Level 1:colcon.colcon_core.environment:create_environment_scripts_only(roverrobotics_input_manager)
[1.010s] DEBUG:colcon.colcon_core.event_handler.log_command:Invoked command in '/home/rover/rover_workspace/build/roverrobotics_input_manager' returned '0': CMAKE_PREFIX_PATH=${CMAKE_PREFIX_PATH}:/home/rover/rover_workspace/install/bno055:/home/rover/NUC-1/install/variable_autonomy:/home/rover/NUC-1/install/bno055:/opt/ros/humble /usr/bin/cmake --install /home/rover/rover_workspace/build/roverrobotics_input_manager
[1.010s] Level 1:colcon.colcon_core.environment:checking '/home/rover/rover_workspace/install/roverrobotics_input_manager' for CMake module files
[1.011s] Level 1:colcon.colcon_core.environment:checking '/home/rover/rover_workspace/install/roverrobotics_input_manager' for CMake config files
[1.011s] Level 1:colcon.colcon_core.shell:create_environment_hook('roverrobotics_input_manager', 'cmake_prefix_path')
[1.012s] INFO:colcon.colcon_core.shell:Creating environment hook '/home/rover/rover_workspace/install/roverrobotics_input_manager/share/roverrobotics_input_manager/hook/cmake_prefix_path.ps1'
[1.012s] INFO:colcon.colcon_core.shell:Creating environment descriptor '/home/rover/rover_workspace/install/roverrobotics_input_manager/share/roverrobotics_input_manager/hook/cmake_prefix_path.dsv'
[1.012s] INFO:colcon.colcon_core.shell:Creating environment hook '/home/rover/rover_workspace/install/roverrobotics_input_manager/share/roverrobotics_input_manager/hook/cmake_prefix_path.sh'
[1.013s] Level 1:colcon.colcon_core.environment:checking '/home/rover/rover_workspace/install/roverrobotics_input_manager/lib'
[1.013s] Level 1:colcon.colcon_core.environment:checking '/home/rover/rover_workspace/install/roverrobotics_input_manager/bin'
[1.013s] Level 1:colcon.colcon_core.environment:checking '/home/rover/rover_workspace/install/roverrobotics_input_manager/lib/pkgconfig/roverrobotics_input_manager.pc'
[1.013s] Level 1:colcon.colcon_core.environment:checking '/home/rover/rover_workspace/install/roverrobotics_input_manager/lib/python3.10/site-packages'
[1.013s] Level 1:colcon.colcon_core.environment:checking '/home/rover/rover_workspace/install/roverrobotics_input_manager/bin'
[1.014s] INFO:colcon.colcon_core.shell:Creating package script '/home/rover/rover_workspace/install/roverrobotics_input_manager/share/roverrobotics_input_manager/package.ps1'
[1.014s] INFO:colcon.colcon_core.shell:Creating package descriptor '/home/rover/rover_workspace/install/roverrobotics_input_manager/share/roverrobotics_input_manager/package.dsv'
[1.014s] INFO:colcon.colcon_core.shell:Creating package script '/home/rover/rover_workspace/install/roverrobotics_input_manager/share/roverrobotics_input_manager/package.sh'
[1.015s] INFO:colcon.colcon_core.shell:Creating package script '/home/rover/rover_workspace/install/roverrobotics_input_manager/share/roverrobotics_input_manager/package.bash'
[1.015s] INFO:colcon.colcon_core.shell:Creating package script '/home/rover/rover_workspace/install/roverrobotics_input_manager/share/roverrobotics_input_manager/package.zsh'
[1.015s] Level 1:colcon.colcon_core.environment:create_file_with_runtime_dependencies(/home/rover/rover_workspace/install/roverrobotics_input_manager/share/colcon-core/packages/roverrobotics_input_manager)
[1.016s] Level 1:colcon.colcon_core.environment:create_environment_scripts_only(roverrobotics_input_manager)
[1.016s] Level 1:colcon.colcon_core.environment:checking '/home/rover/rover_workspace/install/roverrobotics_input_manager' for CMake module files
[1.017s] Level 1:colcon.colcon_core.environment:checking '/home/rover/rover_workspace/install/roverrobotics_input_manager' for CMake config files
[1.017s] Level 1:colcon.colcon_core.shell:create_environment_hook('roverrobotics_input_manager', 'cmake_prefix_path')
[1.017s] INFO:colcon.colcon_core.shell:Creating environment hook '/home/rover/rover_workspace/install/roverrobotics_input_manager/share/roverrobotics_input_manager/hook/cmake_prefix_path.ps1'
[1.017s] INFO:colcon.colcon_core.shell:Creating environment descriptor '/home/rover/rover_workspace/install/roverrobotics_input_manager/share/roverrobotics_input_manager/hook/cmake_prefix_path.dsv'
[1.018s] INFO:colcon.colcon_core.shell:Creating environment hook '/home/rover/rover_workspace/install/roverrobotics_input_manager/share/roverrobotics_input_manager/hook/cmake_prefix_path.sh'
[1.018s] Level 1:colcon.colcon_core.environment:checking '/home/rover/rover_workspace/install/roverrobotics_input_manager/lib'
[1.018s] Level 1:colcon.colcon_core.environment:checking '/home/rover/rover_workspace/install/roverrobotics_input_manager/bin'
[1.018s] Level 1:colcon.colcon_core.environment:checking '/home/rover/rover_workspace/install/roverrobotics_input_manager/lib/pkgconfig/roverrobotics_input_manager.pc'
[1.018s] Level 1:colcon.colcon_core.environment:checking '/home/rover/rover_workspace/install/roverrobotics_input_manager/lib/python3.10/site-packages'
[1.019s] Level 1:colcon.colcon_core.environment:checking '/home/rover/rover_workspace/install/roverrobotics_input_manager/bin'
[1.019s] INFO:colcon.colcon_core.shell:Creating package script '/home/rover/rover_workspace/install/roverrobotics_input_manager/share/roverrobotics_input_manager/package.ps1'
[1.019s] INFO:colcon.colcon_core.shell:Creating package descriptor '/home/rover/rover_workspace/install/roverrobotics_input_manager/share/roverrobotics_input_manager/package.dsv'
[1.020s] INFO:colcon.colcon_core.shell:Creating package script '/home/rover/rover_workspace/install/roverrobotics_input_manager/share/roverrobotics_input_manager/package.sh'
[1.020s] INFO:colcon.colcon_core.shell:Creating package script '/home/rover/rover_workspace/install/roverrobotics_input_manager/share/roverrobotics_input_manager/package.bash'
[1.021s] INFO:colcon.colcon_core.shell:Creating package script '/home/rover/rover_workspace/install/roverrobotics_input_manager/share/roverrobotics_input_manager/package.zsh'
[1.021s] Level 1:colcon.colcon_core.environment:create_file_with_runtime_dependencies(/home/rover/rover_workspace/install/roverrobotics_input_manager/share/colcon-core/packages/roverrobotics_input_manager)
[1.192s] Level 1:colcon.colcon_core.environment:create_environment_scripts_only(roverrobotics_description)
[1.192s] Level 1:colcon.colcon_core.environment:checking '/home/rover/rover_workspace/install/roverrobotics_description' for CMake module files
[1.193s] DEBUG:colcon.colcon_core.event_handler.log_command:Invoked command in '/home/rover/rover_workspace/build/roverrobotics_description' returned '0': CMAKE_PREFIX_PATH=${CMAKE_PREFIX_PATH}:/home/rover/rover_workspace/install/bno055:/home/rover/NUC-1/install/variable_autonomy:/home/rover/NUC-1/install/bno055:/opt/ros/humble /usr/bin/cmake --install /home/rover/rover_workspace/build/roverrobotics_description
[1.193s] Level 1:colcon.colcon_core.environment:checking '/home/rover/rover_workspace/install/roverrobotics_description' for CMake config files
[1.193s] Level 1:colcon.colcon_core.shell:create_environment_hook('roverrobotics_description', 'cmake_prefix_path')
[1.193s] INFO:colcon.colcon_core.shell:Creating environment hook '/home/rover/rover_workspace/install/roverrobotics_description/share/roverrobotics_description/hook/cmake_prefix_path.ps1'
[1.194s] INFO:colcon.colcon_core.shell:Creating environment descriptor '/home/rover/rover_workspace/install/roverrobotics_description/share/roverrobotics_description/hook/cmake_prefix_path.dsv'
[1.194s] INFO:colcon.colcon_core.shell:Creating environment hook '/home/rover/rover_workspace/install/roverrobotics_description/share/roverrobotics_description/hook/cmake_prefix_path.sh'
[1.194s] Level 1:colcon.colcon_core.environment:checking '/home/rover/rover_workspace/install/roverrobotics_description/bin'
[1.194s] Level 1:colcon.colcon_core.environment:checking '/home/rover/rover_workspace/install/roverrobotics_description/lib/pkgconfig/roverrobotics_description.pc'
[1.194s] Level 1:colcon.colcon_core.environment:checking '/home/rover/rover_workspace/install/roverrobotics_description/lib/python3.10/site-packages'
[1.194s] Level 1:colcon.colcon_core.environment:checking '/home/rover/rover_workspace/install/roverrobotics_description/bin'
[1.195s] INFO:colcon.colcon_core.shell:Creating package script '/home/rover/rover_workspace/install/roverrobotics_description/share/roverrobotics_description/package.ps1'
[1.195s] INFO:colcon.colcon_core.shell:Creating package descriptor '/home/rover/rover_workspace/install/roverrobotics_description/share/roverrobotics_description/package.dsv'
[1.195s] INFO:colcon.colcon_core.shell:Creating package script '/home/rover/rover_workspace/install/roverrobotics_description/share/roverrobotics_description/package.sh'
[1.195s] INFO:colcon.colcon_core.shell:Creating package script '/home/rover/rover_workspace/install/roverrobotics_description/share/roverrobotics_description/package.bash'
[1.195s] INFO:colcon.colcon_core.shell:Creating package script '/home/rover/rover_workspace/install/roverrobotics_description/share/roverrobotics_description/package.zsh'
[1.196s] Level 1:colcon.colcon_core.environment:create_file_with_runtime_dependencies(/home/rover/rover_workspace/install/roverrobotics_description/share/colcon-core/packages/roverrobotics_description)
[1.196s] Level 1:colcon.colcon_core.environment:create_environment_scripts_only(roverrobotics_description)
[1.196s] Level 1:colcon.colcon_core.environment:checking '/home/rover/rover_workspace/install/roverrobotics_description' for CMake module files
[1.196s] Level 1:colcon.colcon_core.environment:checking '/home/rover/rover_workspace/install/roverrobotics_description' for CMake config files
[1.196s] Level 1:colcon.colcon_core.shell:create_environment_hook('roverrobotics_description', 'cmake_prefix_path')
[1.197s] INFO:colcon.colcon_core.shell:Creating environment hook '/home/rover/rover_workspace/install/roverrobotics_description/share/roverrobotics_description/hook/cmake_prefix_path.ps1'
[1.197s] INFO:colcon.colcon_core.shell:Creating environment descriptor '/home/rover/rover_workspace/install/roverrobotics_description/share/roverrobotics_description/hook/cmake_prefix_path.dsv'
[1.197s] INFO:colcon.colcon_core.shell:Creating environment hook '/home/rover/rover_workspace/install/roverrobotics_description/share/roverrobotics_description/hook/cmake_prefix_path.sh'
[1.197s] Level 1:colcon.colcon_core.environment:checking '/home/rover/rover_workspace/install/roverrobotics_description/bin'
[1.197s] Level 1:colcon.colcon_core.environment:checking '/home/rover/rover_workspace/install/roverrobotics_description/lib/pkgconfig/roverrobotics_description.pc'
[1.197s] Level 1:colcon.colcon_core.environment:checking '/home/rover/rover_workspace/install/roverrobotics_description/lib/python3.10/site-packages'
[1.198s] Level 1:colcon.colcon_core.environment:checking '/home/rover/rover_workspace/install/roverrobotics_description/bin'
[1.198s] INFO:colcon.colcon_core.shell:Creating package script '/home/rover/rover_workspace/install/roverrobotics_description/share/roverrobotics_description/package.ps1'
[1.198s] INFO:colcon.colcon_core.shell:Creating package descriptor '/home/rover/rover_workspace/install/roverrobotics_description/share/roverrobotics_description/package.dsv'
[1.198s] INFO:colcon.colcon_core.shell:Creating package script '/home/rover/rover_workspace/install/roverrobotics_description/share/roverrobotics_description/package.sh'
[1.199s] INFO:colcon.colcon_core.shell:Creating package script '/home/rover/rover_workspace/install/roverrobotics_description/share/roverrobotics_description/package.bash'
[1.199s] INFO:colcon.colcon_core.shell:Creating package script '/home/rover/rover_workspace/install/roverrobotics_description/share/roverrobotics_description/package.zsh'
[1.199s] Level 1:colcon.colcon_core.environment:create_file_with_runtime_dependencies(/home/rover/rover_workspace/install/roverrobotics_description/share/colcon-core/packages/roverrobotics_description)
[1.199s] INFO:colcon.colcon_ros.task.ament_cmake.build:Building ROS package in '/home/rover/rover_workspace/src/roverrobotics_gazebo' with build type 'ament_cmake'
[1.199s] INFO:colcon.colcon_cmake.task.cmake.build:Building CMake package in '/home/rover/rover_workspace/src/roverrobotics_gazebo'
[1.200s] INFO:colcon.colcon_core.shell:Skip shell extension 'powershell' for command environment: Not usable outside of PowerShell
[1.200s] DEBUG:colcon.colcon_core.shell:Skip shell extension 'dsv' for command environment
[1.205s] DEBUG:colcon.colcon_core.event_handler.log_command:Invoking command in '/home/rover/rover_workspace/build/roverrobotics_gazebo': CMAKE_PREFIX_PATH=/home/rover/rover_workspace/install/roverrobotics_description:/home/rover/rover_workspace/install/rplidar_ros:/home/rover/rover_workspace/install/roverrobotics_input_manager:/home/rover/rover_workspace/install/roverrobotics_gazebo:/home/rover/rover_workspace/install/roverrobotics_driver:/home/rover/NUC-1/install/switch_control:/home/rover/NUC-1/install/rplidar_ros:/home/rover/NUC-1/install/roverrobotics_input_manager:/home/rover/NUC-1/install/roverrobotics_gazebo:/home/rover/NUC-1/install/roverrobotics_driver:/home/rover/NUC-1/install/roverrobotics_description:/home/rover/rover_workspace/install/bno055:/home/rover/NUC-1/install/variable_autonomy:/home/rover/NUC-1/install/bno055:/opt/ros/humble /usr/bin/cmake /home/rover/rover_workspace/src/roverrobotics_gazebo -DCMAKE_INSTALL_PREFIX=/home/rover/rover_workspace/install/roverrobotics_gazebo
[1.336s] DEBUG:colcon.colcon_core.event_handler.log_command:Invoked command in '/home/rover/rover_workspace/build/rplidar_ros' returned '0': CMAKE_PREFIX_PATH=${CMAKE_PREFIX_PATH}:/home/rover/rover_workspace/install/bno055:/home/rover/NUC-1/install/variable_autonomy:/home/rover/NUC-1/install/bno055:/opt/ros/humble /usr/bin/cmake /home/rover/rover_workspace/src/rplidar_ros -DCMAKE_INSTALL_PREFIX=/home/rover/rover_workspace/install/rplidar_ros
[1.337s] DEBUG:colcon.colcon_core.event_handler.log_command:Invoking command in '/home/rover/rover_workspace/build/rplidar_ros': CMAKE_PREFIX_PATH=${CMAKE_PREFIX_PATH}:/home/rover/rover_workspace/install/bno055:/home/rover/NUC-1/install/variable_autonomy:/home/rover/NUC-1/install/bno055:/opt/ros/humble /usr/bin/cmake --build /home/rover/rover_workspace/build/rplidar_ros -- -j8 -l8
[1.407s] DEBUG:colcon.colcon_core.event_handler.log_command:Invoked command in '/home/rover/rover_workspace/build/roverrobotics_driver' returned '0': CMAKE_PREFIX_PATH=${CMAKE_PREFIX_PATH}:/home/rover/rover_workspace/install/bno055:/home/rover/NUC-1/install/variable_autonomy:/home/rover/NUC-1/install/bno055:/opt/ros/humble /usr/bin/cmake /home/rover/rover_workspace/src/roverrobotics_driver -DCMAKE_INSTALL_PREFIX=/home/rover/rover_workspace/install/roverrobotics_driver
[1.407s] DEBUG:colcon.colcon_core.event_handler.log_command:Invoking command in '/home/rover/rover_workspace/build/roverrobotics_driver': CMAKE_PREFIX_PATH=${CMAKE_PREFIX_PATH}:/home/rover/rover_workspace/install/bno055:/home/rover/NUC-1/install/variable_autonomy:/home/rover/NUC-1/install/bno055:/opt/ros/humble /usr/bin/cmake --build /home/rover/rover_workspace/build/roverrobotics_driver -- -j8 -l8
[2.693s] DEBUG:colcon.colcon_core.event_handler.log_command:Invoked command in '/home/rover/rover_workspace/build/roverrobotics_gazebo' returned '0': CMAKE_PREFIX_PATH=/home/rover/rover_workspace/install/roverrobotics_description:/home/rover/rover_workspace/install/rplidar_ros:/home/rover/rover_workspace/install/roverrobotics_input_manager:/home/rover/rover_workspace/install/roverrobotics_gazebo:/home/rover/rover_workspace/install/roverrobotics_driver:/home/rover/NUC-1/install/switch_control:/home/rover/NUC-1/install/rplidar_ros:/home/rover/NUC-1/install/roverrobotics_input_manager:/home/rover/NUC-1/install/roverrobotics_gazebo:/home/rover/NUC-1/install/roverrobotics_driver:/home/rover/NUC-1/install/roverrobotics_description:/home/rover/rover_workspace/install/bno055:/home/rover/NUC-1/install/variable_autonomy:/home/rover/NUC-1/install/bno055:/opt/ros/humble /usr/bin/cmake /home/rover/rover_workspace/src/roverrobotics_gazebo -DCMAKE_INSTALL_PREFIX=/home/rover/rover_workspace/install/roverrobotics_gazebo
[2.694s] DEBUG:colcon.colcon_core.event_handler.log_command:Invoking command in '/home/rover/rover_workspace/build/roverrobotics_gazebo': CMAKE_PREFIX_PATH=/home/rover/rover_workspace/install/roverrobotics_description:/home/rover/rover_workspace/install/rplidar_ros:/home/rover/rover_workspace/install/roverrobotics_input_manager:/home/rover/rover_workspace/install/roverrobotics_gazebo:/home/rover/rover_workspace/install/roverrobotics_driver:/home/rover/NUC-1/install/switch_control:/home/rover/NUC-1/install/rplidar_ros:/home/rover/NUC-1/install/roverrobotics_input_manager:/home/rover/NUC-1/install/roverrobotics_gazebo:/home/rover/NUC-1/install/roverrobotics_driver:/home/rover/NUC-1/install/roverrobotics_description:/home/rover/rover_workspace/install/bno055:/home/rover/NUC-1/install/variable_autonomy:/home/rover/NUC-1/install/bno055:/opt/ros/humble /usr/bin/cmake --build /home/rover/rover_workspace/build/roverrobotics_gazebo -- -j8 -l8
[2.786s] DEBUG:colcon.colcon_core.event_handler.log_command:Invoked command in '/home/rover/rover_workspace/build/roverrobotics_gazebo' returned '0': CMAKE_PREFIX_PATH=/home/rover/rover_workspace/install/roverrobotics_description:/home/rover/rover_workspace/install/rplidar_ros:/home/rover/rover_workspace/install/roverrobotics_input_manager:/home/rover/rover_workspace/install/roverrobotics_gazebo:/home/rover/rover_workspace/install/roverrobotics_driver:/home/rover/NUC-1/install/switch_control:/home/rover/NUC-1/install/rplidar_ros:/home/rover/NUC-1/install/roverrobotics_input_manager:/home/rover/NUC-1/install/roverrobotics_gazebo:/home/rover/NUC-1/install/roverrobotics_driver:/home/rover/NUC-1/install/roverrobotics_description:/home/rover/rover_workspace/install/bno055:/home/rover/NUC-1/install/variable_autonomy:/home/rover/NUC-1/install/bno055:/opt/ros/humble /usr/bin/cmake --build /home/rover/rover_workspace/build/roverrobotics_gazebo -- -j8 -l8
[2.788s] DEBUG:colcon.colcon_core.event_handler.log_command:Invoking command in '/home/rover/rover_workspace/build/roverrobotics_gazebo': CMAKE_PREFIX_PATH=/home/rover/rover_workspace/install/roverrobotics_description:/home/rover/rover_workspace/install/rplidar_ros:/home/rover/rover_workspace/install/roverrobotics_input_manager:/home/rover/rover_workspace/install/roverrobotics_gazebo:/home/rover/rover_workspace/install/roverrobotics_driver:/home/rover/NUC-1/install/switch_control:/home/rover/NUC-1/install/rplidar_ros:/home/rover/NUC-1/install/roverrobotics_input_manager:/home/rover/NUC-1/install/roverrobotics_gazebo:/home/rover/NUC-1/install/roverrobotics_driver:/home/rover/NUC-1/install/roverrobotics_description:/home/rover/rover_workspace/install/bno055:/home/rover/NUC-1/install/variable_autonomy:/home/rover/NUC-1/install/bno055:/opt/ros/humble /usr/bin/cmake --install /home/rover/rover_workspace/build/roverrobotics_gazebo
[2.821s] Level 1:colcon.colcon_core.environment:create_environment_scripts_only(roverrobotics_gazebo)
[2.822s] Level 1:colcon.colcon_core.environment:checking '/home/rover/rover_workspace/install/roverrobotics_gazebo' for CMake module files
[2.822s] Level 1:colcon.colcon_core.environment:checking '/home/rover/rover_workspace/install/roverrobotics_gazebo' for CMake config files
[2.822s] Level 1:colcon.colcon_core.shell:create_environment_hook('roverrobotics_gazebo', 'cmake_prefix_path')
[2.823s] INFO:colcon.colcon_core.shell:Creating environment hook '/home/rover/rover_workspace/install/roverrobotics_gazebo/share/roverrobotics_gazebo/hook/cmake_prefix_path.ps1'
[2.824s] DEBUG:colcon.colcon_core.event_handler.log_command:Invoked command in '/home/rover/rover_workspace/build/roverrobotics_gazebo' returned '0': CMAKE_PREFIX_PATH=/home/rover/rover_workspace/install/roverrobotics_description:/home/rover/rover_workspace/install/rplidar_ros:/home/rover/rover_workspace/install/roverrobotics_input_manager:/home/rover/rover_workspace/install/roverrobotics_gazebo:/home/rover/rover_workspace/install/roverrobotics_driver:/home/rover/NUC-1/install/switch_control:/home/rover/NUC-1/install/rplidar_ros:/home/rover/NUC-1/install/roverrobotics_input_manager:/home/rover/NUC-1/install/roverrobotics_gazebo:/home/rover/NUC-1/install/roverrobotics_driver:/home/rover/NUC-1/install/roverrobotics_description:/home/rover/rover_workspace/install/bno055:/home/rover/NUC-1/install/variable_autonomy:/home/rover/NUC-1/install/bno055:/opt/ros/humble /usr/bin/cmake --install /home/rover/rover_workspace/build/roverrobotics_gazebo
[2.828s] INFO:colcon.colcon_core.shell:Creating environment descriptor '/home/rover/rover_workspace/install/roverrobotics_gazebo/share/roverrobotics_gazebo/hook/cmake_prefix_path.dsv'
[2.828s] INFO:colcon.colcon_core.shell:Creating environment hook '/home/rover/rover_workspace/install/roverrobotics_gazebo/share/roverrobotics_gazebo/hook/cmake_prefix_path.sh'
[2.829s] Level 1:colcon.colcon_core.environment:checking '/home/rover/rover_workspace/install/roverrobotics_gazebo/bin'
[2.829s] Level 1:colcon.colcon_core.environment:checking '/home/rover/rover_workspace/install/roverrobotics_gazebo/lib/pkgconfig/roverrobotics_gazebo.pc'
[2.830s] Level 1:colcon.colcon_core.environment:checking '/home/rover/rover_workspace/install/roverrobotics_gazebo/lib/python3.10/site-packages'
[2.830s] Level 1:colcon.colcon_core.environment:checking '/home/rover/rover_workspace/install/roverrobotics_gazebo/bin'
[2.830s] INFO:colcon.colcon_core.shell:Creating package script '/home/rover/rover_workspace/install/roverrobotics_gazebo/share/roverrobotics_gazebo/package.ps1'
[2.832s] INFO:colcon.colcon_core.shell:Creating package descriptor '/home/rover/rover_workspace/install/roverrobotics_gazebo/share/roverrobotics_gazebo/package.dsv'
[2.833s] INFO:colcon.colcon_core.shell:Creating package script '/home/rover/rover_workspace/install/roverrobotics_gazebo/share/roverrobotics_gazebo/package.sh'
[2.834s] INFO:colcon.colcon_core.shell:Creating package script '/home/rover/rover_workspace/install/roverrobotics_gazebo/share/roverrobotics_gazebo/package.bash'
[2.835s] INFO:colcon.colcon_core.shell:Creating package script '/home/rover/rover_workspace/install/roverrobotics_gazebo/share/roverrobotics_gazebo/package.zsh'
[2.836s] Level 1:colcon.colcon_core.environment:create_file_with_runtime_dependencies(/home/rover/rover_workspace/install/roverrobotics_gazebo/share/colcon-core/packages/roverrobotics_gazebo)
[2.837s] Level 1:colcon.colcon_core.environment:create_environment_scripts_only(roverrobotics_gazebo)
[2.837s] Level 1:colcon.colcon_core.environment:checking '/home/rover/rover_workspace/install/roverrobotics_gazebo' for CMake module files
[2.838s] Level 1:colcon.colcon_core.environment:checking '/home/rover/rover_workspace/install/roverrobotics_gazebo' for CMake config files
[2.838s] Level 1:colcon.colcon_core.shell:create_environment_hook('roverrobotics_gazebo', 'cmake_prefix_path')
[2.838s] INFO:colcon.colcon_core.shell:Creating environment hook '/home/rover/rover_workspace/install/roverrobotics_gazebo/share/roverrobotics_gazebo/hook/cmake_prefix_path.ps1'
[2.842s] INFO:colcon.colcon_core.shell:Creating environment descriptor '/home/rover/rover_workspace/install/roverrobotics_gazebo/share/roverrobotics_gazebo/hook/cmake_prefix_path.dsv'
[2.843s] INFO:colcon.colcon_core.shell:Creating environment hook '/home/rover/rover_workspace/install/roverrobotics_gazebo/share/roverrobotics_gazebo/hook/cmake_prefix_path.sh'
[2.848s] Level 1:colcon.colcon_core.environment:checking '/home/rover/rover_workspace/install/roverrobotics_gazebo/bin'
[2.848s] Level 1:colcon.colcon_core.environment:checking '/home/rover/rover_workspace/install/roverrobotics_gazebo/lib/pkgconfig/roverrobotics_gazebo.pc'
[2.848s] Level 1:colcon.colcon_core.environment:checking '/home/rover/rover_workspace/install/roverrobotics_gazebo/lib/python3.10/site-packages'
[2.848s] Level 1:colcon.colcon_core.environment:checking '/home/rover/rover_workspace/install/roverrobotics_gazebo/bin'
[2.849s] INFO:colcon.colcon_core.shell:Creating package script '/home/rover/rover_workspace/install/roverrobotics_gazebo/share/roverrobotics_gazebo/package.ps1'
[2.849s] INFO:colcon.colcon_core.shell:Creating package descriptor '/home/rover/rover_workspace/install/roverrobotics_gazebo/share/roverrobotics_gazebo/package.dsv'
[2.850s] INFO:colcon.colcon_core.shell:Creating package script '/home/rover/rover_workspace/install/roverrobotics_gazebo/share/roverrobotics_gazebo/package.sh'
[2.854s] INFO:colcon.colcon_core.shell:Creating package script '/home/rover/rover_workspace/install/roverrobotics_gazebo/share/roverrobotics_gazebo/package.bash'
[2.855s] INFO:colcon.colcon_core.shell:Creating package script '/home/rover/rover_workspace/install/roverrobotics_gazebo/share/roverrobotics_gazebo/package.zsh'
[2.856s] Level 1:colcon.colcon_core.environment:create_file_with_runtime_dependencies(/home/rover/rover_workspace/install/roverrobotics_gazebo/share/colcon-core/packages/roverrobotics_gazebo)
[12.015s] DEBUG:colcon.colcon_core.event_handler.log_command:Invoked command in '/home/rover/rover_workspace/build/rplidar_ros' returned '0': CMAKE_PREFIX_PATH=${CMAKE_PREFIX_PATH}:/home/rover/rover_workspace/install/bno055:/home/rover/NUC-1/install/variable_autonomy:/home/rover/NUC-1/install/bno055:/opt/ros/humble /usr/bin/cmake --build /home/rover/rover_workspace/build/rplidar_ros -- -j8 -l8
[12.018s] DEBUG:colcon.colcon_core.event_handler.log_command:Invoking command in '/home/rover/rover_workspace/build/rplidar_ros': CMAKE_PREFIX_PATH=${CMAKE_PREFIX_PATH}:/home/rover/rover_workspace/install/bno055:/home/rover/NUC-1/install/variable_autonomy:/home/rover/NUC-1/install/bno055:/opt/ros/humble /usr/bin/cmake --install /home/rover/rover_workspace/build/rplidar_ros
[12.044s] Level 1:colcon.colcon_core.environment:create_environment_scripts_only(rplidar_ros)
[12.046s] Level 1:colcon.colcon_core.environment:checking '/home/rover/rover_workspace/install/rplidar_ros' for CMake module files
[12.046s] DEBUG:colcon.colcon_core.event_handler.log_command:Invoked command in '/home/rover/rover_workspace/build/rplidar_ros' returned '0': CMAKE_PREFIX_PATH=${CMAKE_PREFIX_PATH}:/home/rover/rover_workspace/install/bno055:/home/rover/NUC-1/install/variable_autonomy:/home/rover/NUC-1/install/bno055:/opt/ros/humble /usr/bin/cmake --install /home/rover/rover_workspace/build/rplidar_ros
[12.046s] Level 1:colcon.colcon_core.environment:checking '/home/rover/rover_workspace/install/rplidar_ros' for CMake config files
[12.046s] Level 1:colcon.colcon_core.shell:create_environment_hook('rplidar_ros', 'cmake_prefix_path')
[12.047s] INFO:colcon.colcon_core.shell:Creating environment hook '/home/rover/rover_workspace/install/rplidar_ros/share/rplidar_ros/hook/cmake_prefix_path.ps1'
[12.048s] INFO:colcon.colcon_core.shell:Creating environment descriptor '/home/rover/rover_workspace/install/rplidar_ros/share/rplidar_ros/hook/cmake_prefix_path.dsv'
[12.048s] INFO:colcon.colcon_core.shell:Creating environment hook '/home/rover/rover_workspace/install/rplidar_ros/share/rplidar_ros/hook/cmake_prefix_path.sh'
[12.049s] Level 1:colcon.colcon_core.environment:checking '/home/rover/rover_workspace/install/rplidar_ros/lib'
[12.049s] Level 1:colcon.colcon_core.environment:checking '/home/rover/rover_workspace/install/rplidar_ros/bin'
[12.049s] Level 1:colcon.colcon_core.environment:checking '/home/rover/rover_workspace/install/rplidar_ros/lib/pkgconfig/rplidar_ros.pc'
[12.049s] Level 1:colcon.colcon_core.environment:checking '/home/rover/rover_workspace/install/rplidar_ros/lib/python3.10/site-packages'
[12.049s] Level 1:colcon.colcon_core.environment:checking '/home/rover/rover_workspace/install/rplidar_ros/bin'
[12.050s] INFO:colcon.colcon_core.shell:Creating package script '/home/rover/rover_workspace/install/rplidar_ros/share/rplidar_ros/package.ps1'
[12.050s] INFO:colcon.colcon_core.shell:Creating package descriptor '/home/rover/rover_workspace/install/rplidar_ros/share/rplidar_ros/package.dsv'
[12.051s] INFO:colcon.colcon_core.shell:Creating package script '/home/rover/rover_workspace/install/rplidar_ros/share/rplidar_ros/package.sh'
[12.052s] INFO:colcon.colcon_core.shell:Creating package script '/home/rover/rover_workspace/install/rplidar_ros/share/rplidar_ros/package.bash'
[12.052s] INFO:colcon.colcon_core.shell:Creating package script '/home/rover/rover_workspace/install/rplidar_ros/share/rplidar_ros/package.zsh'
[12.052s] Level 1:colcon.colcon_core.environment:create_file_with_runtime_dependencies(/home/rover/rover_workspace/install/rplidar_ros/share/colcon-core/packages/rplidar_ros)
[12.053s] Level 1:colcon.colcon_core.environment:create_environment_scripts_only(rplidar_ros)
[12.053s] Level 1:colcon.colcon_core.environment:checking '/home/rover/rover_workspace/install/rplidar_ros' for CMake module files
[12.054s] Level 1:colcon.colcon_core.environment:checking '/home/rover/rover_workspace/install/rplidar_ros' for CMake config files
[12.054s] Level 1:colcon.colcon_core.shell:create_environment_hook('rplidar_ros', 'cmake_prefix_path')
[12.054s] INFO:colcon.colcon_core.shell:Creating environment hook '/home/rover/rover_workspace/install/rplidar_ros/share/rplidar_ros/hook/cmake_prefix_path.ps1'
[12.054s] INFO:colcon.colcon_core.shell:Creating environment descriptor '/home/rover/rover_workspace/install/rplidar_ros/share/rplidar_ros/hook/cmake_prefix_path.dsv'
[12.054s] INFO:colcon.colcon_core.shell:Creating environment hook '/home/rover/rover_workspace/install/rplidar_ros/share/rplidar_ros/hook/cmake_prefix_path.sh'
[12.055s] Level 1:colcon.colcon_core.environment:checking '/home/rover/rover_workspace/install/rplidar_ros/lib'
[12.055s] Level 1:colcon.colcon_core.environment:checking '/home/rover/rover_workspace/install/rplidar_ros/bin'
[12.055s] Level 1:colcon.colcon_core.environment:checking '/home/rover/rover_workspace/install/rplidar_ros/lib/pkgconfig/rplidar_ros.pc'
[12.055s] Level 1:colcon.colcon_core.environment:checking '/home/rover/rover_workspace/install/rplidar_ros/lib/python3.10/site-packages'
[12.055s] Level 1:colcon.colcon_core.environment:checking '/home/rover/rover_workspace/install/rplidar_ros/bin'
[12.055s] INFO:colcon.colcon_core.shell:Creating package script '/home/rover/rover_workspace/install/rplidar_ros/share/rplidar_ros/package.ps1'
[12.055s] INFO:colcon.colcon_core.shell:Creating package descriptor '/home/rover/rover_workspace/install/rplidar_ros/share/rplidar_ros/package.dsv'
[12.056s] INFO:colcon.colcon_core.shell:Creating package script '/home/rover/rover_workspace/install/rplidar_ros/share/rplidar_ros/package.sh'
[12.056s] INFO:colcon.colcon_core.shell:Creating package script '/home/rover/rover_workspace/install/rplidar_ros/share/rplidar_ros/package.bash'
[12.056s] INFO:colcon.colcon_core.shell:Creating package script '/home/rover/rover_workspace/install/rplidar_ros/share/rplidar_ros/package.zsh'
[12.057s] Level 1:colcon.colcon_core.environment:create_file_with_runtime_dependencies(/home/rover/rover_workspace/install/rplidar_ros/share/colcon-core/packages/rplidar_ros)
[20.606s] DEBUG:colcon.colcon_core.event_handler.log_command:Invoked command in '/home/rover/rover_workspace/build/roverrobotics_driver' returned '0': CMAKE_PREFIX_PATH=${CMAKE_PREFIX_PATH}:/home/rover/rover_workspace/install/bno055:/home/rover/NUC-1/install/variable_autonomy:/home/rover/NUC-1/install/bno055:/opt/ros/humble /usr/bin/cmake --build /home/rover/rover_workspace/build/roverrobotics_driver -- -j8 -l8
[20.608s] DEBUG:colcon.colcon_core.event_handler.log_command:Invoking command in '/home/rover/rover_workspace/build/roverrobotics_driver': CMAKE_PREFIX_PATH=${CMAKE_PREFIX_PATH}:/home/rover/rover_workspace/install/bno055:/home/rover/NUC-1/install/variable_autonomy:/home/rover/NUC-1/install/bno055:/opt/ros/humble /usr/bin/cmake --install /home/rover/rover_workspace/build/roverrobotics_driver
[20.689s] Level 1:colcon.colcon_core.environment:create_environment_scripts_only(roverrobotics_driver)
[20.690s] Level 1:colcon.colcon_core.environment:checking '/home/rover/rover_workspace/install/roverrobotics_driver' for CMake module files
[20.690s] DEBUG:colcon.colcon_core.event_handler.log_command:Invoked command in '/home/rover/rover_workspace/build/roverrobotics_driver' returned '0': CMAKE_PREFIX_PATH=${CMAKE_PREFIX_PATH}:/home/rover/rover_workspace/install/bno055:/home/rover/NUC-1/install/variable_autonomy:/home/rover/NUC-1/install/bno055:/opt/ros/humble /usr/bin/cmake --install /home/rover/rover_workspace/build/roverrobotics_driver
[20.690s] Level 1:colcon.colcon_core.environment:checking '/home/rover/rover_workspace/install/roverrobotics_driver' for CMake config files
[20.690s] Level 1:colcon.colcon_core.shell:create_environment_hook('roverrobotics_driver', 'cmake_prefix_path')
[20.691s] INFO:colcon.colcon_core.shell:Creating environment hook '/home/rover/rover_workspace/install/roverrobotics_driver/share/roverrobotics_driver/hook/cmake_prefix_path.ps1'
[20.691s] INFO:colcon.colcon_core.shell:Creating environment descriptor '/home/rover/rover_workspace/install/roverrobotics_driver/share/roverrobotics_driver/hook/cmake_prefix_path.dsv'
[20.692s] INFO:colcon.colcon_core.shell:Creating environment hook '/home/rover/rover_workspace/install/roverrobotics_driver/share/roverrobotics_driver/hook/cmake_prefix_path.sh'
[20.692s] Level 1:colcon.colcon_core.environment:checking '/home/rover/rover_workspace/install/roverrobotics_driver/lib'
[20.692s] Level 1:colcon.colcon_core.environment:checking '/home/rover/rover_workspace/install/roverrobotics_driver/bin'
[20.692s] Level 1:colcon.colcon_core.environment:checking '/home/rover/rover_workspace/install/roverrobotics_driver/lib/pkgconfig/roverrobotics_driver.pc'
[20.692s] Level 1:colcon.colcon_core.environment:checking '/home/rover/rover_workspace/install/roverrobotics_driver/lib/python3.10/site-packages'
[20.693s] Level 1:colcon.colcon_core.environment:checking '/home/rover/rover_workspace/install/roverrobotics_driver/bin'
[20.693s] INFO:colcon.colcon_core.shell:Creating package script '/home/rover/rover_workspace/install/roverrobotics_driver/share/roverrobotics_driver/package.ps1'
[20.693s] INFO:colcon.colcon_core.shell:Creating package descriptor '/home/rover/rover_workspace/install/roverrobotics_driver/share/roverrobotics_driver/package.dsv'
[20.693s] INFO:colcon.colcon_core.shell:Creating package script '/home/rover/rover_workspace/install/roverrobotics_driver/share/roverrobotics_driver/package.sh'
[20.694s] INFO:colcon.colcon_core.shell:Creating package script '/home/rover/rover_workspace/install/roverrobotics_driver/share/roverrobotics_driver/package.bash'
[20.694s] INFO:colcon.colcon_core.shell:Creating package script '/home/rover/rover_workspace/install/roverrobotics_driver/share/roverrobotics_driver/package.zsh'
[20.694s] Level 1:colcon.colcon_core.environment:create_file_with_runtime_dependencies(/home/rover/rover_workspace/install/roverrobotics_driver/share/colcon-core/packages/roverrobotics_driver)
[20.695s] Level 1:colcon.colcon_core.environment:create_environment_scripts_only(roverrobotics_driver)
[20.695s] Level 1:colcon.colcon_core.environment:checking '/home/rover/rover_workspace/install/roverrobotics_driver' for CMake module files
[20.695s] Level 1:colcon.colcon_core.environment:checking '/home/rover/rover_workspace/install/roverrobotics_driver' for CMake config files
[20.695s] Level 1:colcon.colcon_core.shell:create_environment_hook('roverrobotics_driver', 'cmake_prefix_path')
[20.696s] INFO:colcon.colcon_core.shell:Creating environment hook '/home/rover/rover_workspace/install/roverrobotics_driver/share/roverrobotics_driver/hook/cmake_prefix_path.ps1'
[20.696s] INFO:colcon.colcon_core.shell:Creating environment descriptor '/home/rover/rover_workspace/install/roverrobotics_driver/share/roverrobotics_driver/hook/cmake_prefix_path.dsv'
[20.696s] INFO:colcon.colcon_core.shell:Creating environment hook '/home/rover/rover_workspace/install/roverrobotics_driver/share/roverrobotics_driver/hook/cmake_prefix_path.sh'
[20.696s] Level 1:colcon.colcon_core.environment:checking '/home/rover/rover_workspace/install/roverrobotics_driver/lib'
[20.696s] Level 1:colcon.colcon_core.environment:checking '/home/rover/rover_workspace/install/roverrobotics_driver/bin'
[20.697s] Level 1:colcon.colcon_core.environment:checking '/home/rover/rover_workspace/install/roverrobotics_driver/lib/pkgconfig/roverrobotics_driver.pc'
[20.697s] Level 1:colcon.colcon_core.environment:checking '/home/rover/rover_workspace/install/roverrobotics_driver/lib/python3.10/site-packages'
[20.697s] Level 1:colcon.colcon_core.environment:checking '/home/rover/rover_workspace/install/roverrobotics_driver/bin'
[20.697s] INFO:colcon.colcon_core.shell:Creating package script '/home/rover/rover_workspace/install/roverrobotics_driver/share/roverrobotics_driver/package.ps1'
[20.697s] INFO:colcon.colcon_core.shell:Creating package descriptor '/home/rover/rover_workspace/install/roverrobotics_driver/share/roverrobotics_driver/package.dsv'
[20.697s] INFO:colcon.colcon_core.shell:Creating package script '/home/rover/rover_workspace/install/roverrobotics_driver/share/roverrobotics_driver/package.sh'
[20.698s] INFO:colcon.colcon_core.shell:Creating package script '/home/rover/rover_workspace/install/roverrobotics_driver/share/roverrobotics_driver/package.bash'
[20.698s] INFO:colcon.colcon_core.shell:Creating package script '/home/rover/rover_workspace/install/roverrobotics_driver/share/roverrobotics_driver/package.zsh'
[20.698s] Level 1:colcon.colcon_core.environment:create_file_with_runtime_dependencies(/home/rover/rover_workspace/install/roverrobotics_driver/share/colcon-core/packages/roverrobotics_driver)
[20.700s] DEBUG:colcon.colcon_parallel_executor.executor.parallel:closing loop
[20.704s] DEBUG:colcon.colcon_parallel_executor.executor.parallel:loop closed
[20.704s] DEBUG:colcon.colcon_parallel_executor.executor.parallel:run_until_complete finished with '0'
[20.705s] DEBUG:colcon.colcon_core.event_reactor:joining thread
[20.738s] INFO:colcon.colcon_core.plugin_system:Skipping extension 'colcon_notification.desktop_notification.terminal_notifier': Not used on non-Darwin systems
[20.738s] INFO:colcon.colcon_core.plugin_system:Skipping extension 'colcon_notification.desktop_notification.win32': Not used on non-Windows systems
[20.738s] INFO:colcon.colcon_notification.desktop_notification:Sending desktop notification using 'notify2'
[20.778s] DEBUG:colcon.colcon_core.event_reactor:joined thread
[20.779s] INFO:colcon.colcon_core.shell:Creating prefix script '/home/rover/rover_workspace/install/local_setup.ps1'
[20.780s] INFO:colcon.colcon_core.shell:Creating prefix util module '/home/rover/rover_workspace/install/_local_setup_util_ps1.py'
[20.781s] INFO:colcon.colcon_core.shell:Creating prefix chain script '/home/rover/rover_workspace/install/setup.ps1'
[20.783s] INFO:colcon.colcon_core.shell:Creating prefix script '/home/rover/rover_workspace/install/local_setup.sh'
[20.784s] INFO:colcon.colcon_core.shell:Creating prefix util module '/home/rover/rover_workspace/install/_local_setup_util_sh.py'
[20.785s] INFO:colcon.colcon_core.shell:Creating prefix chain script '/home/rover/rover_workspace/install/setup.sh'
[20.786s] INFO:colcon.colcon_core.shell:Creating prefix script '/home/rover/rover_workspace/install/local_setup.bash'
[20.786s] INFO:colcon.colcon_core.shell:Creating prefix chain script '/home/rover/rover_workspace/install/setup.bash'
[20.787s] INFO:colcon.colcon_core.shell:Creating prefix script '/home/rover/rover_workspace/install/local_setup.zsh'
[20.788s] INFO:colcon.colcon_core.shell:Creating prefix chain script '/home/rover/rover_workspace/install/setup.zsh'
