[0.067s] DEBUG:colcon:Command line arguments: ['/usr/bin/colcon', 'build', '--symlink-install']
[0.068s] DEBUG:colcon:Parsed command line arguments: Namespace(log_base=None, log_level=None, verb_name='build', build_base='build', install_base='install', merge_install=False, symlink_install=True, test_result_base=None, continue_on_error=False, executor='parallel', parallel_workers=24, event_handlers=None, ignore_user_meta=False, metas=['./colcon.meta'], base_paths=['.'], packages_ignore=None, packages_ignore_regex=None, paths=None, packages_up_to=None, packages_up_to_regex=None, packages_above=None, packages_above_and_dependencies=None, packages_above_depth=None, packages_select_by_dep=None, packages_skip_by_dep=None, packages_skip_up_to=None, packages_select_build_failed=False, packages_skip_build_finished=False, packages_select_test_failures=False, packages_skip_test_passed=False, packages_select=None, packages_skip=None, packages_select_regex=None, packages_skip_regex=None, packages_start=None, packages_end=None, allow_overriding=[], cmake_args=None, cmake_target=None, cmake_target_skip_unavailable=False, cmake_clean_cache=False, cmake_clean_first=False, cmake_force_configure=False, ament_cmake_args=None, catkin_cmake_args=None, catkin_skip_building_tests=False, mixin_files=None, mixin=None, verb_parser=<colcon_mixin.mixin.mixin_argument.MixinArgumentDecorator object at 0x79d4c1054490>, verb_extension=<colcon_core.verb.build.BuildVerb object at 0x79d4c11b5a50>, main=<bound method BuildVerb.main of <colcon_core.verb.build.BuildVerb object at 0x79d4c11b5a50>>, mixin_verb=('build',))
[0.191s] Level 1:colcon.colcon_core.package_discovery:discover_packages(colcon_meta) check parameters
[0.191s] Level 1:colcon.colcon_core.package_discovery:discover_packages(recursive) check parameters
[0.191s] Level 1:colcon.colcon_core.package_discovery:discover_packages(ignore) check parameters
[0.191s] Level 1:colcon.colcon_core.package_discovery:discover_packages(path) check parameters
[0.191s] Level 1:colcon.colcon_core.package_discovery:discover_packages(colcon_meta) discover
[0.191s] Level 1:colcon.colcon_core.package_discovery:discover_packages(recursive) discover
[0.191s] INFO:colcon.colcon_core.package_discovery:Crawling recursively for packages in '/home/raz/volcani/rover_volkani'
[0.191s] Level 1:colcon.colcon_core.package_identification:_identify(.) by extensions ['ignore', 'ignore_ament_install']
[0.191s] Level 1:colcon.colcon_core.package_identification:_identify(.) by extension 'ignore'
[0.191s] Level 1:colcon.colcon_core.package_identification:_identify(.) by extension 'ignore_ament_install'
[0.191s] Level 1:colcon.colcon_core.package_identification:_identify(.) by extensions ['colcon_pkg']
[0.192s] Level 1:colcon.colcon_core.package_identification:_identify(.) by extension 'colcon_pkg'
[0.192s] Level 1:colcon.colcon_core.package_identification:_identify(.) by extensions ['colcon_meta']
[0.192s] Level 1:colcon.colcon_core.package_identification:_identify(.) by extension 'colcon_meta'
[0.192s] Level 1:colcon.colcon_core.package_identification:_identify(.) by extensions ['ros']
[0.192s] Level 1:colcon.colcon_core.package_identification:_identify(.) by extension 'ros'
[0.199s] Level 1:colcon.colcon_core.package_identification:_identify(.) by extensions ['cmake', 'python']
[0.199s] Level 1:colcon.colcon_core.package_identification:_identify(.) by extension 'cmake'
[0.199s] Level 1:colcon.colcon_core.package_identification:_identify(.) by extension 'python'
[0.199s] Level 1:colcon.colcon_core.package_identification:_identify(.) by extensions ['python_setup_py']
[0.199s] Level 1:colcon.colcon_core.package_identification:_identify(.) by extension 'python_setup_py'
[0.199s] Level 1:colcon.colcon_core.package_identification:_identify(build) by extensions ['ignore', 'ignore_ament_install']
[0.199s] Level 1:colcon.colcon_core.package_identification:_identify(build) by extension 'ignore'
[0.199s] Level 1:colcon.colcon_core.package_identification:_identify(build) ignored
[0.199s] Level 1:colcon.colcon_core.package_identification:_identify(install) by extensions ['ignore', 'ignore_ament_install']
[0.199s] Level 1:colcon.colcon_core.package_identification:_identify(install) by extension 'ignore'
[0.199s] Level 1:colcon.colcon_core.package_identification:_identify(install) ignored
[0.199s] Level 1:colcon.colcon_core.package_identification:_identify(log) by extensions ['ignore', 'ignore_ament_install']
[0.200s] Level 1:colcon.colcon_core.package_identification:_identify(log) by extension 'ignore'
[0.200s] Level 1:colcon.colcon_core.package_identification:_identify(log) ignored
[0.200s] Level 1:colcon.colcon_core.package_identification:_identify(src) by extensions ['ignore', 'ignore_ament_install']
[0.200s] Level 1:colcon.colcon_core.package_identification:_identify(src) by extension 'ignore'
[0.200s] Level 1:colcon.colcon_core.package_identification:_identify(src) by extension 'ignore_ament_install'
[0.200s] Level 1:colcon.colcon_core.package_identification:_identify(src) by extensions ['colcon_pkg']
[0.200s] Level 1:colcon.colcon_core.package_identification:_identify(src) by extension 'colcon_pkg'
[0.200s] Level 1:colcon.colcon_core.package_identification:_identify(src) by extensions ['colcon_meta']
[0.200s] Level 1:colcon.colcon_core.package_identification:_identify(src) by extension 'colcon_meta'
[0.200s] Level 1:colcon.colcon_core.package_identification:_identify(src) by extensions ['ros']
[0.200s] Level 1:colcon.colcon_core.package_identification:_identify(src) by extension 'ros'
[0.200s] Level 1:colcon.colcon_core.package_identification:_identify(src) by extensions ['cmake', 'python']
[0.200s] Level 1:colcon.colcon_core.package_identification:_identify(src) by extension 'cmake'
[0.200s] Level 1:colcon.colcon_core.package_identification:_identify(src) by extension 'python'
[0.200s] Level 1:colcon.colcon_core.package_identification:_identify(src) by extensions ['python_setup_py']
[0.200s] Level 1:colcon.colcon_core.package_identification:_identify(src) by extension 'python_setup_py'
[0.200s] Level 1:colcon.colcon_core.package_identification:_identify(src/bno055) by extensions ['ignore', 'ignore_ament_install']
[0.200s] Level 1:colcon.colcon_core.package_identification:_identify(src/bno055) by extension 'ignore'
[0.200s] Level 1:colcon.colcon_core.package_identification:_identify(src/bno055) by extension 'ignore_ament_install'
[0.200s] Level 1:colcon.colcon_core.package_identification:_identify(src/bno055) by extensions ['colcon_pkg']
[0.200s] Level 1:colcon.colcon_core.package_identification:_identify(src/bno055) by extension 'colcon_pkg'
[0.200s] Level 1:colcon.colcon_core.package_identification:_identify(src/bno055) by extensions ['colcon_meta']
[0.200s] Level 1:colcon.colcon_core.package_identification:_identify(src/bno055) by extension 'colcon_meta'
[0.200s] Level 1:colcon.colcon_core.package_identification:_identify(src/bno055) by extensions ['ros']
[0.200s] Level 1:colcon.colcon_core.package_identification:_identify(src/bno055) by extension 'ros'
[0.200s] Level 1:colcon.colcon_core.package_identification:_identify(src/bno055) by extensions ['cmake', 'python']
[0.200s] Level 1:colcon.colcon_core.package_identification:_identify(src/bno055) by extension 'cmake'
[0.200s] Level 1:colcon.colcon_core.package_identification:_identify(src/bno055) by extension 'python'
[0.200s] Level 1:colcon.colcon_core.package_identification:_identify(src/bno055) by extensions ['python_setup_py']
[0.200s] Level 1:colcon.colcon_core.package_identification:_identify(src/bno055) by extension 'python_setup_py'
[0.200s] Level 1:colcon.colcon_core.package_identification:_identify(src/greenhouse_navigation) by extensions ['ignore', 'ignore_ament_install']
[0.200s] Level 1:colcon.colcon_core.package_identification:_identify(src/greenhouse_navigation) by extension 'ignore'
[0.200s] Level 1:colcon.colcon_core.package_identification:_identify(src/greenhouse_navigation) by extension 'ignore_ament_install'
[0.200s] Level 1:colcon.colcon_core.package_identification:_identify(src/greenhouse_navigation) by extensions ['colcon_pkg']
[0.200s] Level 1:colcon.colcon_core.package_identification:_identify(src/greenhouse_navigation) by extension 'colcon_pkg'
[0.200s] Level 1:colcon.colcon_core.package_identification:_identify(src/greenhouse_navigation) by extensions ['colcon_meta']
[0.200s] Level 1:colcon.colcon_core.package_identification:_identify(src/greenhouse_navigation) by extension 'colcon_meta'
[0.201s] Level 1:colcon.colcon_core.package_identification:_identify(src/greenhouse_navigation) by extensions ['ros']
[0.201s] Level 1:colcon.colcon_core.package_identification:_identify(src/greenhouse_navigation) by extension 'ros'
[0.202s] DEBUG:colcon.colcon_core.package_identification:Package 'src/greenhouse_navigation' with type 'ros.ament_python' and name 'greenhouse_navigation'
[0.202s] Level 1:colcon.colcon_core.package_identification:_identify(src/roverrobotics_description) by extensions ['ignore', 'ignore_ament_install']
[0.202s] Level 1:colcon.colcon_core.package_identification:_identify(src/roverrobotics_description) by extension 'ignore'
[0.202s] Level 1:colcon.colcon_core.package_identification:_identify(src/roverrobotics_description) by extension 'ignore_ament_install'
[0.202s] Level 1:colcon.colcon_core.package_identification:_identify(src/roverrobotics_description) by extensions ['colcon_pkg']
[0.202s] Level 1:colcon.colcon_core.package_identification:_identify(src/roverrobotics_description) by extension 'colcon_pkg'
[0.202s] Level 1:colcon.colcon_core.package_identification:_identify(src/roverrobotics_description) by extensions ['colcon_meta']
[0.202s] Level 1:colcon.colcon_core.package_identification:_identify(src/roverrobotics_description) by extension 'colcon_meta'
[0.202s] Level 1:colcon.colcon_core.package_identification:_identify(src/roverrobotics_description) by extensions ['ros']
[0.203s] Level 1:colcon.colcon_core.package_identification:_identify(src/roverrobotics_description) by extension 'ros'
[0.203s] DEBUG:colcon.colcon_core.package_identification:Package 'src/roverrobotics_description' with type 'ros.ament_cmake' and name 'roverrobotics_description'
[0.203s] Level 1:colcon.colcon_core.package_identification:_identify(src/roverrobotics_driver) by extensions ['ignore', 'ignore_ament_install']
[0.203s] Level 1:colcon.colcon_core.package_identification:_identify(src/roverrobotics_driver) by extension 'ignore'
[0.203s] Level 1:colcon.colcon_core.package_identification:_identify(src/roverrobotics_driver) by extension 'ignore_ament_install'
[0.203s] Level 1:colcon.colcon_core.package_identification:_identify(src/roverrobotics_driver) by extensions ['colcon_pkg']
[0.203s] Level 1:colcon.colcon_core.package_identification:_identify(src/roverrobotics_driver) by extension 'colcon_pkg'
[0.203s] Level 1:colcon.colcon_core.package_identification:_identify(src/roverrobotics_driver) by extensions ['colcon_meta']
[0.203s] Level 1:colcon.colcon_core.package_identification:_identify(src/roverrobotics_driver) by extension 'colcon_meta'
[0.203s] Level 1:colcon.colcon_core.package_identification:_identify(src/roverrobotics_driver) by extensions ['ros']
[0.203s] Level 1:colcon.colcon_core.package_identification:_identify(src/roverrobotics_driver) by extension 'ros'
[0.204s] DEBUG:colcon.colcon_core.package_identification:Package 'src/roverrobotics_driver' with type 'ros.ament_cmake' and name 'roverrobotics_driver'
[0.204s] Level 1:colcon.colcon_core.package_identification:_identify(src/roverrobotics_gazebo) by extensions ['ignore', 'ignore_ament_install']
[0.204s] Level 1:colcon.colcon_core.package_identification:_identify(src/roverrobotics_gazebo) by extension 'ignore'
[0.204s] Level 1:colcon.colcon_core.package_identification:_identify(src/roverrobotics_gazebo) by extension 'ignore_ament_install'
[0.204s] Level 1:colcon.colcon_core.package_identification:_identify(src/roverrobotics_gazebo) by extensions ['colcon_pkg']
[0.204s] Level 1:colcon.colcon_core.package_identification:_identify(src/roverrobotics_gazebo) by extension 'colcon_pkg'
[0.204s] Level 1:colcon.colcon_core.package_identification:_identify(src/roverrobotics_gazebo) by extensions ['colcon_meta']
[0.204s] Level 1:colcon.colcon_core.package_identification:_identify(src/roverrobotics_gazebo) by extension 'colcon_meta'
[0.204s] Level 1:colcon.colcon_core.package_identification:_identify(src/roverrobotics_gazebo) by extensions ['ros']
[0.204s] Level 1:colcon.colcon_core.package_identification:_identify(src/roverrobotics_gazebo) by extension 'ros'
[0.205s] DEBUG:colcon.colcon_core.package_identification:Package 'src/roverrobotics_gazebo' with type 'ros.ament_cmake' and name 'roverrobotics_gazebo'
[0.205s] Level 1:colcon.colcon_core.package_identification:_identify(src/roverrobotics_input_manager) by extensions ['ignore', 'ignore_ament_install']
[0.205s] Level 1:colcon.colcon_core.package_identification:_identify(src/roverrobotics_input_manager) by extension 'ignore'
[0.205s] Level 1:colcon.colcon_core.package_identification:_identify(src/roverrobotics_input_manager) by extension 'ignore_ament_install'
[0.205s] Level 1:colcon.colcon_core.package_identification:_identify(src/roverrobotics_input_manager) by extensions ['colcon_pkg']
[0.205s] Level 1:colcon.colcon_core.package_identification:_identify(src/roverrobotics_input_manager) by extension 'colcon_pkg'
[0.205s] Level 1:colcon.colcon_core.package_identification:_identify(src/roverrobotics_input_manager) by extensions ['colcon_meta']
[0.205s] Level 1:colcon.colcon_core.package_identification:_identify(src/roverrobotics_input_manager) by extension 'colcon_meta'
[0.205s] Level 1:colcon.colcon_core.package_identification:_identify(src/roverrobotics_input_manager) by extensions ['ros']
[0.205s] Level 1:colcon.colcon_core.package_identification:_identify(src/roverrobotics_input_manager) by extension 'ros'
[0.205s] DEBUG:colcon.colcon_core.package_identification:Package 'src/roverrobotics_input_manager' with type 'ros.ament_cmake' and name 'roverrobotics_input_manager'
[0.205s] Level 1:colcon.colcon_core.package_identification:_identify(src/rplidar_ros) by extensions ['ignore', 'ignore_ament_install']
[0.205s] Level 1:colcon.colcon_core.package_identification:_identify(src/rplidar_ros) by extension 'ignore'
[0.205s] Level 1:colcon.colcon_core.package_identification:_identify(src/rplidar_ros) by extension 'ignore_ament_install'
[0.205s] Level 1:colcon.colcon_core.package_identification:_identify(src/rplidar_ros) by extensions ['colcon_pkg']
[0.205s] Level 1:colcon.colcon_core.package_identification:_identify(src/rplidar_ros) by extension 'colcon_pkg'
[0.205s] Level 1:colcon.colcon_core.package_identification:_identify(src/rplidar_ros) by extensions ['colcon_meta']
[0.205s] Level 1:colcon.colcon_core.package_identification:_identify(src/rplidar_ros) by extension 'colcon_meta'
[0.205s] Level 1:colcon.colcon_core.package_identification:_identify(src/rplidar_ros) by extensions ['ros']
[0.205s] Level 1:colcon.colcon_core.package_identification:_identify(src/rplidar_ros) by extension 'ros'
[0.206s] Level 1:colcon.colcon_core.package_identification:_identify(src/rplidar_ros) by extensions ['cmake', 'python']
[0.206s] Level 1:colcon.colcon_core.package_identification:_identify(src/rplidar_ros) by extension 'cmake'
[0.206s] Level 1:colcon.colcon_core.package_identification:_identify(src/rplidar_ros) by extension 'python'
[0.206s] Level 1:colcon.colcon_core.package_identification:_identify(src/rplidar_ros) by extensions ['python_setup_py']
[0.206s] Level 1:colcon.colcon_core.package_identification:_identify(src/rplidar_ros) by extension 'python_setup_py'
[0.206s] Level 1:colcon.colcon_core.package_discovery:discover_packages(recursive) using defaults
[0.206s] Level 1:colcon.colcon_core.package_discovery:discover_packages(ignore) discover
[0.206s] Level 1:colcon.colcon_core.package_discovery:discover_packages(ignore) using defaults
[0.206s] Level 1:colcon.colcon_core.package_discovery:discover_packages(path) discover
[0.206s] Level 1:colcon.colcon_core.package_discovery:discover_packages(path) using defaults
[0.218s] Level 1:colcon.colcon_core.package_discovery:discover_packages(prefix_path) check parameters
[0.218s] Level 1:colcon.colcon_core.package_discovery:discover_packages(prefix_path) discover
[0.219s] WARNING:colcon.colcon_ros.prefix_path.ament:The path '/home/raz/volcani/rover_volkani/install/bno055' in the environment variable AMENT_PREFIX_PATH doesn't exist
[0.219s] WARNING:colcon.colcon_ros.prefix_path.catkin:The path '/home/raz/volcani/rover_volkani/install/rplidar_ros' in the environment variable CMAKE_PREFIX_PATH doesn't exist
[0.220s] DEBUG:colcon.colcon_installed_package_information.package_discovery:Found 5 installed packages in /home/raz/volcani/rover_volkani/install
[0.221s] DEBUG:colcon.colcon_installed_package_information.package_discovery:Found 482 installed packages in /opt/ros/humble
[0.222s] Level 1:colcon.colcon_core.package_discovery:discover_packages(prefix_path) using defaults
[0.255s] Level 5:colcon.colcon_core.verb:set package 'greenhouse_navigation' build argument 'cmake_args' from command line to 'None'
[0.255s] Level 5:colcon.colcon_core.verb:set package 'greenhouse_navigation' build argument 'cmake_target' from command line to 'None'
[0.255s] Level 5:colcon.colcon_core.verb:set package 'greenhouse_navigation' build argument 'cmake_target_skip_unavailable' from command line to 'False'
[0.255s] Level 5:colcon.colcon_core.verb:set package 'greenhouse_navigation' build argument 'cmake_clean_cache' from command line to 'False'
[0.255s] Level 5:colcon.colcon_core.verb:set package 'greenhouse_navigation' build argument 'cmake_clean_first' from command line to 'False'
[0.255s] Level 5:colcon.colcon_core.verb:set package 'greenhouse_navigation' build argument 'cmake_force_configure' from command line to 'False'
[0.255s] Level 5:colcon.colcon_core.verb:set package 'greenhouse_navigation' build argument 'ament_cmake_args' from command line to 'None'
[0.255s] Level 5:colcon.colcon_core.verb:set package 'greenhouse_navigation' build argument 'catkin_cmake_args' from command line to 'None'
[0.255s] Level 5:colcon.colcon_core.verb:set package 'greenhouse_navigation' build argument 'catkin_skip_building_tests' from command line to 'False'
[0.255s] DEBUG:colcon.colcon_core.verb:Building package 'greenhouse_navigation' with the following arguments: {'ament_cmake_args': None, 'build_base': '/home/raz/volcani/rover_volkani/build/greenhouse_navigation', 'catkin_cmake_args': None, 'catkin_skip_building_tests': False, 'cmake_args': None, 'cmake_clean_cache': False, 'cmake_clean_first': False, 'cmake_force_configure': False, 'cmake_target': None, 'cmake_target_skip_unavailable': False, 'install_base': '/home/raz/volcani/rover_volkani/install/greenhouse_navigation', 'merge_install': False, 'path': '/home/raz/volcani/rover_volkani/src/greenhouse_navigation', 'symlink_install': True, 'test_result_base': None}
[0.255s] Level 5:colcon.colcon_core.verb:set package 'roverrobotics_description' build argument 'cmake_args' from command line to 'None'
[0.255s] Level 5:colcon.colcon_core.verb:set package 'roverrobotics_description' build argument 'cmake_target' from command line to 'None'
[0.255s] Level 5:colcon.colcon_core.verb:set package 'roverrobotics_description' build argument 'cmake_target_skip_unavailable' from command line to 'False'
[0.255s] Level 5:colcon.colcon_core.verb:set package 'roverrobotics_description' build argument 'cmake_clean_cache' from command line to 'False'
[0.255s] Level 5:colcon.colcon_core.verb:set package 'roverrobotics_description' build argument 'cmake_clean_first' from command line to 'False'
[0.255s] Level 5:colcon.colcon_core.verb:set package 'roverrobotics_description' build argument 'cmake_force_configure' from command line to 'False'
[0.255s] Level 5:colcon.colcon_core.verb:set package 'roverrobotics_description' build argument 'ament_cmake_args' from command line to 'None'
[0.255s] Level 5:colcon.colcon_core.verb:set package 'roverrobotics_description' build argument 'catkin_cmake_args' from command line to 'None'
[0.255s] Level 5:colcon.colcon_core.verb:set package 'roverrobotics_description' build argument 'catkin_skip_building_tests' from command line to 'False'
[0.255s] DEBUG:colcon.colcon_core.verb:Building package 'roverrobotics_description' with the following arguments: {'ament_cmake_args': None, 'build_base': '/home/raz/volcani/rover_volkani/build/roverrobotics_description', 'catkin_cmake_args': None, 'catkin_skip_building_tests': False, 'cmake_args': None, 'cmake_clean_cache': False, 'cmake_clean_first': False, 'cmake_force_configure': False, 'cmake_target': None, 'cmake_target_skip_unavailable': False, 'install_base': '/home/raz/volcani/rover_volkani/install/roverrobotics_description', 'merge_install': False, 'path': '/home/raz/volcani/rover_volkani/src/roverrobotics_description', 'symlink_install': True, 'test_result_base': None}
[0.256s] Level 5:colcon.colcon_core.verb:set package 'roverrobotics_driver' build argument 'cmake_args' from command line to 'None'
[0.256s] Level 5:colcon.colcon_core.verb:set package 'roverrobotics_driver' build argument 'cmake_target' from command line to 'None'
[0.256s] Level 5:colcon.colcon_core.verb:set package 'roverrobotics_driver' build argument 'cmake_target_skip_unavailable' from command line to 'False'
[0.256s] Level 5:colcon.colcon_core.verb:set package 'roverrobotics_driver' build argument 'cmake_clean_cache' from command line to 'False'
[0.256s] Level 5:colcon.colcon_core.verb:set package 'roverrobotics_driver' build argument 'cmake_clean_first' from command line to 'False'
[0.256s] Level 5:colcon.colcon_core.verb:set package 'roverrobotics_driver' build argument 'cmake_force_configure' from command line to 'False'
[0.256s] Level 5:colcon.colcon_core.verb:set package 'roverrobotics_driver' build argument 'ament_cmake_args' from command line to 'None'
[0.256s] Level 5:colcon.colcon_core.verb:set package 'roverrobotics_driver' build argument 'catkin_cmake_args' from command line to 'None'
[0.256s] Level 5:colcon.colcon_core.verb:set package 'roverrobotics_driver' build argument 'catkin_skip_building_tests' from command line to 'False'
[0.256s] DEBUG:colcon.colcon_core.verb:Building package 'roverrobotics_driver' with the following arguments: {'ament_cmake_args': None, 'build_base': '/home/raz/volcani/rover_volkani/build/roverrobotics_driver', 'catkin_cmake_args': None, 'catkin_skip_building_tests': False, 'cmake_args': None, 'cmake_clean_cache': False, 'cmake_clean_first': False, 'cmake_force_configure': False, 'cmake_target': None, 'cmake_target_skip_unavailable': False, 'install_base': '/home/raz/volcani/rover_volkani/install/roverrobotics_driver', 'merge_install': False, 'path': '/home/raz/volcani/rover_volkani/src/roverrobotics_driver', 'symlink_install': True, 'test_result_base': None}
[0.256s] Level 5:colcon.colcon_core.verb:set package 'roverrobotics_input_manager' build argument 'cmake_args' from command line to 'None'
[0.256s] Level 5:colcon.colcon_core.verb:set package 'roverrobotics_input_manager' build argument 'cmake_target' from command line to 'None'
[0.256s] Level 5:colcon.colcon_core.verb:set package 'roverrobotics_input_manager' build argument 'cmake_target_skip_unavailable' from command line to 'False'
[0.256s] Level 5:colcon.colcon_core.verb:set package 'roverrobotics_input_manager' build argument 'cmake_clean_cache' from command line to 'False'
[0.256s] Level 5:colcon.colcon_core.verb:set package 'roverrobotics_input_manager' build argument 'cmake_clean_first' from command line to 'False'
[0.256s] Level 5:colcon.colcon_core.verb:set package 'roverrobotics_input_manager' build argument 'cmake_force_configure' from command line to 'False'
[0.256s] Level 5:colcon.colcon_core.verb:set package 'roverrobotics_input_manager' build argument 'ament_cmake_args' from command line to 'None'
[0.256s] Level 5:colcon.colcon_core.verb:set package 'roverrobotics_input_manager' build argument 'catkin_cmake_args' from command line to 'None'
[0.256s] Level 5:colcon.colcon_core.verb:set package 'roverrobotics_input_manager' build argument 'catkin_skip_building_tests' from command line to 'False'
[0.256s] DEBUG:colcon.colcon_core.verb:Building package 'roverrobotics_input_manager' with the following arguments: {'ament_cmake_args': None, 'build_base': '/home/raz/volcani/rover_volkani/build/roverrobotics_input_manager', 'catkin_cmake_args': None, 'catkin_skip_building_tests': False, 'cmake_args': None, 'cmake_clean_cache': False, 'cmake_clean_first': False, 'cmake_force_configure': False, 'cmake_target': None, 'cmake_target_skip_unavailable': False, 'install_base': '/home/raz/volcani/rover_volkani/install/roverrobotics_input_manager', 'merge_install': False, 'path': '/home/raz/volcani/rover_volkani/src/roverrobotics_input_manager', 'symlink_install': True, 'test_result_base': None}
[0.256s] Level 5:colcon.colcon_core.verb:set package 'roverrobotics_gazebo' build argument 'cmake_args' from command line to 'None'
[0.256s] Level 5:colcon.colcon_core.verb:set package 'roverrobotics_gazebo' build argument 'cmake_target' from command line to 'None'
[0.256s] Level 5:colcon.colcon_core.verb:set package 'roverrobotics_gazebo' build argument 'cmake_target_skip_unavailable' from command line to 'False'
[0.256s] Level 5:colcon.colcon_core.verb:set package 'roverrobotics_gazebo' build argument 'cmake_clean_cache' from command line to 'False'
[0.256s] Level 5:colcon.colcon_core.verb:set package 'roverrobotics_gazebo' build argument 'cmake_clean_first' from command line to 'False'
[0.256s] Level 5:colcon.colcon_core.verb:set package 'roverrobotics_gazebo' build argument 'cmake_force_configure' from command line to 'False'
[0.256s] Level 5:colcon.colcon_core.verb:set package 'roverrobotics_gazebo' build argument 'ament_cmake_args' from command line to 'None'
[0.256s] Level 5:colcon.colcon_core.verb:set package 'roverrobotics_gazebo' build argument 'catkin_cmake_args' from command line to 'None'
[0.256s] Level 5:colcon.colcon_core.verb:set package 'roverrobotics_gazebo' build argument 'catkin_skip_building_tests' from command line to 'False'
[0.256s] DEBUG:colcon.colcon_core.verb:Building package 'roverrobotics_gazebo' with the following arguments: {'ament_cmake_args': None, 'build_base': '/home/raz/volcani/rover_volkani/build/roverrobotics_gazebo', 'catkin_cmake_args': None, 'catkin_skip_building_tests': False, 'cmake_args': None, 'cmake_clean_cache': False, 'cmake_clean_first': False, 'cmake_force_configure': False, 'cmake_target': None, 'cmake_target_skip_unavailable': False, 'install_base': '/home/raz/volcani/rover_volkani/install/roverrobotics_gazebo', 'merge_install': False, 'path': '/home/raz/volcani/rover_volkani/src/roverrobotics_gazebo', 'symlink_install': True, 'test_result_base': None}
[0.256s] INFO:colcon.colcon_core.executor:Executing jobs using 'parallel' executor
[0.257s] DEBUG:colcon.colcon_parallel_executor.executor.parallel:run_until_complete
[0.257s] INFO:colcon.colcon_ros.task.ament_cmake.build:Building ROS package in '/home/raz/volcani/rover_volkani/src/roverrobotics_description' with build type 'ament_cmake'
[0.257s] INFO:colcon.colcon_cmake.task.cmake.build:Building CMake package in '/home/raz/volcani/rover_volkani/src/roverrobotics_description'
[0.259s] INFO:colcon.colcon_core.plugin_system:Skipping extension 'colcon_core.shell.bat': Not used on non-Windows systems
[0.259s] INFO:colcon.colcon_core.shell:Skip shell extension 'powershell' for command environment: Not usable outside of PowerShell
[0.259s] DEBUG:colcon.colcon_core.shell:Skip shell extension 'dsv' for command environment
[0.261s] INFO:colcon.colcon_ros.task.ament_python.build:Building ROS package in '/home/raz/volcani/rover_volkani/src/greenhouse_navigation' with build type 'ament_python'
[0.261s] Level 1:colcon.colcon_core.shell:create_environment_hook('greenhouse_navigation', 'ament_prefix_path')
[0.262s] INFO:colcon.colcon_core.shell:Creating environment hook '/home/raz/volcani/rover_volkani/install/greenhouse_navigation/share/greenhouse_navigation/hook/ament_prefix_path.ps1'
[0.262s] INFO:colcon.colcon_core.shell:Creating environment descriptor '/home/raz/volcani/rover_volkani/install/greenhouse_navigation/share/greenhouse_navigation/hook/ament_prefix_path.dsv'
[0.262s] INFO:colcon.colcon_core.shell:Creating environment hook '/home/raz/volcani/rover_volkani/install/greenhouse_navigation/share/greenhouse_navigation/hook/ament_prefix_path.sh'
[0.263s] INFO:colcon.colcon_core.shell:Skip shell extension 'powershell' for command environment: Not usable outside of PowerShell
[0.263s] DEBUG:colcon.colcon_core.shell:Skip shell extension 'dsv' for command environment
[0.265s] INFO:colcon.colcon_ros.task.ament_cmake.build:Building ROS package in '/home/raz/volcani/rover_volkani/src/roverrobotics_driver' with build type 'ament_cmake'
[0.265s] INFO:colcon.colcon_cmake.task.cmake.build:Building CMake package in '/home/raz/volcani/rover_volkani/src/roverrobotics_driver'
[0.265s] INFO:colcon.colcon_core.shell:Skip shell extension 'powershell' for command environment: Not usable outside of PowerShell
[0.265s] DEBUG:colcon.colcon_core.shell:Skip shell extension 'dsv' for command environment
[0.267s] INFO:colcon.colcon_ros.task.ament_cmake.build:Building ROS package in '/home/raz/volcani/rover_volkani/src/roverrobotics_input_manager' with build type 'ament_cmake'
[0.267s] INFO:colcon.colcon_cmake.task.cmake.build:Building CMake package in '/home/raz/volcani/rover_volkani/src/roverrobotics_input_manager'
[0.268s] INFO:colcon.colcon_core.shell:Skip shell extension 'powershell' for command environment: Not usable outside of PowerShell
[0.268s] DEBUG:colcon.colcon_core.shell:Skip shell extension 'dsv' for command environment
[0.274s] DEBUG:colcon.colcon_core.event_handler.log_command:Invoking command in '/home/raz/volcani/rover_volkani/build/roverrobotics_description': CMAKE_PREFIX_PATH=${CMAKE_PREFIX_PATH}:/home/raz/volcani/rover_volkani/install/greenhouse_navigation:/home/raz/volcani/rover_volkani/install/bno055:/opt/ros/humble /usr/bin/cmake --build /home/raz/volcani/rover_volkani/build/roverrobotics_description -- -j24 -l24
[0.443s] INFO:colcon.colcon_core.task.python.build:Building Python package in '/home/raz/volcani/rover_volkani/src/greenhouse_navigation'
[0.443s] INFO:colcon.colcon_core.shell:Skip shell extension 'powershell' for command environment: Not usable outside of PowerShell
[0.443s] DEBUG:colcon.colcon_core.shell:Skip shell extension 'dsv' for command environment
[0.449s] DEBUG:colcon.colcon_core.event_handler.log_command:Invoking command in '/home/raz/volcani/rover_volkani/build/roverrobotics_driver': CMAKE_PREFIX_PATH=${CMAKE_PREFIX_PATH}:/home/raz/volcani/rover_volkani/install/greenhouse_navigation:/home/raz/volcani/rover_volkani/install/bno055:/opt/ros/humble /usr/bin/cmake --build /home/raz/volcani/rover_volkani/build/roverrobotics_driver -- -j24 -l24
[0.452s] DEBUG:colcon.colcon_core.event_handler.log_command:Invoking command in '/home/raz/volcani/rover_volkani/build/roverrobotics_input_manager': CMAKE_PREFIX_PATH=${CMAKE_PREFIX_PATH}:/home/raz/volcani/rover_volkani/install/greenhouse_navigation:/home/raz/volcani/rover_volkani/install/bno055:/opt/ros/humble /usr/bin/cmake --build /home/raz/volcani/rover_volkani/build/roverrobotics_input_manager -- -j24 -l24
[0.452s] DEBUG:colcon.colcon_core.event_handler.log_command:Invoked command in '/home/raz/volcani/rover_volkani/build/roverrobotics_description' returned '0': CMAKE_PREFIX_PATH=${CMAKE_PREFIX_PATH}:/home/raz/volcani/rover_volkani/install/greenhouse_navigation:/home/raz/volcani/rover_volkani/install/bno055:/opt/ros/humble /usr/bin/cmake --build /home/raz/volcani/rover_volkani/build/roverrobotics_description -- -j24 -l24
[0.457s] DEBUG:colcon.colcon_core.event_handler.log_command:Invoking command in '/home/raz/volcani/rover_volkani/build/roverrobotics_description': CMAKE_PREFIX_PATH=${CMAKE_PREFIX_PATH}:/home/raz/volcani/rover_volkani/install/greenhouse_navigation:/home/raz/volcani/rover_volkani/install/bno055:/opt/ros/humble /usr/bin/cmake --install /home/raz/volcani/rover_volkani/build/roverrobotics_description
[0.472s] Level 1:colcon.colcon_core.environment:create_environment_scripts_only(roverrobotics_description)
[0.473s] DEBUG:colcon.colcon_core.event_handler.log_command:Invoked command in '/home/raz/volcani/rover_volkani/build/roverrobotics_description' returned '0': CMAKE_PREFIX_PATH=${CMAKE_PREFIX_PATH}:/home/raz/volcani/rover_volkani/install/greenhouse_navigation:/home/raz/volcani/rover_volkani/install/bno055:/opt/ros/humble /usr/bin/cmake --install /home/raz/volcani/rover_volkani/build/roverrobotics_description
[0.475s] Level 1:colcon.colcon_core.environment:checking '/home/raz/volcani/rover_volkani/install/roverrobotics_description' for CMake module files
[0.475s] Level 1:colcon.colcon_core.environment:checking '/home/raz/volcani/rover_volkani/install/roverrobotics_description' for CMake config files
[0.476s] Level 1:colcon.colcon_core.shell:create_environment_hook('roverrobotics_description', 'cmake_prefix_path')
[0.476s] INFO:colcon.colcon_core.shell:Creating environment hook '/home/raz/volcani/rover_volkani/install/roverrobotics_description/share/roverrobotics_description/hook/cmake_prefix_path.ps1'
[0.476s] INFO:colcon.colcon_core.shell:Creating environment descriptor '/home/raz/volcani/rover_volkani/install/roverrobotics_description/share/roverrobotics_description/hook/cmake_prefix_path.dsv'
[0.477s] INFO:colcon.colcon_core.shell:Creating environment hook '/home/raz/volcani/rover_volkani/install/roverrobotics_description/share/roverrobotics_description/hook/cmake_prefix_path.sh'
[0.477s] Level 1:colcon.colcon_core.environment:checking '/home/raz/volcani/rover_volkani/install/roverrobotics_description/bin'
[0.477s] Level 1:colcon.colcon_core.environment:checking '/home/raz/volcani/rover_volkani/install/roverrobotics_description/lib/pkgconfig/roverrobotics_description.pc'
[0.477s] Level 1:colcon.colcon_core.environment:checking '/home/raz/volcani/rover_volkani/install/roverrobotics_description/lib/python3.10/site-packages'
[0.477s] Level 1:colcon.colcon_core.environment:checking '/home/raz/volcani/rover_volkani/install/roverrobotics_description/bin'
[0.477s] INFO:colcon.colcon_core.shell:Creating package script '/home/raz/volcani/rover_volkani/install/roverrobotics_description/share/roverrobotics_description/package.ps1'
[0.478s] INFO:colcon.colcon_core.shell:Creating package descriptor '/home/raz/volcani/rover_volkani/install/roverrobotics_description/share/roverrobotics_description/package.dsv'
[0.478s] INFO:colcon.colcon_core.shell:Creating package script '/home/raz/volcani/rover_volkani/install/roverrobotics_description/share/roverrobotics_description/package.sh'
[0.479s] INFO:colcon.colcon_core.shell:Creating package script '/home/raz/volcani/rover_volkani/install/roverrobotics_description/share/roverrobotics_description/package.bash'
[0.479s] INFO:colcon.colcon_core.shell:Creating package script '/home/raz/volcani/rover_volkani/install/roverrobotics_description/share/roverrobotics_description/package.zsh'
[0.479s] Level 1:colcon.colcon_core.environment:create_file_with_runtime_dependencies(/home/raz/volcani/rover_volkani/install/roverrobotics_description/share/colcon-core/packages/roverrobotics_description)
[0.480s] Level 1:colcon.colcon_core.environment:create_environment_scripts_only(roverrobotics_description)
[0.480s] Level 1:colcon.colcon_core.environment:checking '/home/raz/volcani/rover_volkani/install/roverrobotics_description' for CMake module files
[0.480s] Level 1:colcon.colcon_core.environment:checking '/home/raz/volcani/rover_volkani/install/roverrobotics_description' for CMake config files
[0.480s] Level 1:colcon.colcon_core.shell:create_environment_hook('roverrobotics_description', 'cmake_prefix_path')
[0.480s] INFO:colcon.colcon_core.shell:Creating environment hook '/home/raz/volcani/rover_volkani/install/roverrobotics_description/share/roverrobotics_description/hook/cmake_prefix_path.ps1'
[0.481s] INFO:colcon.colcon_core.shell:Creating environment descriptor '/home/raz/volcani/rover_volkani/install/roverrobotics_description/share/roverrobotics_description/hook/cmake_prefix_path.dsv'
[0.481s] INFO:colcon.colcon_core.shell:Creating environment hook '/home/raz/volcani/rover_volkani/install/roverrobotics_description/share/roverrobotics_description/hook/cmake_prefix_path.sh'
[0.481s] Level 1:colcon.colcon_core.environment:checking '/home/raz/volcani/rover_volkani/install/roverrobotics_description/bin'
[0.481s] Level 1:colcon.colcon_core.environment:checking '/home/raz/volcani/rover_volkani/install/roverrobotics_description/lib/pkgconfig/roverrobotics_description.pc'
[0.481s] Level 1:colcon.colcon_core.environment:checking '/home/raz/volcani/rover_volkani/install/roverrobotics_description/lib/python3.10/site-packages'
[0.481s] Level 1:colcon.colcon_core.environment:checking '/home/raz/volcani/rover_volkani/install/roverrobotics_description/bin'
[0.481s] INFO:colcon.colcon_core.shell:Creating package script '/home/raz/volcani/rover_volkani/install/roverrobotics_description/share/roverrobotics_description/package.ps1'
[0.482s] INFO:colcon.colcon_core.shell:Creating package descriptor '/home/raz/volcani/rover_volkani/install/roverrobotics_description/share/roverrobotics_description/package.dsv'
[0.482s] INFO:colcon.colcon_core.shell:Creating package script '/home/raz/volcani/rover_volkani/install/roverrobotics_description/share/roverrobotics_description/package.sh'
[0.482s] INFO:colcon.colcon_core.shell:Creating package script '/home/raz/volcani/rover_volkani/install/roverrobotics_description/share/roverrobotics_description/package.bash'
[0.482s] INFO:colcon.colcon_core.shell:Creating package script '/home/raz/volcani/rover_volkani/install/roverrobotics_description/share/roverrobotics_description/package.zsh'
[0.483s] Level 1:colcon.colcon_core.environment:create_file_with_runtime_dependencies(/home/raz/volcani/rover_volkani/install/roverrobotics_description/share/colcon-core/packages/roverrobotics_description)
[0.483s] INFO:colcon.colcon_ros.task.ament_cmake.build:Building ROS package in '/home/raz/volcani/rover_volkani/src/roverrobotics_gazebo' with build type 'ament_cmake'
[0.483s] INFO:colcon.colcon_cmake.task.cmake.build:Building CMake package in '/home/raz/volcani/rover_volkani/src/roverrobotics_gazebo'
[0.483s] INFO:colcon.colcon_core.shell:Skip shell extension 'powershell' for command environment: Not usable outside of PowerShell
[0.483s] DEBUG:colcon.colcon_core.shell:Skip shell extension 'dsv' for command environment
[0.489s] DEBUG:colcon.colcon_core.event_handler.log_command:Invoked command in '/home/raz/volcani/rover_volkani/build/roverrobotics_input_manager' returned '0': CMAKE_PREFIX_PATH=${CMAKE_PREFIX_PATH}:/home/raz/volcani/rover_volkani/install/greenhouse_navigation:/home/raz/volcani/rover_volkani/install/bno055:/opt/ros/humble /usr/bin/cmake --build /home/raz/volcani/rover_volkani/build/roverrobotics_input_manager -- -j24 -l24
[0.490s] DEBUG:colcon.colcon_core.event_handler.log_command:Invoking command in '/home/raz/volcani/rover_volkani/build/roverrobotics_input_manager': CMAKE_PREFIX_PATH=${CMAKE_PREFIX_PATH}:/home/raz/volcani/rover_volkani/install/greenhouse_navigation:/home/raz/volcani/rover_volkani/install/bno055:/opt/ros/humble /usr/bin/cmake --install /home/raz/volcani/rover_volkani/build/roverrobotics_input_manager
[0.493s] DEBUG:colcon.colcon_core.event_handler.log_command:Invoking command in '/home/raz/volcani/rover_volkani/build/roverrobotics_gazebo': CMAKE_PREFIX_PATH=/home/raz/volcani/rover_volkani/install/roverrobotics_description:/home/raz/volcani/rover_volkani/install/rplidar_ros:/home/raz/volcani/rover_volkani/install/roverrobotics_input_manager:/home/raz/volcani/rover_volkani/install/roverrobotics_gazebo:/home/raz/volcani/rover_volkani/install/roverrobotics_driver:/home/raz/volcani/rover_volkani/install/greenhouse_navigation:/home/raz/volcani/rover_volkani/install/bno055:/opt/ros/humble /usr/bin/cmake --build /home/raz/volcani/rover_volkani/build/roverrobotics_gazebo -- -j24 -l24
[0.498s] DEBUG:colcon.colcon_core.event_handler.log_command:Invoked command in '/home/raz/volcani/rover_volkani/build/roverrobotics_driver' returned '0': CMAKE_PREFIX_PATH=${CMAKE_PREFIX_PATH}:/home/raz/volcani/rover_volkani/install/greenhouse_navigation:/home/raz/volcani/rover_volkani/install/bno055:/opt/ros/humble /usr/bin/cmake --build /home/raz/volcani/rover_volkani/build/roverrobotics_driver -- -j24 -l24
[0.499s] DEBUG:colcon.colcon_core.event_handler.log_command:Invoking command in '/home/raz/volcani/rover_volkani/build/roverrobotics_driver': CMAKE_PREFIX_PATH=${CMAKE_PREFIX_PATH}:/home/raz/volcani/rover_volkani/install/greenhouse_navigation:/home/raz/volcani/rover_volkani/install/bno055:/opt/ros/humble /usr/bin/cmake --install /home/raz/volcani/rover_volkani/build/roverrobotics_driver
[0.503s] Level 1:colcon.colcon_core.environment:create_environment_scripts_only(roverrobotics_input_manager)
[0.503s] Level 1:colcon.colcon_core.environment:checking '/home/raz/volcani/rover_volkani/install/roverrobotics_input_manager' for CMake module files
[0.504s] DEBUG:colcon.colcon_core.event_handler.log_command:Invoked command in '/home/raz/volcani/rover_volkani/build/roverrobotics_input_manager' returned '0': CMAKE_PREFIX_PATH=${CMAKE_PREFIX_PATH}:/home/raz/volcani/rover_volkani/install/greenhouse_navigation:/home/raz/volcani/rover_volkani/install/bno055:/opt/ros/humble /usr/bin/cmake --install /home/raz/volcani/rover_volkani/build/roverrobotics_input_manager
[0.504s] Level 1:colcon.colcon_core.environment:checking '/home/raz/volcani/rover_volkani/install/roverrobotics_input_manager' for CMake config files
[0.505s] Level 1:colcon.colcon_core.shell:create_environment_hook('roverrobotics_input_manager', 'cmake_prefix_path')
[0.505s] INFO:colcon.colcon_core.shell:Creating environment hook '/home/raz/volcani/rover_volkani/install/roverrobotics_input_manager/share/roverrobotics_input_manager/hook/cmake_prefix_path.ps1'
[0.506s] INFO:colcon.colcon_core.shell:Creating environment descriptor '/home/raz/volcani/rover_volkani/install/roverrobotics_input_manager/share/roverrobotics_input_manager/hook/cmake_prefix_path.dsv'
[0.507s] INFO:colcon.colcon_core.shell:Creating environment hook '/home/raz/volcani/rover_volkani/install/roverrobotics_input_manager/share/roverrobotics_input_manager/hook/cmake_prefix_path.sh'
[0.510s] Level 1:colcon.colcon_core.environment:checking '/home/raz/volcani/rover_volkani/install/roverrobotics_input_manager/lib'
[0.511s] Level 1:colcon.colcon_core.environment:checking '/home/raz/volcani/rover_volkani/install/roverrobotics_input_manager/bin'
[0.511s] Level 1:colcon.colcon_core.environment:checking '/home/raz/volcani/rover_volkani/install/roverrobotics_input_manager/lib/pkgconfig/roverrobotics_input_manager.pc'
[0.511s] Level 1:colcon.colcon_core.environment:checking '/home/raz/volcani/rover_volkani/install/roverrobotics_input_manager/lib/python3.10/site-packages'
[0.512s] Level 1:colcon.colcon_core.environment:checking '/home/raz/volcani/rover_volkani/install/roverrobotics_input_manager/bin'
[0.512s] INFO:colcon.colcon_core.shell:Creating package script '/home/raz/volcani/rover_volkani/install/roverrobotics_input_manager/share/roverrobotics_input_manager/package.ps1'
[0.513s] INFO:colcon.colcon_core.shell:Creating package descriptor '/home/raz/volcani/rover_volkani/install/roverrobotics_input_manager/share/roverrobotics_input_manager/package.dsv'
[0.513s] INFO:colcon.colcon_core.shell:Creating package script '/home/raz/volcani/rover_volkani/install/roverrobotics_input_manager/share/roverrobotics_input_manager/package.sh'
[0.513s] INFO:colcon.colcon_core.shell:Creating package script '/home/raz/volcani/rover_volkani/install/roverrobotics_input_manager/share/roverrobotics_input_manager/package.bash'
[0.514s] INFO:colcon.colcon_core.shell:Creating package script '/home/raz/volcani/rover_volkani/install/roverrobotics_input_manager/share/roverrobotics_input_manager/package.zsh'
[0.514s] Level 1:colcon.colcon_core.environment:create_file_with_runtime_dependencies(/home/raz/volcani/rover_volkani/install/roverrobotics_input_manager/share/colcon-core/packages/roverrobotics_input_manager)
[0.514s] Level 1:colcon.colcon_core.environment:create_environment_scripts_only(roverrobotics_input_manager)
[0.514s] Level 1:colcon.colcon_core.environment:checking '/home/raz/volcani/rover_volkani/install/roverrobotics_input_manager' for CMake module files
[0.514s] Level 1:colcon.colcon_core.environment:checking '/home/raz/volcani/rover_volkani/install/roverrobotics_input_manager' for CMake config files
[0.515s] Level 1:colcon.colcon_core.shell:create_environment_hook('roverrobotics_input_manager', 'cmake_prefix_path')
[0.515s] INFO:colcon.colcon_core.shell:Creating environment hook '/home/raz/volcani/rover_volkani/install/roverrobotics_input_manager/share/roverrobotics_input_manager/hook/cmake_prefix_path.ps1'
[0.515s] INFO:colcon.colcon_core.shell:Creating environment descriptor '/home/raz/volcani/rover_volkani/install/roverrobotics_input_manager/share/roverrobotics_input_manager/hook/cmake_prefix_path.dsv'
[0.515s] INFO:colcon.colcon_core.shell:Creating environment hook '/home/raz/volcani/rover_volkani/install/roverrobotics_input_manager/share/roverrobotics_input_manager/hook/cmake_prefix_path.sh'
[0.515s] Level 1:colcon.colcon_core.environment:checking '/home/raz/volcani/rover_volkani/install/roverrobotics_input_manager/lib'
[0.515s] Level 1:colcon.colcon_core.environment:checking '/home/raz/volcani/rover_volkani/install/roverrobotics_input_manager/bin'
[0.516s] Level 1:colcon.colcon_core.environment:checking '/home/raz/volcani/rover_volkani/install/roverrobotics_input_manager/lib/pkgconfig/roverrobotics_input_manager.pc'
[0.516s] Level 1:colcon.colcon_core.environment:checking '/home/raz/volcani/rover_volkani/install/roverrobotics_input_manager/lib/python3.10/site-packages'
[0.516s] Level 1:colcon.colcon_core.environment:checking '/home/raz/volcani/rover_volkani/install/roverrobotics_input_manager/bin'
[0.516s] INFO:colcon.colcon_core.shell:Creating package script '/home/raz/volcani/rover_volkani/install/roverrobotics_input_manager/share/roverrobotics_input_manager/package.ps1'
[0.516s] INFO:colcon.colcon_core.shell:Creating package descriptor '/home/raz/volcani/rover_volkani/install/roverrobotics_input_manager/share/roverrobotics_input_manager/package.dsv'
[0.516s] INFO:colcon.colcon_core.shell:Creating package script '/home/raz/volcani/rover_volkani/install/roverrobotics_input_manager/share/roverrobotics_input_manager/package.sh'
[0.517s] INFO:colcon.colcon_core.shell:Creating package script '/home/raz/volcani/rover_volkani/install/roverrobotics_input_manager/share/roverrobotics_input_manager/package.bash'
[0.517s] INFO:colcon.colcon_core.shell:Creating package script '/home/raz/volcani/rover_volkani/install/roverrobotics_input_manager/share/roverrobotics_input_manager/package.zsh'
[0.517s] Level 1:colcon.colcon_core.environment:create_file_with_runtime_dependencies(/home/raz/volcani/rover_volkani/install/roverrobotics_input_manager/share/colcon-core/packages/roverrobotics_input_manager)
[0.519s] DEBUG:colcon.colcon_core.event_handler.log_command:Invoked command in '/home/raz/volcani/rover_volkani/build/roverrobotics_gazebo' returned '0': CMAKE_PREFIX_PATH=/home/raz/volcani/rover_volkani/install/roverrobotics_description:/home/raz/volcani/rover_volkani/install/rplidar_ros:/home/raz/volcani/rover_volkani/install/roverrobotics_input_manager:/home/raz/volcani/rover_volkani/install/roverrobotics_gazebo:/home/raz/volcani/rover_volkani/install/roverrobotics_driver:/home/raz/volcani/rover_volkani/install/greenhouse_navigation:/home/raz/volcani/rover_volkani/install/bno055:/opt/ros/humble /usr/bin/cmake --build /home/raz/volcani/rover_volkani/build/roverrobotics_gazebo -- -j24 -l24
[0.520s] DEBUG:colcon.colcon_core.event_handler.log_command:Invoking command in '/home/raz/volcani/rover_volkani/build/roverrobotics_gazebo': CMAKE_PREFIX_PATH=/home/raz/volcani/rover_volkani/install/roverrobotics_description:/home/raz/volcani/rover_volkani/install/rplidar_ros:/home/raz/volcani/rover_volkani/install/roverrobotics_input_manager:/home/raz/volcani/rover_volkani/install/roverrobotics_gazebo:/home/raz/volcani/rover_volkani/install/roverrobotics_driver:/home/raz/volcani/rover_volkani/install/greenhouse_navigation:/home/raz/volcani/rover_volkani/install/bno055:/opt/ros/humble /usr/bin/cmake --install /home/raz/volcani/rover_volkani/build/roverrobotics_gazebo
[0.522s] Level 1:colcon.colcon_core.environment:create_environment_scripts_only(roverrobotics_driver)
[0.522s] Level 1:colcon.colcon_core.environment:checking '/home/raz/volcani/rover_volkani/install/roverrobotics_driver' for CMake module files
[0.522s] DEBUG:colcon.colcon_core.event_handler.log_command:Invoked command in '/home/raz/volcani/rover_volkani/build/roverrobotics_driver' returned '0': CMAKE_PREFIX_PATH=${CMAKE_PREFIX_PATH}:/home/raz/volcani/rover_volkani/install/greenhouse_navigation:/home/raz/volcani/rover_volkani/install/bno055:/opt/ros/humble /usr/bin/cmake --install /home/raz/volcani/rover_volkani/build/roverrobotics_driver
[0.523s] Level 1:colcon.colcon_core.environment:checking '/home/raz/volcani/rover_volkani/install/roverrobotics_driver' for CMake config files
[0.523s] Level 1:colcon.colcon_core.shell:create_environment_hook('roverrobotics_driver', 'cmake_prefix_path')
[0.523s] INFO:colcon.colcon_core.shell:Creating environment hook '/home/raz/volcani/rover_volkani/install/roverrobotics_driver/share/roverrobotics_driver/hook/cmake_prefix_path.ps1'
[0.524s] INFO:colcon.colcon_core.shell:Creating environment descriptor '/home/raz/volcani/rover_volkani/install/roverrobotics_driver/share/roverrobotics_driver/hook/cmake_prefix_path.dsv'
[0.524s] INFO:colcon.colcon_core.shell:Creating environment hook '/home/raz/volcani/rover_volkani/install/roverrobotics_driver/share/roverrobotics_driver/hook/cmake_prefix_path.sh'
[0.524s] Level 1:colcon.colcon_core.environment:checking '/home/raz/volcani/rover_volkani/install/roverrobotics_driver/lib'
[0.524s] Level 1:colcon.colcon_core.environment:checking '/home/raz/volcani/rover_volkani/install/roverrobotics_driver/bin'
[0.524s] Level 1:colcon.colcon_core.environment:checking '/home/raz/volcani/rover_volkani/install/roverrobotics_driver/lib/pkgconfig/roverrobotics_driver.pc'
[0.524s] Level 1:colcon.colcon_core.environment:checking '/home/raz/volcani/rover_volkani/install/roverrobotics_driver/lib/python3.10/site-packages'
[0.524s] Level 1:colcon.colcon_core.environment:checking '/home/raz/volcani/rover_volkani/install/roverrobotics_driver/bin'
[0.525s] INFO:colcon.colcon_core.shell:Creating package script '/home/raz/volcani/rover_volkani/install/roverrobotics_driver/share/roverrobotics_driver/package.ps1'
[0.525s] INFO:colcon.colcon_core.shell:Creating package descriptor '/home/raz/volcani/rover_volkani/install/roverrobotics_driver/share/roverrobotics_driver/package.dsv'
[0.525s] INFO:colcon.colcon_core.shell:Creating package script '/home/raz/volcani/rover_volkani/install/roverrobotics_driver/share/roverrobotics_driver/package.sh'
[0.525s] INFO:colcon.colcon_core.shell:Creating package script '/home/raz/volcani/rover_volkani/install/roverrobotics_driver/share/roverrobotics_driver/package.bash'
[0.525s] INFO:colcon.colcon_core.shell:Creating package script '/home/raz/volcani/rover_volkani/install/roverrobotics_driver/share/roverrobotics_driver/package.zsh'
[0.526s] Level 1:colcon.colcon_core.environment:create_file_with_runtime_dependencies(/home/raz/volcani/rover_volkani/install/roverrobotics_driver/share/colcon-core/packages/roverrobotics_driver)
[0.526s] Level 1:colcon.colcon_core.environment:create_environment_scripts_only(roverrobotics_driver)
[0.526s] Level 1:colcon.colcon_core.environment:checking '/home/raz/volcani/rover_volkani/install/roverrobotics_driver' for CMake module files
[0.527s] Level 1:colcon.colcon_core.environment:checking '/home/raz/volcani/rover_volkani/install/roverrobotics_driver' for CMake config files
[0.527s] Level 1:colcon.colcon_core.shell:create_environment_hook('roverrobotics_driver', 'cmake_prefix_path')
[0.527s] INFO:colcon.colcon_core.shell:Creating environment hook '/home/raz/volcani/rover_volkani/install/roverrobotics_driver/share/roverrobotics_driver/hook/cmake_prefix_path.ps1'
[0.527s] INFO:colcon.colcon_core.shell:Creating environment descriptor '/home/raz/volcani/rover_volkani/install/roverrobotics_driver/share/roverrobotics_driver/hook/cmake_prefix_path.dsv'
[0.527s] INFO:colcon.colcon_core.shell:Creating environment hook '/home/raz/volcani/rover_volkani/install/roverrobotics_driver/share/roverrobotics_driver/hook/cmake_prefix_path.sh'
[0.528s] Level 1:colcon.colcon_core.environment:checking '/home/raz/volcani/rover_volkani/install/roverrobotics_driver/lib'
[0.528s] Level 1:colcon.colcon_core.environment:checking '/home/raz/volcani/rover_volkani/install/roverrobotics_driver/bin'
[0.528s] Level 1:colcon.colcon_core.environment:checking '/home/raz/volcani/rover_volkani/install/roverrobotics_driver/lib/pkgconfig/roverrobotics_driver.pc'
[0.528s] Level 1:colcon.colcon_core.environment:checking '/home/raz/volcani/rover_volkani/install/roverrobotics_driver/lib/python3.10/site-packages'
[0.528s] Level 1:colcon.colcon_core.environment:checking '/home/raz/volcani/rover_volkani/install/roverrobotics_driver/bin'
[0.528s] INFO:colcon.colcon_core.shell:Creating package script '/home/raz/volcani/rover_volkani/install/roverrobotics_driver/share/roverrobotics_driver/package.ps1'
[0.529s] INFO:colcon.colcon_core.shell:Creating package descriptor '/home/raz/volcani/rover_volkani/install/roverrobotics_driver/share/roverrobotics_driver/package.dsv'
[0.529s] INFO:colcon.colcon_core.shell:Creating package script '/home/raz/volcani/rover_volkani/install/roverrobotics_driver/share/roverrobotics_driver/package.sh'
[0.529s] INFO:colcon.colcon_core.shell:Creating package script '/home/raz/volcani/rover_volkani/install/roverrobotics_driver/share/roverrobotics_driver/package.bash'
[0.529s] INFO:colcon.colcon_core.shell:Creating package script '/home/raz/volcani/rover_volkani/install/roverrobotics_driver/share/roverrobotics_driver/package.zsh'
[0.529s] Level 1:colcon.colcon_core.environment:create_file_with_runtime_dependencies(/home/raz/volcani/rover_volkani/install/roverrobotics_driver/share/colcon-core/packages/roverrobotics_driver)
[0.546s] Level 1:colcon.colcon_core.environment:create_environment_scripts_only(roverrobotics_gazebo)
[0.546s] Level 1:colcon.colcon_core.environment:checking '/home/raz/volcani/rover_volkani/install/roverrobotics_gazebo' for CMake module files
[0.547s] DEBUG:colcon.colcon_core.event_handler.log_command:Invoked command in '/home/raz/volcani/rover_volkani/build/roverrobotics_gazebo' returned '0': CMAKE_PREFIX_PATH=/home/raz/volcani/rover_volkani/install/roverrobotics_description:/home/raz/volcani/rover_volkani/install/rplidar_ros:/home/raz/volcani/rover_volkani/install/roverrobotics_input_manager:/home/raz/volcani/rover_volkani/install/roverrobotics_gazebo:/home/raz/volcani/rover_volkani/install/roverrobotics_driver:/home/raz/volcani/rover_volkani/install/greenhouse_navigation:/home/raz/volcani/rover_volkani/install/bno055:/opt/ros/humble /usr/bin/cmake --install /home/raz/volcani/rover_volkani/build/roverrobotics_gazebo
[0.547s] Level 1:colcon.colcon_core.environment:checking '/home/raz/volcani/rover_volkani/install/roverrobotics_gazebo' for CMake config files
[0.547s] Level 1:colcon.colcon_core.shell:create_environment_hook('roverrobotics_gazebo', 'cmake_prefix_path')
[0.547s] INFO:colcon.colcon_core.shell:Creating environment hook '/home/raz/volcani/rover_volkani/install/roverrobotics_gazebo/share/roverrobotics_gazebo/hook/cmake_prefix_path.ps1'
[0.547s] INFO:colcon.colcon_core.shell:Creating environment descriptor '/home/raz/volcani/rover_volkani/install/roverrobotics_gazebo/share/roverrobotics_gazebo/hook/cmake_prefix_path.dsv'
[0.548s] INFO:colcon.colcon_core.shell:Creating environment hook '/home/raz/volcani/rover_volkani/install/roverrobotics_gazebo/share/roverrobotics_gazebo/hook/cmake_prefix_path.sh'
[0.548s] Level 1:colcon.colcon_core.environment:checking '/home/raz/volcani/rover_volkani/install/roverrobotics_gazebo/bin'
[0.548s] Level 1:colcon.colcon_core.environment:checking '/home/raz/volcani/rover_volkani/install/roverrobotics_gazebo/lib/pkgconfig/roverrobotics_gazebo.pc'
[0.548s] Level 1:colcon.colcon_core.environment:checking '/home/raz/volcani/rover_volkani/install/roverrobotics_gazebo/lib/python3.10/site-packages'
[0.548s] Level 1:colcon.colcon_core.environment:checking '/home/raz/volcani/rover_volkani/install/roverrobotics_gazebo/bin'
[0.548s] INFO:colcon.colcon_core.shell:Creating package script '/home/raz/volcani/rover_volkani/install/roverrobotics_gazebo/share/roverrobotics_gazebo/package.ps1'
[0.549s] INFO:colcon.colcon_core.shell:Creating package descriptor '/home/raz/volcani/rover_volkani/install/roverrobotics_gazebo/share/roverrobotics_gazebo/package.dsv'
[0.549s] INFO:colcon.colcon_core.shell:Creating package script '/home/raz/volcani/rover_volkani/install/roverrobotics_gazebo/share/roverrobotics_gazebo/package.sh'
[0.549s] INFO:colcon.colcon_core.shell:Creating package script '/home/raz/volcani/rover_volkani/install/roverrobotics_gazebo/share/roverrobotics_gazebo/package.bash'
[0.549s] INFO:colcon.colcon_core.shell:Creating package script '/home/raz/volcani/rover_volkani/install/roverrobotics_gazebo/share/roverrobotics_gazebo/package.zsh'
[0.549s] Level 1:colcon.colcon_core.environment:create_file_with_runtime_dependencies(/home/raz/volcani/rover_volkani/install/roverrobotics_gazebo/share/colcon-core/packages/roverrobotics_gazebo)
[0.550s] Level 1:colcon.colcon_core.environment:create_environment_scripts_only(roverrobotics_gazebo)
[0.550s] Level 1:colcon.colcon_core.environment:checking '/home/raz/volcani/rover_volkani/install/roverrobotics_gazebo' for CMake module files
[0.550s] Level 1:colcon.colcon_core.environment:checking '/home/raz/volcani/rover_volkani/install/roverrobotics_gazebo' for CMake config files
[0.550s] Level 1:colcon.colcon_core.shell:create_environment_hook('roverrobotics_gazebo', 'cmake_prefix_path')
[0.550s] INFO:colcon.colcon_core.shell:Creating environment hook '/home/raz/volcani/rover_volkani/install/roverrobotics_gazebo/share/roverrobotics_gazebo/hook/cmake_prefix_path.ps1'
[0.550s] INFO:colcon.colcon_core.shell:Creating environment descriptor '/home/raz/volcani/rover_volkani/install/roverrobotics_gazebo/share/roverrobotics_gazebo/hook/cmake_prefix_path.dsv'
[0.551s] INFO:colcon.colcon_core.shell:Creating environment hook '/home/raz/volcani/rover_volkani/install/roverrobotics_gazebo/share/roverrobotics_gazebo/hook/cmake_prefix_path.sh'
[0.551s] Level 1:colcon.colcon_core.environment:checking '/home/raz/volcani/rover_volkani/install/roverrobotics_gazebo/bin'
[0.551s] Level 1:colcon.colcon_core.environment:checking '/home/raz/volcani/rover_volkani/install/roverrobotics_gazebo/lib/pkgconfig/roverrobotics_gazebo.pc'
[0.551s] Level 1:colcon.colcon_core.environment:checking '/home/raz/volcani/rover_volkani/install/roverrobotics_gazebo/lib/python3.10/site-packages'
[0.551s] Level 1:colcon.colcon_core.environment:checking '/home/raz/volcani/rover_volkani/install/roverrobotics_gazebo/bin'
[0.551s] INFO:colcon.colcon_core.shell:Creating package script '/home/raz/volcani/rover_volkani/install/roverrobotics_gazebo/share/roverrobotics_gazebo/package.ps1'
[0.552s] INFO:colcon.colcon_core.shell:Creating package descriptor '/home/raz/volcani/rover_volkani/install/roverrobotics_gazebo/share/roverrobotics_gazebo/package.dsv'
[0.552s] INFO:colcon.colcon_core.shell:Creating package script '/home/raz/volcani/rover_volkani/install/roverrobotics_gazebo/share/roverrobotics_gazebo/package.sh'
[0.552s] INFO:colcon.colcon_core.shell:Creating package script '/home/raz/volcani/rover_volkani/install/roverrobotics_gazebo/share/roverrobotics_gazebo/package.bash'
[0.552s] INFO:colcon.colcon_core.shell:Creating package script '/home/raz/volcani/rover_volkani/install/roverrobotics_gazebo/share/roverrobotics_gazebo/package.zsh'
[0.552s] Level 1:colcon.colcon_core.environment:create_file_with_runtime_dependencies(/home/raz/volcani/rover_volkani/install/roverrobotics_gazebo/share/colcon-core/packages/roverrobotics_gazebo)
[0.684s] DEBUG:colcon.colcon_core.event_handler.log_command:Invoking command in '/home/raz/volcani/rover_volkani/build/greenhouse_navigation': PYTHONPATH=/home/raz/volcani/rover_volkani/build/greenhouse_navigation/prefix_override:/usr/lib/python3/dist-packages/colcon_core/task/python/colcon_distutils_commands:/home/raz/volcani/rover_volkani/install/greenhouse_navigation/lib/python3.10/site-packages:${PYTHONPATH} /usr/bin/python3 -W ignore:setup.py install is deprecated -W ignore:easy_install command is deprecated setup.py develop --editable --build-directory /home/raz/volcani/rover_volkani/build/greenhouse_navigation/build --no-deps symlink_data
[0.994s] Level 1:colcon.colcon_core.shell:create_environment_hook('greenhouse_navigation', 'pythonpath_develop')
[0.994s] INFO:colcon.colcon_core.shell:Creating environment hook '/home/raz/volcani/rover_volkani/build/greenhouse_navigation/share/greenhouse_navigation/hook/pythonpath_develop.ps1'
[0.995s] DEBUG:colcon.colcon_core.event_handler.log_command:Invoked command in '/home/raz/volcani/rover_volkani/build/greenhouse_navigation' returned '0': PYTHONPATH=/home/raz/volcani/rover_volkani/build/greenhouse_navigation/prefix_override:/usr/lib/python3/dist-packages/colcon_core/task/python/colcon_distutils_commands:/home/raz/volcani/rover_volkani/install/greenhouse_navigation/lib/python3.10/site-packages:${PYTHONPATH} /usr/bin/python3 -W ignore:setup.py install is deprecated -W ignore:easy_install command is deprecated setup.py develop --editable --build-directory /home/raz/volcani/rover_volkani/build/greenhouse_navigation/build --no-deps symlink_data
[0.995s] INFO:colcon.colcon_core.shell:Creating environment descriptor '/home/raz/volcani/rover_volkani/build/greenhouse_navigation/share/greenhouse_navigation/hook/pythonpath_develop.dsv'
[0.995s] INFO:colcon.colcon_core.shell:Creating environment hook '/home/raz/volcani/rover_volkani/build/greenhouse_navigation/share/greenhouse_navigation/hook/pythonpath_develop.sh'
[0.996s] Level 1:colcon.colcon_core.environment:checking '/home/raz/volcani/rover_volkani/install/greenhouse_navigation' for CMake module files
[0.996s] Level 1:colcon.colcon_core.environment:checking '/home/raz/volcani/rover_volkani/install/greenhouse_navigation' for CMake config files
[0.996s] Level 1:colcon.colcon_core.environment:checking '/home/raz/volcani/rover_volkani/install/greenhouse_navigation/lib'
[0.996s] Level 1:colcon.colcon_core.environment:checking '/home/raz/volcani/rover_volkani/install/greenhouse_navigation/bin'
[0.996s] Level 1:colcon.colcon_core.environment:checking '/home/raz/volcani/rover_volkani/install/greenhouse_navigation/lib/pkgconfig/greenhouse_navigation.pc'
[0.997s] Level 1:colcon.colcon_core.environment:checking '/home/raz/volcani/rover_volkani/install/greenhouse_navigation/lib/python3.10/site-packages'
[0.997s] Level 1:colcon.colcon_core.shell:create_environment_hook('greenhouse_navigation', 'pythonpath')
[0.997s] INFO:colcon.colcon_core.shell:Creating environment hook '/home/raz/volcani/rover_volkani/install/greenhouse_navigation/share/greenhouse_navigation/hook/pythonpath.ps1'
[0.997s] INFO:colcon.colcon_core.shell:Creating environment descriptor '/home/raz/volcani/rover_volkani/install/greenhouse_navigation/share/greenhouse_navigation/hook/pythonpath.dsv'
[0.997s] INFO:colcon.colcon_core.shell:Creating environment hook '/home/raz/volcani/rover_volkani/install/greenhouse_navigation/share/greenhouse_navigation/hook/pythonpath.sh'
[0.997s] Level 1:colcon.colcon_core.environment:checking '/home/raz/volcani/rover_volkani/install/greenhouse_navigation/bin'
[0.997s] Level 1:colcon.colcon_core.environment:create_environment_scripts_only(greenhouse_navigation)
[0.998s] INFO:colcon.colcon_core.shell:Creating package script '/home/raz/volcani/rover_volkani/install/greenhouse_navigation/share/greenhouse_navigation/package.ps1'
[0.998s] INFO:colcon.colcon_core.shell:Creating package descriptor '/home/raz/volcani/rover_volkani/install/greenhouse_navigation/share/greenhouse_navigation/package.dsv'
[0.998s] INFO:colcon.colcon_core.shell:Creating package script '/home/raz/volcani/rover_volkani/install/greenhouse_navigation/share/greenhouse_navigation/package.sh'
[0.998s] INFO:colcon.colcon_core.shell:Creating package script '/home/raz/volcani/rover_volkani/install/greenhouse_navigation/share/greenhouse_navigation/package.bash'
[0.999s] INFO:colcon.colcon_core.shell:Creating package script '/home/raz/volcani/rover_volkani/install/greenhouse_navigation/share/greenhouse_navigation/package.zsh'
[0.999s] Level 1:colcon.colcon_core.environment:create_file_with_runtime_dependencies(/home/raz/volcani/rover_volkani/install/greenhouse_navigation/share/colcon-core/packages/greenhouse_navigation)
[0.999s] DEBUG:colcon.colcon_parallel_executor.executor.parallel:closing loop
[0.999s] DEBUG:colcon.colcon_parallel_executor.executor.parallel:loop closed
[0.999s] DEBUG:colcon.colcon_parallel_executor.executor.parallel:run_until_complete finished with '0'
[0.999s] DEBUG:colcon.colcon_core.event_reactor:joining thread
[1.003s] INFO:colcon.colcon_core.plugin_system:Skipping extension 'colcon_notification.desktop_notification.terminal_notifier': Not used on non-Darwin systems
[1.003s] INFO:colcon.colcon_core.plugin_system:Skipping extension 'colcon_notification.desktop_notification.win32': Not used on non-Windows systems
[1.003s] INFO:colcon.colcon_notification.desktop_notification:Sending desktop notification using 'notify2'
[1.011s] DEBUG:colcon.colcon_core.event_reactor:joined thread
[1.011s] INFO:colcon.colcon_core.shell:Creating prefix script '/home/raz/volcani/rover_volkani/install/local_setup.ps1'
[1.012s] INFO:colcon.colcon_core.shell:Creating prefix util module '/home/raz/volcani/rover_volkani/install/_local_setup_util_ps1.py'
[1.013s] INFO:colcon.colcon_core.shell:Creating prefix chain script '/home/raz/volcani/rover_volkani/install/setup.ps1'
[1.013s] INFO:colcon.colcon_core.shell:Creating prefix script '/home/raz/volcani/rover_volkani/install/local_setup.sh'
[1.014s] INFO:colcon.colcon_core.shell:Creating prefix util module '/home/raz/volcani/rover_volkani/install/_local_setup_util_sh.py'
[1.014s] INFO:colcon.colcon_core.shell:Creating prefix chain script '/home/raz/volcani/rover_volkani/install/setup.sh'
[1.015s] INFO:colcon.colcon_core.shell:Creating prefix script '/home/raz/volcani/rover_volkani/install/local_setup.bash'
[1.015s] INFO:colcon.colcon_core.shell:Creating prefix chain script '/home/raz/volcani/rover_volkani/install/setup.bash'
[1.015s] INFO:colcon.colcon_core.shell:Creating prefix script '/home/raz/volcani/rover_volkani/install/local_setup.zsh'
[1.016s] INFO:colcon.colcon_core.shell:Creating prefix chain script '/home/raz/volcani/rover_volkani/install/setup.zsh'
