[0.009s] Invoking command in '/home/raz/volcani/rover_volkani/build/roverrobotics_gazebo': AMENT_PREFIX_PATH=/home/raz/volcani/rover_volkani/install/roverrobotics_description:${AMENT_PREFIX_PATH} CMAKE_PREFIX_PATH=/home/raz/volcani/rover_volkani/install/roverrobotics_description:/home/raz/volcani/rover_volkani/install/rplidar_ros:/home/raz/volcani/rover_volkani/install/roverrobotics_input_manager:/home/raz/volcani/rover_volkani/install/roverrobotics_gazebo:/home/raz/volcani/rover_volkani/install/roverrobotics_driver:/home/raz/volcani/rover_volkani/install/greenhouse_navigation:/home/raz/volcani/rover_volkani/install/bno055:/opt/ros/humble /usr/bin/cmake /home/raz/volcani/rover_volkani/src/roverrobotics_gazebo -DAMENT_CMAKE_SYMLINK_INSTALL=1 -DCMAKE_INSTALL_PREFIX=/home/raz/volcani/rover_volkani/install/roverrobotics_gazebo
[0.069s] -- The C compiler identification is GNU 11.4.0
[0.108s] -- The CXX compiler identification is GNU 11.4.0
[0.113s] -- Detecting C compiler ABI info
[0.165s] -- Detecting C compiler ABI info - done
[0.170s] -- Check for working C compiler: /usr/bin/cc - skipped
[0.170s] -- Detecting C compile features
[0.170s] -- Detecting C compile features - done
[0.172s] -- Detecting CXX compiler ABI info
[0.227s] -- Detecting CXX compiler ABI info - done
[0.232s] -- Check for working CXX compiler: /usr/bin/c++ - skipped
[0.232s] -- Detecting CXX compile features
[0.233s] -- Detecting CXX compile features - done
[0.235s] -- Found ament_cmake: 1.3.11 (/opt/ros/humble/share/ament_cmake/cmake)
[0.342s] -- Found Python3: /usr/bin/python3 (found version "3.10.12") found components: Interpreter 
[0.404s] -- Override CMake install command with custom implementation using symlinks instead of copying resources
[0.440s] -- Found ament_lint_auto: 0.12.12 (/opt/ros/humble/share/ament_lint_auto/cmake)
[0.526s] -- Added test 'copyright' to check source files copyright and LICENSE
[0.528s] -- Added test 'flake8' to check Python code syntax and style conventions
[0.528s] -- Added test 'lint_cmake' to check CMake code style
[0.529s] -- Added test 'pep257' to check Python code against some of the docstring style conventions in PEP 257
[0.530s] -- Added test 'xmllint' to check XML markup files
[0.532s] -- Configuring done
[0.534s] -- Generating done
[0.535s] -- Build files have been written to: /home/raz/volcani/rover_volkani/build/roverrobotics_gazebo
[0.540s] Invoked command in '/home/raz/volcani/rover_volkani/build/roverrobotics_gazebo' returned '0': AMENT_PREFIX_PATH=/home/raz/volcani/rover_volkani/install/roverrobotics_description:${AMENT_PREFIX_PATH} CMAKE_PREFIX_PATH=/home/raz/volcani/rover_volkani/install/roverrobotics_description:/home/raz/volcani/rover_volkani/install/rplidar_ros:/home/raz/volcani/rover_volkani/install/roverrobotics_input_manager:/home/raz/volcani/rover_volkani/install/roverrobotics_gazebo:/home/raz/volcani/rover_volkani/install/roverrobotics_driver:/home/raz/volcani/rover_volkani/install/greenhouse_navigation:/home/raz/volcani/rover_volkani/install/bno055:/opt/ros/humble /usr/bin/cmake /home/raz/volcani/rover_volkani/src/roverrobotics_gazebo -DAMENT_CMAKE_SYMLINK_INSTALL=1 -DCMAKE_INSTALL_PREFIX=/home/raz/volcani/rover_volkani/install/roverrobotics_gazebo
[0.541s] Invoking command in '/home/raz/volcani/rover_volkani/build/roverrobotics_gazebo': AMENT_PREFIX_PATH=/home/raz/volcani/rover_volkani/install/roverrobotics_description:${AMENT_PREFIX_PATH} CMAKE_PREFIX_PATH=/home/raz/volcani/rover_volkani/install/roverrobotics_description:/home/raz/volcani/rover_volkani/install/rplidar_ros:/home/raz/volcani/rover_volkani/install/roverrobotics_input_manager:/home/raz/volcani/rover_volkani/install/roverrobotics_gazebo:/home/raz/volcani/rover_volkani/install/roverrobotics_driver:/home/raz/volcani/rover_volkani/install/greenhouse_navigation:/home/raz/volcani/rover_volkani/install/bno055:/opt/ros/humble /usr/bin/cmake --build /home/raz/volcani/rover_volkani/build/roverrobotics_gazebo -- -j24 -l24
[0.575s] Invoked command in '/home/raz/volcani/rover_volkani/build/roverrobotics_gazebo' returned '0': AMENT_PREFIX_PATH=/home/raz/volcani/rover_volkani/install/roverrobotics_description:${AMENT_PREFIX_PATH} CMAKE_PREFIX_PATH=/home/raz/volcani/rover_volkani/install/roverrobotics_description:/home/raz/volcani/rover_volkani/install/rplidar_ros:/home/raz/volcani/rover_volkani/install/roverrobotics_input_manager:/home/raz/volcani/rover_volkani/install/roverrobotics_gazebo:/home/raz/volcani/rover_volkani/install/roverrobotics_driver:/home/raz/volcani/rover_volkani/install/greenhouse_navigation:/home/raz/volcani/rover_volkani/install/bno055:/opt/ros/humble /usr/bin/cmake --build /home/raz/volcani/rover_volkani/build/roverrobotics_gazebo -- -j24 -l24
[0.576s] Invoking command in '/home/raz/volcani/rover_volkani/build/roverrobotics_gazebo': AMENT_PREFIX_PATH=/home/raz/volcani/rover_volkani/install/roverrobotics_description:${AMENT_PREFIX_PATH} CMAKE_PREFIX_PATH=/home/raz/volcani/rover_volkani/install/roverrobotics_description:/home/raz/volcani/rover_volkani/install/rplidar_ros:/home/raz/volcani/rover_volkani/install/roverrobotics_input_manager:/home/raz/volcani/rover_volkani/install/roverrobotics_gazebo:/home/raz/volcani/rover_volkani/install/roverrobotics_driver:/home/raz/volcani/rover_volkani/install/greenhouse_navigation:/home/raz/volcani/rover_volkani/install/bno055:/opt/ros/humble /usr/bin/cmake --install /home/raz/volcani/rover_volkani/build/roverrobotics_gazebo
[0.583s] -- Install configuration: ""
[0.583s] -- Execute custom install script
[0.584s] -- Symlinking: /home/raz/volcani/rover_volkani/install/roverrobotics_gazebo/share/roverrobotics_gazebo/launch/2wd_rover_gazebo.launch.py
[0.592s] -- Symlinking: /home/raz/volcani/rover_volkani/install/roverrobotics_gazebo/share/roverrobotics_gazebo/launch/4wd_rover_gazebo.launch.py
[0.600s] -- Symlinking: /home/raz/volcani/rover_volkani/install/roverrobotics_gazebo/share/roverrobotics_gazebo/launch/flipper_gazebo.launch.py
[0.606s] -- Symlinking: /home/raz/volcani/rover_volkani/install/roverrobotics_gazebo/share/roverrobotics_gazebo/launch/max_gazebo.launch.py
[0.612s] -- Symlinking: /home/raz/volcani/rover_volkani/install/roverrobotics_gazebo/share/roverrobotics_gazebo/launch/mini_gazebo.launch.py
[0.617s] -- Symlinking: /home/raz/volcani/rover_volkani/install/roverrobotics_gazebo/share/roverrobotics_gazebo/launch/miti_65_gazebo.launch.py
[0.623s] -- Symlinking: /home/raz/volcani/rover_volkani/install/roverrobotics_gazebo/share/roverrobotics_gazebo/launch/miti_gazebo.launch.py
[0.630s] -- Symlinking: /home/raz/volcani/rover_volkani/install/roverrobotics_gazebo/share/roverrobotics_gazebo/worlds/depot.sdf
[0.638s] -- Symlinking: /home/raz/volcani/rover_volkani/install/roverrobotics_gazebo/share/roverrobotics_gazebo/worlds/indoor_abc_lab3.sdf
[0.646s] -- Symlinking: /home/raz/volcani/rover_volkani/install/roverrobotics_gazebo/share/roverrobotics_gazebo/worlds/maze.sdf
[0.653s] -- Symlinking: /home/raz/volcani/rover_volkani/install/roverrobotics_gazebo/share/roverrobotics_gazebo/worlds/warehouse.sdf
[0.661s] -- Symlinking: /home/raz/volcani/rover_volkani/install/roverrobotics_gazebo/share/ament_index/resource_index/package_run_dependencies/roverrobotics_gazebo
[0.669s] -- Symlinking: /home/raz/volcani/rover_volkani/install/roverrobotics_gazebo/share/ament_index/resource_index/parent_prefix_path/roverrobotics_gazebo
[0.676s] -- Symlinking: /home/raz/volcani/rover_volkani/install/roverrobotics_gazebo/share/roverrobotics_gazebo/environment/ament_prefix_path.sh
[0.684s] -- Symlinking: /home/raz/volcani/rover_volkani/install/roverrobotics_gazebo/share/roverrobotics_gazebo/environment/ament_prefix_path.dsv
[0.692s] -- Symlinking: /home/raz/volcani/rover_volkani/install/roverrobotics_gazebo/share/roverrobotics_gazebo/environment/path.sh
[0.700s] -- Symlinking: /home/raz/volcani/rover_volkani/install/roverrobotics_gazebo/share/roverrobotics_gazebo/environment/path.dsv
[0.708s] -- Symlinking: /home/raz/volcani/rover_volkani/install/roverrobotics_gazebo/share/roverrobotics_gazebo/local_setup.bash
[0.715s] -- Symlinking: /home/raz/volcani/rover_volkani/install/roverrobotics_gazebo/share/roverrobotics_gazebo/local_setup.sh
[0.723s] -- Symlinking: /home/raz/volcani/rover_volkani/install/roverrobotics_gazebo/share/roverrobotics_gazebo/local_setup.zsh
[0.730s] -- Symlinking: /home/raz/volcani/rover_volkani/install/roverrobotics_gazebo/share/roverrobotics_gazebo/local_setup.dsv
[0.739s] -- Symlinking: /home/raz/volcani/rover_volkani/install/roverrobotics_gazebo/share/roverrobotics_gazebo/package.dsv
[0.747s] -- Symlinking: /home/raz/volcani/rover_volkani/install/roverrobotics_gazebo/share/ament_index/resource_index/packages/roverrobotics_gazebo
[0.754s] -- Symlinking: /home/raz/volcani/rover_volkani/install/roverrobotics_gazebo/share/roverrobotics_gazebo/cmake/roverrobotics_gazeboConfig.cmake
[0.762s] -- Symlinking: /home/raz/volcani/rover_volkani/install/roverrobotics_gazebo/share/roverrobotics_gazebo/cmake/roverrobotics_gazeboConfig-version.cmake
[0.770s] -- Symlinking: /home/raz/volcani/rover_volkani/install/roverrobotics_gazebo/share/roverrobotics_gazebo/package.xml
[0.780s] Invoked command in '/home/raz/volcani/rover_volkani/build/roverrobotics_gazebo' returned '0': AMENT_PREFIX_PATH=/home/raz/volcani/rover_volkani/install/roverrobotics_description:${AMENT_PREFIX_PATH} CMAKE_PREFIX_PATH=/home/raz/volcani/rover_volkani/install/roverrobotics_description:/home/raz/volcani/rover_volkani/install/rplidar_ros:/home/raz/volcani/rover_volkani/install/roverrobotics_input_manager:/home/raz/volcani/rover_volkani/install/roverrobotics_gazebo:/home/raz/volcani/rover_volkani/install/roverrobotics_driver:/home/raz/volcani/rover_volkani/install/greenhouse_navigation:/home/raz/volcani/rover_volkani/install/bno055:/opt/ros/humble /usr/bin/cmake --install /home/raz/volcani/rover_volkani/build/roverrobotics_gazebo
