-- Found ament_cmake: 1.3.11 (/opt/ros/humble/share/ament_cmake/cmake)
-- Found rclcpp: 16.0.12 (/opt/ros/humble/share/rclcpp/cmake)
-- Found rosidl_generator_c: 3.1.6 (/opt/ros/humble/share/rosidl_generator_c/cmake)
-- Found rosidl_adapter: 3.1.6 (/opt/ros/humble/share/rosidl_adapter/cmake)
-- Found rosidl_generator_cpp: 3.1.6 (/opt/ros/humble/share/rosidl_generator_cpp/cmake)
-- Using all available rosidl_typesupport_c: rosidl_typesupport_fastrtps_c;rosidl_typesupport_introspection_c
-- Using all available rosidl_typesupport_cpp: rosidl_typesupport_fastrtps_cpp;rosidl_typesupport_introspection_cpp
-- Found rmw_implementation_cmake: 6.1.2 (/opt/ros/humble/share/rmw_implementation_cmake/cmake)
-- Found rmw_cyclonedds_cpp: 1.3.4 (/opt/ros/humble/share/rmw_cyclonedds_cpp/cmake)
-- Using RMW implementation 'rmw_cyclonedds_cpp' as default
-- Found geometry_msgs: 4.8.0 (/opt/ros/humble/share/geometry_msgs/cmake)
-- Found nav_msgs: 4.8.0 (/opt/ros/humble/share/nav_msgs/cmake)
-- Found tf2_geometry_msgs: 0.25.12 (/opt/ros/humble/share/tf2_geometry_msgs/cmake)
-- Found eigen3_cmake_module: 0.1.1 (/opt/ros/humble/share/eigen3_cmake_module/cmake)
-- Ensuring Eigen3 include directory is part of orocos-kdl CMake target
-- Found sensor_msgs: 4.8.0 (/opt/ros/humble/share/sensor_msgs/cmake)
-- Found nav2_msgs: 1.1.18 (/opt/ros/humble/share/nav2_msgs/cmake)
-- Configuring done
-- Generating done
-- Build files have been written to: /home/rover/rover_workspace/build/roverrobotics_driver
[35m[1mConsolidate compiler generated dependencies of target greenhouse_experiment_node[0m
[35m[1mConsolidate compiler generated dependencies of target roverrobotics_driver[0m
gmake[2]: Warning: File '/usr/include/linux/errno.h' has modification time 4332169 s in the future
[  7%] [32mBuilding CXX object CMakeFiles/greenhouse_experiment_node.dir/src/greenhouse_experiment_node.cpp.o[0m
gmake[2]: Warning: File '/home/rover/rover_workspace/src/roverrobotics_driver/include/roverrobotics_ros2_driver.hpp' has modification time 5684049 s in the future
[ 15%] [32mBuilding CXX object CMakeFiles/roverrobotics_driver.dir/src/roverrobotics_ros2_driver.cpp.o[0m
[ 23%] [32mBuilding CXX object CMakeFiles/roverrobotics_driver.dir/library/librover/src/protocol_pro.cpp.o[0m
[ 30%] [32mBuilding CXX object CMakeFiles/roverrobotics_driver.dir/library/librover/src/comm_serial.cpp.o[0m
[ 38%] [32mBuilding CXX object CMakeFiles/roverrobotics_driver.dir/library/librover/src/utils.cpp.o[0m
[ 46%] [32mBuilding CXX object CMakeFiles/roverrobotics_driver.dir/library/librover/src/comm_can.cpp.o[0m
[ 53%] [32mBuilding CXX object CMakeFiles/roverrobotics_driver.dir/library/librover/src/control.cpp.o[0m
[ 61%] [32mBuilding CXX object CMakeFiles/roverrobotics_driver.dir/library/librover/src/vesc.cpp.o[0m
[01m[K/home/rover/rover_workspace/src/roverrobotics_driver/library/librover/src/vesc.cpp:[m[K In member function ‘[01m[Kvesc::vescChannelStatus vesc::BridgedVescArray::parseReceivedMessage(std::vector<unsigned char>)[m[K’:
[01m[K/home/rover/rover_workspace/src/roverrobotics_driver/library/librover/src/vesc.cpp:76:5:[m[K [01;35m[Kwarning: [m[Kcontrol reaches end of non-void function [[01;35m[K]8;;https://gcc.gnu.org/onlinedocs/gcc/Warning-Options.html#index-Wreturn-type-Wreturn-type]8;;[m[K]
   76 |     [01;35m[K}[m[K
      |     [01;35m[K^[m[K
[ 69%] [32mBuilding CXX object CMakeFiles/roverrobotics_driver.dir/library/librover/src/utilities.cpp.o[0m
[ 76%] [32mBuilding CXX object CMakeFiles/roverrobotics_driver.dir/library/librover/src/protocol_zero_2.cpp.o[0m
[ 84%] [32mBuilding CXX object CMakeFiles/roverrobotics_driver.dir/library/librover/src/differential_robot.cpp.o[0m
[ 92%] [32m[1mLinking CXX executable greenhouse_experiment_node[0m
gmake[2]: warning:  Clock skew detected.  Your build may be incomplete.
[ 92%] Built target greenhouse_experiment_node
[100%] [32m[1mLinking CXX executable roverrobotics_driver[0m
gmake[2]: warning:  Clock skew detected.  Your build may be incomplete.
[100%] Built target roverrobotics_driver
-- Install configuration: ""
-- Installing: /home/rover/rover_workspace/install/roverrobotics_driver/lib/roverrobotics_driver/greenhouse_experiment_node
-- Set runtime path of "/home/rover/rover_workspace/install/roverrobotics_driver/lib/roverrobotics_driver/greenhouse_experiment_node" to ""
-- Up-to-date: /home/rover/rover_workspace/install/roverrobotics_driver/share/roverrobotics_driver/launch
-- Up-to-date: /home/rover/rover_workspace/install/roverrobotics_driver/share/roverrobotics_driver/launch/nav2_backend.py
-- Up-to-date: /home/rover/rover_workspace/install/roverrobotics_driver/share/roverrobotics_driver/launch/zero_teleop.launch.py
-- Up-to-date: /home/rover/rover_workspace/install/roverrobotics_driver/share/roverrobotics_driver/launch/mini_teleop.launch.py
-- Up-to-date: /home/rover/rover_workspace/install/roverrobotics_driver/share/roverrobotics_driver/launch/robot_localizer_outdoor.launch.py
-- Up-to-date: /home/rover/rover_workspace/install/roverrobotics_driver/share/roverrobotics_driver/launch/slam_launch.py
-- Up-to-date: /home/rover/rover_workspace/install/roverrobotics_driver/share/roverrobotics_driver/launch/miti.launch.py
-- Up-to-date: /home/rover/rover_workspace/install/roverrobotics_driver/share/roverrobotics_driver/launch/mini.launch.py
-- Up-to-date: /home/rover/rover_workspace/install/roverrobotics_driver/share/roverrobotics_driver/launch/miti_65.launch.py
-- Up-to-date: /home/rover/rover_workspace/install/roverrobotics_driver/share/roverrobotics_driver/launch/ps4_controller.launch.py
-- Up-to-date: /home/rover/rover_workspace/install/roverrobotics_driver/share/roverrobotics_driver/launch/navigation_launch.py
-- Up-to-date: /home/rover/rover_workspace/install/roverrobotics_driver/share/roverrobotics_driver/launch/accessories.launch.py
-- Up-to-date: /home/rover/rover_workspace/install/roverrobotics_driver/share/roverrobotics_driver/launch/max_teleop.launch.py
-- Up-to-date: /home/rover/rover_workspace/install/roverrobotics_driver/share/roverrobotics_driver/launch/pro_teleop.launch.py
-- Up-to-date: /home/rover/rover_workspace/install/roverrobotics_driver/share/roverrobotics_driver/launch/robot_localizer.launch.py
-- Up-to-date: /home/rover/rover_workspace/install/roverrobotics_driver/share/roverrobotics_driver/launch/miti_65_teleop.launch.py
-- Up-to-date: /home/rover/rover_workspace/install/roverrobotics_driver/share/roverrobotics_driver/launch/ps5_controller.launch.py
-- Up-to-date: /home/rover/rover_workspace/install/roverrobotics_driver/share/roverrobotics_driver/launch/outdoor_navigation_launch.py
-- Up-to-date: /home/rover/rover_workspace/install/roverrobotics_driver/share/roverrobotics_driver/launch/miti_teleop.launch.py
-- Up-to-date: /home/rover/rover_workspace/install/roverrobotics_driver/share/roverrobotics_driver/launch/zero.launch.py
-- Up-to-date: /home/rover/rover_workspace/install/roverrobotics_driver/share/roverrobotics_driver/launch/greenhouse_nav.launch.py
-- Up-to-date: /home/rover/rover_workspace/install/roverrobotics_driver/share/roverrobotics_driver/launch/greenhouse_nav_amcl.launch.py
-- Up-to-date: /home/rover/rover_workspace/install/roverrobotics_driver/share/roverrobotics_driver/launch/pro.launch.py
-- Up-to-date: /home/rover/rover_workspace/install/roverrobotics_driver/share/roverrobotics_driver/launch/max.launch.py
-- Up-to-date: /home/rover/rover_workspace/install/roverrobotics_driver/share/roverrobotics_driver/config
-- Up-to-date: /home/rover/rover_workspace/install/roverrobotics_driver/share/roverrobotics_driver/config/miti_config.yaml
-- Up-to-date: /home/rover/rover_workspace/install/roverrobotics_driver/share/roverrobotics_driver/config/slam_configs
-- Up-to-date: /home/rover/rover_workspace/install/roverrobotics_driver/share/roverrobotics_driver/config/slam_configs/mapper_params_localization.yaml
-- Up-to-date: /home/rover/rover_workspace/install/roverrobotics_driver/share/roverrobotics_driver/config/slam_configs/mapper_params_lifelong.yaml
-- Up-to-date: /home/rover/rover_workspace/install/roverrobotics_driver/share/roverrobotics_driver/config/slam_configs/mapper_params_offline.yaml
-- Up-to-date: /home/rover/rover_workspace/install/roverrobotics_driver/share/roverrobotics_driver/config/slam_configs/mapper_params_online_sync.yaml
-- Up-to-date: /home/rover/rover_workspace/install/roverrobotics_driver/share/roverrobotics_driver/config/slam_configs/mapper_params_online_async.yaml
-- Up-to-date: /home/rover/rover_workspace/install/roverrobotics_driver/share/roverrobotics_driver/config/mini_config.yaml
-- Up-to-date: /home/rover/rover_workspace/install/roverrobotics_driver/share/roverrobotics_driver/config/ps5_controller_config_jp6.yaml
-- Up-to-date: /home/rover/rover_workspace/install/roverrobotics_driver/share/roverrobotics_driver/config/miti_65_config.yaml
-- Up-to-date: /home/rover/rover_workspace/install/roverrobotics_driver/share/roverrobotics_driver/config/localization_outdoor_ekf.yaml
-- Up-to-date: /home/rover/rover_workspace/install/roverrobotics_driver/share/roverrobotics_driver/config/indoor_configs
-- Up-to-date: /home/rover/rover_workspace/install/roverrobotics_driver/share/roverrobotics_driver/config/indoor_configs/plants.yaml
-- Up-to-date: /home/rover/rover_workspace/install/roverrobotics_driver/share/roverrobotics_driver/config/accessories.yaml
-- Up-to-date: /home/rover/rover_workspace/install/roverrobotics_driver/share/roverrobotics_driver/config/ps5_controller_config.yaml
-- Up-to-date: /home/rover/rover_workspace/install/roverrobotics_driver/share/roverrobotics_driver/config/max_130_config.yaml
-- Up-to-date: /home/rover/rover_workspace/install/roverrobotics_driver/share/roverrobotics_driver/config/rviz_configs
-- Up-to-date: /home/rover/rover_workspace/install/roverrobotics_driver/share/roverrobotics_driver/config/rviz_configs/custom_slam.rviz
-- Up-to-date: /home/rover/rover_workspace/install/roverrobotics_driver/share/roverrobotics_driver/config/rviz_configs/nav2_default_view.rviz
-- Up-to-date: /home/rover/rover_workspace/install/roverrobotics_driver/share/roverrobotics_driver/config/rviz_configs/slam_rviz_layout.rviz
-- Up-to-date: /home/rover/rover_workspace/install/roverrobotics_driver/share/roverrobotics_driver/config/rviz_configs/realsense_rviz_layout.rviz
-- Up-to-date: /home/rover/rover_workspace/install/roverrobotics_driver/share/roverrobotics_driver/config/realsense_config.yaml
-- Up-to-date: /home/rover/rover_workspace/install/roverrobotics_driver/share/roverrobotics_driver/config/pro_config.yaml
-- Up-to-date: /home/rover/rover_workspace/install/roverrobotics_driver/share/roverrobotics_driver/config/ps4_controller_config.yaml
-- Up-to-date: /home/rover/rover_workspace/install/roverrobotics_driver/share/roverrobotics_driver/config/ps4_controller_config_jp6.yaml
-- Up-to-date: /home/rover/rover_workspace/install/roverrobotics_driver/share/roverrobotics_driver/config/max_150_config.yaml
-- Up-to-date: /home/rover/rover_workspace/install/roverrobotics_driver/share/roverrobotics_driver/config/topics.yaml
-- Up-to-date: /home/rover/rover_workspace/install/roverrobotics_driver/share/roverrobotics_driver/config/nav2_params.yaml
-- Up-to-date: /home/rover/rover_workspace/install/roverrobotics_driver/share/roverrobotics_driver/config/localization_ekf.yaml
-- Up-to-date: /home/rover/rover_workspace/install/roverrobotics_driver/share/roverrobotics_driver/config/max_100_config.yaml
-- Up-to-date: /home/rover/rover_workspace/install/roverrobotics_driver/share/roverrobotics_driver/config/max_65_config.yaml
-- Up-to-date: /home/rover/rover_workspace/install/roverrobotics_driver/share/roverrobotics_driver/config/zero_config.yaml
-- Up-to-date: /home/rover/rover_workspace/install/roverrobotics_driver/share/roverrobotics_driver/maps
-- Up-to-date: /home/rover/rover_workspace/install/roverrobotics_driver/share/roverrobotics_driver/maps/my_map.pgm
-- Up-to-date: /home/rover/rover_workspace/install/roverrobotics_driver/share/roverrobotics_driver/maps/maze_map.pgm
-- Up-to-date: /home/rover/rover_workspace/install/roverrobotics_driver/share/roverrobotics_driver/maps/maze_map.yaml
-- Up-to-date: /home/rover/rover_workspace/install/roverrobotics_driver/share/roverrobotics_driver/maps/indoor_abc_lab2.posegraph
-- Up-to-date: /home/rover/rover_workspace/install/roverrobotics_driver/share/roverrobotics_driver/maps/indoor_abc_lab2.data
-- Up-to-date: /home/rover/rover_workspace/install/roverrobotics_driver/share/roverrobotics_driver/maps/indoor_abc_lab2.yaml
-- Up-to-date: /home/rover/rover_workspace/install/roverrobotics_driver/share/roverrobotics_driver/maps/my_map.yaml
-- Up-to-date: /home/rover/rover_workspace/install/roverrobotics_driver/share/roverrobotics_driver/maps/indoor_abc_lab2.pgm
-- Up-to-date: /home/rover/rover_workspace/install/roverrobotics_driver/share/roverrobotics_driver/maps/maze_map.data
-- Up-to-date: /home/rover/rover_workspace/install/roverrobotics_driver/share/roverrobotics_driver/maps/maze_map.posegraph
-- Installing: /home/rover/rover_workspace/install/roverrobotics_driver/lib/roverrobotics_driver/roverrobotics_driver
-- Set runtime path of "/home/rover/rover_workspace/install/roverrobotics_driver/lib/roverrobotics_driver/roverrobotics_driver" to ""
-- Up-to-date: /home/rover/rover_workspace/install/roverrobotics_driver/share/ament_index/resource_index/package_run_dependencies/roverrobotics_driver
-- Up-to-date: /home/rover/rover_workspace/install/roverrobotics_driver/share/ament_index/resource_index/parent_prefix_path/roverrobotics_driver
-- Up-to-date: /home/rover/rover_workspace/install/roverrobotics_driver/share/roverrobotics_driver/environment/ament_prefix_path.sh
-- Installing: /home/rover/rover_workspace/install/roverrobotics_driver/share/roverrobotics_driver/environment/ament_prefix_path.dsv
-- Up-to-date: /home/rover/rover_workspace/install/roverrobotics_driver/share/roverrobotics_driver/environment/path.sh
-- Installing: /home/rover/rover_workspace/install/roverrobotics_driver/share/roverrobotics_driver/environment/path.dsv
-- Up-to-date: /home/rover/rover_workspace/install/roverrobotics_driver/share/roverrobotics_driver/local_setup.bash
-- Up-to-date: /home/rover/rover_workspace/install/roverrobotics_driver/share/roverrobotics_driver/local_setup.sh
-- Up-to-date: /home/rover/rover_workspace/install/roverrobotics_driver/share/roverrobotics_driver/local_setup.zsh
-- Installing: /home/rover/rover_workspace/install/roverrobotics_driver/share/roverrobotics_driver/local_setup.dsv
-- Installing: /home/rover/rover_workspace/install/roverrobotics_driver/share/roverrobotics_driver/package.dsv
-- Up-to-date: /home/rover/rover_workspace/install/roverrobotics_driver/share/ament_index/resource_index/packages/roverrobotics_driver
-- Up-to-date: /home/rover/rover_workspace/install/roverrobotics_driver/share/roverrobotics_driver/cmake/roverrobotics_driverConfig.cmake
-- Up-to-date: /home/rover/rover_workspace/install/roverrobotics_driver/share/roverrobotics_driver/cmake/roverrobotics_driverConfig-version.cmake
-- Up-to-date: /home/rover/rover_workspace/install/roverrobotics_driver/share/roverrobotics_driver/package.xml
