[0.322s] Invoking command in '/home/rover/rover_workspace/build/roverrobotics_driver': CMAKE_PREFIX_PATH=${CMAKE_PREFIX_PATH}:/home/rover/rover_workspace/install/greenhouse_navigation:/home/rover/rover_workspace/install/bno055:/opt/ros/humble /usr/bin/cmake --build /home/rover/rover_workspace/build/roverrobotics_driver -- -j8 -l8
[0.342s] -- Found ament_cmake: 1.3.11 (/opt/ros/humble/share/ament_cmake/cmake)
[0.475s] -- Found rclcpp: 16.0.12 (/opt/ros/humble/share/rclcpp/cmake)
[0.506s] -- Found rosidl_generator_c: 3.1.6 (/opt/ros/humble/share/rosidl_generator_c/cmake)
[0.509s] -- Found rosidl_adapter: 3.1.6 (/opt/ros/humble/share/rosidl_adapter/cmake)
[0.515s] -- Found rosidl_generator_cpp: 3.1.6 (/opt/ros/humble/share/rosidl_generator_cpp/cmake)
[0.527s] -- Using all available rosidl_typesupport_c: rosidl_typesupport_fastrtps_c;rosidl_typesupport_introspection_c
[0.541s] -- Using all available rosidl_typesupport_cpp: rosidl_typesupport_fastrtps_cpp;rosidl_typesupport_introspection_cpp
[0.574s] -- Found rmw_implementation_cmake: 6.1.2 (/opt/ros/humble/share/rmw_implementation_cmake/cmake)
[0.576s] -- Found rmw_cyclonedds_cpp: 1.3.4 (/opt/ros/humble/share/rmw_cyclonedds_cpp/cmake)
[0.592s] -- Using RMW implementation 'rmw_cyclonedds_cpp' as default
[0.635s] -- Found geometry_msgs: 4.8.0 (/opt/ros/humble/share/geometry_msgs/cmake)
[0.644s] -- Found nav_msgs: 4.8.0 (/opt/ros/humble/share/nav_msgs/cmake)
[0.660s] -- Found tf2_geometry_msgs: 0.25.12 (/opt/ros/humble/share/tf2_geometry_msgs/cmake)
[0.663s] -- Found eigen3_cmake_module: 0.1.1 (/opt/ros/humble/share/eigen3_cmake_module/cmake)
[0.664s] -- Ensuring Eigen3 include directory is part of orocos-kdl CMake target
[0.752s] -- Found sensor_msgs: 4.8.0 (/opt/ros/humble/share/sensor_msgs/cmake)
[0.766s] -- Found nav2_msgs: 1.1.18 (/opt/ros/humble/share/nav2_msgs/cmake)
[0.922s] -- Configuring done
[0.954s] -- Generating done
[0.974s] -- Build files have been written to: /home/rover/rover_workspace/build/roverrobotics_driver
[1.032s] [35m[1mConsolidate compiler generated dependencies of target greenhouse_experiment_node[0m
[1.035s] [35m[1mConsolidate compiler generated dependencies of target roverrobotics_driver[0m
[1.054s] gmake[2]: Warning: File '/usr/include/linux/errno.h' has modification time 4332169 s in the future
[1.073s] [  7%] [32mBuilding CXX object CMakeFiles/greenhouse_experiment_node.dir/src/greenhouse_experiment_node.cpp.o[0m
[1.074s] gmake[2]: Warning: File '/home/rover/rover_workspace/src/roverrobotics_driver/include/roverrobotics_ros2_driver.hpp' has modification time 5684049 s in the future
[1.099s] [ 15%] [32mBuilding CXX object CMakeFiles/roverrobotics_driver.dir/src/roverrobotics_ros2_driver.cpp.o[0m
[1.103s] [ 23%] [32mBuilding CXX object CMakeFiles/roverrobotics_driver.dir/library/librover/src/protocol_pro.cpp.o[0m
[1.107s] [ 30%] [32mBuilding CXX object CMakeFiles/roverrobotics_driver.dir/library/librover/src/comm_serial.cpp.o[0m
[1.107s] [ 38%] [32mBuilding CXX object CMakeFiles/roverrobotics_driver.dir/library/librover/src/utils.cpp.o[0m
[1.112s] [ 46%] [32mBuilding CXX object CMakeFiles/roverrobotics_driver.dir/library/librover/src/comm_can.cpp.o[0m
[1.117s] [ 53%] [32mBuilding CXX object CMakeFiles/roverrobotics_driver.dir/library/librover/src/control.cpp.o[0m
[1.138s] [ 61%] [32mBuilding CXX object CMakeFiles/roverrobotics_driver.dir/library/librover/src/vesc.cpp.o[0m
[2.014s] [01m[K/home/rover/rover_workspace/src/roverrobotics_driver/library/librover/src/vesc.cpp:[m[K In member function ‘[01m[Kvesc::vescChannelStatus vesc::BridgedVescArray::parseReceivedMessage(std::vector<unsigned char>)[m[K’:
[2.014s] [01m[K/home/rover/rover_workspace/src/roverrobotics_driver/library/librover/src/vesc.cpp:76:5:[m[K [01;35m[Kwarning: [m[Kcontrol reaches end of non-void function [[01;35m[K]8;;https://gcc.gnu.org/onlinedocs/gcc/Warning-Options.html#index-Wreturn-type-Wreturn-type]8;;[m[K]
[2.014s]    76 |     [01;35m[K}[m[K
[2.014s]       |     [01;35m[K^[m[K
[2.168s] [ 69%] [32mBuilding CXX object CMakeFiles/roverrobotics_driver.dir/library/librover/src/utilities.cpp.o[0m
[2.482s] [ 76%] [32mBuilding CXX object CMakeFiles/roverrobotics_driver.dir/library/librover/src/protocol_zero_2.cpp.o[0m
[2.722s] [ 84%] [32mBuilding CXX object CMakeFiles/roverrobotics_driver.dir/library/librover/src/differential_robot.cpp.o[0m
[9.932s] [ 92%] [32m[1mLinking CXX executable greenhouse_experiment_node[0m
[10.125s] gmake[2]: warning:  Clock skew detected.  Your build may be incomplete.
[10.134s] [ 92%] Built target greenhouse_experiment_node
[19.210s] [100%] [32m[1mLinking CXX executable roverrobotics_driver[0m
[19.984s] gmake[2]: warning:  Clock skew detected.  Your build may be incomplete.
[19.995s] [100%] Built target roverrobotics_driver
[20.033s] Invoked command in '/home/rover/rover_workspace/build/roverrobotics_driver' returned '0': CMAKE_PREFIX_PATH=${CMAKE_PREFIX_PATH}:/home/rover/rover_workspace/install/greenhouse_navigation:/home/rover/rover_workspace/install/bno055:/opt/ros/humble /usr/bin/cmake --build /home/rover/rover_workspace/build/roverrobotics_driver -- -j8 -l8
[20.035s] Invoking command in '/home/rover/rover_workspace/build/roverrobotics_driver': CMAKE_PREFIX_PATH=${CMAKE_PREFIX_PATH}:/home/rover/rover_workspace/install/greenhouse_navigation:/home/rover/rover_workspace/install/bno055:/opt/ros/humble /usr/bin/cmake --install /home/rover/rover_workspace/build/roverrobotics_driver
[20.041s] -- Install configuration: ""
[20.042s] -- Installing: /home/rover/rover_workspace/install/roverrobotics_driver/lib/roverrobotics_driver/greenhouse_experiment_node
[20.044s] -- Set runtime path of "/home/rover/rover_workspace/install/roverrobotics_driver/lib/roverrobotics_driver/greenhouse_experiment_node" to ""
[20.045s] -- Up-to-date: /home/rover/rover_workspace/install/roverrobotics_driver/share/roverrobotics_driver/launch
[20.045s] -- Up-to-date: /home/rover/rover_workspace/install/roverrobotics_driver/share/roverrobotics_driver/launch/nav2_backend.py
[20.045s] -- Up-to-date: /home/rover/rover_workspace/install/roverrobotics_driver/share/roverrobotics_driver/launch/zero_teleop.launch.py
[20.046s] -- Up-to-date: /home/rover/rover_workspace/install/roverrobotics_driver/share/roverrobotics_driver/launch/mini_teleop.launch.py
[20.046s] -- Up-to-date: /home/rover/rover_workspace/install/roverrobotics_driver/share/roverrobotics_driver/launch/robot_localizer_outdoor.launch.py
[20.046s] -- Up-to-date: /home/rover/rover_workspace/install/roverrobotics_driver/share/roverrobotics_driver/launch/slam_launch.py
[20.046s] -- Up-to-date: /home/rover/rover_workspace/install/roverrobotics_driver/share/roverrobotics_driver/launch/miti.launch.py
[20.046s] -- Up-to-date: /home/rover/rover_workspace/install/roverrobotics_driver/share/roverrobotics_driver/launch/mini.launch.py
[20.046s] -- Up-to-date: /home/rover/rover_workspace/install/roverrobotics_driver/share/roverrobotics_driver/launch/miti_65.launch.py
[20.046s] -- Up-to-date: /home/rover/rover_workspace/install/roverrobotics_driver/share/roverrobotics_driver/launch/ps4_controller.launch.py
[20.046s] -- Up-to-date: /home/rover/rover_workspace/install/roverrobotics_driver/share/roverrobotics_driver/launch/navigation_launch.py
[20.046s] -- Up-to-date: /home/rover/rover_workspace/install/roverrobotics_driver/share/roverrobotics_driver/launch/accessories.launch.py
[20.046s] -- Up-to-date: /home/rover/rover_workspace/install/roverrobotics_driver/share/roverrobotics_driver/launch/max_teleop.launch.py
[20.046s] -- Up-to-date: /home/rover/rover_workspace/install/roverrobotics_driver/share/roverrobotics_driver/launch/pro_teleop.launch.py
[20.046s] -- Up-to-date: /home/rover/rover_workspace/install/roverrobotics_driver/share/roverrobotics_driver/launch/robot_localizer.launch.py
[20.046s] -- Up-to-date: /home/rover/rover_workspace/install/roverrobotics_driver/share/roverrobotics_driver/launch/miti_65_teleop.launch.py
[20.046s] -- Up-to-date: /home/rover/rover_workspace/install/roverrobotics_driver/share/roverrobotics_driver/launch/ps5_controller.launch.py
[20.046s] -- Up-to-date: /home/rover/rover_workspace/install/roverrobotics_driver/share/roverrobotics_driver/launch/outdoor_navigation_launch.py
[20.046s] -- Up-to-date: /home/rover/rover_workspace/install/roverrobotics_driver/share/roverrobotics_driver/launch/miti_teleop.launch.py
[20.047s] -- Up-to-date: /home/rover/rover_workspace/install/roverrobotics_driver/share/roverrobotics_driver/launch/zero.launch.py
[20.047s] -- Up-to-date: /home/rover/rover_workspace/install/roverrobotics_driver/share/roverrobotics_driver/launch/greenhouse_nav.launch.py
[20.047s] -- Up-to-date: /home/rover/rover_workspace/install/roverrobotics_driver/share/roverrobotics_driver/launch/greenhouse_nav_amcl.launch.py
[20.047s] -- Up-to-date: /home/rover/rover_workspace/install/roverrobotics_driver/share/roverrobotics_driver/launch/pro.launch.py
[20.047s] -- Up-to-date: /home/rover/rover_workspace/install/roverrobotics_driver/share/roverrobotics_driver/launch/max.launch.py
[20.047s] -- Up-to-date: /home/rover/rover_workspace/install/roverrobotics_driver/share/roverrobotics_driver/config
[20.047s] -- Up-to-date: /home/rover/rover_workspace/install/roverrobotics_driver/share/roverrobotics_driver/config/miti_config.yaml
[20.047s] -- Up-to-date: /home/rover/rover_workspace/install/roverrobotics_driver/share/roverrobotics_driver/config/slam_configs
[20.047s] -- Up-to-date: /home/rover/rover_workspace/install/roverrobotics_driver/share/roverrobotics_driver/config/slam_configs/mapper_params_localization.yaml
[20.047s] -- Up-to-date: /home/rover/rover_workspace/install/roverrobotics_driver/share/roverrobotics_driver/config/slam_configs/mapper_params_lifelong.yaml
[20.047s] -- Up-to-date: /home/rover/rover_workspace/install/roverrobotics_driver/share/roverrobotics_driver/config/slam_configs/mapper_params_offline.yaml
[20.047s] -- Up-to-date: /home/rover/rover_workspace/install/roverrobotics_driver/share/roverrobotics_driver/config/slam_configs/mapper_params_online_sync.yaml
[20.047s] -- Up-to-date: /home/rover/rover_workspace/install/roverrobotics_driver/share/roverrobotics_driver/config/slam_configs/mapper_params_online_async.yaml
[20.047s] -- Up-to-date: /home/rover/rover_workspace/install/roverrobotics_driver/share/roverrobotics_driver/config/mini_config.yaml
[20.047s] -- Up-to-date: /home/rover/rover_workspace/install/roverrobotics_driver/share/roverrobotics_driver/config/ps5_controller_config_jp6.yaml
[20.047s] -- Up-to-date: /home/rover/rover_workspace/install/roverrobotics_driver/share/roverrobotics_driver/config/miti_65_config.yaml
[20.047s] -- Up-to-date: /home/rover/rover_workspace/install/roverrobotics_driver/share/roverrobotics_driver/config/localization_outdoor_ekf.yaml
[20.048s] -- Up-to-date: /home/rover/rover_workspace/install/roverrobotics_driver/share/roverrobotics_driver/config/indoor_configs
[20.048s] -- Up-to-date: /home/rover/rover_workspace/install/roverrobotics_driver/share/roverrobotics_driver/config/indoor_configs/plants.yaml
[20.048s] -- Up-to-date: /home/rover/rover_workspace/install/roverrobotics_driver/share/roverrobotics_driver/config/accessories.yaml
[20.048s] -- Up-to-date: /home/rover/rover_workspace/install/roverrobotics_driver/share/roverrobotics_driver/config/ps5_controller_config.yaml
[20.048s] -- Up-to-date: /home/rover/rover_workspace/install/roverrobotics_driver/share/roverrobotics_driver/config/max_130_config.yaml
[20.048s] -- Up-to-date: /home/rover/rover_workspace/install/roverrobotics_driver/share/roverrobotics_driver/config/rviz_configs
[20.048s] -- Up-to-date: /home/rover/rover_workspace/install/roverrobotics_driver/share/roverrobotics_driver/config/rviz_configs/custom_slam.rviz
[20.048s] -- Up-to-date: /home/rover/rover_workspace/install/roverrobotics_driver/share/roverrobotics_driver/config/rviz_configs/nav2_default_view.rviz
[20.048s] -- Up-to-date: /home/rover/rover_workspace/install/roverrobotics_driver/share/roverrobotics_driver/config/rviz_configs/slam_rviz_layout.rviz
[20.048s] -- Up-to-date: /home/rover/rover_workspace/install/roverrobotics_driver/share/roverrobotics_driver/config/rviz_configs/realsense_rviz_layout.rviz
[20.048s] -- Up-to-date: /home/rover/rover_workspace/install/roverrobotics_driver/share/roverrobotics_driver/config/realsense_config.yaml
[20.048s] -- Up-to-date: /home/rover/rover_workspace/install/roverrobotics_driver/share/roverrobotics_driver/config/pro_config.yaml
[20.048s] -- Up-to-date: /home/rover/rover_workspace/install/roverrobotics_driver/share/roverrobotics_driver/config/ps4_controller_config.yaml
[20.048s] -- Up-to-date: /home/rover/rover_workspace/install/roverrobotics_driver/share/roverrobotics_driver/config/ps4_controller_config_jp6.yaml
[20.048s] -- Up-to-date: /home/rover/rover_workspace/install/roverrobotics_driver/share/roverrobotics_driver/config/max_150_config.yaml
[20.048s] -- Up-to-date: /home/rover/rover_workspace/install/roverrobotics_driver/share/roverrobotics_driver/config/topics.yaml
[20.048s] -- Up-to-date: /home/rover/rover_workspace/install/roverrobotics_driver/share/roverrobotics_driver/config/nav2_params.yaml
[20.049s] -- Up-to-date: /home/rover/rover_workspace/install/roverrobotics_driver/share/roverrobotics_driver/config/localization_ekf.yaml
[20.049s] -- Up-to-date: /home/rover/rover_workspace/install/roverrobotics_driver/share/roverrobotics_driver/config/max_100_config.yaml
[20.049s] -- Up-to-date: /home/rover/rover_workspace/install/roverrobotics_driver/share/roverrobotics_driver/config/max_65_config.yaml
[20.049s] -- Up-to-date: /home/rover/rover_workspace/install/roverrobotics_driver/share/roverrobotics_driver/config/zero_config.yaml
[20.049s] -- Up-to-date: /home/rover/rover_workspace/install/roverrobotics_driver/share/roverrobotics_driver/maps
[20.049s] -- Up-to-date: /home/rover/rover_workspace/install/roverrobotics_driver/share/roverrobotics_driver/maps/my_map.pgm
[20.049s] -- Up-to-date: /home/rover/rover_workspace/install/roverrobotics_driver/share/roverrobotics_driver/maps/maze_map.pgm
[20.049s] -- Up-to-date: /home/rover/rover_workspace/install/roverrobotics_driver/share/roverrobotics_driver/maps/maze_map.yaml
[20.049s] -- Up-to-date: /home/rover/rover_workspace/install/roverrobotics_driver/share/roverrobotics_driver/maps/indoor_abc_lab2.posegraph
[20.049s] -- Up-to-date: /home/rover/rover_workspace/install/roverrobotics_driver/share/roverrobotics_driver/maps/indoor_abc_lab2.data
[20.049s] -- Up-to-date: /home/rover/rover_workspace/install/roverrobotics_driver/share/roverrobotics_driver/maps/indoor_abc_lab2.yaml
[20.049s] -- Up-to-date: /home/rover/rover_workspace/install/roverrobotics_driver/share/roverrobotics_driver/maps/my_map.yaml
[20.049s] -- Up-to-date: /home/rover/rover_workspace/install/roverrobotics_driver/share/roverrobotics_driver/maps/indoor_abc_lab2.pgm
[20.049s] -- Up-to-date: /home/rover/rover_workspace/install/roverrobotics_driver/share/roverrobotics_driver/maps/maze_map.data
[20.049s] -- Up-to-date: /home/rover/rover_workspace/install/roverrobotics_driver/share/roverrobotics_driver/maps/maze_map.posegraph
[20.049s] -- Installing: /home/rover/rover_workspace/install/roverrobotics_driver/lib/roverrobotics_driver/roverrobotics_driver
[20.064s] -- Set runtime path of "/home/rover/rover_workspace/install/roverrobotics_driver/lib/roverrobotics_driver/roverrobotics_driver" to ""
[20.065s] -- Up-to-date: /home/rover/rover_workspace/install/roverrobotics_driver/share/ament_index/resource_index/package_run_dependencies/roverrobotics_driver
[20.065s] -- Up-to-date: /home/rover/rover_workspace/install/roverrobotics_driver/share/ament_index/resource_index/parent_prefix_path/roverrobotics_driver
[20.066s] -- Up-to-date: /home/rover/rover_workspace/install/roverrobotics_driver/share/roverrobotics_driver/environment/ament_prefix_path.sh
[20.066s] -- Installing: /home/rover/rover_workspace/install/roverrobotics_driver/share/roverrobotics_driver/environment/ament_prefix_path.dsv
[20.066s] -- Up-to-date: /home/rover/rover_workspace/install/roverrobotics_driver/share/roverrobotics_driver/environment/path.sh
[20.066s] -- Installing: /home/rover/rover_workspace/install/roverrobotics_driver/share/roverrobotics_driver/environment/path.dsv
[20.066s] -- Up-to-date: /home/rover/rover_workspace/install/roverrobotics_driver/share/roverrobotics_driver/local_setup.bash
[20.066s] -- Up-to-date: /home/rover/rover_workspace/install/roverrobotics_driver/share/roverrobotics_driver/local_setup.sh
[20.066s] -- Up-to-date: /home/rover/rover_workspace/install/roverrobotics_driver/share/roverrobotics_driver/local_setup.zsh
[20.066s] -- Installing: /home/rover/rover_workspace/install/roverrobotics_driver/share/roverrobotics_driver/local_setup.dsv
[20.066s] -- Installing: /home/rover/rover_workspace/install/roverrobotics_driver/share/roverrobotics_driver/package.dsv
[20.067s] -- Up-to-date: /home/rover/rover_workspace/install/roverrobotics_driver/share/ament_index/resource_index/packages/roverrobotics_driver
[20.067s] -- Up-to-date: /home/rover/rover_workspace/install/roverrobotics_driver/share/roverrobotics_driver/cmake/roverrobotics_driverConfig.cmake
[20.067s] -- Up-to-date: /home/rover/rover_workspace/install/roverrobotics_driver/share/roverrobotics_driver/cmake/roverrobotics_driverConfig-version.cmake
[20.067s] -- Up-to-date: /home/rover/rover_workspace/install/roverrobotics_driver/share/roverrobotics_driver/package.xml
[20.069s] Invoked command in '/home/rover/rover_workspace/build/roverrobotics_driver' returned '0': CMAKE_PREFIX_PATH=${CMAKE_PREFIX_PATH}:/home/rover/rover_workspace/install/greenhouse_navigation:/home/rover/rover_workspace/install/bno055:/opt/ros/humble /usr/bin/cmake --install /home/rover/rover_workspace/build/roverrobotics_driver
