[0.308s] Invoking command in '/home/rover/rover_workspace/build/roverrobotics_input_manager': CMAKE_PREFIX_PATH=${CMAKE_PREFIX_PATH}:/home/rover/rover_workspace/install/greenhouse_navigation:/home/rover/rover_workspace/install/bno055:/opt/ros/humble /usr/bin/cmake --build /home/rover/rover_workspace/build/roverrobotics_input_manager -- -j8 -l8
[0.342s] Invoked command in '/home/rover/rover_workspace/build/roverrobotics_input_manager' returned '0': CMAKE_PREFIX_PATH=${CMAKE_PREFIX_PATH}:/home/rover/rover_workspace/install/greenhouse_navigation:/home/rover/rover_workspace/install/bno055:/opt/ros/humble /usr/bin/cmake --build /home/rover/rover_workspace/build/roverrobotics_input_manager -- -j8 -l8
[0.343s] Invoking command in '/home/rover/rover_workspace/build/roverrobotics_input_manager': CMAKE_PREFIX_PATH=${CMAKE_PREFIX_PATH}:/home/rover/rover_workspace/install/greenhouse_navigation:/home/rover/rover_workspace/install/bno055:/opt/ros/humble /usr/bin/cmake --install /home/rover/rover_workspace/build/roverrobotics_input_manager
[0.350s] -- Install configuration: ""
[0.350s] -- Execute custom install script
[0.350s] -- Up-to-date symlink: /home/rover/rover_workspace/install/roverrobotics_input_manager/lib/roverrobotics_input_manager/modules/Controller.py
[0.351s] -- Up-to-date symlink: /home/rover/rover_workspace/install/roverrobotics_input_manager/lib/roverrobotics_input_manager/modules/Topics.py
[0.351s] -- Up-to-date symlink: /home/rover/rover_workspace/install/roverrobotics_input_manager/lib/roverrobotics_input_manager/modules/__pycache__/Controller.cpython-310.pyc
[0.351s] -- Up-to-date symlink: /home/rover/rover_workspace/install/roverrobotics_input_manager/lib/roverrobotics_input_manager/modules/__pycache__/Controller.cpython-38.pyc
[0.351s] -- Up-to-date symlink: /home/rover/rover_workspace/install/roverrobotics_input_manager/lib/roverrobotics_input_manager/modules/__pycache__/Topics.cpython-310.pyc
[0.351s] -- Up-to-date symlink: /home/rover/rover_workspace/install/roverrobotics_input_manager/lib/roverrobotics_input_manager/modules/__pycache__/Topics.cpython-38.pyc
[0.351s] -- Up-to-date symlink: /home/rover/rover_workspace/install/roverrobotics_input_manager/lib/roverrobotics_input_manager/joys_manager.py
[0.356s] -- Up-to-date symlink: /home/rover/rover_workspace/install/roverrobotics_input_manager/share/ament_index/resource_index/package_run_dependencies/roverrobotics_input_manager
[0.357s] -- Up-to-date symlink: /home/rover/rover_workspace/install/roverrobotics_input_manager/share/ament_index/resource_index/parent_prefix_path/roverrobotics_input_manager
[0.357s] -- Up-to-date symlink: /home/rover/rover_workspace/install/roverrobotics_input_manager/share/roverrobotics_input_manager/environment/ament_prefix_path.sh
[0.357s] -- Up-to-date symlink: /home/rover/rover_workspace/install/roverrobotics_input_manager/share/roverrobotics_input_manager/environment/ament_prefix_path.dsv
[0.357s] -- Up-to-date symlink: /home/rover/rover_workspace/install/roverrobotics_input_manager/share/roverrobotics_input_manager/environment/path.sh
[0.357s] -- Up-to-date symlink: /home/rover/rover_workspace/install/roverrobotics_input_manager/share/roverrobotics_input_manager/environment/path.dsv
[0.357s] -- Up-to-date symlink: /home/rover/rover_workspace/install/roverrobotics_input_manager/share/roverrobotics_input_manager/local_setup.bash
[0.357s] -- Up-to-date symlink: /home/rover/rover_workspace/install/roverrobotics_input_manager/share/roverrobotics_input_manager/local_setup.sh
[0.357s] -- Up-to-date symlink: /home/rover/rover_workspace/install/roverrobotics_input_manager/share/roverrobotics_input_manager/local_setup.zsh
[0.357s] -- Up-to-date symlink: /home/rover/rover_workspace/install/roverrobotics_input_manager/share/roverrobotics_input_manager/local_setup.dsv
[0.358s] -- Symlinking: /home/rover/rover_workspace/install/roverrobotics_input_manager/share/roverrobotics_input_manager/package.dsv
[0.364s] -- Up-to-date symlink: /home/rover/rover_workspace/install/roverrobotics_input_manager/share/ament_index/resource_index/packages/roverrobotics_input_manager
[0.367s] -- Up-to-date symlink: /home/rover/rover_workspace/install/roverrobotics_input_manager/share/roverrobotics_input_manager/cmake/roverrobotics_input_managerConfig.cmake
[0.367s] -- Up-to-date symlink: /home/rover/rover_workspace/install/roverrobotics_input_manager/share/roverrobotics_input_manager/cmake/roverrobotics_input_managerConfig-version.cmake
[0.367s] -- Up-to-date symlink: /home/rover/rover_workspace/install/roverrobotics_input_manager/share/roverrobotics_input_manager/package.xml
[0.375s] Invoked command in '/home/rover/rover_workspace/build/roverrobotics_input_manager' returned '0': CMAKE_PREFIX_PATH=${CMAKE_PREFIX_PATH}:/home/rover/rover_workspace/install/greenhouse_navigation:/home/rover/rover_workspace/install/bno055:/opt/ros/humble /usr/bin/cmake --install /home/rover/rover_workspace/build/roverrobotics_input_manager
