[0.183s] Invoking command in '/home/raz/volcani/rover_volkani/build/roverrobotics_input_manager': CMAKE_PREFIX_PATH=${CMAKE_PREFIX_PATH}:/home/raz/volcani/rover_volkani/install/greenhouse_navigation:/home/raz/volcani/rover_volkani/install/bno055:/opt/ros/humble /usr/bin/cmake /home/raz/volcani/rover_volkani/src/roverrobotics_input_manager -DAMENT_CMAKE_SYMLINK_INSTALL=1 -DCMAKE_INSTALL_PREFIX=/home/raz/volcani/rover_volkani/install/roverrobotics_input_manager
[0.220s] -- The C compiler identification is GNU 11.4.0
[0.260s] -- The CXX compiler identification is GNU 11.4.0
[0.265s] -- Detecting C compiler ABI info
[0.315s] -- Detecting C compiler ABI info - done
[0.323s] -- Check for working C compiler: /usr/bin/cc - skipped
[0.323s] -- Detecting C compile features
[0.323s] -- Detecting C compile features - done
[0.326s] -- Detecting CXX compiler ABI info
[0.385s] -- Detecting CXX compiler ABI info - done
[0.390s] -- Check for working CXX compiler: /usr/bin/c++ - skipped
[0.390s] -- Detecting CXX compile features
[0.390s] -- Detecting CXX compile features - done
[0.392s] -- Found ament_cmake: 1.3.11 (/opt/ros/humble/share/ament_cmake/cmake)
[0.498s] -- Found Python3: /usr/bin/python3 (found version "3.10.12") found components: Interpreter 
[0.540s] -- Override CMake install command with custom implementation using symlinks instead of copying resources
[0.603s] -- Configuring done
[0.604s] -- Generating done
[0.605s] -- Build files have been written to: /home/raz/volcani/rover_volkani/build/roverrobotics_input_manager
[0.609s] Invoked command in '/home/raz/volcani/rover_volkani/build/roverrobotics_input_manager' returned '0': CMAKE_PREFIX_PATH=${CMAKE_PREFIX_PATH}:/home/raz/volcani/rover_volkani/install/greenhouse_navigation:/home/raz/volcani/rover_volkani/install/bno055:/opt/ros/humble /usr/bin/cmake /home/raz/volcani/rover_volkani/src/roverrobotics_input_manager -DAMENT_CMAKE_SYMLINK_INSTALL=1 -DCMAKE_INSTALL_PREFIX=/home/raz/volcani/rover_volkani/install/roverrobotics_input_manager
[0.609s] Invoking command in '/home/raz/volcani/rover_volkani/build/roverrobotics_input_manager': CMAKE_PREFIX_PATH=${CMAKE_PREFIX_PATH}:/home/raz/volcani/rover_volkani/install/greenhouse_navigation:/home/raz/volcani/rover_volkani/install/bno055:/opt/ros/humble /usr/bin/cmake --build /home/raz/volcani/rover_volkani/build/roverrobotics_input_manager -- -j24 -l24
[0.633s] Invoked command in '/home/raz/volcani/rover_volkani/build/roverrobotics_input_manager' returned '0': CMAKE_PREFIX_PATH=${CMAKE_PREFIX_PATH}:/home/raz/volcani/rover_volkani/install/greenhouse_navigation:/home/raz/volcani/rover_volkani/install/bno055:/opt/ros/humble /usr/bin/cmake --build /home/raz/volcani/rover_volkani/build/roverrobotics_input_manager -- -j24 -l24
[0.634s] Invoking command in '/home/raz/volcani/rover_volkani/build/roverrobotics_input_manager': CMAKE_PREFIX_PATH=${CMAKE_PREFIX_PATH}:/home/raz/volcani/rover_volkani/install/greenhouse_navigation:/home/raz/volcani/rover_volkani/install/bno055:/opt/ros/humble /usr/bin/cmake --install /home/raz/volcani/rover_volkani/build/roverrobotics_input_manager
[0.640s] -- Install configuration: ""
[0.641s] -- Execute custom install script
[0.641s] -- Symlinking: /home/raz/volcani/rover_volkani/install/roverrobotics_input_manager/lib/roverrobotics_input_manager/modules/Controller.py
[0.647s] -- Symlinking: /home/raz/volcani/rover_volkani/install/roverrobotics_input_manager/lib/roverrobotics_input_manager/modules/Topics.py
[0.653s] -- Symlinking: /home/raz/volcani/rover_volkani/install/roverrobotics_input_manager/lib/roverrobotics_input_manager/modules/__pycache__/Controller.cpython-310.pyc
[0.659s] -- Symlinking: /home/raz/volcani/rover_volkani/install/roverrobotics_input_manager/lib/roverrobotics_input_manager/modules/__pycache__/Controller.cpython-38.pyc
[0.664s] -- Symlinking: /home/raz/volcani/rover_volkani/install/roverrobotics_input_manager/lib/roverrobotics_input_manager/modules/__pycache__/Topics.cpython-310.pyc
[0.668s] -- Symlinking: /home/raz/volcani/rover_volkani/install/roverrobotics_input_manager/lib/roverrobotics_input_manager/modules/__pycache__/Topics.cpython-38.pyc
[0.675s] -- Symlinking: /home/raz/volcani/rover_volkani/install/roverrobotics_input_manager/lib/roverrobotics_input_manager/joys_manager.py
[0.681s] -- Symlinking: /home/raz/volcani/rover_volkani/install/roverrobotics_input_manager/share/ament_index/resource_index/package_run_dependencies/roverrobotics_input_manager
[0.687s] -- Symlinking: /home/raz/volcani/rover_volkani/install/roverrobotics_input_manager/share/ament_index/resource_index/parent_prefix_path/roverrobotics_input_manager
[0.694s] -- Symlinking: /home/raz/volcani/rover_volkani/install/roverrobotics_input_manager/share/roverrobotics_input_manager/environment/ament_prefix_path.sh
[0.699s] -- Symlinking: /home/raz/volcani/rover_volkani/install/roverrobotics_input_manager/share/roverrobotics_input_manager/environment/ament_prefix_path.dsv
[0.704s] -- Symlinking: /home/raz/volcani/rover_volkani/install/roverrobotics_input_manager/share/roverrobotics_input_manager/environment/path.sh
[0.710s] -- Symlinking: /home/raz/volcani/rover_volkani/install/roverrobotics_input_manager/share/roverrobotics_input_manager/environment/path.dsv
[0.716s] -- Symlinking: /home/raz/volcani/rover_volkani/install/roverrobotics_input_manager/share/roverrobotics_input_manager/local_setup.bash
[0.722s] -- Symlinking: /home/raz/volcani/rover_volkani/install/roverrobotics_input_manager/share/roverrobotics_input_manager/local_setup.sh
[0.728s] -- Symlinking: /home/raz/volcani/rover_volkani/install/roverrobotics_input_manager/share/roverrobotics_input_manager/local_setup.zsh
[0.734s] -- Symlinking: /home/raz/volcani/rover_volkani/install/roverrobotics_input_manager/share/roverrobotics_input_manager/local_setup.dsv
[0.740s] -- Symlinking: /home/raz/volcani/rover_volkani/install/roverrobotics_input_manager/share/roverrobotics_input_manager/package.dsv
[0.746s] -- Symlinking: /home/raz/volcani/rover_volkani/install/roverrobotics_input_manager/share/ament_index/resource_index/packages/roverrobotics_input_manager
[0.752s] -- Symlinking: /home/raz/volcani/rover_volkani/install/roverrobotics_input_manager/share/roverrobotics_input_manager/cmake/roverrobotics_input_managerConfig.cmake
[0.759s] -- Symlinking: /home/raz/volcani/rover_volkani/install/roverrobotics_input_manager/share/roverrobotics_input_manager/cmake/roverrobotics_input_managerConfig-version.cmake
[0.765s] -- Symlinking: /home/raz/volcani/rover_volkani/install/roverrobotics_input_manager/share/roverrobotics_input_manager/package.xml
[0.773s] Invoked command in '/home/raz/volcani/rover_volkani/build/roverrobotics_input_manager' returned '0': CMAKE_PREFIX_PATH=${CMAKE_PREFIX_PATH}:/home/raz/volcani/rover_volkani/install/greenhouse_navigation:/home/raz/volcani/rover_volkani/install/bno055:/opt/ros/humble /usr/bin/cmake --install /home/raz/volcani/rover_volkani/build/roverrobotics_input_manager
