[0.776s] Invoking command in '/home/rover/rover_workspace/build/bno055': PYTHONPATH=/home/rover/rover_workspace/build/bno055/prefix_override:/usr/lib/python3/dist-packages/colcon_core/task/python/colcon_distutils_commands:/home/rover/rover_workspace/install/bno055/lib/python3.10/site-packages:${PYTHONPATH} /usr/bin/python3 -W ignore:setup.py install is deprecated -W ignore:easy_install command is deprecated setup.py develop --editable --build-directory /home/rover/rover_workspace/build/bno055/build --no-deps symlink_data --force
[1.038s] running develop
[1.288s] running egg_info
[1.290s] writing bno055.egg-info/PKG-INFO
[1.290s] writing dependency_links to bno055.egg-info/dependency_links.txt
[1.290s] writing entry points to bno055.egg-info/entry_points.txt
[1.290s] writing requirements to bno055.egg-info/requires.txt
[1.290s] writing top-level names to bno055.egg-info/top_level.txt
[1.295s] reading manifest file 'bno055.egg-info/SOURCES.txt'
[1.298s] writing manifest file 'bno055.egg-info/SOURCES.txt'
[1.300s] running build_ext
[1.300s] Creating /home/rover/rover_workspace/install/bno055/lib/python3.10/site-packages/bno055.egg-link (link to .)
[1.305s] Installing bno055 script to /home/rover/rover_workspace/install/bno055/lib/bno055
[1.306s] 
[1.306s] Installed /home/rover/rover_workspace/build/bno055
[1.306s] running symlink_data
[1.306s] symbolically linking /home/rover/rover_workspace/build/bno055/resource/bno055 -> /home/rover/rover_workspace/install/bno055/share/ament_index/resource_index/packages
[1.306s] symbolically linking /home/rover/rover_workspace/build/bno055/package.xml -> /home/rover/rover_workspace/install/bno055/share/bno055
[1.308s] symbolically linking /home/rover/rover_workspace/build/bno055/launch/bno055.launch.py -> /home/rover/rover_workspace/install/bno055/share/bno055/launch
[1.308s] symbolically linking /home/rover/rover_workspace/build/bno055/bno055/params/bno055_params_i2c.yaml -> /home/rover/rover_workspace/install/bno055/share/bno055/config
[1.308s] symbolically linking /home/rover/rover_workspace/build/bno055/bno055/params/bno055_params.yaml -> /home/rover/rover_workspace/install/bno055/share/bno055/config
[1.308s] symbolically linking /home/rover/rover_workspace/build/bno055/bno055/params/bno055_params_test.yaml -> /home/rover/rover_workspace/install/bno055/share/bno055/config
[1.411s] Invoked command in '/home/rover/rover_workspace/build/bno055' returned '0': PYTHONPATH=/home/rover/rover_workspace/build/bno055/prefix_override:/usr/lib/python3/dist-packages/colcon_core/task/python/colcon_distutils_commands:/home/rover/rover_workspace/install/bno055/lib/python3.10/site-packages:${PYTHONPATH} /usr/bin/python3 -W ignore:setup.py install is deprecated -W ignore:easy_install command is deprecated setup.py develop --editable --build-directory /home/rover/rover_workspace/build/bno055/build --no-deps symlink_data --force
