[0.024s] Invoking command in '/home/rover/rover_workspace/build/roverrobotics_description': CMAKE_PREFIX_PATH=${CMAKE_PREFIX_PATH}:/home/rover/rover_workspace/install/greenhouse_navigation:/home/rover/rover_workspace/install/bno055:/opt/ros/humble /usr/bin/cmake /home/rover/rover_workspace/src/roverrobotics_description -DAMENT_CMAKE_SYMLINK_INSTALL=1 -DCMAKE_INSTALL_PREFIX=/home/rover/rover_workspace/install/roverrobotics_description
[0.390s] -- Found ament_cmake: 1.3.11 (/opt/ros/humble/share/ament_cmake/cmake)
[0.390s] -- Override CMake install command with custom implementation using symlinks instead of copying resources
[0.390s] -- Configuring done
[0.390s] -- Generating done
[0.390s] -- Build files have been written to: /home/rover/rover_workspace/build/roverrobotics_description
[0.393s] Invoked command in '/home/rover/rover_workspace/build/roverrobotics_description' returned '0': CMAKE_PREFIX_PATH=${CMAKE_PREFIX_PATH}:/home/rover/rover_workspace/install/greenhouse_navigation:/home/rover/rover_workspace/install/bno055:/opt/ros/humble /usr/bin/cmake /home/rover/rover_workspace/src/roverrobotics_description -DAMENT_CMAKE_SYMLINK_INSTALL=1 -DCMAKE_INSTALL_PREFIX=/home/rover/rover_workspace/install/roverrobotics_description
[0.395s] Invoking command in '/home/rover/rover_workspace/build/roverrobotics_description': CMAKE_PREFIX_PATH=${CMAKE_PREFIX_PATH}:/home/rover/rover_workspace/install/greenhouse_navigation:/home/rover/rover_workspace/install/bno055:/opt/ros/humble /usr/bin/cmake --build /home/rover/rover_workspace/build/roverrobotics_description -- -j8 -l8
[0.436s] Invoked command in '/home/rover/rover_workspace/build/roverrobotics_description' returned '0': CMAKE_PREFIX_PATH=${CMAKE_PREFIX_PATH}:/home/rover/rover_workspace/install/greenhouse_navigation:/home/rover/rover_workspace/install/bno055:/opt/ros/humble /usr/bin/cmake --build /home/rover/rover_workspace/build/roverrobotics_description -- -j8 -l8
[0.449s] Invoking command in '/home/rover/rover_workspace/build/roverrobotics_description': CMAKE_PREFIX_PATH=${CMAKE_PREFIX_PATH}:/home/rover/rover_workspace/install/greenhouse_navigation:/home/rover/rover_workspace/install/bno055:/opt/ros/humble /usr/bin/cmake --install /home/rover/rover_workspace/build/roverrobotics_description
[0.456s] -- Install configuration: ""
[0.457s] -- Execute custom install script
[0.457s] -- Symlinking: /home/rover/rover_workspace/install/roverrobotics_description/share/roverrobotics_description/rviz/urdf.rviz
[0.469s] -- Symlinking: /home/rover/rover_workspace/install/roverrobotics_description/share/roverrobotics_description/launch/display_2wd_rover.launch.py
[0.478s] -- Symlinking: /home/rover/rover_workspace/install/roverrobotics_description/share/roverrobotics_description/launch/display_4wd_rover.launch.py
[0.488s] -- Symlinking: /home/rover/rover_workspace/install/roverrobotics_description/share/roverrobotics_description/launch/display_flipper.launch.py
[0.498s] -- Symlinking: /home/rover/rover_workspace/install/roverrobotics_description/share/roverrobotics_description/launch/display_max.launch.py
[0.509s] -- Symlinking: /home/rover/rover_workspace/install/roverrobotics_description/share/roverrobotics_description/launch/display_mini.launch.py
[0.519s] -- Symlinking: /home/rover/rover_workspace/install/roverrobotics_description/share/roverrobotics_description/launch/display_miti.launch.py
[0.528s] -- Symlinking: /home/rover/rover_workspace/install/roverrobotics_description/share/roverrobotics_description/launch/display_miti_65.launch.py
[0.536s] -- Symlinking: /home/rover/rover_workspace/install/roverrobotics_description/share/roverrobotics_description/meshes/65wheels.dae
[0.546s] -- Symlinking: /home/rover/rover_workspace/install/roverrobotics_description/share/roverrobotics_description/meshes/castor.dae
[0.554s] -- Symlinking: /home/rover/rover_workspace/install/roverrobotics_description/share/roverrobotics_description/meshes/castor_housing.dae
[0.561s] -- Symlinking: /home/rover/rover_workspace/install/roverrobotics_description/share/roverrobotics_description/meshes/flipper.dae
[0.567s] -- Symlinking: /home/rover/rover_workspace/install/roverrobotics_description/share/roverrobotics_description/meshes/flipper_chassis.dae
[0.576s] -- Symlinking: /home/rover/rover_workspace/install/roverrobotics_description/share/roverrobotics_description/meshes/flipper_track.dae
[0.585s] -- Symlinking: /home/rover/rover_workspace/install/roverrobotics_description/share/roverrobotics_description/meshes/hub_10in.dae
[0.595s] -- Symlinking: /home/rover/rover_workspace/install/roverrobotics_description/share/roverrobotics_description/meshes/hub_6.5in.dae
[0.603s] -- Symlinking: /home/rover/rover_workspace/install/roverrobotics_description/share/roverrobotics_description/meshes/max_chassis.dae
[0.613s] -- Symlinking: /home/rover/rover_workspace/install/roverrobotics_description/share/roverrobotics_description/meshes/max_wheels_10in.dae
[0.619s] -- Symlinking: /home/rover/rover_workspace/install/roverrobotics_description/share/roverrobotics_description/meshes/max_wheels_13in.dae
[0.629s] -- Symlinking: /home/rover/rover_workspace/install/roverrobotics_description/share/roverrobotics_description/meshes/max_wheels_15in.dae
[0.636s] -- Symlinking: /home/rover/rover_workspace/install/roverrobotics_description/share/roverrobotics_description/meshes/mini_chassis.dae
[0.644s] -- Symlinking: /home/rover/rover_workspace/install/roverrobotics_description/share/roverrobotics_description/meshes/mini_chassis_new.dae
[0.652s] -- Symlinking: /home/rover/rover_workspace/install/roverrobotics_description/share/roverrobotics_description/meshes/miti_chassis.dae
[0.659s] -- Symlinking: /home/rover/rover_workspace/install/roverrobotics_description/share/roverrobotics_description/meshes/miti_chassis_new.dae
[0.666s] -- Symlinking: /home/rover/rover_workspace/install/roverrobotics_description/share/roverrobotics_description/meshes/pro_tire.dae
[0.673s] -- Symlinking: /home/rover/rover_workspace/install/roverrobotics_description/share/roverrobotics_description/meshes/rover_2wd_core.dae
[0.681s] -- Symlinking: /home/rover/rover_workspace/install/roverrobotics_description/share/roverrobotics_description/meshes/rover_payload.dae
[0.689s] -- Symlinking: /home/rover/rover_workspace/install/roverrobotics_description/share/roverrobotics_description/meshes/rplidar_s2.dae
[0.698s] -- Symlinking: /home/rover/rover_workspace/install/roverrobotics_description/share/roverrobotics_description/urdf/accessories/frames_2025-04-29_10.36.39.gv
[0.704s] -- Symlinking: /home/rover/rover_workspace/install/roverrobotics_description/share/roverrobotics_description/urdf/accessories/frames_2025-04-29_10.36.39.pdf
[0.711s] -- Symlinking: /home/rover/rover_workspace/install/roverrobotics_description/share/roverrobotics_description/urdf/accessories/imu.urdf
[0.721s] -- Symlinking: /home/rover/rover_workspace/install/roverrobotics_description/share/roverrobotics_description/urdf/accessories/rover_dev_payload.urdf
[0.729s] -- Symlinking: /home/rover/rover_workspace/install/roverrobotics_description/share/roverrobotics_description/urdf/accessories/rplidar_s2.urdf
[0.739s] -- Symlinking: /home/rover/rover_workspace/install/roverrobotics_description/share/roverrobotics_description/urdf/flipper.urdf
[0.752s] -- Symlinking: /home/rover/rover_workspace/install/roverrobotics_description/share/roverrobotics_description/urdf/max.urdf
[0.759s] -- Symlinking: /home/rover/rover_workspace/install/roverrobotics_description/share/roverrobotics_description/urdf/max_100.urdf
[0.769s] -- Symlinking: /home/rover/rover_workspace/install/roverrobotics_description/share/roverrobotics_description/urdf/max_130.urdf
[0.778s] -- Symlinking: /home/rover/rover_workspace/install/roverrobotics_description/share/roverrobotics_description/urdf/max_150.urdf
[0.788s] -- Symlinking: /home/rover/rover_workspace/install/roverrobotics_description/share/roverrobotics_description/urdf/max_65.urdf
[0.795s] -- Symlinking: /home/rover/rover_workspace/install/roverrobotics_description/share/roverrobotics_description/urdf/mini.urdf
[0.803s] -- Symlinking: /home/rover/rover_workspace/install/roverrobotics_description/share/roverrobotics_description/urdf/miti.urdf
[0.811s] -- Symlinking: /home/rover/rover_workspace/install/roverrobotics_description/share/roverrobotics_description/urdf/miti_65.urdf
[0.818s] -- Symlinking: /home/rover/rover_workspace/install/roverrobotics_description/share/roverrobotics_description/urdf/rover_2wd.urdf
[0.827s] -- Symlinking: /home/rover/rover_workspace/install/roverrobotics_description/share/roverrobotics_description/urdf/rover_4wd.urdf
[0.834s] -- Symlinking: /home/rover/rover_workspace/install/roverrobotics_description/share/ament_index/resource_index/package_run_dependencies/roverrobotics_description
[0.840s] -- Symlinking: /home/rover/rover_workspace/install/roverrobotics_description/share/ament_index/resource_index/parent_prefix_path/roverrobotics_description
[0.847s] -- Symlinking: /home/rover/rover_workspace/install/roverrobotics_description/share/roverrobotics_description/environment/ament_prefix_path.sh
[0.857s] -- Symlinking: /home/rover/rover_workspace/install/roverrobotics_description/share/roverrobotics_description/environment/ament_prefix_path.dsv
[0.866s] -- Symlinking: /home/rover/rover_workspace/install/roverrobotics_description/share/roverrobotics_description/environment/path.sh
[0.873s] -- Symlinking: /home/rover/rover_workspace/install/roverrobotics_description/share/roverrobotics_description/environment/path.dsv
[0.880s] -- Symlinking: /home/rover/rover_workspace/install/roverrobotics_description/share/roverrobotics_description/local_setup.bash
[0.889s] -- Symlinking: /home/rover/rover_workspace/install/roverrobotics_description/share/roverrobotics_description/local_setup.sh
[0.897s] -- Symlinking: /home/rover/rover_workspace/install/roverrobotics_description/share/roverrobotics_description/local_setup.zsh
[0.903s] -- Symlinking: /home/rover/rover_workspace/install/roverrobotics_description/share/roverrobotics_description/local_setup.dsv
[0.909s] -- Symlinking: /home/rover/rover_workspace/install/roverrobotics_description/share/roverrobotics_description/package.dsv
[0.916s] -- Symlinking: /home/rover/rover_workspace/install/roverrobotics_description/share/ament_index/resource_index/packages/roverrobotics_description
[0.924s] -- Symlinking: /home/rover/rover_workspace/install/roverrobotics_description/share/roverrobotics_description/cmake/roverrobotics_descriptionConfig.cmake
[0.929s] -- Symlinking: /home/rover/rover_workspace/install/roverrobotics_description/share/roverrobotics_description/cmake/roverrobotics_descriptionConfig-version.cmake
[0.937s] -- Symlinking: /home/rover/rover_workspace/install/roverrobotics_description/share/roverrobotics_description/package.xml
[0.946s] Invoked command in '/home/rover/rover_workspace/build/roverrobotics_description' returned '0': CMAKE_PREFIX_PATH=${CMAKE_PREFIX_PATH}:/home/rover/rover_workspace/install/greenhouse_navigation:/home/rover/rover_workspace/install/bno055:/opt/ros/humble /usr/bin/cmake --install /home/rover/rover_workspace/build/roverrobotics_description
