[0.063s] DEBUG:colcon:Command line arguments: ['/usr/bin/colcon', 'build', '--symlink-install']
[0.063s] DEBUG:colcon:Parsed command line arguments: Namespace(log_base=None, log_level=None, verb_name='build', build_base='build', install_base='install', merge_install=False, symlink_install=True, test_result_base=None, continue_on_error=False, executor='parallel', parallel_workers=8, event_handlers=None, ignore_user_meta=False, metas=['./colcon.meta'], base_paths=['.'], packages_ignore=None, packages_ignore_regex=None, paths=None, packages_up_to=None, packages_up_to_regex=None, packages_above=None, packages_above_and_dependencies=None, packages_above_depth=None, packages_select_by_dep=None, packages_skip_by_dep=None, packages_skip_up_to=None, packages_select_build_failed=False, packages_skip_build_finished=False, packages_select_test_failures=False, packages_skip_test_passed=False, packages_select=None, packages_skip=None, packages_select_regex=None, packages_skip_regex=None, packages_start=None, packages_end=None, allow_overriding=[], cmake_args=None, cmake_target=None, cmake_target_skip_unavailable=False, cmake_clean_cache=False, cmake_clean_first=False, cmake_force_configure=False, ament_cmake_args=None, catkin_cmake_args=None, catkin_skip_building_tests=False, mixin_files=None, mixin=None, verb_parser=<colcon_mixin.mixin.mixin_argument.MixinArgumentDecorator object at 0x751c32762980>, verb_extension=<colcon_core.verb.build.BuildVerb object at 0x751c32761f00>, main=<bound method BuildVerb.main of <colcon_core.verb.build.BuildVerb object at 0x751c32761f00>>, mixin_verb=('build',))
[0.157s] Level 1:colcon.colcon_core.package_discovery:discover_packages(colcon_meta) check parameters
[0.157s] Level 1:colcon.colcon_core.package_discovery:discover_packages(recursive) check parameters
[0.157s] Level 1:colcon.colcon_core.package_discovery:discover_packages(ignore) check parameters
[0.157s] Level 1:colcon.colcon_core.package_discovery:discover_packages(path) check parameters
[0.157s] Level 1:colcon.colcon_core.package_discovery:discover_packages(colcon_meta) discover
[0.157s] Level 1:colcon.colcon_core.package_discovery:discover_packages(recursive) discover
[0.157s] INFO:colcon.colcon_core.package_discovery:Crawling recursively for packages in '/home/rover/rover_workspace'
[0.157s] Level 1:colcon.colcon_core.package_identification:_identify(.) by extensions ['ignore', 'ignore_ament_install']
[0.157s] Level 1:colcon.colcon_core.package_identification:_identify(.) by extension 'ignore'
[0.157s] Level 1:colcon.colcon_core.package_identification:_identify(.) by extension 'ignore_ament_install'
[0.157s] Level 1:colcon.colcon_core.package_identification:_identify(.) by extensions ['colcon_pkg']
[0.157s] Level 1:colcon.colcon_core.package_identification:_identify(.) by extension 'colcon_pkg'
[0.157s] Level 1:colcon.colcon_core.package_identification:_identify(.) by extensions ['colcon_meta']
[0.157s] Level 1:colcon.colcon_core.package_identification:_identify(.) by extension 'colcon_meta'
[0.157s] Level 1:colcon.colcon_core.package_identification:_identify(.) by extensions ['ros']
[0.157s] Level 1:colcon.colcon_core.package_identification:_identify(.) by extension 'ros'
[0.164s] Level 1:colcon.colcon_core.package_identification:_identify(.) by extensions ['cmake', 'python']
[0.164s] Level 1:colcon.colcon_core.package_identification:_identify(.) by extension 'cmake'
[0.164s] Level 1:colcon.colcon_core.package_identification:_identify(.) by extension 'python'
[0.164s] Level 1:colcon.colcon_core.package_identification:_identify(.) by extensions ['python_setup_py']
[0.164s] Level 1:colcon.colcon_core.package_identification:_identify(.) by extension 'python_setup_py'
[0.164s] Level 1:colcon.colcon_core.package_identification:_identify(build) by extensions ['ignore', 'ignore_ament_install']
[0.164s] Level 1:colcon.colcon_core.package_identification:_identify(build) by extension 'ignore'
[0.164s] Level 1:colcon.colcon_core.package_identification:_identify(build) ignored
[0.164s] Level 1:colcon.colcon_core.package_identification:_identify(install) by extensions ['ignore', 'ignore_ament_install']
[0.164s] Level 1:colcon.colcon_core.package_identification:_identify(install) by extension 'ignore'
[0.164s] Level 1:colcon.colcon_core.package_identification:_identify(install) ignored
[0.164s] Level 1:colcon.colcon_core.package_identification:_identify(log) by extensions ['ignore', 'ignore_ament_install']
[0.164s] Level 1:colcon.colcon_core.package_identification:_identify(log) by extension 'ignore'
[0.164s] Level 1:colcon.colcon_core.package_identification:_identify(log) ignored
[0.164s] Level 1:colcon.colcon_core.package_identification:_identify(src) by extensions ['ignore', 'ignore_ament_install']
[0.164s] Level 1:colcon.colcon_core.package_identification:_identify(src) by extension 'ignore'
[0.164s] Level 1:colcon.colcon_core.package_identification:_identify(src) by extension 'ignore_ament_install'
[0.164s] Level 1:colcon.colcon_core.package_identification:_identify(src) by extensions ['colcon_pkg']
[0.164s] Level 1:colcon.colcon_core.package_identification:_identify(src) by extension 'colcon_pkg'
[0.164s] Level 1:colcon.colcon_core.package_identification:_identify(src) by extensions ['colcon_meta']
[0.164s] Level 1:colcon.colcon_core.package_identification:_identify(src) by extension 'colcon_meta'
[0.165s] Level 1:colcon.colcon_core.package_identification:_identify(src) by extensions ['ros']
[0.165s] Level 1:colcon.colcon_core.package_identification:_identify(src) by extension 'ros'
[0.165s] Level 1:colcon.colcon_core.package_identification:_identify(src) by extensions ['cmake', 'python']
[0.165s] Level 1:colcon.colcon_core.package_identification:_identify(src) by extension 'cmake'
[0.165s] Level 1:colcon.colcon_core.package_identification:_identify(src) by extension 'python'
[0.165s] Level 1:colcon.colcon_core.package_identification:_identify(src) by extensions ['python_setup_py']
[0.165s] Level 1:colcon.colcon_core.package_identification:_identify(src) by extension 'python_setup_py'
[0.165s] Level 1:colcon.colcon_core.package_identification:_identify(src/bno055) by extensions ['ignore', 'ignore_ament_install']
[0.165s] Level 1:colcon.colcon_core.package_identification:_identify(src/bno055) by extension 'ignore'
[0.165s] Level 1:colcon.colcon_core.package_identification:_identify(src/bno055) by extension 'ignore_ament_install'
[0.165s] Level 1:colcon.colcon_core.package_identification:_identify(src/bno055) by extensions ['colcon_pkg']
[0.165s] Level 1:colcon.colcon_core.package_identification:_identify(src/bno055) by extension 'colcon_pkg'
[0.165s] Level 1:colcon.colcon_core.package_identification:_identify(src/bno055) by extensions ['colcon_meta']
[0.165s] Level 1:colcon.colcon_core.package_identification:_identify(src/bno055) by extension 'colcon_meta'
[0.165s] Level 1:colcon.colcon_core.package_identification:_identify(src/bno055) by extensions ['ros']
[0.165s] Level 1:colcon.colcon_core.package_identification:_identify(src/bno055) by extension 'ros'
[0.166s] DEBUG:colcon.colcon_core.package_identification:Package 'src/bno055' with type 'ros.ament_python' and name 'bno055'
[0.166s] Level 1:colcon.colcon_core.package_identification:_identify(src/roverrobotics_description) by extensions ['ignore', 'ignore_ament_install']
[0.166s] Level 1:colcon.colcon_core.package_identification:_identify(src/roverrobotics_description) by extension 'ignore'
[0.166s] Level 1:colcon.colcon_core.package_identification:_identify(src/roverrobotics_description) by extension 'ignore_ament_install'
[0.166s] Level 1:colcon.colcon_core.package_identification:_identify(src/roverrobotics_description) by extensions ['colcon_pkg']
[0.167s] Level 1:colcon.colcon_core.package_identification:_identify(src/roverrobotics_description) by extension 'colcon_pkg'
[0.167s] Level 1:colcon.colcon_core.package_identification:_identify(src/roverrobotics_description) by extensions ['colcon_meta']
[0.167s] Level 1:colcon.colcon_core.package_identification:_identify(src/roverrobotics_description) by extension 'colcon_meta'
[0.167s] Level 1:colcon.colcon_core.package_identification:_identify(src/roverrobotics_description) by extensions ['ros']
[0.167s] Level 1:colcon.colcon_core.package_identification:_identify(src/roverrobotics_description) by extension 'ros'
[0.167s] DEBUG:colcon.colcon_core.package_identification:Package 'src/roverrobotics_description' with type 'ros.ament_cmake' and name 'roverrobotics_description'
[0.167s] Level 1:colcon.colcon_core.package_identification:_identify(src/roverrobotics_driver) by extensions ['ignore', 'ignore_ament_install']
[0.167s] Level 1:colcon.colcon_core.package_identification:_identify(src/roverrobotics_driver) by extension 'ignore'
[0.167s] Level 1:colcon.colcon_core.package_identification:_identify(src/roverrobotics_driver) by extension 'ignore_ament_install'
[0.167s] Level 1:colcon.colcon_core.package_identification:_identify(src/roverrobotics_driver) by extensions ['colcon_pkg']
[0.167s] Level 1:colcon.colcon_core.package_identification:_identify(src/roverrobotics_driver) by extension 'colcon_pkg'
[0.167s] Level 1:colcon.colcon_core.package_identification:_identify(src/roverrobotics_driver) by extensions ['colcon_meta']
[0.167s] Level 1:colcon.colcon_core.package_identification:_identify(src/roverrobotics_driver) by extension 'colcon_meta'
[0.167s] Level 1:colcon.colcon_core.package_identification:_identify(src/roverrobotics_driver) by extensions ['ros']
[0.167s] Level 1:colcon.colcon_core.package_identification:_identify(src/roverrobotics_driver) by extension 'ros'
[0.168s] DEBUG:colcon.colcon_core.package_identification:Package 'src/roverrobotics_driver' with type 'ros.ament_cmake' and name 'roverrobotics_driver'
[0.168s] Level 1:colcon.colcon_core.package_identification:_identify(src/roverrobotics_gazebo) by extensions ['ignore', 'ignore_ament_install']
[0.168s] Level 1:colcon.colcon_core.package_identification:_identify(src/roverrobotics_gazebo) by extension 'ignore'
[0.168s] Level 1:colcon.colcon_core.package_identification:_identify(src/roverrobotics_gazebo) by extension 'ignore_ament_install'
[0.168s] Level 1:colcon.colcon_core.package_identification:_identify(src/roverrobotics_gazebo) by extensions ['colcon_pkg']
[0.168s] Level 1:colcon.colcon_core.package_identification:_identify(src/roverrobotics_gazebo) by extension 'colcon_pkg'
[0.168s] Level 1:colcon.colcon_core.package_identification:_identify(src/roverrobotics_gazebo) by extensions ['colcon_meta']
[0.168s] Level 1:colcon.colcon_core.package_identification:_identify(src/roverrobotics_gazebo) by extension 'colcon_meta'
[0.168s] Level 1:colcon.colcon_core.package_identification:_identify(src/roverrobotics_gazebo) by extensions ['ros']
[0.168s] Level 1:colcon.colcon_core.package_identification:_identify(src/roverrobotics_gazebo) by extension 'ros'
[0.168s] DEBUG:colcon.colcon_core.package_identification:Package 'src/roverrobotics_gazebo' with type 'ros.ament_cmake' and name 'roverrobotics_gazebo'
[0.168s] Level 1:colcon.colcon_core.package_identification:_identify(src/roverrobotics_input_manager) by extensions ['ignore', 'ignore_ament_install']
[0.168s] Level 1:colcon.colcon_core.package_identification:_identify(src/roverrobotics_input_manager) by extension 'ignore'
[0.168s] Level 1:colcon.colcon_core.package_identification:_identify(src/roverrobotics_input_manager) by extension 'ignore_ament_install'
[0.168s] Level 1:colcon.colcon_core.package_identification:_identify(src/roverrobotics_input_manager) by extensions ['colcon_pkg']
[0.169s] Level 1:colcon.colcon_core.package_identification:_identify(src/roverrobotics_input_manager) by extension 'colcon_pkg'
[0.169s] Level 1:colcon.colcon_core.package_identification:_identify(src/roverrobotics_input_manager) by extensions ['colcon_meta']
[0.169s] Level 1:colcon.colcon_core.package_identification:_identify(src/roverrobotics_input_manager) by extension 'colcon_meta'
[0.169s] Level 1:colcon.colcon_core.package_identification:_identify(src/roverrobotics_input_manager) by extensions ['ros']
[0.169s] Level 1:colcon.colcon_core.package_identification:_identify(src/roverrobotics_input_manager) by extension 'ros'
[0.169s] DEBUG:colcon.colcon_core.package_identification:Package 'src/roverrobotics_input_manager' with type 'ros.ament_cmake' and name 'roverrobotics_input_manager'
[0.169s] Level 1:colcon.colcon_core.package_identification:_identify(src/rplidar_ros) by extensions ['ignore', 'ignore_ament_install']
[0.169s] Level 1:colcon.colcon_core.package_identification:_identify(src/rplidar_ros) by extension 'ignore'
[0.169s] Level 1:colcon.colcon_core.package_identification:_identify(src/rplidar_ros) by extension 'ignore_ament_install'
[0.169s] Level 1:colcon.colcon_core.package_identification:_identify(src/rplidar_ros) by extensions ['colcon_pkg']
[0.169s] Level 1:colcon.colcon_core.package_identification:_identify(src/rplidar_ros) by extension 'colcon_pkg'
[0.169s] Level 1:colcon.colcon_core.package_identification:_identify(src/rplidar_ros) by extensions ['colcon_meta']
[0.169s] Level 1:colcon.colcon_core.package_identification:_identify(src/rplidar_ros) by extension 'colcon_meta'
[0.169s] Level 1:colcon.colcon_core.package_identification:_identify(src/rplidar_ros) by extensions ['ros']
[0.169s] Level 1:colcon.colcon_core.package_identification:_identify(src/rplidar_ros) by extension 'ros'
[0.169s] DEBUG:colcon.colcon_core.package_identification:Package 'src/rplidar_ros' with type 'ros.ament_cmake' and name 'rplidar_ros'
[0.169s] Level 1:colcon.colcon_core.package_discovery:discover_packages(recursive) using defaults
[0.170s] Level 1:colcon.colcon_core.package_discovery:discover_packages(ignore) discover
[0.170s] Level 1:colcon.colcon_core.package_discovery:discover_packages(ignore) using defaults
[0.170s] Level 1:colcon.colcon_core.package_discovery:discover_packages(path) discover
[0.170s] Level 1:colcon.colcon_core.package_discovery:discover_packages(path) using defaults
[0.190s] Level 1:colcon.colcon_core.package_discovery:discover_packages(prefix_path) check parameters
[0.190s] Level 1:colcon.colcon_core.package_discovery:discover_packages(prefix_path) discover
[0.191s] DEBUG:colcon.colcon_installed_package_information.package_discovery:Found 8 installed packages in /home/rover/NUC-1/install
[0.191s] DEBUG:colcon.colcon_installed_package_information.package_discovery:Found 6 installed packages in /home/rover/rover_workspace/install
[0.192s] DEBUG:colcon.colcon_installed_package_information.package_discovery:Found 325 installed packages in /opt/ros/humble
[0.193s] Level 1:colcon.colcon_core.package_discovery:discover_packages(prefix_path) using defaults
[0.216s] Level 5:colcon.colcon_core.verb:set package 'bno055' build argument 'cmake_args' from command line to 'None'
[0.216s] Level 5:colcon.colcon_core.verb:set package 'bno055' build argument 'cmake_target' from command line to 'None'
[0.216s] Level 5:colcon.colcon_core.verb:set package 'bno055' build argument 'cmake_target_skip_unavailable' from command line to 'False'
[0.216s] Level 5:colcon.colcon_core.verb:set package 'bno055' build argument 'cmake_clean_cache' from command line to 'False'
[0.216s] Level 5:colcon.colcon_core.verb:set package 'bno055' build argument 'cmake_clean_first' from command line to 'False'
[0.216s] Level 5:colcon.colcon_core.verb:set package 'bno055' build argument 'cmake_force_configure' from command line to 'False'
[0.216s] Level 5:colcon.colcon_core.verb:set package 'bno055' build argument 'ament_cmake_args' from command line to 'None'
[0.216s] Level 5:colcon.colcon_core.verb:set package 'bno055' build argument 'catkin_cmake_args' from command line to 'None'
[0.216s] Level 5:colcon.colcon_core.verb:set package 'bno055' build argument 'catkin_skip_building_tests' from command line to 'False'
[0.216s] DEBUG:colcon.colcon_core.verb:Building package 'bno055' with the following arguments: {'ament_cmake_args': None, 'build_base': '/home/rover/rover_workspace/build/bno055', 'catkin_cmake_args': None, 'catkin_skip_building_tests': False, 'cmake_args': None, 'cmake_clean_cache': False, 'cmake_clean_first': False, 'cmake_force_configure': False, 'cmake_target': None, 'cmake_target_skip_unavailable': False, 'install_base': '/home/rover/rover_workspace/install/bno055', 'merge_install': False, 'path': '/home/rover/rover_workspace/src/bno055', 'symlink_install': True, 'test_result_base': None}
[0.217s] Level 5:colcon.colcon_core.verb:set package 'roverrobotics_description' build argument 'cmake_args' from command line to 'None'
[0.217s] Level 5:colcon.colcon_core.verb:set package 'roverrobotics_description' build argument 'cmake_target' from command line to 'None'
[0.217s] Level 5:colcon.colcon_core.verb:set package 'roverrobotics_description' build argument 'cmake_target_skip_unavailable' from command line to 'False'
[0.217s] Level 5:colcon.colcon_core.verb:set package 'roverrobotics_description' build argument 'cmake_clean_cache' from command line to 'False'
[0.217s] Level 5:colcon.colcon_core.verb:set package 'roverrobotics_description' build argument 'cmake_clean_first' from command line to 'False'
[0.217s] Level 5:colcon.colcon_core.verb:set package 'roverrobotics_description' build argument 'cmake_force_configure' from command line to 'False'
[0.217s] Level 5:colcon.colcon_core.verb:set package 'roverrobotics_description' build argument 'ament_cmake_args' from command line to 'None'
[0.217s] Level 5:colcon.colcon_core.verb:set package 'roverrobotics_description' build argument 'catkin_cmake_args' from command line to 'None'
[0.217s] Level 5:colcon.colcon_core.verb:set package 'roverrobotics_description' build argument 'catkin_skip_building_tests' from command line to 'False'
[0.217s] DEBUG:colcon.colcon_core.verb:Building package 'roverrobotics_description' with the following arguments: {'ament_cmake_args': None, 'build_base': '/home/rover/rover_workspace/build/roverrobotics_description', 'catkin_cmake_args': None, 'catkin_skip_building_tests': False, 'cmake_args': None, 'cmake_clean_cache': False, 'cmake_clean_first': False, 'cmake_force_configure': False, 'cmake_target': None, 'cmake_target_skip_unavailable': False, 'install_base': '/home/rover/rover_workspace/install/roverrobotics_description', 'merge_install': False, 'path': '/home/rover/rover_workspace/src/roverrobotics_description', 'symlink_install': True, 'test_result_base': None}
[0.217s] Level 5:colcon.colcon_core.verb:set package 'roverrobotics_driver' build argument 'cmake_args' from command line to 'None'
[0.217s] Level 5:colcon.colcon_core.verb:set package 'roverrobotics_driver' build argument 'cmake_target' from command line to 'None'
[0.217s] Level 5:colcon.colcon_core.verb:set package 'roverrobotics_driver' build argument 'cmake_target_skip_unavailable' from command line to 'False'
[0.217s] Level 5:colcon.colcon_core.verb:set package 'roverrobotics_driver' build argument 'cmake_clean_cache' from command line to 'False'
[0.217s] Level 5:colcon.colcon_core.verb:set package 'roverrobotics_driver' build argument 'cmake_clean_first' from command line to 'False'
[0.217s] Level 5:colcon.colcon_core.verb:set package 'roverrobotics_driver' build argument 'cmake_force_configure' from command line to 'False'
[0.217s] Level 5:colcon.colcon_core.verb:set package 'roverrobotics_driver' build argument 'ament_cmake_args' from command line to 'None'
[0.217s] Level 5:colcon.colcon_core.verb:set package 'roverrobotics_driver' build argument 'catkin_cmake_args' from command line to 'None'
[0.217s] Level 5:colcon.colcon_core.verb:set package 'roverrobotics_driver' build argument 'catkin_skip_building_tests' from command line to 'False'
[0.217s] DEBUG:colcon.colcon_core.verb:Building package 'roverrobotics_driver' with the following arguments: {'ament_cmake_args': None, 'build_base': '/home/rover/rover_workspace/build/roverrobotics_driver', 'catkin_cmake_args': None, 'catkin_skip_building_tests': False, 'cmake_args': None, 'cmake_clean_cache': False, 'cmake_clean_first': False, 'cmake_force_configure': False, 'cmake_target': None, 'cmake_target_skip_unavailable': False, 'install_base': '/home/rover/rover_workspace/install/roverrobotics_driver', 'merge_install': False, 'path': '/home/rover/rover_workspace/src/roverrobotics_driver', 'symlink_install': True, 'test_result_base': None}
[0.217s] Level 5:colcon.colcon_core.verb:set package 'roverrobotics_input_manager' build argument 'cmake_args' from command line to 'None'
[0.217s] Level 5:colcon.colcon_core.verb:set package 'roverrobotics_input_manager' build argument 'cmake_target' from command line to 'None'
[0.217s] Level 5:colcon.colcon_core.verb:set package 'roverrobotics_input_manager' build argument 'cmake_target_skip_unavailable' from command line to 'False'
[0.217s] Level 5:colcon.colcon_core.verb:set package 'roverrobotics_input_manager' build argument 'cmake_clean_cache' from command line to 'False'
[0.217s] Level 5:colcon.colcon_core.verb:set package 'roverrobotics_input_manager' build argument 'cmake_clean_first' from command line to 'False'
[0.217s] Level 5:colcon.colcon_core.verb:set package 'roverrobotics_input_manager' build argument 'cmake_force_configure' from command line to 'False'
[0.217s] Level 5:colcon.colcon_core.verb:set package 'roverrobotics_input_manager' build argument 'ament_cmake_args' from command line to 'None'
[0.217s] Level 5:colcon.colcon_core.verb:set package 'roverrobotics_input_manager' build argument 'catkin_cmake_args' from command line to 'None'
[0.217s] Level 5:colcon.colcon_core.verb:set package 'roverrobotics_input_manager' build argument 'catkin_skip_building_tests' from command line to 'False'
[0.217s] DEBUG:colcon.colcon_core.verb:Building package 'roverrobotics_input_manager' with the following arguments: {'ament_cmake_args': None, 'build_base': '/home/rover/rover_workspace/build/roverrobotics_input_manager', 'catkin_cmake_args': None, 'catkin_skip_building_tests': False, 'cmake_args': None, 'cmake_clean_cache': False, 'cmake_clean_first': False, 'cmake_force_configure': False, 'cmake_target': None, 'cmake_target_skip_unavailable': False, 'install_base': '/home/rover/rover_workspace/install/roverrobotics_input_manager', 'merge_install': False, 'path': '/home/rover/rover_workspace/src/roverrobotics_input_manager', 'symlink_install': True, 'test_result_base': None}
[0.218s] Level 5:colcon.colcon_core.verb:set package 'rplidar_ros' build argument 'cmake_args' from command line to 'None'
[0.218s] Level 5:colcon.colcon_core.verb:set package 'rplidar_ros' build argument 'cmake_target' from command line to 'None'
[0.218s] Level 5:colcon.colcon_core.verb:set package 'rplidar_ros' build argument 'cmake_target_skip_unavailable' from command line to 'False'
[0.218s] Level 5:colcon.colcon_core.verb:set package 'rplidar_ros' build argument 'cmake_clean_cache' from command line to 'False'
[0.218s] Level 5:colcon.colcon_core.verb:set package 'rplidar_ros' build argument 'cmake_clean_first' from command line to 'False'
[0.218s] Level 5:colcon.colcon_core.verb:set package 'rplidar_ros' build argument 'cmake_force_configure' from command line to 'False'
[0.218s] Level 5:colcon.colcon_core.verb:set package 'rplidar_ros' build argument 'ament_cmake_args' from command line to 'None'
[0.218s] Level 5:colcon.colcon_core.verb:set package 'rplidar_ros' build argument 'catkin_cmake_args' from command line to 'None'
[0.218s] Level 5:colcon.colcon_core.verb:set package 'rplidar_ros' build argument 'catkin_skip_building_tests' from command line to 'False'
[0.218s] DEBUG:colcon.colcon_core.verb:Building package 'rplidar_ros' with the following arguments: {'ament_cmake_args': None, 'build_base': '/home/rover/rover_workspace/build/rplidar_ros', 'catkin_cmake_args': None, 'catkin_skip_building_tests': False, 'cmake_args': None, 'cmake_clean_cache': False, 'cmake_clean_first': False, 'cmake_force_configure': False, 'cmake_target': None, 'cmake_target_skip_unavailable': False, 'install_base': '/home/rover/rover_workspace/install/rplidar_ros', 'merge_install': False, 'path': '/home/rover/rover_workspace/src/rplidar_ros', 'symlink_install': True, 'test_result_base': None}
[0.218s] Level 5:colcon.colcon_core.verb:set package 'roverrobotics_gazebo' build argument 'cmake_args' from command line to 'None'
[0.218s] Level 5:colcon.colcon_core.verb:set package 'roverrobotics_gazebo' build argument 'cmake_target' from command line to 'None'
[0.218s] Level 5:colcon.colcon_core.verb:set package 'roverrobotics_gazebo' build argument 'cmake_target_skip_unavailable' from command line to 'False'
[0.218s] Level 5:colcon.colcon_core.verb:set package 'roverrobotics_gazebo' build argument 'cmake_clean_cache' from command line to 'False'
[0.218s] Level 5:colcon.colcon_core.verb:set package 'roverrobotics_gazebo' build argument 'cmake_clean_first' from command line to 'False'
[0.218s] Level 5:colcon.colcon_core.verb:set package 'roverrobotics_gazebo' build argument 'cmake_force_configure' from command line to 'False'
[0.218s] Level 5:colcon.colcon_core.verb:set package 'roverrobotics_gazebo' build argument 'ament_cmake_args' from command line to 'None'
[0.218s] Level 5:colcon.colcon_core.verb:set package 'roverrobotics_gazebo' build argument 'catkin_cmake_args' from command line to 'None'
[0.218s] Level 5:colcon.colcon_core.verb:set package 'roverrobotics_gazebo' build argument 'catkin_skip_building_tests' from command line to 'False'
[0.218s] DEBUG:colcon.colcon_core.verb:Building package 'roverrobotics_gazebo' with the following arguments: {'ament_cmake_args': None, 'build_base': '/home/rover/rover_workspace/build/roverrobotics_gazebo', 'catkin_cmake_args': None, 'catkin_skip_building_tests': False, 'cmake_args': None, 'cmake_clean_cache': False, 'cmake_clean_first': False, 'cmake_force_configure': False, 'cmake_target': None, 'cmake_target_skip_unavailable': False, 'install_base': '/home/rover/rover_workspace/install/roverrobotics_gazebo', 'merge_install': False, 'path': '/home/rover/rover_workspace/src/roverrobotics_gazebo', 'symlink_install': True, 'test_result_base': None}
[0.218s] INFO:colcon.colcon_core.executor:Executing jobs using 'parallel' executor
[0.219s] DEBUG:colcon.colcon_parallel_executor.executor.parallel:run_until_complete
[0.219s] INFO:colcon.colcon_ros.task.ament_cmake.build:Building ROS package in '/home/rover/rover_workspace/src/roverrobotics_description' with build type 'ament_cmake'
[0.219s] INFO:colcon.colcon_cmake.task.cmake.build:Building CMake package in '/home/rover/rover_workspace/src/roverrobotics_description'
[0.220s] INFO:colcon.colcon_core.plugin_system:Skipping extension 'colcon_core.shell.bat': Not used on non-Windows systems
[0.220s] INFO:colcon.colcon_core.shell:Skip shell extension 'powershell' for command environment: Not usable outside of PowerShell
[0.220s] DEBUG:colcon.colcon_core.shell:Skip shell extension 'dsv' for command environment
[0.223s] INFO:colcon.colcon_ros.task.ament_python.build:Building ROS package in '/home/rover/rover_workspace/src/bno055' with build type 'ament_python'
[0.223s] Level 1:colcon.colcon_core.shell:create_environment_hook('bno055', 'ament_prefix_path')
[0.223s] INFO:colcon.colcon_core.shell:Creating environment hook '/home/rover/rover_workspace/install/bno055/share/bno055/hook/ament_prefix_path.ps1'
[0.224s] INFO:colcon.colcon_core.shell:Creating environment descriptor '/home/rover/rover_workspace/install/bno055/share/bno055/hook/ament_prefix_path.dsv'
[0.224s] INFO:colcon.colcon_core.shell:Creating environment hook '/home/rover/rover_workspace/install/bno055/share/bno055/hook/ament_prefix_path.sh'
[0.224s] INFO:colcon.colcon_core.shell:Skip shell extension 'powershell' for command environment: Not usable outside of PowerShell
[0.224s] DEBUG:colcon.colcon_core.shell:Skip shell extension 'dsv' for command environment
[0.227s] INFO:colcon.colcon_ros.task.ament_cmake.build:Building ROS package in '/home/rover/rover_workspace/src/roverrobotics_driver' with build type 'ament_cmake'
[0.227s] INFO:colcon.colcon_cmake.task.cmake.build:Building CMake package in '/home/rover/rover_workspace/src/roverrobotics_driver'
[0.227s] INFO:colcon.colcon_core.shell:Skip shell extension 'powershell' for command environment: Not usable outside of PowerShell
[0.227s] DEBUG:colcon.colcon_core.shell:Skip shell extension 'dsv' for command environment
[0.229s] INFO:colcon.colcon_ros.task.ament_cmake.build:Building ROS package in '/home/rover/rover_workspace/src/roverrobotics_input_manager' with build type 'ament_cmake'
[0.229s] INFO:colcon.colcon_cmake.task.cmake.build:Building CMake package in '/home/rover/rover_workspace/src/roverrobotics_input_manager'
[0.229s] INFO:colcon.colcon_core.shell:Skip shell extension 'powershell' for command environment: Not usable outside of PowerShell
[0.229s] DEBUG:colcon.colcon_core.shell:Skip shell extension 'dsv' for command environment
[0.232s] INFO:colcon.colcon_ros.task.ament_cmake.build:Building ROS package in '/home/rover/rover_workspace/src/rplidar_ros' with build type 'ament_cmake'
[0.232s] INFO:colcon.colcon_cmake.task.cmake.build:Building CMake package in '/home/rover/rover_workspace/src/rplidar_ros'
[0.232s] INFO:colcon.colcon_core.shell:Skip shell extension 'powershell' for command environment: Not usable outside of PowerShell
[0.232s] DEBUG:colcon.colcon_core.shell:Skip shell extension 'dsv' for command environment
[0.256s] DEBUG:colcon.colcon_core.event_handler.log_command:Invoking command in '/home/rover/rover_workspace/build/roverrobotics_description': CMAKE_PREFIX_PATH=${CMAKE_PREFIX_PATH}:/home/rover/NUC-1/install/variable_autonomy:/home/rover/NUC-1/install/bno055:/home/rover/rover_workspace/install/bno055:/opt/ros/humble /usr/bin/cmake /home/rover/rover_workspace/src/roverrobotics_description -DAMENT_CMAKE_SYMLINK_INSTALL=1 -DCMAKE_INSTALL_PREFIX=/home/rover/rover_workspace/install/roverrobotics_description
[0.417s] INFO:colcon.colcon_core.task.python.build:Building Python package in '/home/rover/rover_workspace/src/bno055'
[0.417s] INFO:colcon.colcon_core.shell:Skip shell extension 'powershell' for command environment: Not usable outside of PowerShell
[0.417s] DEBUG:colcon.colcon_core.shell:Skip shell extension 'dsv' for command environment
[0.421s] DEBUG:colcon.colcon_core.event_handler.log_command:Invoking command in '/home/rover/rover_workspace/build/roverrobotics_driver': CMAKE_PREFIX_PATH=${CMAKE_PREFIX_PATH}:/home/rover/NUC-1/install/variable_autonomy:/home/rover/NUC-1/install/bno055:/home/rover/rover_workspace/install/bno055:/opt/ros/humble /usr/bin/cmake /home/rover/rover_workspace/src/roverrobotics_driver -DAMENT_CMAKE_SYMLINK_INSTALL=1 -DCMAKE_INSTALL_PREFIX=/home/rover/rover_workspace/install/roverrobotics_driver
[0.423s] DEBUG:colcon.colcon_core.event_handler.log_command:Invoking command in '/home/rover/rover_workspace/build/roverrobotics_input_manager': CMAKE_PREFIX_PATH=${CMAKE_PREFIX_PATH}:/home/rover/NUC-1/install/variable_autonomy:/home/rover/NUC-1/install/bno055:/home/rover/rover_workspace/install/bno055:/opt/ros/humble /usr/bin/cmake /home/rover/rover_workspace/src/roverrobotics_input_manager -DAMENT_CMAKE_SYMLINK_INSTALL=1 -DCMAKE_INSTALL_PREFIX=/home/rover/rover_workspace/install/roverrobotics_input_manager
[0.426s] DEBUG:colcon.colcon_core.event_handler.log_command:Invoking command in '/home/rover/rover_workspace/build/rplidar_ros': CMAKE_PREFIX_PATH=${CMAKE_PREFIX_PATH}:/home/rover/NUC-1/install/variable_autonomy:/home/rover/NUC-1/install/bno055:/home/rover/rover_workspace/install/bno055:/opt/ros/humble /usr/bin/cmake /home/rover/rover_workspace/src/rplidar_ros -DAMENT_CMAKE_SYMLINK_INSTALL=1 -DCMAKE_INSTALL_PREFIX=/home/rover/rover_workspace/install/rplidar_ros
[0.427s] DEBUG:colcon.colcon_core.event_handler.log_command:Invoked command in '/home/rover/rover_workspace/build/roverrobotics_description' returned '0': CMAKE_PREFIX_PATH=${CMAKE_PREFIX_PATH}:/home/rover/NUC-1/install/variable_autonomy:/home/rover/NUC-1/install/bno055:/home/rover/rover_workspace/install/bno055:/opt/ros/humble /usr/bin/cmake /home/rover/rover_workspace/src/roverrobotics_description -DAMENT_CMAKE_SYMLINK_INSTALL=1 -DCMAKE_INSTALL_PREFIX=/home/rover/rover_workspace/install/roverrobotics_description
[0.428s] DEBUG:colcon.colcon_core.event_handler.log_command:Invoking command in '/home/rover/rover_workspace/build/roverrobotics_description': CMAKE_PREFIX_PATH=${CMAKE_PREFIX_PATH}:/home/rover/NUC-1/install/variable_autonomy:/home/rover/NUC-1/install/bno055:/home/rover/rover_workspace/install/bno055:/opt/ros/humble /usr/bin/cmake --build /home/rover/rover_workspace/build/roverrobotics_description -- -j8 -l8
[0.453s] DEBUG:colcon.colcon_core.event_handler.log_command:Invoked command in '/home/rover/rover_workspace/build/roverrobotics_description' returned '0': CMAKE_PREFIX_PATH=${CMAKE_PREFIX_PATH}:/home/rover/NUC-1/install/variable_autonomy:/home/rover/NUC-1/install/bno055:/home/rover/rover_workspace/install/bno055:/opt/ros/humble /usr/bin/cmake --build /home/rover/rover_workspace/build/roverrobotics_description -- -j8 -l8
[0.461s] DEBUG:colcon.colcon_core.event_handler.log_command:Invoking command in '/home/rover/rover_workspace/build/roverrobotics_description': CMAKE_PREFIX_PATH=${CMAKE_PREFIX_PATH}:/home/rover/NUC-1/install/variable_autonomy:/home/rover/NUC-1/install/bno055:/home/rover/rover_workspace/install/bno055:/opt/ros/humble /usr/bin/cmake --install /home/rover/rover_workspace/build/roverrobotics_description
[0.480s] Level 1:colcon.colcon_core.environment:create_environment_scripts_only(roverrobotics_description)
[0.480s] DEBUG:colcon.colcon_core.event_handler.log_command:Invoked command in '/home/rover/rover_workspace/build/roverrobotics_description' returned '0': CMAKE_PREFIX_PATH=${CMAKE_PREFIX_PATH}:/home/rover/NUC-1/install/variable_autonomy:/home/rover/NUC-1/install/bno055:/home/rover/rover_workspace/install/bno055:/opt/ros/humble /usr/bin/cmake --install /home/rover/rover_workspace/build/roverrobotics_description
[0.483s] Level 1:colcon.colcon_core.environment:checking '/home/rover/rover_workspace/install/roverrobotics_description' for CMake module files
[0.483s] Level 1:colcon.colcon_core.environment:checking '/home/rover/rover_workspace/install/roverrobotics_description' for CMake config files
[0.483s] Level 1:colcon.colcon_core.shell:create_environment_hook('roverrobotics_description', 'cmake_prefix_path')
[0.484s] INFO:colcon.colcon_core.shell:Creating environment hook '/home/rover/rover_workspace/install/roverrobotics_description/share/roverrobotics_description/hook/cmake_prefix_path.ps1'
[0.484s] INFO:colcon.colcon_core.shell:Creating environment descriptor '/home/rover/rover_workspace/install/roverrobotics_description/share/roverrobotics_description/hook/cmake_prefix_path.dsv'
[0.485s] INFO:colcon.colcon_core.shell:Creating environment hook '/home/rover/rover_workspace/install/roverrobotics_description/share/roverrobotics_description/hook/cmake_prefix_path.sh'
[0.485s] Level 1:colcon.colcon_core.environment:checking '/home/rover/rover_workspace/install/roverrobotics_description/bin'
[0.485s] Level 1:colcon.colcon_core.environment:checking '/home/rover/rover_workspace/install/roverrobotics_description/lib/pkgconfig/roverrobotics_description.pc'
[0.486s] Level 1:colcon.colcon_core.environment:checking '/home/rover/rover_workspace/install/roverrobotics_description/lib/python3.10/site-packages'
[0.486s] Level 1:colcon.colcon_core.environment:checking '/home/rover/rover_workspace/install/roverrobotics_description/bin'
[0.486s] INFO:colcon.colcon_core.shell:Creating package script '/home/rover/rover_workspace/install/roverrobotics_description/share/roverrobotics_description/package.ps1'
[0.487s] INFO:colcon.colcon_core.shell:Creating package descriptor '/home/rover/rover_workspace/install/roverrobotics_description/share/roverrobotics_description/package.dsv'
[0.488s] INFO:colcon.colcon_core.shell:Creating package script '/home/rover/rover_workspace/install/roverrobotics_description/share/roverrobotics_description/package.sh'
[0.488s] INFO:colcon.colcon_core.shell:Creating package script '/home/rover/rover_workspace/install/roverrobotics_description/share/roverrobotics_description/package.bash'
[0.489s] INFO:colcon.colcon_core.shell:Creating package script '/home/rover/rover_workspace/install/roverrobotics_description/share/roverrobotics_description/package.zsh'
[0.490s] Level 1:colcon.colcon_core.environment:create_file_with_runtime_dependencies(/home/rover/rover_workspace/install/roverrobotics_description/share/colcon-core/packages/roverrobotics_description)
[0.491s] Level 1:colcon.colcon_core.environment:create_environment_scripts_only(roverrobotics_description)
[0.491s] Level 1:colcon.colcon_core.environment:checking '/home/rover/rover_workspace/install/roverrobotics_description' for CMake module files
[0.491s] Level 1:colcon.colcon_core.environment:checking '/home/rover/rover_workspace/install/roverrobotics_description' for CMake config files
[0.492s] Level 1:colcon.colcon_core.shell:create_environment_hook('roverrobotics_description', 'cmake_prefix_path')
[0.492s] INFO:colcon.colcon_core.shell:Creating environment hook '/home/rover/rover_workspace/install/roverrobotics_description/share/roverrobotics_description/hook/cmake_prefix_path.ps1'
[0.492s] INFO:colcon.colcon_core.shell:Creating environment descriptor '/home/rover/rover_workspace/install/roverrobotics_description/share/roverrobotics_description/hook/cmake_prefix_path.dsv'
[0.493s] INFO:colcon.colcon_core.shell:Creating environment hook '/home/rover/rover_workspace/install/roverrobotics_description/share/roverrobotics_description/hook/cmake_prefix_path.sh'
[0.493s] Level 1:colcon.colcon_core.environment:checking '/home/rover/rover_workspace/install/roverrobotics_description/bin'
[0.493s] Level 1:colcon.colcon_core.environment:checking '/home/rover/rover_workspace/install/roverrobotics_description/lib/pkgconfig/roverrobotics_description.pc'
[0.493s] Level 1:colcon.colcon_core.environment:checking '/home/rover/rover_workspace/install/roverrobotics_description/lib/python3.10/site-packages'
[0.494s] Level 1:colcon.colcon_core.environment:checking '/home/rover/rover_workspace/install/roverrobotics_description/bin'
[0.494s] INFO:colcon.colcon_core.shell:Creating package script '/home/rover/rover_workspace/install/roverrobotics_description/share/roverrobotics_description/package.ps1'
[0.495s] INFO:colcon.colcon_core.shell:Creating package descriptor '/home/rover/rover_workspace/install/roverrobotics_description/share/roverrobotics_description/package.dsv'
[0.495s] INFO:colcon.colcon_core.shell:Creating package script '/home/rover/rover_workspace/install/roverrobotics_description/share/roverrobotics_description/package.sh'
[0.495s] INFO:colcon.colcon_core.shell:Creating package script '/home/rover/rover_workspace/install/roverrobotics_description/share/roverrobotics_description/package.bash'
[0.496s] INFO:colcon.colcon_core.shell:Creating package script '/home/rover/rover_workspace/install/roverrobotics_description/share/roverrobotics_description/package.zsh'
[0.496s] Level 1:colcon.colcon_core.environment:create_file_with_runtime_dependencies(/home/rover/rover_workspace/install/roverrobotics_description/share/colcon-core/packages/roverrobotics_description)
[0.497s] INFO:colcon.colcon_ros.task.ament_cmake.build:Building ROS package in '/home/rover/rover_workspace/src/roverrobotics_gazebo' with build type 'ament_cmake'
[0.497s] INFO:colcon.colcon_cmake.task.cmake.build:Building CMake package in '/home/rover/rover_workspace/src/roverrobotics_gazebo'
[0.497s] INFO:colcon.colcon_core.shell:Skip shell extension 'powershell' for command environment: Not usable outside of PowerShell
[0.497s] DEBUG:colcon.colcon_core.shell:Skip shell extension 'dsv' for command environment
[0.507s] DEBUG:colcon.colcon_core.event_handler.log_command:Invoking command in '/home/rover/rover_workspace/build/roverrobotics_gazebo': CMAKE_PREFIX_PATH=/home/rover/rover_workspace/install/roverrobotics_description:/home/rover/NUC-1/install/switch_control:/home/rover/NUC-1/install/rplidar_ros:/home/rover/NUC-1/install/roverrobotics_input_manager:/home/rover/NUC-1/install/roverrobotics_gazebo:/home/rover/NUC-1/install/roverrobotics_driver:/home/rover/NUC-1/install/roverrobotics_description:/home/rover/rover_workspace/install/rplidar_ros:/home/rover/rover_workspace/install/roverrobotics_input_manager:/home/rover/rover_workspace/install/roverrobotics_gazebo:/home/rover/rover_workspace/install/roverrobotics_driver:/home/rover/NUC-1/install/variable_autonomy:/home/rover/NUC-1/install/bno055:/home/rover/rover_workspace/install/bno055:/opt/ros/humble /usr/bin/cmake /home/rover/rover_workspace/src/roverrobotics_gazebo -DAMENT_CMAKE_SYMLINK_INSTALL=1 -DCMAKE_INSTALL_PREFIX=/home/rover/rover_workspace/install/roverrobotics_gazebo
[0.589s] DEBUG:colcon.colcon_core.event_handler.log_command:Invoked command in '/home/rover/rover_workspace/build/roverrobotics_input_manager' returned '0': CMAKE_PREFIX_PATH=${CMAKE_PREFIX_PATH}:/home/rover/NUC-1/install/variable_autonomy:/home/rover/NUC-1/install/bno055:/home/rover/rover_workspace/install/bno055:/opt/ros/humble /usr/bin/cmake /home/rover/rover_workspace/src/roverrobotics_input_manager -DAMENT_CMAKE_SYMLINK_INSTALL=1 -DCMAKE_INSTALL_PREFIX=/home/rover/rover_workspace/install/roverrobotics_input_manager
[0.590s] DEBUG:colcon.colcon_core.event_handler.log_command:Invoking command in '/home/rover/rover_workspace/build/roverrobotics_input_manager': CMAKE_PREFIX_PATH=${CMAKE_PREFIX_PATH}:/home/rover/NUC-1/install/variable_autonomy:/home/rover/NUC-1/install/bno055:/home/rover/rover_workspace/install/bno055:/opt/ros/humble /usr/bin/cmake --build /home/rover/rover_workspace/build/roverrobotics_input_manager -- -j8 -l8
[0.616s] DEBUG:colcon.colcon_core.event_handler.log_command:Invoked command in '/home/rover/rover_workspace/build/roverrobotics_input_manager' returned '0': CMAKE_PREFIX_PATH=${CMAKE_PREFIX_PATH}:/home/rover/NUC-1/install/variable_autonomy:/home/rover/NUC-1/install/bno055:/home/rover/rover_workspace/install/bno055:/opt/ros/humble /usr/bin/cmake --build /home/rover/rover_workspace/build/roverrobotics_input_manager -- -j8 -l8
[0.618s] DEBUG:colcon.colcon_core.event_handler.log_command:Invoking command in '/home/rover/rover_workspace/build/roverrobotics_input_manager': CMAKE_PREFIX_PATH=${CMAKE_PREFIX_PATH}:/home/rover/NUC-1/install/variable_autonomy:/home/rover/NUC-1/install/bno055:/home/rover/rover_workspace/install/bno055:/opt/ros/humble /usr/bin/cmake --install /home/rover/rover_workspace/build/roverrobotics_input_manager
[0.632s] Level 1:colcon.colcon_core.environment:create_environment_scripts_only(roverrobotics_input_manager)
[0.633s] Level 1:colcon.colcon_core.environment:checking '/home/rover/rover_workspace/install/roverrobotics_input_manager' for CMake module files
[0.633s] DEBUG:colcon.colcon_core.event_handler.log_command:Invoked command in '/home/rover/rover_workspace/build/roverrobotics_input_manager' returned '0': CMAKE_PREFIX_PATH=${CMAKE_PREFIX_PATH}:/home/rover/NUC-1/install/variable_autonomy:/home/rover/NUC-1/install/bno055:/home/rover/rover_workspace/install/bno055:/opt/ros/humble /usr/bin/cmake --install /home/rover/rover_workspace/build/roverrobotics_input_manager
[0.634s] Level 1:colcon.colcon_core.environment:checking '/home/rover/rover_workspace/install/roverrobotics_input_manager' for CMake config files
[0.634s] Level 1:colcon.colcon_core.shell:create_environment_hook('roverrobotics_input_manager', 'cmake_prefix_path')
[0.634s] INFO:colcon.colcon_core.shell:Creating environment hook '/home/rover/rover_workspace/install/roverrobotics_input_manager/share/roverrobotics_input_manager/hook/cmake_prefix_path.ps1'
[0.635s] INFO:colcon.colcon_core.shell:Creating environment descriptor '/home/rover/rover_workspace/install/roverrobotics_input_manager/share/roverrobotics_input_manager/hook/cmake_prefix_path.dsv'
[0.635s] INFO:colcon.colcon_core.shell:Creating environment hook '/home/rover/rover_workspace/install/roverrobotics_input_manager/share/roverrobotics_input_manager/hook/cmake_prefix_path.sh'
[0.635s] Level 1:colcon.colcon_core.environment:checking '/home/rover/rover_workspace/install/roverrobotics_input_manager/lib'
[0.636s] Level 1:colcon.colcon_core.environment:checking '/home/rover/rover_workspace/install/roverrobotics_input_manager/bin'
[0.636s] Level 1:colcon.colcon_core.environment:checking '/home/rover/rover_workspace/install/roverrobotics_input_manager/lib/pkgconfig/roverrobotics_input_manager.pc'
[0.636s] Level 1:colcon.colcon_core.environment:checking '/home/rover/rover_workspace/install/roverrobotics_input_manager/lib/python3.10/site-packages'
[0.636s] Level 1:colcon.colcon_core.environment:checking '/home/rover/rover_workspace/install/roverrobotics_input_manager/bin'
[0.637s] INFO:colcon.colcon_core.shell:Creating package script '/home/rover/rover_workspace/install/roverrobotics_input_manager/share/roverrobotics_input_manager/package.ps1'
[0.637s] INFO:colcon.colcon_core.shell:Creating package descriptor '/home/rover/rover_workspace/install/roverrobotics_input_manager/share/roverrobotics_input_manager/package.dsv'
[0.637s] INFO:colcon.colcon_core.shell:Creating package script '/home/rover/rover_workspace/install/roverrobotics_input_manager/share/roverrobotics_input_manager/package.sh'
[0.638s] INFO:colcon.colcon_core.shell:Creating package script '/home/rover/rover_workspace/install/roverrobotics_input_manager/share/roverrobotics_input_manager/package.bash'
[0.638s] INFO:colcon.colcon_core.shell:Creating package script '/home/rover/rover_workspace/install/roverrobotics_input_manager/share/roverrobotics_input_manager/package.zsh'
[0.638s] Level 1:colcon.colcon_core.environment:create_file_with_runtime_dependencies(/home/rover/rover_workspace/install/roverrobotics_input_manager/share/colcon-core/packages/roverrobotics_input_manager)
[0.639s] Level 1:colcon.colcon_core.environment:create_environment_scripts_only(roverrobotics_input_manager)
[0.639s] Level 1:colcon.colcon_core.environment:checking '/home/rover/rover_workspace/install/roverrobotics_input_manager' for CMake module files
[0.639s] Level 1:colcon.colcon_core.environment:checking '/home/rover/rover_workspace/install/roverrobotics_input_manager' for CMake config files
[0.640s] Level 1:colcon.colcon_core.shell:create_environment_hook('roverrobotics_input_manager', 'cmake_prefix_path')
[0.640s] INFO:colcon.colcon_core.shell:Creating environment hook '/home/rover/rover_workspace/install/roverrobotics_input_manager/share/roverrobotics_input_manager/hook/cmake_prefix_path.ps1'
[0.640s] INFO:colcon.colcon_core.shell:Creating environment descriptor '/home/rover/rover_workspace/install/roverrobotics_input_manager/share/roverrobotics_input_manager/hook/cmake_prefix_path.dsv'
[0.641s] INFO:colcon.colcon_core.shell:Creating environment hook '/home/rover/rover_workspace/install/roverrobotics_input_manager/share/roverrobotics_input_manager/hook/cmake_prefix_path.sh'
[0.641s] Level 1:colcon.colcon_core.environment:checking '/home/rover/rover_workspace/install/roverrobotics_input_manager/lib'
[0.641s] Level 1:colcon.colcon_core.environment:checking '/home/rover/rover_workspace/install/roverrobotics_input_manager/bin'
[0.641s] Level 1:colcon.colcon_core.environment:checking '/home/rover/rover_workspace/install/roverrobotics_input_manager/lib/pkgconfig/roverrobotics_input_manager.pc'
[0.641s] Level 1:colcon.colcon_core.environment:checking '/home/rover/rover_workspace/install/roverrobotics_input_manager/lib/python3.10/site-packages'
[0.642s] Level 1:colcon.colcon_core.environment:checking '/home/rover/rover_workspace/install/roverrobotics_input_manager/bin'
[0.642s] INFO:colcon.colcon_core.shell:Creating package script '/home/rover/rover_workspace/install/roverrobotics_input_manager/share/roverrobotics_input_manager/package.ps1'
[0.642s] INFO:colcon.colcon_core.shell:Creating package descriptor '/home/rover/rover_workspace/install/roverrobotics_input_manager/share/roverrobotics_input_manager/package.dsv'
[0.643s] INFO:colcon.colcon_core.shell:Creating package script '/home/rover/rover_workspace/install/roverrobotics_input_manager/share/roverrobotics_input_manager/package.sh'
[0.643s] INFO:colcon.colcon_core.shell:Creating package script '/home/rover/rover_workspace/install/roverrobotics_input_manager/share/roverrobotics_input_manager/package.bash'
[0.644s] INFO:colcon.colcon_core.shell:Creating package script '/home/rover/rover_workspace/install/roverrobotics_input_manager/share/roverrobotics_input_manager/package.zsh'
[0.644s] Level 1:colcon.colcon_core.environment:create_file_with_runtime_dependencies(/home/rover/rover_workspace/install/roverrobotics_input_manager/share/colcon-core/packages/roverrobotics_input_manager)
[0.677s] DEBUG:colcon.colcon_core.event_handler.log_command:Invoked command in '/home/rover/rover_workspace/build/roverrobotics_gazebo' returned '0': CMAKE_PREFIX_PATH=/home/rover/rover_workspace/install/roverrobotics_description:/home/rover/NUC-1/install/switch_control:/home/rover/NUC-1/install/rplidar_ros:/home/rover/NUC-1/install/roverrobotics_input_manager:/home/rover/NUC-1/install/roverrobotics_gazebo:/home/rover/NUC-1/install/roverrobotics_driver:/home/rover/NUC-1/install/roverrobotics_description:/home/rover/rover_workspace/install/rplidar_ros:/home/rover/rover_workspace/install/roverrobotics_input_manager:/home/rover/rover_workspace/install/roverrobotics_gazebo:/home/rover/rover_workspace/install/roverrobotics_driver:/home/rover/NUC-1/install/variable_autonomy:/home/rover/NUC-1/install/bno055:/home/rover/rover_workspace/install/bno055:/opt/ros/humble /usr/bin/cmake /home/rover/rover_workspace/src/roverrobotics_gazebo -DAMENT_CMAKE_SYMLINK_INSTALL=1 -DCMAKE_INSTALL_PREFIX=/home/rover/rover_workspace/install/roverrobotics_gazebo
[0.678s] DEBUG:colcon.colcon_core.event_handler.log_command:Invoking command in '/home/rover/rover_workspace/build/roverrobotics_gazebo': CMAKE_PREFIX_PATH=/home/rover/rover_workspace/install/roverrobotics_description:/home/rover/NUC-1/install/switch_control:/home/rover/NUC-1/install/rplidar_ros:/home/rover/NUC-1/install/roverrobotics_input_manager:/home/rover/NUC-1/install/roverrobotics_gazebo:/home/rover/NUC-1/install/roverrobotics_driver:/home/rover/NUC-1/install/roverrobotics_description:/home/rover/rover_workspace/install/rplidar_ros:/home/rover/rover_workspace/install/roverrobotics_input_manager:/home/rover/rover_workspace/install/roverrobotics_gazebo:/home/rover/rover_workspace/install/roverrobotics_driver:/home/rover/NUC-1/install/variable_autonomy:/home/rover/NUC-1/install/bno055:/home/rover/rover_workspace/install/bno055:/opt/ros/humble /usr/bin/cmake --build /home/rover/rover_workspace/build/roverrobotics_gazebo -- -j8 -l8
[0.703s] DEBUG:colcon.colcon_core.event_handler.log_command:Invoked command in '/home/rover/rover_workspace/build/roverrobotics_gazebo' returned '0': CMAKE_PREFIX_PATH=/home/rover/rover_workspace/install/roverrobotics_description:/home/rover/NUC-1/install/switch_control:/home/rover/NUC-1/install/rplidar_ros:/home/rover/NUC-1/install/roverrobotics_input_manager:/home/rover/NUC-1/install/roverrobotics_gazebo:/home/rover/NUC-1/install/roverrobotics_driver:/home/rover/NUC-1/install/roverrobotics_description:/home/rover/rover_workspace/install/rplidar_ros:/home/rover/rover_workspace/install/roverrobotics_input_manager:/home/rover/rover_workspace/install/roverrobotics_gazebo:/home/rover/rover_workspace/install/roverrobotics_driver:/home/rover/NUC-1/install/variable_autonomy:/home/rover/NUC-1/install/bno055:/home/rover/rover_workspace/install/bno055:/opt/ros/humble /usr/bin/cmake --build /home/rover/rover_workspace/build/roverrobotics_gazebo -- -j8 -l8
[0.704s] DEBUG:colcon.colcon_core.event_handler.log_command:Invoking command in '/home/rover/rover_workspace/build/roverrobotics_gazebo': CMAKE_PREFIX_PATH=/home/rover/rover_workspace/install/roverrobotics_description:/home/rover/NUC-1/install/switch_control:/home/rover/NUC-1/install/rplidar_ros:/home/rover/NUC-1/install/roverrobotics_input_manager:/home/rover/NUC-1/install/roverrobotics_gazebo:/home/rover/NUC-1/install/roverrobotics_driver:/home/rover/NUC-1/install/roverrobotics_description:/home/rover/rover_workspace/install/rplidar_ros:/home/rover/rover_workspace/install/roverrobotics_input_manager:/home/rover/rover_workspace/install/roverrobotics_gazebo:/home/rover/rover_workspace/install/roverrobotics_driver:/home/rover/NUC-1/install/variable_autonomy:/home/rover/NUC-1/install/bno055:/home/rover/rover_workspace/install/bno055:/opt/ros/humble /usr/bin/cmake --install /home/rover/rover_workspace/build/roverrobotics_gazebo
[0.719s] Level 1:colcon.colcon_core.environment:create_environment_scripts_only(roverrobotics_gazebo)
[0.719s] Level 1:colcon.colcon_core.environment:checking '/home/rover/rover_workspace/install/roverrobotics_gazebo' for CMake module files
[0.719s] DEBUG:colcon.colcon_core.event_handler.log_command:Invoked command in '/home/rover/rover_workspace/build/roverrobotics_gazebo' returned '0': CMAKE_PREFIX_PATH=/home/rover/rover_workspace/install/roverrobotics_description:/home/rover/NUC-1/install/switch_control:/home/rover/NUC-1/install/rplidar_ros:/home/rover/NUC-1/install/roverrobotics_input_manager:/home/rover/NUC-1/install/roverrobotics_gazebo:/home/rover/NUC-1/install/roverrobotics_driver:/home/rover/NUC-1/install/roverrobotics_description:/home/rover/rover_workspace/install/rplidar_ros:/home/rover/rover_workspace/install/roverrobotics_input_manager:/home/rover/rover_workspace/install/roverrobotics_gazebo:/home/rover/rover_workspace/install/roverrobotics_driver:/home/rover/NUC-1/install/variable_autonomy:/home/rover/NUC-1/install/bno055:/home/rover/rover_workspace/install/bno055:/opt/ros/humble /usr/bin/cmake --install /home/rover/rover_workspace/build/roverrobotics_gazebo
[0.720s] Level 1:colcon.colcon_core.environment:checking '/home/rover/rover_workspace/install/roverrobotics_gazebo' for CMake config files
[0.720s] Level 1:colcon.colcon_core.shell:create_environment_hook('roverrobotics_gazebo', 'cmake_prefix_path')
[0.720s] INFO:colcon.colcon_core.shell:Creating environment hook '/home/rover/rover_workspace/install/roverrobotics_gazebo/share/roverrobotics_gazebo/hook/cmake_prefix_path.ps1'
[0.721s] INFO:colcon.colcon_core.shell:Creating environment descriptor '/home/rover/rover_workspace/install/roverrobotics_gazebo/share/roverrobotics_gazebo/hook/cmake_prefix_path.dsv'
[0.721s] INFO:colcon.colcon_core.shell:Creating environment hook '/home/rover/rover_workspace/install/roverrobotics_gazebo/share/roverrobotics_gazebo/hook/cmake_prefix_path.sh'
[0.722s] Level 1:colcon.colcon_core.environment:checking '/home/rover/rover_workspace/install/roverrobotics_gazebo/bin'
[0.722s] Level 1:colcon.colcon_core.environment:checking '/home/rover/rover_workspace/install/roverrobotics_gazebo/lib/pkgconfig/roverrobotics_gazebo.pc'
[0.722s] Level 1:colcon.colcon_core.environment:checking '/home/rover/rover_workspace/install/roverrobotics_gazebo/lib/python3.10/site-packages'
[0.722s] Level 1:colcon.colcon_core.environment:checking '/home/rover/rover_workspace/install/roverrobotics_gazebo/bin'
[0.723s] INFO:colcon.colcon_core.shell:Creating package script '/home/rover/rover_workspace/install/roverrobotics_gazebo/share/roverrobotics_gazebo/package.ps1'
[0.723s] INFO:colcon.colcon_core.shell:Creating package descriptor '/home/rover/rover_workspace/install/roverrobotics_gazebo/share/roverrobotics_gazebo/package.dsv'
[0.724s] INFO:colcon.colcon_core.shell:Creating package script '/home/rover/rover_workspace/install/roverrobotics_gazebo/share/roverrobotics_gazebo/package.sh'
[0.724s] INFO:colcon.colcon_core.shell:Creating package script '/home/rover/rover_workspace/install/roverrobotics_gazebo/share/roverrobotics_gazebo/package.bash'
[0.724s] INFO:colcon.colcon_core.shell:Creating package script '/home/rover/rover_workspace/install/roverrobotics_gazebo/share/roverrobotics_gazebo/package.zsh'
[0.725s] Level 1:colcon.colcon_core.environment:create_file_with_runtime_dependencies(/home/rover/rover_workspace/install/roverrobotics_gazebo/share/colcon-core/packages/roverrobotics_gazebo)
[0.725s] Level 1:colcon.colcon_core.environment:create_environment_scripts_only(roverrobotics_gazebo)
[0.726s] Level 1:colcon.colcon_core.environment:checking '/home/rover/rover_workspace/install/roverrobotics_gazebo' for CMake module files
[0.726s] Level 1:colcon.colcon_core.environment:checking '/home/rover/rover_workspace/install/roverrobotics_gazebo' for CMake config files
[0.726s] Level 1:colcon.colcon_core.shell:create_environment_hook('roverrobotics_gazebo', 'cmake_prefix_path')
[0.726s] INFO:colcon.colcon_core.shell:Creating environment hook '/home/rover/rover_workspace/install/roverrobotics_gazebo/share/roverrobotics_gazebo/hook/cmake_prefix_path.ps1'
[0.727s] INFO:colcon.colcon_core.shell:Creating environment descriptor '/home/rover/rover_workspace/install/roverrobotics_gazebo/share/roverrobotics_gazebo/hook/cmake_prefix_path.dsv'
[0.727s] INFO:colcon.colcon_core.shell:Creating environment hook '/home/rover/rover_workspace/install/roverrobotics_gazebo/share/roverrobotics_gazebo/hook/cmake_prefix_path.sh'
[0.728s] Level 1:colcon.colcon_core.environment:checking '/home/rover/rover_workspace/install/roverrobotics_gazebo/bin'
[0.728s] Level 1:colcon.colcon_core.environment:checking '/home/rover/rover_workspace/install/roverrobotics_gazebo/lib/pkgconfig/roverrobotics_gazebo.pc'
[0.728s] Level 1:colcon.colcon_core.environment:checking '/home/rover/rover_workspace/install/roverrobotics_gazebo/lib/python3.10/site-packages'
[0.728s] Level 1:colcon.colcon_core.environment:checking '/home/rover/rover_workspace/install/roverrobotics_gazebo/bin'
[0.729s] INFO:colcon.colcon_core.shell:Creating package script '/home/rover/rover_workspace/install/roverrobotics_gazebo/share/roverrobotics_gazebo/package.ps1'
[0.729s] INFO:colcon.colcon_core.shell:Creating package descriptor '/home/rover/rover_workspace/install/roverrobotics_gazebo/share/roverrobotics_gazebo/package.dsv'
[0.730s] INFO:colcon.colcon_core.shell:Creating package script '/home/rover/rover_workspace/install/roverrobotics_gazebo/share/roverrobotics_gazebo/package.sh'
[0.730s] INFO:colcon.colcon_core.shell:Creating package script '/home/rover/rover_workspace/install/roverrobotics_gazebo/share/roverrobotics_gazebo/package.bash'
[0.731s] INFO:colcon.colcon_core.shell:Creating package script '/home/rover/rover_workspace/install/roverrobotics_gazebo/share/roverrobotics_gazebo/package.zsh'
[0.731s] Level 1:colcon.colcon_core.environment:create_file_with_runtime_dependencies(/home/rover/rover_workspace/install/roverrobotics_gazebo/share/colcon-core/packages/roverrobotics_gazebo)
[0.744s] DEBUG:colcon.colcon_core.task.python.build:While undoing a previous installation files outside the Python library path are being ignored: /home/rover/rover_workspace/install/bno055/share/ament_index/resource_index/packages/bno055
[0.744s] DEBUG:colcon.colcon_core.task.python.build:While undoing a previous installation files outside the Python library path are being ignored: /home/rover/rover_workspace/install/bno055/share/bno055/package.xml
[0.744s] DEBUG:colcon.colcon_core.task.python.build:While undoing a previous installation files outside the Python library path are being ignored: /home/rover/rover_workspace/install/bno055/share/bno055/launch/bno055.launch.py
[0.744s] DEBUG:colcon.colcon_core.task.python.build:While undoing a previous installation files outside the Python library path are being ignored: /home/rover/rover_workspace/install/bno055/share/bno055/config/bno055_params_i2c.yaml
[0.744s] DEBUG:colcon.colcon_core.task.python.build:While undoing a previous installation files outside the Python library path are being ignored: /home/rover/rover_workspace/install/bno055/share/bno055/config/bno055_params.yaml
[0.744s] DEBUG:colcon.colcon_core.task.python.build:While undoing a previous installation files outside the Python library path are being ignored: /home/rover/rover_workspace/install/bno055/share/bno055/config/bno055_params_test.yaml
[0.744s] DEBUG:colcon.colcon_core.task.python.build:While undoing a previous installation files outside the Python library path are being ignored: /home/rover/rover_workspace/install/bno055/lib/bno055/bno055
[0.746s] DEBUG:colcon.colcon_core.event_handler.log_command:Invoking command in '/home/rover/rover_workspace/build/bno055': PYTHONPATH=/home/rover/rover_workspace/build/bno055/prefix_override:/usr/lib/python3/dist-packages/colcon_core/task/python/colcon_distutils_commands:/home/rover/rover_workspace/install/bno055/lib/python3.10/site-packages:${PYTHONPATH} /usr/bin/python3 -W ignore:setup.py install is deprecated -W ignore:easy_install command is deprecated setup.py develop --editable --build-directory /home/rover/rover_workspace/build/bno055/build --no-deps symlink_data --force
[0.838s] DEBUG:colcon.colcon_core.event_handler.log_command:Invoked command in '/home/rover/rover_workspace/build/rplidar_ros' returned '0': CMAKE_PREFIX_PATH=${CMAKE_PREFIX_PATH}:/home/rover/NUC-1/install/variable_autonomy:/home/rover/NUC-1/install/bno055:/home/rover/rover_workspace/install/bno055:/opt/ros/humble /usr/bin/cmake /home/rover/rover_workspace/src/rplidar_ros -DAMENT_CMAKE_SYMLINK_INSTALL=1 -DCMAKE_INSTALL_PREFIX=/home/rover/rover_workspace/install/rplidar_ros
[0.839s] DEBUG:colcon.colcon_core.event_handler.log_command:Invoking command in '/home/rover/rover_workspace/build/rplidar_ros': CMAKE_PREFIX_PATH=${CMAKE_PREFIX_PATH}:/home/rover/NUC-1/install/variable_autonomy:/home/rover/NUC-1/install/bno055:/home/rover/rover_workspace/install/bno055:/opt/ros/humble /usr/bin/cmake --build /home/rover/rover_workspace/build/rplidar_ros -- -j8 -l8
[0.841s] DEBUG:colcon.colcon_core.event_handler.log_command:Invoked command in '/home/rover/rover_workspace/build/roverrobotics_driver' returned '0': CMAKE_PREFIX_PATH=${CMAKE_PREFIX_PATH}:/home/rover/NUC-1/install/variable_autonomy:/home/rover/NUC-1/install/bno055:/home/rover/rover_workspace/install/bno055:/opt/ros/humble /usr/bin/cmake /home/rover/rover_workspace/src/roverrobotics_driver -DAMENT_CMAKE_SYMLINK_INSTALL=1 -DCMAKE_INSTALL_PREFIX=/home/rover/rover_workspace/install/roverrobotics_driver
[0.842s] DEBUG:colcon.colcon_core.event_handler.log_command:Invoking command in '/home/rover/rover_workspace/build/roverrobotics_driver': CMAKE_PREFIX_PATH=${CMAKE_PREFIX_PATH}:/home/rover/NUC-1/install/variable_autonomy:/home/rover/NUC-1/install/bno055:/home/rover/rover_workspace/install/bno055:/opt/ros/humble /usr/bin/cmake --build /home/rover/rover_workspace/build/roverrobotics_driver -- -j8 -l8
[0.894s] DEBUG:colcon.colcon_core.event_handler.log_command:Invoked command in '/home/rover/rover_workspace/build/rplidar_ros' returned '0': CMAKE_PREFIX_PATH=${CMAKE_PREFIX_PATH}:/home/rover/NUC-1/install/variable_autonomy:/home/rover/NUC-1/install/bno055:/home/rover/rover_workspace/install/bno055:/opt/ros/humble /usr/bin/cmake --build /home/rover/rover_workspace/build/rplidar_ros -- -j8 -l8
[0.895s] DEBUG:colcon.colcon_core.event_handler.log_command:Invoking command in '/home/rover/rover_workspace/build/rplidar_ros': CMAKE_PREFIX_PATH=${CMAKE_PREFIX_PATH}:/home/rover/NUC-1/install/variable_autonomy:/home/rover/NUC-1/install/bno055:/home/rover/rover_workspace/install/bno055:/opt/ros/humble /usr/bin/cmake --install /home/rover/rover_workspace/build/rplidar_ros
[0.896s] DEBUG:colcon.colcon_core.event_handler.log_command:Invoked command in '/home/rover/rover_workspace/build/roverrobotics_driver' returned '0': CMAKE_PREFIX_PATH=${CMAKE_PREFIX_PATH}:/home/rover/NUC-1/install/variable_autonomy:/home/rover/NUC-1/install/bno055:/home/rover/rover_workspace/install/bno055:/opt/ros/humble /usr/bin/cmake --build /home/rover/rover_workspace/build/roverrobotics_driver -- -j8 -l8
[0.897s] DEBUG:colcon.colcon_core.event_handler.log_command:Invoking command in '/home/rover/rover_workspace/build/roverrobotics_driver': CMAKE_PREFIX_PATH=${CMAKE_PREFIX_PATH}:/home/rover/NUC-1/install/variable_autonomy:/home/rover/NUC-1/install/bno055:/home/rover/rover_workspace/install/bno055:/opt/ros/humble /usr/bin/cmake --install /home/rover/rover_workspace/build/roverrobotics_driver
[0.911s] Level 1:colcon.colcon_core.environment:create_environment_scripts_only(rplidar_ros)
[0.912s] Level 1:colcon.colcon_core.environment:checking '/home/rover/rover_workspace/install/rplidar_ros' for CMake module files
[0.912s] DEBUG:colcon.colcon_core.event_handler.log_command:Invoked command in '/home/rover/rover_workspace/build/rplidar_ros' returned '0': CMAKE_PREFIX_PATH=${CMAKE_PREFIX_PATH}:/home/rover/NUC-1/install/variable_autonomy:/home/rover/NUC-1/install/bno055:/home/rover/rover_workspace/install/bno055:/opt/ros/humble /usr/bin/cmake --install /home/rover/rover_workspace/build/rplidar_ros
[0.912s] Level 1:colcon.colcon_core.environment:checking '/home/rover/rover_workspace/install/rplidar_ros' for CMake config files
[0.913s] Level 1:colcon.colcon_core.shell:create_environment_hook('rplidar_ros', 'cmake_prefix_path')
[0.913s] INFO:colcon.colcon_core.shell:Creating environment hook '/home/rover/rover_workspace/install/rplidar_ros/share/rplidar_ros/hook/cmake_prefix_path.ps1'
[0.913s] INFO:colcon.colcon_core.shell:Creating environment descriptor '/home/rover/rover_workspace/install/rplidar_ros/share/rplidar_ros/hook/cmake_prefix_path.dsv'
[0.914s] INFO:colcon.colcon_core.shell:Creating environment hook '/home/rover/rover_workspace/install/rplidar_ros/share/rplidar_ros/hook/cmake_prefix_path.sh'
[0.914s] Level 1:colcon.colcon_core.environment:checking '/home/rover/rover_workspace/install/rplidar_ros/lib'
[0.914s] Level 1:colcon.colcon_core.environment:checking '/home/rover/rover_workspace/install/rplidar_ros/bin'
[0.914s] Level 1:colcon.colcon_core.environment:checking '/home/rover/rover_workspace/install/rplidar_ros/lib/pkgconfig/rplidar_ros.pc'
[0.914s] Level 1:colcon.colcon_core.environment:checking '/home/rover/rover_workspace/install/rplidar_ros/lib/python3.10/site-packages'
[0.914s] Level 1:colcon.colcon_core.environment:checking '/home/rover/rover_workspace/install/rplidar_ros/bin'
[0.915s] INFO:colcon.colcon_core.shell:Creating package script '/home/rover/rover_workspace/install/rplidar_ros/share/rplidar_ros/package.ps1'
[0.915s] INFO:colcon.colcon_core.shell:Creating package descriptor '/home/rover/rover_workspace/install/rplidar_ros/share/rplidar_ros/package.dsv'
[0.915s] INFO:colcon.colcon_core.shell:Creating package script '/home/rover/rover_workspace/install/rplidar_ros/share/rplidar_ros/package.sh'
[0.915s] INFO:colcon.colcon_core.shell:Creating package script '/home/rover/rover_workspace/install/rplidar_ros/share/rplidar_ros/package.bash'
[0.916s] INFO:colcon.colcon_core.shell:Creating package script '/home/rover/rover_workspace/install/rplidar_ros/share/rplidar_ros/package.zsh'
[0.916s] Level 1:colcon.colcon_core.environment:create_file_with_runtime_dependencies(/home/rover/rover_workspace/install/rplidar_ros/share/colcon-core/packages/rplidar_ros)
[0.916s] Level 1:colcon.colcon_core.environment:create_environment_scripts_only(rplidar_ros)
[0.916s] Level 1:colcon.colcon_core.environment:checking '/home/rover/rover_workspace/install/rplidar_ros' for CMake module files
[0.917s] Level 1:colcon.colcon_core.environment:checking '/home/rover/rover_workspace/install/rplidar_ros' for CMake config files
[0.917s] Level 1:colcon.colcon_core.shell:create_environment_hook('rplidar_ros', 'cmake_prefix_path')
[0.917s] INFO:colcon.colcon_core.shell:Creating environment hook '/home/rover/rover_workspace/install/rplidar_ros/share/rplidar_ros/hook/cmake_prefix_path.ps1'
[0.917s] INFO:colcon.colcon_core.shell:Creating environment descriptor '/home/rover/rover_workspace/install/rplidar_ros/share/rplidar_ros/hook/cmake_prefix_path.dsv'
[0.917s] INFO:colcon.colcon_core.shell:Creating environment hook '/home/rover/rover_workspace/install/rplidar_ros/share/rplidar_ros/hook/cmake_prefix_path.sh'
[0.918s] Level 1:colcon.colcon_core.environment:checking '/home/rover/rover_workspace/install/rplidar_ros/lib'
[0.918s] Level 1:colcon.colcon_core.environment:checking '/home/rover/rover_workspace/install/rplidar_ros/bin'
[0.918s] Level 1:colcon.colcon_core.environment:checking '/home/rover/rover_workspace/install/rplidar_ros/lib/pkgconfig/rplidar_ros.pc'
[0.918s] Level 1:colcon.colcon_core.environment:checking '/home/rover/rover_workspace/install/rplidar_ros/lib/python3.10/site-packages'
[0.918s] Level 1:colcon.colcon_core.environment:checking '/home/rover/rover_workspace/install/rplidar_ros/bin'
[0.918s] INFO:colcon.colcon_core.shell:Creating package script '/home/rover/rover_workspace/install/rplidar_ros/share/rplidar_ros/package.ps1'
[0.918s] INFO:colcon.colcon_core.shell:Creating package descriptor '/home/rover/rover_workspace/install/rplidar_ros/share/rplidar_ros/package.dsv'
[0.919s] INFO:colcon.colcon_core.shell:Creating package script '/home/rover/rover_workspace/install/rplidar_ros/share/rplidar_ros/package.sh'
[0.919s] INFO:colcon.colcon_core.shell:Creating package script '/home/rover/rover_workspace/install/rplidar_ros/share/rplidar_ros/package.bash'
[0.919s] INFO:colcon.colcon_core.shell:Creating package script '/home/rover/rover_workspace/install/rplidar_ros/share/rplidar_ros/package.zsh'
[0.920s] Level 1:colcon.colcon_core.environment:create_file_with_runtime_dependencies(/home/rover/rover_workspace/install/rplidar_ros/share/colcon-core/packages/rplidar_ros)
[0.920s] Level 1:colcon.colcon_core.environment:create_environment_scripts_only(roverrobotics_driver)
[0.921s] Level 1:colcon.colcon_core.environment:checking '/home/rover/rover_workspace/install/roverrobotics_driver' for CMake module files
[0.921s] DEBUG:colcon.colcon_core.event_handler.log_command:Invoked command in '/home/rover/rover_workspace/build/roverrobotics_driver' returned '0': CMAKE_PREFIX_PATH=${CMAKE_PREFIX_PATH}:/home/rover/NUC-1/install/variable_autonomy:/home/rover/NUC-1/install/bno055:/home/rover/rover_workspace/install/bno055:/opt/ros/humble /usr/bin/cmake --install /home/rover/rover_workspace/build/roverrobotics_driver
[0.921s] Level 1:colcon.colcon_core.environment:checking '/home/rover/rover_workspace/install/roverrobotics_driver' for CMake config files
[0.921s] Level 1:colcon.colcon_core.shell:create_environment_hook('roverrobotics_driver', 'cmake_prefix_path')
[0.921s] INFO:colcon.colcon_core.shell:Creating environment hook '/home/rover/rover_workspace/install/roverrobotics_driver/share/roverrobotics_driver/hook/cmake_prefix_path.ps1'
[0.922s] INFO:colcon.colcon_core.shell:Creating environment descriptor '/home/rover/rover_workspace/install/roverrobotics_driver/share/roverrobotics_driver/hook/cmake_prefix_path.dsv'
[0.922s] INFO:colcon.colcon_core.shell:Creating environment hook '/home/rover/rover_workspace/install/roverrobotics_driver/share/roverrobotics_driver/hook/cmake_prefix_path.sh'
[0.922s] Level 1:colcon.colcon_core.environment:checking '/home/rover/rover_workspace/install/roverrobotics_driver/lib'
[0.922s] Level 1:colcon.colcon_core.environment:checking '/home/rover/rover_workspace/install/roverrobotics_driver/bin'
[0.922s] Level 1:colcon.colcon_core.environment:checking '/home/rover/rover_workspace/install/roverrobotics_driver/lib/pkgconfig/roverrobotics_driver.pc'
[0.923s] Level 1:colcon.colcon_core.environment:checking '/home/rover/rover_workspace/install/roverrobotics_driver/lib/python3.10/site-packages'
[0.923s] Level 1:colcon.colcon_core.environment:checking '/home/rover/rover_workspace/install/roverrobotics_driver/bin'
[0.923s] INFO:colcon.colcon_core.shell:Creating package script '/home/rover/rover_workspace/install/roverrobotics_driver/share/roverrobotics_driver/package.ps1'
[0.923s] INFO:colcon.colcon_core.shell:Creating package descriptor '/home/rover/rover_workspace/install/roverrobotics_driver/share/roverrobotics_driver/package.dsv'
[0.923s] INFO:colcon.colcon_core.shell:Creating package script '/home/rover/rover_workspace/install/roverrobotics_driver/share/roverrobotics_driver/package.sh'
[0.924s] INFO:colcon.colcon_core.shell:Creating package script '/home/rover/rover_workspace/install/roverrobotics_driver/share/roverrobotics_driver/package.bash'
[0.924s] INFO:colcon.colcon_core.shell:Creating package script '/home/rover/rover_workspace/install/roverrobotics_driver/share/roverrobotics_driver/package.zsh'
[0.924s] Level 1:colcon.colcon_core.environment:create_file_with_runtime_dependencies(/home/rover/rover_workspace/install/roverrobotics_driver/share/colcon-core/packages/roverrobotics_driver)
[0.924s] Level 1:colcon.colcon_core.environment:create_environment_scripts_only(roverrobotics_driver)
[0.924s] Level 1:colcon.colcon_core.environment:checking '/home/rover/rover_workspace/install/roverrobotics_driver' for CMake module files
[0.925s] Level 1:colcon.colcon_core.environment:checking '/home/rover/rover_workspace/install/roverrobotics_driver' for CMake config files
[0.925s] Level 1:colcon.colcon_core.shell:create_environment_hook('roverrobotics_driver', 'cmake_prefix_path')
[0.925s] INFO:colcon.colcon_core.shell:Creating environment hook '/home/rover/rover_workspace/install/roverrobotics_driver/share/roverrobotics_driver/hook/cmake_prefix_path.ps1'
[0.925s] INFO:colcon.colcon_core.shell:Creating environment descriptor '/home/rover/rover_workspace/install/roverrobotics_driver/share/roverrobotics_driver/hook/cmake_prefix_path.dsv'
[0.925s] INFO:colcon.colcon_core.shell:Creating environment hook '/home/rover/rover_workspace/install/roverrobotics_driver/share/roverrobotics_driver/hook/cmake_prefix_path.sh'
[0.926s] Level 1:colcon.colcon_core.environment:checking '/home/rover/rover_workspace/install/roverrobotics_driver/lib'
[0.926s] Level 1:colcon.colcon_core.environment:checking '/home/rover/rover_workspace/install/roverrobotics_driver/bin'
[0.926s] Level 1:colcon.colcon_core.environment:checking '/home/rover/rover_workspace/install/roverrobotics_driver/lib/pkgconfig/roverrobotics_driver.pc'
[0.926s] Level 1:colcon.colcon_core.environment:checking '/home/rover/rover_workspace/install/roverrobotics_driver/lib/python3.10/site-packages'
[0.926s] Level 1:colcon.colcon_core.environment:checking '/home/rover/rover_workspace/install/roverrobotics_driver/bin'
[0.926s] INFO:colcon.colcon_core.shell:Creating package script '/home/rover/rover_workspace/install/roverrobotics_driver/share/roverrobotics_driver/package.ps1'
[0.927s] INFO:colcon.colcon_core.shell:Creating package descriptor '/home/rover/rover_workspace/install/roverrobotics_driver/share/roverrobotics_driver/package.dsv'
[0.927s] INFO:colcon.colcon_core.shell:Creating package script '/home/rover/rover_workspace/install/roverrobotics_driver/share/roverrobotics_driver/package.sh'
[0.927s] INFO:colcon.colcon_core.shell:Creating package script '/home/rover/rover_workspace/install/roverrobotics_driver/share/roverrobotics_driver/package.bash'
[0.927s] INFO:colcon.colcon_core.shell:Creating package script '/home/rover/rover_workspace/install/roverrobotics_driver/share/roverrobotics_driver/package.zsh'
[0.927s] Level 1:colcon.colcon_core.environment:create_file_with_runtime_dependencies(/home/rover/rover_workspace/install/roverrobotics_driver/share/colcon-core/packages/roverrobotics_driver)
[1.035s] Level 1:colcon.colcon_core.shell:create_environment_hook('bno055', 'pythonpath_develop')
[1.035s] INFO:colcon.colcon_core.shell:Creating environment hook '/home/rover/rover_workspace/build/bno055/share/bno055/hook/pythonpath_develop.ps1'
[1.035s] DEBUG:colcon.colcon_core.event_handler.log_command:Invoked command in '/home/rover/rover_workspace/build/bno055' returned '0': PYTHONPATH=/home/rover/rover_workspace/build/bno055/prefix_override:/usr/lib/python3/dist-packages/colcon_core/task/python/colcon_distutils_commands:/home/rover/rover_workspace/install/bno055/lib/python3.10/site-packages:${PYTHONPATH} /usr/bin/python3 -W ignore:setup.py install is deprecated -W ignore:easy_install command is deprecated setup.py develop --editable --build-directory /home/rover/rover_workspace/build/bno055/build --no-deps symlink_data --force
[1.037s] INFO:colcon.colcon_core.shell:Creating environment descriptor '/home/rover/rover_workspace/build/bno055/share/bno055/hook/pythonpath_develop.dsv'
[1.037s] INFO:colcon.colcon_core.shell:Creating environment hook '/home/rover/rover_workspace/build/bno055/share/bno055/hook/pythonpath_develop.sh'
[1.037s] Level 1:colcon.colcon_core.environment:checking '/home/rover/rover_workspace/install/bno055' for CMake module files
[1.037s] Level 1:colcon.colcon_core.environment:checking '/home/rover/rover_workspace/install/bno055' for CMake config files
[1.038s] Level 1:colcon.colcon_core.environment:checking '/home/rover/rover_workspace/install/bno055/lib'
[1.038s] Level 1:colcon.colcon_core.environment:checking '/home/rover/rover_workspace/install/bno055/bin'
[1.038s] Level 1:colcon.colcon_core.environment:checking '/home/rover/rover_workspace/install/bno055/lib/pkgconfig/bno055.pc'
[1.038s] Level 1:colcon.colcon_core.environment:checking '/home/rover/rover_workspace/install/bno055/lib/python3.10/site-packages'
[1.038s] Level 1:colcon.colcon_core.shell:create_environment_hook('bno055', 'pythonpath')
[1.038s] INFO:colcon.colcon_core.shell:Creating environment hook '/home/rover/rover_workspace/install/bno055/share/bno055/hook/pythonpath.ps1'
[1.038s] INFO:colcon.colcon_core.shell:Creating environment descriptor '/home/rover/rover_workspace/install/bno055/share/bno055/hook/pythonpath.dsv'
[1.039s] INFO:colcon.colcon_core.shell:Creating environment hook '/home/rover/rover_workspace/install/bno055/share/bno055/hook/pythonpath.sh'
[1.039s] Level 1:colcon.colcon_core.environment:checking '/home/rover/rover_workspace/install/bno055/bin'
[1.039s] Level 1:colcon.colcon_core.environment:create_environment_scripts_only(bno055)
[1.039s] INFO:colcon.colcon_core.shell:Creating package script '/home/rover/rover_workspace/install/bno055/share/bno055/package.ps1'
[1.040s] INFO:colcon.colcon_core.shell:Creating package descriptor '/home/rover/rover_workspace/install/bno055/share/bno055/package.dsv'
[1.040s] INFO:colcon.colcon_core.shell:Creating package script '/home/rover/rover_workspace/install/bno055/share/bno055/package.sh'
[1.040s] INFO:colcon.colcon_core.shell:Creating package script '/home/rover/rover_workspace/install/bno055/share/bno055/package.bash'
[1.040s] INFO:colcon.colcon_core.shell:Creating package script '/home/rover/rover_workspace/install/bno055/share/bno055/package.zsh'
[1.040s] Level 1:colcon.colcon_core.environment:create_file_with_runtime_dependencies(/home/rover/rover_workspace/install/bno055/share/colcon-core/packages/bno055)
[1.041s] DEBUG:colcon.colcon_parallel_executor.executor.parallel:closing loop
[1.041s] DEBUG:colcon.colcon_parallel_executor.executor.parallel:loop closed
[1.041s] DEBUG:colcon.colcon_parallel_executor.executor.parallel:run_until_complete finished with '0'
[1.041s] DEBUG:colcon.colcon_core.event_reactor:joining thread
[1.044s] INFO:colcon.colcon_core.plugin_system:Skipping extension 'colcon_notification.desktop_notification.terminal_notifier': Not used on non-Darwin systems
[1.044s] INFO:colcon.colcon_core.plugin_system:Skipping extension 'colcon_notification.desktop_notification.win32': Not used on non-Windows systems
[1.044s] INFO:colcon.colcon_notification.desktop_notification:Sending desktop notification using 'notify2'
[1.050s] DEBUG:colcon.colcon_core.event_reactor:joined thread
[1.050s] INFO:colcon.colcon_core.shell:Creating prefix script '/home/rover/rover_workspace/install/local_setup.ps1'
[1.051s] INFO:colcon.colcon_core.shell:Creating prefix util module '/home/rover/rover_workspace/install/_local_setup_util_ps1.py'
[1.052s] INFO:colcon.colcon_core.shell:Creating prefix chain script '/home/rover/rover_workspace/install/setup.ps1'
[1.052s] INFO:colcon.colcon_core.shell:Creating prefix script '/home/rover/rover_workspace/install/local_setup.sh'
[1.053s] INFO:colcon.colcon_core.shell:Creating prefix util module '/home/rover/rover_workspace/install/_local_setup_util_sh.py'
[1.053s] INFO:colcon.colcon_core.shell:Creating prefix chain script '/home/rover/rover_workspace/install/setup.sh'
[1.054s] INFO:colcon.colcon_core.shell:Creating prefix script '/home/rover/rover_workspace/install/local_setup.bash'
[1.054s] INFO:colcon.colcon_core.shell:Creating prefix chain script '/home/rover/rover_workspace/install/setup.bash'
[1.055s] INFO:colcon.colcon_core.shell:Creating prefix script '/home/rover/rover_workspace/install/local_setup.zsh'
[1.056s] INFO:colcon.colcon_core.shell:Creating prefix chain script '/home/rover/rover_workspace/install/setup.zsh'
