-- Found ament_cmake: 1.3.11 (/opt/ros/humble/share/ament_cmake/cmake)
-- Override CMake install command with custom implementation using symlinks instead of copying resources
-- Found rclcpp: 16.0.12 (/opt/ros/humble/share/rclcpp/cmake)
-- Found rosidl_generator_c: 3.1.6 (/opt/ros/humble/share/rosidl_generator_c/cmake)
-- Found rosidl_adapter: 3.1.6 (/opt/ros/humble/share/rosidl_adapter/cmake)
-- Found rosidl_generator_cpp: 3.1.6 (/opt/ros/humble/share/rosidl_generator_cpp/cmake)
-- Using all available rosidl_typesupport_c: rosidl_typesupport_fastrtps_c;rosidl_typesupport_introspection_c
-- Using all available rosidl_typesupport_cpp: rosidl_typesupport_fastrtps_cpp;rosidl_typesupport_introspection_cpp
-- Found rmw_implementation_cmake: 6.1.2 (/opt/ros/humble/share/rmw_implementation_cmake/cmake)
-- Found rmw_cyclonedds_cpp: 1.3.4 (/opt/ros/humble/share/rmw_cyclonedds_cpp/cmake)
-- Using RMW implementation 'rmw_cyclonedds_cpp' as default
-- Found geometry_msgs: 4.8.0 (/opt/ros/humble/share/geometry_msgs/cmake)
-- Found nav_msgs: 4.8.0 (/opt/ros/humble/share/nav_msgs/cmake)
-- Found tf2_geometry_msgs: 0.25.12 (/opt/ros/humble/share/tf2_geometry_msgs/cmake)
-- Found eigen3_cmake_module: 0.1.1 (/opt/ros/humble/share/eigen3_cmake_module/cmake)
-- Ensuring Eigen3 include directory is part of orocos-kdl CMake target
-- Found sensor_msgs: 4.8.0 (/opt/ros/humble/share/sensor_msgs/cmake)
-- Configuring done
-- Generating done
-- Build files have been written to: /home/rover/rover_workspace/build/roverrobotics_driver
[35m[1mConsolidate compiler generated dependencies of target roverrobotics_driver[0m
[  9%] [32m[1mLinking CXX executable roverrobotics_driver[0m
[100%] Built target roverrobotics_driver
-- Install configuration: ""
-- Execute custom install script
-- Symlinking: /home/rover/rover_workspace/install/roverrobotics_driver/share/roverrobotics_driver/launch/accessories.launch.py
-- Symlinking: /home/rover/rover_workspace/install/roverrobotics_driver/share/roverrobotics_driver/launch/max.launch.py
-- Symlinking: /home/rover/rover_workspace/install/roverrobotics_driver/share/roverrobotics_driver/launch/max_teleop.launch.py
-- Symlinking: /home/rover/rover_workspace/install/roverrobotics_driver/share/roverrobotics_driver/launch/mini.launch.py
-- Symlinking: /home/rover/rover_workspace/install/roverrobotics_driver/share/roverrobotics_driver/launch/mini_teleop.launch.py
-- Symlinking: /home/rover/rover_workspace/install/roverrobotics_driver/share/roverrobotics_driver/launch/miti.launch.py
-- Symlinking: /home/rover/rover_workspace/install/roverrobotics_driver/share/roverrobotics_driver/launch/miti_65.launch.py
-- Symlinking: /home/rover/rover_workspace/install/roverrobotics_driver/share/roverrobotics_driver/launch/miti_65_teleop.launch.py
-- Symlinking: /home/rover/rover_workspace/install/roverrobotics_driver/share/roverrobotics_driver/launch/miti_teleop.launch.py
-- Symlinking: /home/rover/rover_workspace/install/roverrobotics_driver/share/roverrobotics_driver/launch/nav2_backend.py
-- Symlinking: /home/rover/rover_workspace/install/roverrobotics_driver/share/roverrobotics_driver/launch/navigation_launch.py
-- Symlinking: /home/rover/rover_workspace/install/roverrobotics_driver/share/roverrobotics_driver/launch/outdoor_navigation_launch.py
-- Symlinking: /home/rover/rover_workspace/install/roverrobotics_driver/share/roverrobotics_driver/launch/pro.launch.py
-- Symlinking: /home/rover/rover_workspace/install/roverrobotics_driver/share/roverrobotics_driver/launch/pro_teleop.launch.py
-- Symlinking: /home/rover/rover_workspace/install/roverrobotics_driver/share/roverrobotics_driver/launch/ps4_controller.launch.py
-- Symlinking: /home/rover/rover_workspace/install/roverrobotics_driver/share/roverrobotics_driver/launch/ps5_controller.launch.py
-- Symlinking: /home/rover/rover_workspace/install/roverrobotics_driver/share/roverrobotics_driver/launch/robot_localizer.launch.py
-- Symlinking: /home/rover/rover_workspace/install/roverrobotics_driver/share/roverrobotics_driver/launch/robot_localizer_outdoor.launch.py
-- Symlinking: /home/rover/rover_workspace/install/roverrobotics_driver/share/roverrobotics_driver/launch/slam_launch.py
-- Symlinking: /home/rover/rover_workspace/install/roverrobotics_driver/share/roverrobotics_driver/launch/zero.launch.py
-- Symlinking: /home/rover/rover_workspace/install/roverrobotics_driver/share/roverrobotics_driver/launch/zero_teleop.launch.py
-- Symlinking: /home/rover/rover_workspace/install/roverrobotics_driver/share/roverrobotics_driver/config/accessories.yaml
-- Symlinking: /home/rover/rover_workspace/install/roverrobotics_driver/share/roverrobotics_driver/config/localization_ekf.yaml
-- Symlinking: /home/rover/rover_workspace/install/roverrobotics_driver/share/roverrobotics_driver/config/localization_outdoor_ekf.yaml
-- Symlinking: /home/rover/rover_workspace/install/roverrobotics_driver/share/roverrobotics_driver/config/max_100_config.yaml
-- Symlinking: /home/rover/rover_workspace/install/roverrobotics_driver/share/roverrobotics_driver/config/max_130_config.yaml
-- Symlinking: /home/rover/rover_workspace/install/roverrobotics_driver/share/roverrobotics_driver/config/max_150_config.yaml
-- Symlinking: /home/rover/rover_workspace/install/roverrobotics_driver/share/roverrobotics_driver/config/max_65_config.yaml
-- Symlinking: /home/rover/rover_workspace/install/roverrobotics_driver/share/roverrobotics_driver/config/mini_config.yaml
-- Symlinking: /home/rover/rover_workspace/install/roverrobotics_driver/share/roverrobotics_driver/config/miti_65_config.yaml
-- Symlinking: /home/rover/rover_workspace/install/roverrobotics_driver/share/roverrobotics_driver/config/miti_config.yaml
-- Symlinking: /home/rover/rover_workspace/install/roverrobotics_driver/share/roverrobotics_driver/config/nav2_params.yaml
-- Symlinking: /home/rover/rover_workspace/install/roverrobotics_driver/share/roverrobotics_driver/config/pro_config.yaml
-- Symlinking: /home/rover/rover_workspace/install/roverrobotics_driver/share/roverrobotics_driver/config/ps4_controller_config.yaml
-- Symlinking: /home/rover/rover_workspace/install/roverrobotics_driver/share/roverrobotics_driver/config/ps4_controller_config_jp6.yaml
-- Symlinking: /home/rover/rover_workspace/install/roverrobotics_driver/share/roverrobotics_driver/config/ps5_controller_config.yaml
-- Symlinking: /home/rover/rover_workspace/install/roverrobotics_driver/share/roverrobotics_driver/config/ps5_controller_config_jp6.yaml
-- Symlinking: /home/rover/rover_workspace/install/roverrobotics_driver/share/roverrobotics_driver/config/realsense_config.yaml
-- Symlinking: /home/rover/rover_workspace/install/roverrobotics_driver/share/roverrobotics_driver/config/rviz_configs/nav2_default_view.rviz
-- Symlinking: /home/rover/rover_workspace/install/roverrobotics_driver/share/roverrobotics_driver/config/rviz_configs/realsense_rviz_layout.rviz
-- Symlinking: /home/rover/rover_workspace/install/roverrobotics_driver/share/roverrobotics_driver/config/rviz_configs/slam_rviz_layout.rviz
-- Symlinking: /home/rover/rover_workspace/install/roverrobotics_driver/share/roverrobotics_driver/config/slam_configs/mapper_params_lifelong.yaml
-- Symlinking: /home/rover/rover_workspace/install/roverrobotics_driver/share/roverrobotics_driver/config/slam_configs/mapper_params_localization.yaml
-- Symlinking: /home/rover/rover_workspace/install/roverrobotics_driver/share/roverrobotics_driver/config/slam_configs/mapper_params_offline.yaml
-- Symlinking: /home/rover/rover_workspace/install/roverrobotics_driver/share/roverrobotics_driver/config/slam_configs/mapper_params_online_async.yaml
-- Symlinking: /home/rover/rover_workspace/install/roverrobotics_driver/share/roverrobotics_driver/config/slam_configs/mapper_params_online_sync.yaml
-- Symlinking: /home/rover/rover_workspace/install/roverrobotics_driver/share/roverrobotics_driver/config/topics.yaml
-- Symlinking: /home/rover/rover_workspace/install/roverrobotics_driver/share/roverrobotics_driver/config/zero_config.yaml
-- Symlinking: /home/rover/rover_workspace/install/roverrobotics_driver/share/roverrobotics_driver/maps/maze_map.data
-- Symlinking: /home/rover/rover_workspace/install/roverrobotics_driver/share/roverrobotics_driver/maps/maze_map.pgm
-- Symlinking: /home/rover/rover_workspace/install/roverrobotics_driver/share/roverrobotics_driver/maps/maze_map.posegraph
-- Symlinking: /home/rover/rover_workspace/install/roverrobotics_driver/share/roverrobotics_driver/maps/maze_map.yaml
-- Symlinking: /home/rover/rover_workspace/install/roverrobotics_driver/lib/roverrobotics_driver/roverrobotics_driver
-- Symlinking: /home/rover/rover_workspace/install/roverrobotics_driver/share/ament_index/resource_index/package_run_dependencies/roverrobotics_driver
-- Symlinking: /home/rover/rover_workspace/install/roverrobotics_driver/share/ament_index/resource_index/parent_prefix_path/roverrobotics_driver
-- Symlinking: /home/rover/rover_workspace/install/roverrobotics_driver/share/roverrobotics_driver/environment/ament_prefix_path.sh
-- Symlinking: /home/rover/rover_workspace/install/roverrobotics_driver/share/roverrobotics_driver/environment/ament_prefix_path.dsv
-- Symlinking: /home/rover/rover_workspace/install/roverrobotics_driver/share/roverrobotics_driver/environment/path.sh
-- Symlinking: /home/rover/rover_workspace/install/roverrobotics_driver/share/roverrobotics_driver/environment/path.dsv
-- Symlinking: /home/rover/rover_workspace/install/roverrobotics_driver/share/roverrobotics_driver/local_setup.bash
-- Symlinking: /home/rover/rover_workspace/install/roverrobotics_driver/share/roverrobotics_driver/local_setup.sh
-- Symlinking: /home/rover/rover_workspace/install/roverrobotics_driver/share/roverrobotics_driver/local_setup.zsh
-- Symlinking: /home/rover/rover_workspace/install/roverrobotics_driver/share/roverrobotics_driver/local_setup.dsv
-- Symlinking: /home/rover/rover_workspace/install/roverrobotics_driver/share/roverrobotics_driver/package.dsv
-- Symlinking: /home/rover/rover_workspace/install/roverrobotics_driver/share/ament_index/resource_index/packages/roverrobotics_driver
-- Symlinking: /home/rover/rover_workspace/install/roverrobotics_driver/share/roverrobotics_driver/cmake/roverrobotics_driverConfig.cmake
-- Symlinking: /home/rover/rover_workspace/install/roverrobotics_driver/share/roverrobotics_driver/cmake/roverrobotics_driverConfig-version.cmake
-- Symlinking: /home/rover/rover_workspace/install/roverrobotics_driver/share/roverrobotics_driver/package.xml
