[0.188s] Invoking command in '/home/rover/rover_workspace/build/roverrobotics_driver': CMAKE_PREFIX_PATH=${CMAKE_PREFIX_PATH}:/home/rover/rover_workspace/install/bno055:/home/rover/NUC-1/install/variable_autonomy:/home/rover/NUC-1/install/bno055:/opt/ros/humble /usr/bin/cmake /home/rover/rover_workspace/src/roverrobotics_driver -DAMENT_CMAKE_SYMLINK_INSTALL=1 -DCMAKE_INSTALL_PREFIX=/home/rover/rover_workspace/install/roverrobotics_driver
[0.197s] -- Found ament_cmake: 1.3.11 (/opt/ros/humble/share/ament_cmake/cmake)
[0.295s] -- Override CMake install command with custom implementation using symlinks instead of copying resources
[0.304s] -- Found rclcpp: 16.0.12 (/opt/ros/humble/share/rclcpp/cmake)
[0.348s] -- Found rosidl_generator_c: 3.1.6 (/opt/ros/humble/share/rosidl_generator_c/cmake)
[0.352s] -- Found rosidl_adapter: 3.1.6 (/opt/ros/humble/share/rosidl_adapter/cmake)
[0.361s] -- Found rosidl_generator_cpp: 3.1.6 (/opt/ros/humble/share/rosidl_generator_cpp/cmake)
[0.376s] -- Using all available rosidl_typesupport_c: rosidl_typesupport_fastrtps_c;rosidl_typesupport_introspection_c
[0.390s] -- Using all available rosidl_typesupport_cpp: rosidl_typesupport_fastrtps_cpp;rosidl_typesupport_introspection_cpp
[0.427s] -- Found rmw_implementation_cmake: 6.1.2 (/opt/ros/humble/share/rmw_implementation_cmake/cmake)
[0.431s] -- Found rmw_cyclonedds_cpp: 1.3.4 (/opt/ros/humble/share/rmw_cyclonedds_cpp/cmake)
[0.455s] -- Using RMW implementation 'rmw_cyclonedds_cpp' as default
[0.512s] -- Found geometry_msgs: 4.8.0 (/opt/ros/humble/share/geometry_msgs/cmake)
[0.531s] -- Found nav_msgs: 4.8.0 (/opt/ros/humble/share/nav_msgs/cmake)
[0.546s] -- Found tf2_geometry_msgs: 0.25.12 (/opt/ros/humble/share/tf2_geometry_msgs/cmake)
[0.550s] -- Found eigen3_cmake_module: 0.1.1 (/opt/ros/humble/share/eigen3_cmake_module/cmake)
[0.552s] -- Ensuring Eigen3 include directory is part of orocos-kdl CMake target
[0.663s] -- Found sensor_msgs: 4.8.0 (/opt/ros/humble/share/sensor_msgs/cmake)
[0.762s] -- Configuring done
[0.782s] -- Generating done
[0.790s] -- Build files have been written to: /home/rover/rover_workspace/build/roverrobotics_driver
[0.809s] Invoked command in '/home/rover/rover_workspace/build/roverrobotics_driver' returned '0': CMAKE_PREFIX_PATH=${CMAKE_PREFIX_PATH}:/home/rover/rover_workspace/install/bno055:/home/rover/NUC-1/install/variable_autonomy:/home/rover/NUC-1/install/bno055:/opt/ros/humble /usr/bin/cmake /home/rover/rover_workspace/src/roverrobotics_driver -DAMENT_CMAKE_SYMLINK_INSTALL=1 -DCMAKE_INSTALL_PREFIX=/home/rover/rover_workspace/install/roverrobotics_driver
[0.811s] Invoking command in '/home/rover/rover_workspace/build/roverrobotics_driver': CMAKE_PREFIX_PATH=${CMAKE_PREFIX_PATH}:/home/rover/rover_workspace/install/bno055:/home/rover/NUC-1/install/variable_autonomy:/home/rover/NUC-1/install/bno055:/opt/ros/humble /usr/bin/cmake --build /home/rover/rover_workspace/build/roverrobotics_driver -- -j8 -l8
[0.896s] [35m[1mConsolidate compiler generated dependencies of target roverrobotics_driver[0m
[0.939s] [  9%] [32m[1mLinking CXX executable roverrobotics_driver[0m
[1.968s] [100%] Built target roverrobotics_driver
[1.976s] Invoked command in '/home/rover/rover_workspace/build/roverrobotics_driver' returned '0': CMAKE_PREFIX_PATH=${CMAKE_PREFIX_PATH}:/home/rover/rover_workspace/install/bno055:/home/rover/NUC-1/install/variable_autonomy:/home/rover/NUC-1/install/bno055:/opt/ros/humble /usr/bin/cmake --build /home/rover/rover_workspace/build/roverrobotics_driver -- -j8 -l8
[1.976s] Invoking command in '/home/rover/rover_workspace/build/roverrobotics_driver': CMAKE_PREFIX_PATH=${CMAKE_PREFIX_PATH}:/home/rover/rover_workspace/install/bno055:/home/rover/NUC-1/install/variable_autonomy:/home/rover/NUC-1/install/bno055:/opt/ros/humble /usr/bin/cmake --install /home/rover/rover_workspace/build/roverrobotics_driver
[1.981s] -- Install configuration: ""
[1.982s] -- Execute custom install script
[1.982s] -- Symlinking: /home/rover/rover_workspace/install/roverrobotics_driver/share/roverrobotics_driver/launch/accessories.launch.py
[1.988s] -- Symlinking: /home/rover/rover_workspace/install/roverrobotics_driver/share/roverrobotics_driver/launch/max.launch.py
[1.994s] -- Symlinking: /home/rover/rover_workspace/install/roverrobotics_driver/share/roverrobotics_driver/launch/max_teleop.launch.py
[2.000s] -- Symlinking: /home/rover/rover_workspace/install/roverrobotics_driver/share/roverrobotics_driver/launch/mini.launch.py
[2.005s] -- Symlinking: /home/rover/rover_workspace/install/roverrobotics_driver/share/roverrobotics_driver/launch/mini_teleop.launch.py
[2.011s] -- Symlinking: /home/rover/rover_workspace/install/roverrobotics_driver/share/roverrobotics_driver/launch/miti.launch.py
[2.016s] -- Symlinking: /home/rover/rover_workspace/install/roverrobotics_driver/share/roverrobotics_driver/launch/miti_65.launch.py
[2.021s] -- Symlinking: /home/rover/rover_workspace/install/roverrobotics_driver/share/roverrobotics_driver/launch/miti_65_teleop.launch.py
[2.027s] -- Symlinking: /home/rover/rover_workspace/install/roverrobotics_driver/share/roverrobotics_driver/launch/miti_teleop.launch.py
[2.032s] -- Symlinking: /home/rover/rover_workspace/install/roverrobotics_driver/share/roverrobotics_driver/launch/nav2_backend.py
[2.037s] -- Symlinking: /home/rover/rover_workspace/install/roverrobotics_driver/share/roverrobotics_driver/launch/navigation_launch.py
[2.048s] -- Symlinking: /home/rover/rover_workspace/install/roverrobotics_driver/share/roverrobotics_driver/launch/outdoor_navigation_launch.py
[2.054s] -- Symlinking: /home/rover/rover_workspace/install/roverrobotics_driver/share/roverrobotics_driver/launch/pro.launch.py
[2.059s] -- Symlinking: /home/rover/rover_workspace/install/roverrobotics_driver/share/roverrobotics_driver/launch/pro_teleop.launch.py
[2.064s] -- Symlinking: /home/rover/rover_workspace/install/roverrobotics_driver/share/roverrobotics_driver/launch/ps4_controller.launch.py
[2.069s] -- Symlinking: /home/rover/rover_workspace/install/roverrobotics_driver/share/roverrobotics_driver/launch/ps5_controller.launch.py
[2.074s] -- Symlinking: /home/rover/rover_workspace/install/roverrobotics_driver/share/roverrobotics_driver/launch/robot_localizer.launch.py
[2.079s] -- Symlinking: /home/rover/rover_workspace/install/roverrobotics_driver/share/roverrobotics_driver/launch/robot_localizer_outdoor.launch.py
[2.084s] -- Symlinking: /home/rover/rover_workspace/install/roverrobotics_driver/share/roverrobotics_driver/launch/slam_launch.py
[2.089s] -- Symlinking: /home/rover/rover_workspace/install/roverrobotics_driver/share/roverrobotics_driver/launch/zero.launch.py
[2.094s] -- Symlinking: /home/rover/rover_workspace/install/roverrobotics_driver/share/roverrobotics_driver/launch/zero_teleop.launch.py
[2.099s] -- Symlinking: /home/rover/rover_workspace/install/roverrobotics_driver/share/roverrobotics_driver/config/accessories.yaml
[2.104s] -- Symlinking: /home/rover/rover_workspace/install/roverrobotics_driver/share/roverrobotics_driver/config/localization_ekf.yaml
[2.108s] -- Symlinking: /home/rover/rover_workspace/install/roverrobotics_driver/share/roverrobotics_driver/config/localization_outdoor_ekf.yaml
[2.114s] -- Symlinking: /home/rover/rover_workspace/install/roverrobotics_driver/share/roverrobotics_driver/config/max_100_config.yaml
[2.120s] -- Symlinking: /home/rover/rover_workspace/install/roverrobotics_driver/share/roverrobotics_driver/config/max_130_config.yaml
[2.125s] -- Symlinking: /home/rover/rover_workspace/install/roverrobotics_driver/share/roverrobotics_driver/config/max_150_config.yaml
[2.134s] -- Symlinking: /home/rover/rover_workspace/install/roverrobotics_driver/share/roverrobotics_driver/config/max_65_config.yaml
[2.140s] -- Symlinking: /home/rover/rover_workspace/install/roverrobotics_driver/share/roverrobotics_driver/config/mini_config.yaml
[2.145s] -- Symlinking: /home/rover/rover_workspace/install/roverrobotics_driver/share/roverrobotics_driver/config/miti_65_config.yaml
[2.151s] -- Symlinking: /home/rover/rover_workspace/install/roverrobotics_driver/share/roverrobotics_driver/config/miti_config.yaml
[2.156s] -- Symlinking: /home/rover/rover_workspace/install/roverrobotics_driver/share/roverrobotics_driver/config/nav2_params.yaml
[2.161s] -- Symlinking: /home/rover/rover_workspace/install/roverrobotics_driver/share/roverrobotics_driver/config/pro_config.yaml
[2.166s] -- Symlinking: /home/rover/rover_workspace/install/roverrobotics_driver/share/roverrobotics_driver/config/ps4_controller_config.yaml
[2.171s] -- Symlinking: /home/rover/rover_workspace/install/roverrobotics_driver/share/roverrobotics_driver/config/ps4_controller_config_jp6.yaml
[2.177s] -- Symlinking: /home/rover/rover_workspace/install/roverrobotics_driver/share/roverrobotics_driver/config/ps5_controller_config.yaml
[2.182s] -- Symlinking: /home/rover/rover_workspace/install/roverrobotics_driver/share/roverrobotics_driver/config/ps5_controller_config_jp6.yaml
[2.187s] -- Symlinking: /home/rover/rover_workspace/install/roverrobotics_driver/share/roverrobotics_driver/config/realsense_config.yaml
[2.192s] -- Symlinking: /home/rover/rover_workspace/install/roverrobotics_driver/share/roverrobotics_driver/config/rviz_configs/nav2_default_view.rviz
[2.197s] -- Symlinking: /home/rover/rover_workspace/install/roverrobotics_driver/share/roverrobotics_driver/config/rviz_configs/realsense_rviz_layout.rviz
[2.202s] -- Symlinking: /home/rover/rover_workspace/install/roverrobotics_driver/share/roverrobotics_driver/config/rviz_configs/slam_rviz_layout.rviz
[2.207s] -- Symlinking: /home/rover/rover_workspace/install/roverrobotics_driver/share/roverrobotics_driver/config/slam_configs/mapper_params_lifelong.yaml
[2.213s] -- Symlinking: /home/rover/rover_workspace/install/roverrobotics_driver/share/roverrobotics_driver/config/slam_configs/mapper_params_localization.yaml
[2.222s] -- Symlinking: /home/rover/rover_workspace/install/roverrobotics_driver/share/roverrobotics_driver/config/slam_configs/mapper_params_offline.yaml
[2.228s] -- Symlinking: /home/rover/rover_workspace/install/roverrobotics_driver/share/roverrobotics_driver/config/slam_configs/mapper_params_online_async.yaml
[2.233s] -- Symlinking: /home/rover/rover_workspace/install/roverrobotics_driver/share/roverrobotics_driver/config/slam_configs/mapper_params_online_sync.yaml
[2.238s] -- Symlinking: /home/rover/rover_workspace/install/roverrobotics_driver/share/roverrobotics_driver/config/topics.yaml
[2.244s] -- Symlinking: /home/rover/rover_workspace/install/roverrobotics_driver/share/roverrobotics_driver/config/zero_config.yaml
[2.249s] -- Symlinking: /home/rover/rover_workspace/install/roverrobotics_driver/share/roverrobotics_driver/maps/maze_map.data
[2.255s] -- Symlinking: /home/rover/rover_workspace/install/roverrobotics_driver/share/roverrobotics_driver/maps/maze_map.pgm
[2.260s] -- Symlinking: /home/rover/rover_workspace/install/roverrobotics_driver/share/roverrobotics_driver/maps/maze_map.posegraph
[2.268s] -- Symlinking: /home/rover/rover_workspace/install/roverrobotics_driver/share/roverrobotics_driver/maps/maze_map.yaml
[2.273s] -- Symlinking: /home/rover/rover_workspace/install/roverrobotics_driver/lib/roverrobotics_driver/roverrobotics_driver
[2.282s] -- Symlinking: /home/rover/rover_workspace/install/roverrobotics_driver/share/ament_index/resource_index/package_run_dependencies/roverrobotics_driver
[2.287s] -- Symlinking: /home/rover/rover_workspace/install/roverrobotics_driver/share/ament_index/resource_index/parent_prefix_path/roverrobotics_driver
[2.292s] -- Symlinking: /home/rover/rover_workspace/install/roverrobotics_driver/share/roverrobotics_driver/environment/ament_prefix_path.sh
[2.297s] -- Symlinking: /home/rover/rover_workspace/install/roverrobotics_driver/share/roverrobotics_driver/environment/ament_prefix_path.dsv
[2.302s] -- Symlinking: /home/rover/rover_workspace/install/roverrobotics_driver/share/roverrobotics_driver/environment/path.sh
[2.311s] -- Symlinking: /home/rover/rover_workspace/install/roverrobotics_driver/share/roverrobotics_driver/environment/path.dsv
[2.317s] -- Symlinking: /home/rover/rover_workspace/install/roverrobotics_driver/share/roverrobotics_driver/local_setup.bash
[2.323s] -- Symlinking: /home/rover/rover_workspace/install/roverrobotics_driver/share/roverrobotics_driver/local_setup.sh
[2.328s] -- Symlinking: /home/rover/rover_workspace/install/roverrobotics_driver/share/roverrobotics_driver/local_setup.zsh
[2.334s] -- Symlinking: /home/rover/rover_workspace/install/roverrobotics_driver/share/roverrobotics_driver/local_setup.dsv
[2.339s] -- Symlinking: /home/rover/rover_workspace/install/roverrobotics_driver/share/roverrobotics_driver/package.dsv
[2.344s] -- Symlinking: /home/rover/rover_workspace/install/roverrobotics_driver/share/ament_index/resource_index/packages/roverrobotics_driver
[2.349s] -- Symlinking: /home/rover/rover_workspace/install/roverrobotics_driver/share/roverrobotics_driver/cmake/roverrobotics_driverConfig.cmake
[2.354s] -- Symlinking: /home/rover/rover_workspace/install/roverrobotics_driver/share/roverrobotics_driver/cmake/roverrobotics_driverConfig-version.cmake
[2.360s] -- Symlinking: /home/rover/rover_workspace/install/roverrobotics_driver/share/roverrobotics_driver/package.xml
[2.367s] Invoked command in '/home/rover/rover_workspace/build/roverrobotics_driver' returned '0': CMAKE_PREFIX_PATH=${CMAKE_PREFIX_PATH}:/home/rover/rover_workspace/install/bno055:/home/rover/NUC-1/install/variable_autonomy:/home/rover/NUC-1/install/bno055:/opt/ros/humble /usr/bin/cmake --install /home/rover/rover_workspace/build/roverrobotics_driver
