[0.187s] Invoking command in '/home/rover/rover_workspace/build/roverrobotics_input_manager': CMAKE_PREFIX_PATH=${CMAKE_PREFIX_PATH}:/home/rover/rover_workspace/install/bno055:/home/rover/NUC-1/install/variable_autonomy:/home/rover/NUC-1/install/bno055:/opt/ros/humble /usr/bin/cmake /home/rover/rover_workspace/src/roverrobotics_input_manager -DAMENT_CMAKE_SYMLINK_INSTALL=1 -DCMAKE_INSTALL_PREFIX=/home/rover/rover_workspace/install/roverrobotics_input_manager
[0.198s] -- Found ament_cmake: 1.3.11 (/opt/ros/humble/share/ament_cmake/cmake)
[0.309s] -- Override CMake install command with custom implementation using symlinks instead of copying resources
[0.368s] -- Configuring done
[0.370s] -- Generating done
[0.371s] -- Build files have been written to: /home/rover/rover_workspace/build/roverrobotics_input_manager
[0.373s] Invoked command in '/home/rover/rover_workspace/build/roverrobotics_input_manager' returned '0': CMAKE_PREFIX_PATH=${CMAKE_PREFIX_PATH}:/home/rover/rover_workspace/install/bno055:/home/rover/NUC-1/install/variable_autonomy:/home/rover/NUC-1/install/bno055:/opt/ros/humble /usr/bin/cmake /home/rover/rover_workspace/src/roverrobotics_input_manager -DAMENT_CMAKE_SYMLINK_INSTALL=1 -DCMAKE_INSTALL_PREFIX=/home/rover/rover_workspace/install/roverrobotics_input_manager
[0.375s] Invoking command in '/home/rover/rover_workspace/build/roverrobotics_input_manager': CMAKE_PREFIX_PATH=${CMAKE_PREFIX_PATH}:/home/rover/rover_workspace/install/bno055:/home/rover/NUC-1/install/variable_autonomy:/home/rover/NUC-1/install/bno055:/opt/ros/humble /usr/bin/cmake --build /home/rover/rover_workspace/build/roverrobotics_input_manager -- -j8 -l8
[0.400s] Invoked command in '/home/rover/rover_workspace/build/roverrobotics_input_manager' returned '0': CMAKE_PREFIX_PATH=${CMAKE_PREFIX_PATH}:/home/rover/rover_workspace/install/bno055:/home/rover/NUC-1/install/variable_autonomy:/home/rover/NUC-1/install/bno055:/opt/ros/humble /usr/bin/cmake --build /home/rover/rover_workspace/build/roverrobotics_input_manager -- -j8 -l8
[0.401s] Invoking command in '/home/rover/rover_workspace/build/roverrobotics_input_manager': CMAKE_PREFIX_PATH=${CMAKE_PREFIX_PATH}:/home/rover/rover_workspace/install/bno055:/home/rover/NUC-1/install/variable_autonomy:/home/rover/NUC-1/install/bno055:/opt/ros/humble /usr/bin/cmake --install /home/rover/rover_workspace/build/roverrobotics_input_manager
[0.406s] -- Install configuration: ""
[0.406s] -- Execute custom install script
[0.406s] -- Symlinking: /home/rover/rover_workspace/install/roverrobotics_input_manager/lib/roverrobotics_input_manager/modules/Controller.py
[0.413s] -- Symlinking: /home/rover/rover_workspace/install/roverrobotics_input_manager/lib/roverrobotics_input_manager/modules/Topics.py
[0.419s] -- Symlinking: /home/rover/rover_workspace/install/roverrobotics_input_manager/lib/roverrobotics_input_manager/modules/__pycache__/Controller.cpython-310.pyc
[0.427s] -- Symlinking: /home/rover/rover_workspace/install/roverrobotics_input_manager/lib/roverrobotics_input_manager/modules/__pycache__/Controller.cpython-38.pyc
[0.438s] -- Symlinking: /home/rover/rover_workspace/install/roverrobotics_input_manager/lib/roverrobotics_input_manager/modules/__pycache__/Topics.cpython-310.pyc
[0.445s] -- Symlinking: /home/rover/rover_workspace/install/roverrobotics_input_manager/lib/roverrobotics_input_manager/modules/__pycache__/Topics.cpython-38.pyc
[0.451s] -- Symlinking: /home/rover/rover_workspace/install/roverrobotics_input_manager/lib/roverrobotics_input_manager/joys_manager.py
[0.457s] -- Symlinking: /home/rover/rover_workspace/install/roverrobotics_input_manager/share/ament_index/resource_index/package_run_dependencies/roverrobotics_input_manager
[0.464s] -- Symlinking: /home/rover/rover_workspace/install/roverrobotics_input_manager/share/ament_index/resource_index/parent_prefix_path/roverrobotics_input_manager
[0.470s] -- Symlinking: /home/rover/rover_workspace/install/roverrobotics_input_manager/share/roverrobotics_input_manager/environment/ament_prefix_path.sh
[0.477s] -- Symlinking: /home/rover/rover_workspace/install/roverrobotics_input_manager/share/roverrobotics_input_manager/environment/ament_prefix_path.dsv
[0.485s] -- Symlinking: /home/rover/rover_workspace/install/roverrobotics_input_manager/share/roverrobotics_input_manager/environment/path.sh
[0.493s] -- Symlinking: /home/rover/rover_workspace/install/roverrobotics_input_manager/share/roverrobotics_input_manager/environment/path.dsv
[0.500s] -- Symlinking: /home/rover/rover_workspace/install/roverrobotics_input_manager/share/roverrobotics_input_manager/local_setup.bash
[0.507s] -- Symlinking: /home/rover/rover_workspace/install/roverrobotics_input_manager/share/roverrobotics_input_manager/local_setup.sh
[0.521s] -- Symlinking: /home/rover/rover_workspace/install/roverrobotics_input_manager/share/roverrobotics_input_manager/local_setup.zsh
[0.529s] -- Symlinking: /home/rover/rover_workspace/install/roverrobotics_input_manager/share/roverrobotics_input_manager/local_setup.dsv
[0.538s] -- Symlinking: /home/rover/rover_workspace/install/roverrobotics_input_manager/share/roverrobotics_input_manager/package.dsv
[0.545s] -- Symlinking: /home/rover/rover_workspace/install/roverrobotics_input_manager/share/ament_index/resource_index/packages/roverrobotics_input_manager
[0.551s] -- Symlinking: /home/rover/rover_workspace/install/roverrobotics_input_manager/share/roverrobotics_input_manager/cmake/roverrobotics_input_managerConfig.cmake
[0.557s] -- Symlinking: /home/rover/rover_workspace/install/roverrobotics_input_manager/share/roverrobotics_input_manager/cmake/roverrobotics_input_managerConfig-version.cmake
[0.564s] -- Symlinking: /home/rover/rover_workspace/install/roverrobotics_input_manager/share/roverrobotics_input_manager/package.xml
[0.575s] Invoked command in '/home/rover/rover_workspace/build/roverrobotics_input_manager' returned '0': CMAKE_PREFIX_PATH=${CMAKE_PREFIX_PATH}:/home/rover/rover_workspace/install/bno055:/home/rover/NUC-1/install/variable_autonomy:/home/rover/NUC-1/install/bno055:/opt/ros/humble /usr/bin/cmake --install /home/rover/rover_workspace/build/roverrobotics_input_manager
