[0.104s] DEBUG:colcon:Command line arguments: ['/usr/bin/colcon', 'build', '--symlink-install']
[0.104s] DEBUG:colcon:Parsed command line arguments: Namespace(log_base=None, log_level=None, verb_name='build', build_base='build', install_base='install', merge_install=False, symlink_install=True, test_result_base=None, continue_on_error=False, executor='parallel', parallel_workers=24, event_handlers=None, ignore_user_meta=False, metas=['./colcon.meta'], base_paths=['.'], packages_ignore=None, packages_ignore_regex=None, paths=None, packages_up_to=None, packages_up_to_regex=None, packages_above=None, packages_above_and_dependencies=None, packages_above_depth=None, packages_select_by_dep=None, packages_skip_by_dep=None, packages_skip_up_to=None, packages_select_build_failed=False, packages_skip_build_finished=False, packages_select_test_failures=False, packages_skip_test_passed=False, packages_select=None, packages_skip=None, packages_select_regex=None, packages_skip_regex=None, packages_start=None, packages_end=None, allow_overriding=[], cmake_args=None, cmake_target=None, cmake_target_skip_unavailable=False, cmake_clean_cache=False, cmake_clean_first=False, cmake_force_configure=False, ament_cmake_args=None, catkin_cmake_args=None, catkin_skip_building_tests=False, mixin_files=None, mixin=None, verb_parser=<colcon_mixin.mixin.mixin_argument.MixinArgumentDecorator object at 0x719e5616fa90>, verb_extension=<colcon_core.verb.build.BuildVerb object at 0x719e562b1090>, main=<bound method BuildVerb.main of <colcon_core.verb.build.BuildVerb object at 0x719e562b1090>>, mixin_verb=('build',))
[0.247s] Level 1:colcon.colcon_core.package_discovery:discover_packages(colcon_meta) check parameters
[0.247s] Level 1:colcon.colcon_core.package_discovery:discover_packages(recursive) check parameters
[0.247s] Level 1:colcon.colcon_core.package_discovery:discover_packages(ignore) check parameters
[0.247s] Level 1:colcon.colcon_core.package_discovery:discover_packages(path) check parameters
[0.247s] Level 1:colcon.colcon_core.package_discovery:discover_packages(colcon_meta) discover
[0.247s] Level 1:colcon.colcon_core.package_discovery:discover_packages(recursive) discover
[0.247s] INFO:colcon.colcon_core.package_discovery:Crawling recursively for packages in '/home/raz/volcani/rover_volkani'
[0.247s] Level 1:colcon.colcon_core.package_identification:_identify(.) by extensions ['ignore', 'ignore_ament_install']
[0.247s] Level 1:colcon.colcon_core.package_identification:_identify(.) by extension 'ignore'
[0.247s] Level 1:colcon.colcon_core.package_identification:_identify(.) by extension 'ignore_ament_install'
[0.247s] Level 1:colcon.colcon_core.package_identification:_identify(.) by extensions ['colcon_pkg']
[0.247s] Level 1:colcon.colcon_core.package_identification:_identify(.) by extension 'colcon_pkg'
[0.247s] Level 1:colcon.colcon_core.package_identification:_identify(.) by extensions ['colcon_meta']
[0.247s] Level 1:colcon.colcon_core.package_identification:_identify(.) by extension 'colcon_meta'
[0.247s] Level 1:colcon.colcon_core.package_identification:_identify(.) by extensions ['ros']
[0.247s] Level 1:colcon.colcon_core.package_identification:_identify(.) by extension 'ros'
[0.256s] Level 1:colcon.colcon_core.package_identification:_identify(.) by extensions ['cmake', 'python']
[0.256s] Level 1:colcon.colcon_core.package_identification:_identify(.) by extension 'cmake'
[0.256s] Level 1:colcon.colcon_core.package_identification:_identify(.) by extension 'python'
[0.256s] Level 1:colcon.colcon_core.package_identification:_identify(.) by extensions ['python_setup_py']
[0.256s] Level 1:colcon.colcon_core.package_identification:_identify(.) by extension 'python_setup_py'
[0.256s] Level 1:colcon.colcon_core.package_identification:_identify(build) by extensions ['ignore', 'ignore_ament_install']
[0.256s] Level 1:colcon.colcon_core.package_identification:_identify(build) by extension 'ignore'
[0.256s] Level 1:colcon.colcon_core.package_identification:_identify(build) ignored
[0.257s] Level 1:colcon.colcon_core.package_identification:_identify(install) by extensions ['ignore', 'ignore_ament_install']
[0.257s] Level 1:colcon.colcon_core.package_identification:_identify(install) by extension 'ignore'
[0.257s] Level 1:colcon.colcon_core.package_identification:_identify(install) ignored
[0.257s] Level 1:colcon.colcon_core.package_identification:_identify(log) by extensions ['ignore', 'ignore_ament_install']
[0.257s] Level 1:colcon.colcon_core.package_identification:_identify(log) by extension 'ignore'
[0.257s] Level 1:colcon.colcon_core.package_identification:_identify(log) ignored
[0.257s] Level 1:colcon.colcon_core.package_identification:_identify(src) by extensions ['ignore', 'ignore_ament_install']
[0.257s] Level 1:colcon.colcon_core.package_identification:_identify(src) by extension 'ignore'
[0.257s] Level 1:colcon.colcon_core.package_identification:_identify(src) by extension 'ignore_ament_install'
[0.257s] Level 1:colcon.colcon_core.package_identification:_identify(src) by extensions ['colcon_pkg']
[0.257s] Level 1:colcon.colcon_core.package_identification:_identify(src) by extension 'colcon_pkg'
[0.257s] Level 1:colcon.colcon_core.package_identification:_identify(src) by extensions ['colcon_meta']
[0.257s] Level 1:colcon.colcon_core.package_identification:_identify(src) by extension 'colcon_meta'
[0.257s] Level 1:colcon.colcon_core.package_identification:_identify(src) by extensions ['ros']
[0.257s] Level 1:colcon.colcon_core.package_identification:_identify(src) by extension 'ros'
[0.257s] Level 1:colcon.colcon_core.package_identification:_identify(src) by extensions ['cmake', 'python']
[0.257s] Level 1:colcon.colcon_core.package_identification:_identify(src) by extension 'cmake'
[0.257s] Level 1:colcon.colcon_core.package_identification:_identify(src) by extension 'python'
[0.257s] Level 1:colcon.colcon_core.package_identification:_identify(src) by extensions ['python_setup_py']
[0.257s] Level 1:colcon.colcon_core.package_identification:_identify(src) by extension 'python_setup_py'
[0.257s] Level 1:colcon.colcon_core.package_identification:_identify(src/bno055) by extensions ['ignore', 'ignore_ament_install']
[0.257s] Level 1:colcon.colcon_core.package_identification:_identify(src/bno055) by extension 'ignore'
[0.257s] Level 1:colcon.colcon_core.package_identification:_identify(src/bno055) by extension 'ignore_ament_install'
[0.257s] Level 1:colcon.colcon_core.package_identification:_identify(src/bno055) by extensions ['colcon_pkg']
[0.257s] Level 1:colcon.colcon_core.package_identification:_identify(src/bno055) by extension 'colcon_pkg'
[0.257s] Level 1:colcon.colcon_core.package_identification:_identify(src/bno055) by extensions ['colcon_meta']
[0.257s] Level 1:colcon.colcon_core.package_identification:_identify(src/bno055) by extension 'colcon_meta'
[0.257s] Level 1:colcon.colcon_core.package_identification:_identify(src/bno055) by extensions ['ros']
[0.257s] Level 1:colcon.colcon_core.package_identification:_identify(src/bno055) by extension 'ros'
[0.257s] Level 1:colcon.colcon_core.package_identification:_identify(src/bno055) by extensions ['cmake', 'python']
[0.258s] Level 1:colcon.colcon_core.package_identification:_identify(src/bno055) by extension 'cmake'
[0.258s] Level 1:colcon.colcon_core.package_identification:_identify(src/bno055) by extension 'python'
[0.258s] Level 1:colcon.colcon_core.package_identification:_identify(src/bno055) by extensions ['python_setup_py']
[0.258s] Level 1:colcon.colcon_core.package_identification:_identify(src/bno055) by extension 'python_setup_py'
[0.258s] Level 1:colcon.colcon_core.package_identification:_identify(src/greenhouse_navigation) by extensions ['ignore', 'ignore_ament_install']
[0.258s] Level 1:colcon.colcon_core.package_identification:_identify(src/greenhouse_navigation) by extension 'ignore'
[0.258s] Level 1:colcon.colcon_core.package_identification:_identify(src/greenhouse_navigation) by extension 'ignore_ament_install'
[0.258s] Level 1:colcon.colcon_core.package_identification:_identify(src/greenhouse_navigation) by extensions ['colcon_pkg']
[0.258s] Level 1:colcon.colcon_core.package_identification:_identify(src/greenhouse_navigation) by extension 'colcon_pkg'
[0.258s] Level 1:colcon.colcon_core.package_identification:_identify(src/greenhouse_navigation) by extensions ['colcon_meta']
[0.258s] Level 1:colcon.colcon_core.package_identification:_identify(src/greenhouse_navigation) by extension 'colcon_meta'
[0.258s] Level 1:colcon.colcon_core.package_identification:_identify(src/greenhouse_navigation) by extensions ['ros']
[0.258s] Level 1:colcon.colcon_core.package_identification:_identify(src/greenhouse_navigation) by extension 'ros'
[0.260s] DEBUG:colcon.colcon_core.package_identification:Package 'src/greenhouse_navigation' with type 'ros.ament_python' and name 'greenhouse_navigation'
[0.260s] Level 1:colcon.colcon_core.package_identification:_identify(src/roverrobotics_description) by extensions ['ignore', 'ignore_ament_install']
[0.260s] Level 1:colcon.colcon_core.package_identification:_identify(src/roverrobotics_description) by extension 'ignore'
[0.260s] Level 1:colcon.colcon_core.package_identification:_identify(src/roverrobotics_description) by extension 'ignore_ament_install'
[0.260s] Level 1:colcon.colcon_core.package_identification:_identify(src/roverrobotics_description) by extensions ['colcon_pkg']
[0.260s] Level 1:colcon.colcon_core.package_identification:_identify(src/roverrobotics_description) by extension 'colcon_pkg'
[0.260s] Level 1:colcon.colcon_core.package_identification:_identify(src/roverrobotics_description) by extensions ['colcon_meta']
[0.260s] Level 1:colcon.colcon_core.package_identification:_identify(src/roverrobotics_description) by extension 'colcon_meta'
[0.260s] Level 1:colcon.colcon_core.package_identification:_identify(src/roverrobotics_description) by extensions ['ros']
[0.260s] Level 1:colcon.colcon_core.package_identification:_identify(src/roverrobotics_description) by extension 'ros'
[0.261s] DEBUG:colcon.colcon_core.package_identification:Package 'src/roverrobotics_description' with type 'ros.ament_cmake' and name 'roverrobotics_description'
[0.261s] Level 1:colcon.colcon_core.package_identification:_identify(src/roverrobotics_driver) by extensions ['ignore', 'ignore_ament_install']
[0.261s] Level 1:colcon.colcon_core.package_identification:_identify(src/roverrobotics_driver) by extension 'ignore'
[0.261s] Level 1:colcon.colcon_core.package_identification:_identify(src/roverrobotics_driver) by extension 'ignore_ament_install'
[0.261s] Level 1:colcon.colcon_core.package_identification:_identify(src/roverrobotics_driver) by extensions ['colcon_pkg']
[0.261s] Level 1:colcon.colcon_core.package_identification:_identify(src/roverrobotics_driver) by extension 'colcon_pkg'
[0.261s] Level 1:colcon.colcon_core.package_identification:_identify(src/roverrobotics_driver) by extensions ['colcon_meta']
[0.261s] Level 1:colcon.colcon_core.package_identification:_identify(src/roverrobotics_driver) by extension 'colcon_meta'
[0.261s] Level 1:colcon.colcon_core.package_identification:_identify(src/roverrobotics_driver) by extensions ['ros']
[0.261s] Level 1:colcon.colcon_core.package_identification:_identify(src/roverrobotics_driver) by extension 'ros'
[0.262s] DEBUG:colcon.colcon_core.package_identification:Package 'src/roverrobotics_driver' with type 'ros.ament_cmake' and name 'roverrobotics_driver'
[0.262s] Level 1:colcon.colcon_core.package_identification:_identify(src/roverrobotics_gazebo) by extensions ['ignore', 'ignore_ament_install']
[0.262s] Level 1:colcon.colcon_core.package_identification:_identify(src/roverrobotics_gazebo) by extension 'ignore'
[0.262s] Level 1:colcon.colcon_core.package_identification:_identify(src/roverrobotics_gazebo) by extension 'ignore_ament_install'
[0.262s] Level 1:colcon.colcon_core.package_identification:_identify(src/roverrobotics_gazebo) by extensions ['colcon_pkg']
[0.262s] Level 1:colcon.colcon_core.package_identification:_identify(src/roverrobotics_gazebo) by extension 'colcon_pkg'
[0.262s] Level 1:colcon.colcon_core.package_identification:_identify(src/roverrobotics_gazebo) by extensions ['colcon_meta']
[0.262s] Level 1:colcon.colcon_core.package_identification:_identify(src/roverrobotics_gazebo) by extension 'colcon_meta'
[0.262s] Level 1:colcon.colcon_core.package_identification:_identify(src/roverrobotics_gazebo) by extensions ['ros']
[0.262s] Level 1:colcon.colcon_core.package_identification:_identify(src/roverrobotics_gazebo) by extension 'ros'
[0.263s] DEBUG:colcon.colcon_core.package_identification:Package 'src/roverrobotics_gazebo' with type 'ros.ament_cmake' and name 'roverrobotics_gazebo'
[0.263s] Level 1:colcon.colcon_core.package_identification:_identify(src/roverrobotics_input_manager) by extensions ['ignore', 'ignore_ament_install']
[0.263s] Level 1:colcon.colcon_core.package_identification:_identify(src/roverrobotics_input_manager) by extension 'ignore'
[0.263s] Level 1:colcon.colcon_core.package_identification:_identify(src/roverrobotics_input_manager) by extension 'ignore_ament_install'
[0.263s] Level 1:colcon.colcon_core.package_identification:_identify(src/roverrobotics_input_manager) by extensions ['colcon_pkg']
[0.263s] Level 1:colcon.colcon_core.package_identification:_identify(src/roverrobotics_input_manager) by extension 'colcon_pkg'
[0.263s] Level 1:colcon.colcon_core.package_identification:_identify(src/roverrobotics_input_manager) by extensions ['colcon_meta']
[0.263s] Level 1:colcon.colcon_core.package_identification:_identify(src/roverrobotics_input_manager) by extension 'colcon_meta'
[0.263s] Level 1:colcon.colcon_core.package_identification:_identify(src/roverrobotics_input_manager) by extensions ['ros']
[0.263s] Level 1:colcon.colcon_core.package_identification:_identify(src/roverrobotics_input_manager) by extension 'ros'
[0.264s] DEBUG:colcon.colcon_core.package_identification:Package 'src/roverrobotics_input_manager' with type 'ros.ament_cmake' and name 'roverrobotics_input_manager'
[0.264s] Level 1:colcon.colcon_core.package_identification:_identify(src/rplidar_ros) by extensions ['ignore', 'ignore_ament_install']
[0.264s] Level 1:colcon.colcon_core.package_identification:_identify(src/rplidar_ros) by extension 'ignore'
[0.264s] Level 1:colcon.colcon_core.package_identification:_identify(src/rplidar_ros) by extension 'ignore_ament_install'
[0.264s] Level 1:colcon.colcon_core.package_identification:_identify(src/rplidar_ros) by extensions ['colcon_pkg']
[0.264s] Level 1:colcon.colcon_core.package_identification:_identify(src/rplidar_ros) by extension 'colcon_pkg'
[0.264s] Level 1:colcon.colcon_core.package_identification:_identify(src/rplidar_ros) by extensions ['colcon_meta']
[0.264s] Level 1:colcon.colcon_core.package_identification:_identify(src/rplidar_ros) by extension 'colcon_meta'
[0.264s] Level 1:colcon.colcon_core.package_identification:_identify(src/rplidar_ros) by extensions ['ros']
[0.264s] Level 1:colcon.colcon_core.package_identification:_identify(src/rplidar_ros) by extension 'ros'
[0.264s] Level 1:colcon.colcon_core.package_identification:_identify(src/rplidar_ros) by extensions ['cmake', 'python']
[0.264s] Level 1:colcon.colcon_core.package_identification:_identify(src/rplidar_ros) by extension 'cmake'
[0.264s] Level 1:colcon.colcon_core.package_identification:_identify(src/rplidar_ros) by extension 'python'
[0.264s] Level 1:colcon.colcon_core.package_identification:_identify(src/rplidar_ros) by extensions ['python_setup_py']
[0.264s] Level 1:colcon.colcon_core.package_identification:_identify(src/rplidar_ros) by extension 'python_setup_py'
[0.264s] Level 1:colcon.colcon_core.package_discovery:discover_packages(recursive) using defaults
[0.264s] Level 1:colcon.colcon_core.package_discovery:discover_packages(ignore) discover
[0.264s] Level 1:colcon.colcon_core.package_discovery:discover_packages(ignore) using defaults
[0.264s] Level 1:colcon.colcon_core.package_discovery:discover_packages(path) discover
[0.264s] Level 1:colcon.colcon_core.package_discovery:discover_packages(path) using defaults
[0.280s] Level 1:colcon.colcon_core.package_discovery:discover_packages(prefix_path) check parameters
[0.280s] Level 1:colcon.colcon_core.package_discovery:discover_packages(prefix_path) discover
[0.281s] DEBUG:colcon.colcon_installed_package_information.package_discovery:Found 5 installed packages in /home/raz/volcani/rover_volkani/install
[0.282s] DEBUG:colcon.colcon_installed_package_information.package_discovery:Found 482 installed packages in /opt/ros/humble
[0.284s] Level 1:colcon.colcon_core.package_discovery:discover_packages(prefix_path) using defaults
[0.319s] Level 5:colcon.colcon_core.verb:set package 'greenhouse_navigation' build argument 'cmake_args' from command line to 'None'
[0.320s] Level 5:colcon.colcon_core.verb:set package 'greenhouse_navigation' build argument 'cmake_target' from command line to 'None'
[0.320s] Level 5:colcon.colcon_core.verb:set package 'greenhouse_navigation' build argument 'cmake_target_skip_unavailable' from command line to 'False'
[0.320s] Level 5:colcon.colcon_core.verb:set package 'greenhouse_navigation' build argument 'cmake_clean_cache' from command line to 'False'
[0.320s] Level 5:colcon.colcon_core.verb:set package 'greenhouse_navigation' build argument 'cmake_clean_first' from command line to 'False'
[0.320s] Level 5:colcon.colcon_core.verb:set package 'greenhouse_navigation' build argument 'cmake_force_configure' from command line to 'False'
[0.320s] Level 5:colcon.colcon_core.verb:set package 'greenhouse_navigation' build argument 'ament_cmake_args' from command line to 'None'
[0.320s] Level 5:colcon.colcon_core.verb:set package 'greenhouse_navigation' build argument 'catkin_cmake_args' from command line to 'None'
[0.320s] Level 5:colcon.colcon_core.verb:set package 'greenhouse_navigation' build argument 'catkin_skip_building_tests' from command line to 'False'
[0.320s] DEBUG:colcon.colcon_core.verb:Building package 'greenhouse_navigation' with the following arguments: {'ament_cmake_args': None, 'build_base': '/home/raz/volcani/rover_volkani/build/greenhouse_navigation', 'catkin_cmake_args': None, 'catkin_skip_building_tests': False, 'cmake_args': None, 'cmake_clean_cache': False, 'cmake_clean_first': False, 'cmake_force_configure': False, 'cmake_target': None, 'cmake_target_skip_unavailable': False, 'install_base': '/home/raz/volcani/rover_volkani/install/greenhouse_navigation', 'merge_install': False, 'path': '/home/raz/volcani/rover_volkani/src/greenhouse_navigation', 'symlink_install': True, 'test_result_base': None}
[0.320s] Level 5:colcon.colcon_core.verb:set package 'roverrobotics_description' build argument 'cmake_args' from command line to 'None'
[0.320s] Level 5:colcon.colcon_core.verb:set package 'roverrobotics_description' build argument 'cmake_target' from command line to 'None'
[0.320s] Level 5:colcon.colcon_core.verb:set package 'roverrobotics_description' build argument 'cmake_target_skip_unavailable' from command line to 'False'
[0.320s] Level 5:colcon.colcon_core.verb:set package 'roverrobotics_description' build argument 'cmake_clean_cache' from command line to 'False'
[0.320s] Level 5:colcon.colcon_core.verb:set package 'roverrobotics_description' build argument 'cmake_clean_first' from command line to 'False'
[0.320s] Level 5:colcon.colcon_core.verb:set package 'roverrobotics_description' build argument 'cmake_force_configure' from command line to 'False'
[0.320s] Level 5:colcon.colcon_core.verb:set package 'roverrobotics_description' build argument 'ament_cmake_args' from command line to 'None'
[0.320s] Level 5:colcon.colcon_core.verb:set package 'roverrobotics_description' build argument 'catkin_cmake_args' from command line to 'None'
[0.320s] Level 5:colcon.colcon_core.verb:set package 'roverrobotics_description' build argument 'catkin_skip_building_tests' from command line to 'False'
[0.320s] DEBUG:colcon.colcon_core.verb:Building package 'roverrobotics_description' with the following arguments: {'ament_cmake_args': None, 'build_base': '/home/raz/volcani/rover_volkani/build/roverrobotics_description', 'catkin_cmake_args': None, 'catkin_skip_building_tests': False, 'cmake_args': None, 'cmake_clean_cache': False, 'cmake_clean_first': False, 'cmake_force_configure': False, 'cmake_target': None, 'cmake_target_skip_unavailable': False, 'install_base': '/home/raz/volcani/rover_volkani/install/roverrobotics_description', 'merge_install': False, 'path': '/home/raz/volcani/rover_volkani/src/roverrobotics_description', 'symlink_install': True, 'test_result_base': None}
[0.320s] Level 5:colcon.colcon_core.verb:set package 'roverrobotics_driver' build argument 'cmake_args' from command line to 'None'
[0.320s] Level 5:colcon.colcon_core.verb:set package 'roverrobotics_driver' build argument 'cmake_target' from command line to 'None'
[0.320s] Level 5:colcon.colcon_core.verb:set package 'roverrobotics_driver' build argument 'cmake_target_skip_unavailable' from command line to 'False'
[0.320s] Level 5:colcon.colcon_core.verb:set package 'roverrobotics_driver' build argument 'cmake_clean_cache' from command line to 'False'
[0.320s] Level 5:colcon.colcon_core.verb:set package 'roverrobotics_driver' build argument 'cmake_clean_first' from command line to 'False'
[0.320s] Level 5:colcon.colcon_core.verb:set package 'roverrobotics_driver' build argument 'cmake_force_configure' from command line to 'False'
[0.320s] Level 5:colcon.colcon_core.verb:set package 'roverrobotics_driver' build argument 'ament_cmake_args' from command line to 'None'
[0.320s] Level 5:colcon.colcon_core.verb:set package 'roverrobotics_driver' build argument 'catkin_cmake_args' from command line to 'None'
[0.320s] Level 5:colcon.colcon_core.verb:set package 'roverrobotics_driver' build argument 'catkin_skip_building_tests' from command line to 'False'
[0.320s] DEBUG:colcon.colcon_core.verb:Building package 'roverrobotics_driver' with the following arguments: {'ament_cmake_args': None, 'build_base': '/home/raz/volcani/rover_volkani/build/roverrobotics_driver', 'catkin_cmake_args': None, 'catkin_skip_building_tests': False, 'cmake_args': None, 'cmake_clean_cache': False, 'cmake_clean_first': False, 'cmake_force_configure': False, 'cmake_target': None, 'cmake_target_skip_unavailable': False, 'install_base': '/home/raz/volcani/rover_volkani/install/roverrobotics_driver', 'merge_install': False, 'path': '/home/raz/volcani/rover_volkani/src/roverrobotics_driver', 'symlink_install': True, 'test_result_base': None}
[0.321s] Level 5:colcon.colcon_core.verb:set package 'roverrobotics_input_manager' build argument 'cmake_args' from command line to 'None'
[0.321s] Level 5:colcon.colcon_core.verb:set package 'roverrobotics_input_manager' build argument 'cmake_target' from command line to 'None'
[0.321s] Level 5:colcon.colcon_core.verb:set package 'roverrobotics_input_manager' build argument 'cmake_target_skip_unavailable' from command line to 'False'
[0.321s] Level 5:colcon.colcon_core.verb:set package 'roverrobotics_input_manager' build argument 'cmake_clean_cache' from command line to 'False'
[0.321s] Level 5:colcon.colcon_core.verb:set package 'roverrobotics_input_manager' build argument 'cmake_clean_first' from command line to 'False'
[0.321s] Level 5:colcon.colcon_core.verb:set package 'roverrobotics_input_manager' build argument 'cmake_force_configure' from command line to 'False'
[0.321s] Level 5:colcon.colcon_core.verb:set package 'roverrobotics_input_manager' build argument 'ament_cmake_args' from command line to 'None'
[0.321s] Level 5:colcon.colcon_core.verb:set package 'roverrobotics_input_manager' build argument 'catkin_cmake_args' from command line to 'None'
[0.321s] Level 5:colcon.colcon_core.verb:set package 'roverrobotics_input_manager' build argument 'catkin_skip_building_tests' from command line to 'False'
[0.321s] DEBUG:colcon.colcon_core.verb:Building package 'roverrobotics_input_manager' with the following arguments: {'ament_cmake_args': None, 'build_base': '/home/raz/volcani/rover_volkani/build/roverrobotics_input_manager', 'catkin_cmake_args': None, 'catkin_skip_building_tests': False, 'cmake_args': None, 'cmake_clean_cache': False, 'cmake_clean_first': False, 'cmake_force_configure': False, 'cmake_target': None, 'cmake_target_skip_unavailable': False, 'install_base': '/home/raz/volcani/rover_volkani/install/roverrobotics_input_manager', 'merge_install': False, 'path': '/home/raz/volcani/rover_volkani/src/roverrobotics_input_manager', 'symlink_install': True, 'test_result_base': None}
[0.321s] Level 5:colcon.colcon_core.verb:set package 'roverrobotics_gazebo' build argument 'cmake_args' from command line to 'None'
[0.321s] Level 5:colcon.colcon_core.verb:set package 'roverrobotics_gazebo' build argument 'cmake_target' from command line to 'None'
[0.321s] Level 5:colcon.colcon_core.verb:set package 'roverrobotics_gazebo' build argument 'cmake_target_skip_unavailable' from command line to 'False'
[0.321s] Level 5:colcon.colcon_core.verb:set package 'roverrobotics_gazebo' build argument 'cmake_clean_cache' from command line to 'False'
[0.321s] Level 5:colcon.colcon_core.verb:set package 'roverrobotics_gazebo' build argument 'cmake_clean_first' from command line to 'False'
[0.321s] Level 5:colcon.colcon_core.verb:set package 'roverrobotics_gazebo' build argument 'cmake_force_configure' from command line to 'False'
[0.321s] Level 5:colcon.colcon_core.verb:set package 'roverrobotics_gazebo' build argument 'ament_cmake_args' from command line to 'None'
[0.321s] Level 5:colcon.colcon_core.verb:set package 'roverrobotics_gazebo' build argument 'catkin_cmake_args' from command line to 'None'
[0.321s] Level 5:colcon.colcon_core.verb:set package 'roverrobotics_gazebo' build argument 'catkin_skip_building_tests' from command line to 'False'
[0.321s] DEBUG:colcon.colcon_core.verb:Building package 'roverrobotics_gazebo' with the following arguments: {'ament_cmake_args': None, 'build_base': '/home/raz/volcani/rover_volkani/build/roverrobotics_gazebo', 'catkin_cmake_args': None, 'catkin_skip_building_tests': False, 'cmake_args': None, 'cmake_clean_cache': False, 'cmake_clean_first': False, 'cmake_force_configure': False, 'cmake_target': None, 'cmake_target_skip_unavailable': False, 'install_base': '/home/raz/volcani/rover_volkani/install/roverrobotics_gazebo', 'merge_install': False, 'path': '/home/raz/volcani/rover_volkani/src/roverrobotics_gazebo', 'symlink_install': True, 'test_result_base': None}
[0.321s] INFO:colcon.colcon_core.executor:Executing jobs using 'parallel' executor
[0.322s] DEBUG:colcon.colcon_parallel_executor.executor.parallel:run_until_complete
[0.322s] INFO:colcon.colcon_ros.task.ament_cmake.build:Building ROS package in '/home/raz/volcani/rover_volkani/src/roverrobotics_description' with build type 'ament_cmake'
[0.322s] INFO:colcon.colcon_cmake.task.cmake.build:Building CMake package in '/home/raz/volcani/rover_volkani/src/roverrobotics_description'
[0.324s] INFO:colcon.colcon_core.plugin_system:Skipping extension 'colcon_core.shell.bat': Not used on non-Windows systems
[0.324s] INFO:colcon.colcon_core.shell:Skip shell extension 'powershell' for command environment: Not usable outside of PowerShell
[0.324s] DEBUG:colcon.colcon_core.shell:Skip shell extension 'dsv' for command environment
[0.327s] INFO:colcon.colcon_ros.task.ament_python.build:Building ROS package in '/home/raz/volcani/rover_volkani/src/greenhouse_navigation' with build type 'ament_python'
[0.327s] Level 1:colcon.colcon_core.shell:create_environment_hook('greenhouse_navigation', 'ament_prefix_path')
[0.327s] INFO:colcon.colcon_core.shell:Creating environment hook '/home/raz/volcani/rover_volkani/install/greenhouse_navigation/share/greenhouse_navigation/hook/ament_prefix_path.ps1'
[0.327s] INFO:colcon.colcon_core.shell:Creating environment descriptor '/home/raz/volcani/rover_volkani/install/greenhouse_navigation/share/greenhouse_navigation/hook/ament_prefix_path.dsv'
[0.328s] INFO:colcon.colcon_core.shell:Creating environment hook '/home/raz/volcani/rover_volkani/install/greenhouse_navigation/share/greenhouse_navigation/hook/ament_prefix_path.sh'
[0.328s] INFO:colcon.colcon_core.shell:Skip shell extension 'powershell' for command environment: Not usable outside of PowerShell
[0.328s] DEBUG:colcon.colcon_core.shell:Skip shell extension 'dsv' for command environment
[0.331s] INFO:colcon.colcon_ros.task.ament_cmake.build:Building ROS package in '/home/raz/volcani/rover_volkani/src/roverrobotics_driver' with build type 'ament_cmake'
[0.331s] INFO:colcon.colcon_cmake.task.cmake.build:Building CMake package in '/home/raz/volcani/rover_volkani/src/roverrobotics_driver'
[0.331s] INFO:colcon.colcon_core.shell:Skip shell extension 'powershell' for command environment: Not usable outside of PowerShell
[0.331s] DEBUG:colcon.colcon_core.shell:Skip shell extension 'dsv' for command environment
[0.333s] INFO:colcon.colcon_ros.task.ament_cmake.build:Building ROS package in '/home/raz/volcani/rover_volkani/src/roverrobotics_input_manager' with build type 'ament_cmake'
[0.333s] INFO:colcon.colcon_cmake.task.cmake.build:Building CMake package in '/home/raz/volcani/rover_volkani/src/roverrobotics_input_manager'
[0.334s] INFO:colcon.colcon_core.shell:Skip shell extension 'powershell' for command environment: Not usable outside of PowerShell
[0.334s] DEBUG:colcon.colcon_core.shell:Skip shell extension 'dsv' for command environment
[0.339s] DEBUG:colcon.colcon_core.event_handler.log_command:Invoking command in '/home/raz/volcani/rover_volkani/build/roverrobotics_description': CMAKE_PREFIX_PATH=${CMAKE_PREFIX_PATH}:/home/raz/volcani/rover_volkani/install/greenhouse_navigation:/opt/ros/humble /usr/bin/cmake --build /home/raz/volcani/rover_volkani/build/roverrobotics_description -- -j24 -l24
[0.527s] INFO:colcon.colcon_core.task.python.build:Building Python package in '/home/raz/volcani/rover_volkani/src/greenhouse_navigation'
[0.528s] INFO:colcon.colcon_core.shell:Skip shell extension 'powershell' for command environment: Not usable outside of PowerShell
[0.528s] DEBUG:colcon.colcon_core.shell:Skip shell extension 'dsv' for command environment
[0.532s] DEBUG:colcon.colcon_core.event_handler.log_command:Invoking command in '/home/raz/volcani/rover_volkani/build/roverrobotics_driver': CMAKE_PREFIX_PATH=${CMAKE_PREFIX_PATH}:/home/raz/volcani/rover_volkani/install/greenhouse_navigation:/opt/ros/humble /usr/bin/cmake --build /home/raz/volcani/rover_volkani/build/roverrobotics_driver -- -j24 -l24
[0.535s] DEBUG:colcon.colcon_core.event_handler.log_command:Invoking command in '/home/raz/volcani/rover_volkani/build/roverrobotics_input_manager': CMAKE_PREFIX_PATH=${CMAKE_PREFIX_PATH}:/home/raz/volcani/rover_volkani/install/greenhouse_navigation:/opt/ros/humble /usr/bin/cmake --build /home/raz/volcani/rover_volkani/build/roverrobotics_input_manager -- -j24 -l24
[0.537s] DEBUG:colcon.colcon_core.event_handler.log_command:Invoked command in '/home/raz/volcani/rover_volkani/build/roverrobotics_description' returned '0': CMAKE_PREFIX_PATH=${CMAKE_PREFIX_PATH}:/home/raz/volcani/rover_volkani/install/greenhouse_navigation:/opt/ros/humble /usr/bin/cmake --build /home/raz/volcani/rover_volkani/build/roverrobotics_description -- -j24 -l24
[0.547s] DEBUG:colcon.colcon_core.event_handler.log_command:Invoking command in '/home/raz/volcani/rover_volkani/build/roverrobotics_description': CMAKE_PREFIX_PATH=${CMAKE_PREFIX_PATH}:/home/raz/volcani/rover_volkani/install/greenhouse_navigation:/opt/ros/humble /usr/bin/cmake --install /home/raz/volcani/rover_volkani/build/roverrobotics_description
[0.562s] DEBUG:colcon.colcon_core.event_handler.log_command:Invoked command in '/home/raz/volcani/rover_volkani/build/roverrobotics_input_manager' returned '0': CMAKE_PREFIX_PATH=${CMAKE_PREFIX_PATH}:/home/raz/volcani/rover_volkani/install/greenhouse_navigation:/opt/ros/humble /usr/bin/cmake --build /home/raz/volcani/rover_volkani/build/roverrobotics_input_manager -- -j24 -l24
[0.564s] DEBUG:colcon.colcon_core.event_handler.log_command:Invoking command in '/home/raz/volcani/rover_volkani/build/roverrobotics_input_manager': CMAKE_PREFIX_PATH=${CMAKE_PREFIX_PATH}:/home/raz/volcani/rover_volkani/install/greenhouse_navigation:/opt/ros/humble /usr/bin/cmake --install /home/raz/volcani/rover_volkani/build/roverrobotics_input_manager
[0.565s] Level 1:colcon.colcon_core.environment:create_environment_scripts_only(roverrobotics_description)
[0.566s] DEBUG:colcon.colcon_core.event_handler.log_command:Invoked command in '/home/raz/volcani/rover_volkani/build/roverrobotics_description' returned '0': CMAKE_PREFIX_PATH=${CMAKE_PREFIX_PATH}:/home/raz/volcani/rover_volkani/install/greenhouse_navigation:/opt/ros/humble /usr/bin/cmake --install /home/raz/volcani/rover_volkani/build/roverrobotics_description
[0.568s] Level 1:colcon.colcon_core.environment:checking '/home/raz/volcani/rover_volkani/install/roverrobotics_description' for CMake module files
[0.569s] Level 1:colcon.colcon_core.environment:checking '/home/raz/volcani/rover_volkani/install/roverrobotics_description' for CMake config files
[0.571s] Level 1:colcon.colcon_core.shell:create_environment_hook('roverrobotics_description', 'cmake_prefix_path')
[0.571s] INFO:colcon.colcon_core.shell:Creating environment hook '/home/raz/volcani/rover_volkani/install/roverrobotics_description/share/roverrobotics_description/hook/cmake_prefix_path.ps1'
[0.572s] INFO:colcon.colcon_core.shell:Creating environment descriptor '/home/raz/volcani/rover_volkani/install/roverrobotics_description/share/roverrobotics_description/hook/cmake_prefix_path.dsv'
[0.572s] INFO:colcon.colcon_core.shell:Creating environment hook '/home/raz/volcani/rover_volkani/install/roverrobotics_description/share/roverrobotics_description/hook/cmake_prefix_path.sh'
[0.573s] Level 1:colcon.colcon_core.environment:checking '/home/raz/volcani/rover_volkani/install/roverrobotics_description/bin'
[0.573s] Level 1:colcon.colcon_core.environment:checking '/home/raz/volcani/rover_volkani/install/roverrobotics_description/lib/pkgconfig/roverrobotics_description.pc'
[0.573s] Level 1:colcon.colcon_core.environment:checking '/home/raz/volcani/rover_volkani/install/roverrobotics_description/lib/python3.10/site-packages'
[0.573s] Level 1:colcon.colcon_core.environment:checking '/home/raz/volcani/rover_volkani/install/roverrobotics_description/bin'
[0.573s] INFO:colcon.colcon_core.shell:Creating package script '/home/raz/volcani/rover_volkani/install/roverrobotics_description/share/roverrobotics_description/package.ps1'
[0.574s] INFO:colcon.colcon_core.shell:Creating package descriptor '/home/raz/volcani/rover_volkani/install/roverrobotics_description/share/roverrobotics_description/package.dsv'
[0.574s] INFO:colcon.colcon_core.shell:Creating package script '/home/raz/volcani/rover_volkani/install/roverrobotics_description/share/roverrobotics_description/package.sh'
[0.575s] INFO:colcon.colcon_core.shell:Creating package script '/home/raz/volcani/rover_volkani/install/roverrobotics_description/share/roverrobotics_description/package.bash'
[0.577s] INFO:colcon.colcon_core.shell:Creating package script '/home/raz/volcani/rover_volkani/install/roverrobotics_description/share/roverrobotics_description/package.zsh'
[0.577s] Level 1:colcon.colcon_core.environment:create_file_with_runtime_dependencies(/home/raz/volcani/rover_volkani/install/roverrobotics_description/share/colcon-core/packages/roverrobotics_description)
[0.578s] Level 1:colcon.colcon_core.environment:create_environment_scripts_only(roverrobotics_description)
[0.578s] Level 1:colcon.colcon_core.environment:checking '/home/raz/volcani/rover_volkani/install/roverrobotics_description' for CMake module files
[0.578s] Level 1:colcon.colcon_core.environment:checking '/home/raz/volcani/rover_volkani/install/roverrobotics_description' for CMake config files
[0.579s] Level 1:colcon.colcon_core.shell:create_environment_hook('roverrobotics_description', 'cmake_prefix_path')
[0.579s] INFO:colcon.colcon_core.shell:Creating environment hook '/home/raz/volcani/rover_volkani/install/roverrobotics_description/share/roverrobotics_description/hook/cmake_prefix_path.ps1'
[0.579s] INFO:colcon.colcon_core.shell:Creating environment descriptor '/home/raz/volcani/rover_volkani/install/roverrobotics_description/share/roverrobotics_description/hook/cmake_prefix_path.dsv'
[0.579s] INFO:colcon.colcon_core.shell:Creating environment hook '/home/raz/volcani/rover_volkani/install/roverrobotics_description/share/roverrobotics_description/hook/cmake_prefix_path.sh'
[0.580s] Level 1:colcon.colcon_core.environment:checking '/home/raz/volcani/rover_volkani/install/roverrobotics_description/bin'
[0.580s] Level 1:colcon.colcon_core.environment:checking '/home/raz/volcani/rover_volkani/install/roverrobotics_description/lib/pkgconfig/roverrobotics_description.pc'
[0.580s] Level 1:colcon.colcon_core.environment:checking '/home/raz/volcani/rover_volkani/install/roverrobotics_description/lib/python3.10/site-packages'
[0.580s] Level 1:colcon.colcon_core.environment:checking '/home/raz/volcani/rover_volkani/install/roverrobotics_description/bin'
[0.580s] INFO:colcon.colcon_core.shell:Creating package script '/home/raz/volcani/rover_volkani/install/roverrobotics_description/share/roverrobotics_description/package.ps1'
[0.580s] INFO:colcon.colcon_core.shell:Creating package descriptor '/home/raz/volcani/rover_volkani/install/roverrobotics_description/share/roverrobotics_description/package.dsv'
[0.581s] INFO:colcon.colcon_core.shell:Creating package script '/home/raz/volcani/rover_volkani/install/roverrobotics_description/share/roverrobotics_description/package.sh'
[0.581s] INFO:colcon.colcon_core.shell:Creating package script '/home/raz/volcani/rover_volkani/install/roverrobotics_description/share/roverrobotics_description/package.bash'
[0.581s] INFO:colcon.colcon_core.shell:Creating package script '/home/raz/volcani/rover_volkani/install/roverrobotics_description/share/roverrobotics_description/package.zsh'
[0.581s] Level 1:colcon.colcon_core.environment:create_file_with_runtime_dependencies(/home/raz/volcani/rover_volkani/install/roverrobotics_description/share/colcon-core/packages/roverrobotics_description)
[0.582s] INFO:colcon.colcon_ros.task.ament_cmake.build:Building ROS package in '/home/raz/volcani/rover_volkani/src/roverrobotics_gazebo' with build type 'ament_cmake'
[0.582s] INFO:colcon.colcon_cmake.task.cmake.build:Building CMake package in '/home/raz/volcani/rover_volkani/src/roverrobotics_gazebo'
[0.582s] INFO:colcon.colcon_core.shell:Skip shell extension 'powershell' for command environment: Not usable outside of PowerShell
[0.582s] DEBUG:colcon.colcon_core.shell:Skip shell extension 'dsv' for command environment
[0.585s] Level 1:colcon.colcon_core.environment:create_environment_scripts_only(roverrobotics_input_manager)
[0.585s] Level 1:colcon.colcon_core.environment:checking '/home/raz/volcani/rover_volkani/install/roverrobotics_input_manager' for CMake module files
[0.586s] DEBUG:colcon.colcon_core.event_handler.log_command:Invoked command in '/home/raz/volcani/rover_volkani/build/roverrobotics_input_manager' returned '0': CMAKE_PREFIX_PATH=${CMAKE_PREFIX_PATH}:/home/raz/volcani/rover_volkani/install/greenhouse_navigation:/opt/ros/humble /usr/bin/cmake --install /home/raz/volcani/rover_volkani/build/roverrobotics_input_manager
[0.586s] Level 1:colcon.colcon_core.environment:checking '/home/raz/volcani/rover_volkani/install/roverrobotics_input_manager' for CMake config files
[0.586s] Level 1:colcon.colcon_core.shell:create_environment_hook('roverrobotics_input_manager', 'cmake_prefix_path')
[0.586s] INFO:colcon.colcon_core.shell:Creating environment hook '/home/raz/volcani/rover_volkani/install/roverrobotics_input_manager/share/roverrobotics_input_manager/hook/cmake_prefix_path.ps1'
[0.587s] INFO:colcon.colcon_core.shell:Creating environment descriptor '/home/raz/volcani/rover_volkani/install/roverrobotics_input_manager/share/roverrobotics_input_manager/hook/cmake_prefix_path.dsv'
[0.587s] INFO:colcon.colcon_core.shell:Creating environment hook '/home/raz/volcani/rover_volkani/install/roverrobotics_input_manager/share/roverrobotics_input_manager/hook/cmake_prefix_path.sh'
[0.587s] Level 1:colcon.colcon_core.environment:checking '/home/raz/volcani/rover_volkani/install/roverrobotics_input_manager/lib'
[0.587s] Level 1:colcon.colcon_core.environment:checking '/home/raz/volcani/rover_volkani/install/roverrobotics_input_manager/bin'
[0.587s] Level 1:colcon.colcon_core.environment:checking '/home/raz/volcani/rover_volkani/install/roverrobotics_input_manager/lib/pkgconfig/roverrobotics_input_manager.pc'
[0.587s] Level 1:colcon.colcon_core.environment:checking '/home/raz/volcani/rover_volkani/install/roverrobotics_input_manager/lib/python3.10/site-packages'
[0.588s] Level 1:colcon.colcon_core.environment:checking '/home/raz/volcani/rover_volkani/install/roverrobotics_input_manager/bin'
[0.588s] INFO:colcon.colcon_core.shell:Creating package script '/home/raz/volcani/rover_volkani/install/roverrobotics_input_manager/share/roverrobotics_input_manager/package.ps1'
[0.588s] INFO:colcon.colcon_core.shell:Creating package descriptor '/home/raz/volcani/rover_volkani/install/roverrobotics_input_manager/share/roverrobotics_input_manager/package.dsv'
[0.588s] INFO:colcon.colcon_core.shell:Creating package script '/home/raz/volcani/rover_volkani/install/roverrobotics_input_manager/share/roverrobotics_input_manager/package.sh'
[0.589s] INFO:colcon.colcon_core.shell:Creating package script '/home/raz/volcani/rover_volkani/install/roverrobotics_input_manager/share/roverrobotics_input_manager/package.bash'
[0.589s] INFO:colcon.colcon_core.shell:Creating package script '/home/raz/volcani/rover_volkani/install/roverrobotics_input_manager/share/roverrobotics_input_manager/package.zsh'
[0.589s] Level 1:colcon.colcon_core.environment:create_file_with_runtime_dependencies(/home/raz/volcani/rover_volkani/install/roverrobotics_input_manager/share/colcon-core/packages/roverrobotics_input_manager)
[0.589s] Level 1:colcon.colcon_core.environment:create_environment_scripts_only(roverrobotics_input_manager)
[0.590s] Level 1:colcon.colcon_core.environment:checking '/home/raz/volcani/rover_volkani/install/roverrobotics_input_manager' for CMake module files
[0.590s] Level 1:colcon.colcon_core.environment:checking '/home/raz/volcani/rover_volkani/install/roverrobotics_input_manager' for CMake config files
[0.590s] Level 1:colcon.colcon_core.shell:create_environment_hook('roverrobotics_input_manager', 'cmake_prefix_path')
[0.590s] INFO:colcon.colcon_core.shell:Creating environment hook '/home/raz/volcani/rover_volkani/install/roverrobotics_input_manager/share/roverrobotics_input_manager/hook/cmake_prefix_path.ps1'
[0.591s] INFO:colcon.colcon_core.shell:Creating environment descriptor '/home/raz/volcani/rover_volkani/install/roverrobotics_input_manager/share/roverrobotics_input_manager/hook/cmake_prefix_path.dsv'
[0.591s] INFO:colcon.colcon_core.shell:Creating environment hook '/home/raz/volcani/rover_volkani/install/roverrobotics_input_manager/share/roverrobotics_input_manager/hook/cmake_prefix_path.sh'
[0.591s] Level 1:colcon.colcon_core.environment:checking '/home/raz/volcani/rover_volkani/install/roverrobotics_input_manager/lib'
[0.591s] Level 1:colcon.colcon_core.environment:checking '/home/raz/volcani/rover_volkani/install/roverrobotics_input_manager/bin'
[0.591s] Level 1:colcon.colcon_core.environment:checking '/home/raz/volcani/rover_volkani/install/roverrobotics_input_manager/lib/pkgconfig/roverrobotics_input_manager.pc'
[0.591s] Level 1:colcon.colcon_core.environment:checking '/home/raz/volcani/rover_volkani/install/roverrobotics_input_manager/lib/python3.10/site-packages'
[0.591s] Level 1:colcon.colcon_core.environment:checking '/home/raz/volcani/rover_volkani/install/roverrobotics_input_manager/bin'
[0.592s] INFO:colcon.colcon_core.shell:Creating package script '/home/raz/volcani/rover_volkani/install/roverrobotics_input_manager/share/roverrobotics_input_manager/package.ps1'
[0.592s] INFO:colcon.colcon_core.shell:Creating package descriptor '/home/raz/volcani/rover_volkani/install/roverrobotics_input_manager/share/roverrobotics_input_manager/package.dsv'
[0.592s] INFO:colcon.colcon_core.shell:Creating package script '/home/raz/volcani/rover_volkani/install/roverrobotics_input_manager/share/roverrobotics_input_manager/package.sh'
[0.593s] INFO:colcon.colcon_core.shell:Creating package script '/home/raz/volcani/rover_volkani/install/roverrobotics_input_manager/share/roverrobotics_input_manager/package.bash'
[0.593s] INFO:colcon.colcon_core.shell:Creating package script '/home/raz/volcani/rover_volkani/install/roverrobotics_input_manager/share/roverrobotics_input_manager/package.zsh'
[0.593s] Level 1:colcon.colcon_core.environment:create_file_with_runtime_dependencies(/home/raz/volcani/rover_volkani/install/roverrobotics_input_manager/share/colcon-core/packages/roverrobotics_input_manager)
[0.594s] DEBUG:colcon.colcon_core.event_handler.log_command:Invoked command in '/home/raz/volcani/rover_volkani/build/roverrobotics_driver' returned '0': CMAKE_PREFIX_PATH=${CMAKE_PREFIX_PATH}:/home/raz/volcani/rover_volkani/install/greenhouse_navigation:/opt/ros/humble /usr/bin/cmake --build /home/raz/volcani/rover_volkani/build/roverrobotics_driver -- -j24 -l24
[0.595s] DEBUG:colcon.colcon_core.event_handler.log_command:Invoking command in '/home/raz/volcani/rover_volkani/build/roverrobotics_driver': CMAKE_PREFIX_PATH=${CMAKE_PREFIX_PATH}:/home/raz/volcani/rover_volkani/install/greenhouse_navigation:/opt/ros/humble /usr/bin/cmake --install /home/raz/volcani/rover_volkani/build/roverrobotics_driver
[0.598s] DEBUG:colcon.colcon_core.event_handler.log_command:Invoking command in '/home/raz/volcani/rover_volkani/build/roverrobotics_gazebo': CMAKE_PREFIX_PATH=/home/raz/volcani/rover_volkani/install/roverrobotics_description:/home/raz/volcani/rover_volkani/install/roverrobotics_input_manager:/home/raz/volcani/rover_volkani/install/roverrobotics_gazebo:/home/raz/volcani/rover_volkani/install/roverrobotics_driver:/home/raz/volcani/rover_volkani/install/greenhouse_navigation:/opt/ros/humble /usr/bin/cmake --build /home/raz/volcani/rover_volkani/build/roverrobotics_gazebo -- -j24 -l24
[0.623s] DEBUG:colcon.colcon_core.event_handler.log_command:Invoked command in '/home/raz/volcani/rover_volkani/build/roverrobotics_gazebo' returned '0': CMAKE_PREFIX_PATH=/home/raz/volcani/rover_volkani/install/roverrobotics_description:/home/raz/volcani/rover_volkani/install/roverrobotics_input_manager:/home/raz/volcani/rover_volkani/install/roverrobotics_gazebo:/home/raz/volcani/rover_volkani/install/roverrobotics_driver:/home/raz/volcani/rover_volkani/install/greenhouse_navigation:/opt/ros/humble /usr/bin/cmake --build /home/raz/volcani/rover_volkani/build/roverrobotics_gazebo -- -j24 -l24
[0.624s] DEBUG:colcon.colcon_core.event_handler.log_command:Invoking command in '/home/raz/volcani/rover_volkani/build/roverrobotics_gazebo': CMAKE_PREFIX_PATH=/home/raz/volcani/rover_volkani/install/roverrobotics_description:/home/raz/volcani/rover_volkani/install/roverrobotics_input_manager:/home/raz/volcani/rover_volkani/install/roverrobotics_gazebo:/home/raz/volcani/rover_volkani/install/roverrobotics_driver:/home/raz/volcani/rover_volkani/install/greenhouse_navigation:/opt/ros/humble /usr/bin/cmake --install /home/raz/volcani/rover_volkani/build/roverrobotics_gazebo
[0.638s] Level 1:colcon.colcon_core.environment:create_environment_scripts_only(roverrobotics_driver)
[0.639s] Level 1:colcon.colcon_core.environment:checking '/home/raz/volcani/rover_volkani/install/roverrobotics_driver' for CMake module files
[0.639s] DEBUG:colcon.colcon_core.event_handler.log_command:Invoked command in '/home/raz/volcani/rover_volkani/build/roverrobotics_driver' returned '0': CMAKE_PREFIX_PATH=${CMAKE_PREFIX_PATH}:/home/raz/volcani/rover_volkani/install/greenhouse_navigation:/opt/ros/humble /usr/bin/cmake --install /home/raz/volcani/rover_volkani/build/roverrobotics_driver
[0.639s] Level 1:colcon.colcon_core.environment:checking '/home/raz/volcani/rover_volkani/install/roverrobotics_driver' for CMake config files
[0.640s] Level 1:colcon.colcon_core.shell:create_environment_hook('roverrobotics_driver', 'cmake_prefix_path')
[0.640s] INFO:colcon.colcon_core.shell:Creating environment hook '/home/raz/volcani/rover_volkani/install/roverrobotics_driver/share/roverrobotics_driver/hook/cmake_prefix_path.ps1'
[0.640s] INFO:colcon.colcon_core.shell:Creating environment descriptor '/home/raz/volcani/rover_volkani/install/roverrobotics_driver/share/roverrobotics_driver/hook/cmake_prefix_path.dsv'
[0.640s] INFO:colcon.colcon_core.shell:Creating environment hook '/home/raz/volcani/rover_volkani/install/roverrobotics_driver/share/roverrobotics_driver/hook/cmake_prefix_path.sh'
[0.641s] Level 1:colcon.colcon_core.environment:checking '/home/raz/volcani/rover_volkani/install/roverrobotics_driver/lib'
[0.641s] Level 1:colcon.colcon_core.environment:checking '/home/raz/volcani/rover_volkani/install/roverrobotics_driver/bin'
[0.641s] Level 1:colcon.colcon_core.environment:checking '/home/raz/volcani/rover_volkani/install/roverrobotics_driver/lib/pkgconfig/roverrobotics_driver.pc'
[0.641s] Level 1:colcon.colcon_core.environment:checking '/home/raz/volcani/rover_volkani/install/roverrobotics_driver/lib/python3.10/site-packages'
[0.641s] Level 1:colcon.colcon_core.environment:checking '/home/raz/volcani/rover_volkani/install/roverrobotics_driver/bin'
[0.641s] INFO:colcon.colcon_core.shell:Creating package script '/home/raz/volcani/rover_volkani/install/roverrobotics_driver/share/roverrobotics_driver/package.ps1'
[0.641s] INFO:colcon.colcon_core.shell:Creating package descriptor '/home/raz/volcani/rover_volkani/install/roverrobotics_driver/share/roverrobotics_driver/package.dsv'
[0.642s] INFO:colcon.colcon_core.shell:Creating package script '/home/raz/volcani/rover_volkani/install/roverrobotics_driver/share/roverrobotics_driver/package.sh'
[0.642s] INFO:colcon.colcon_core.shell:Creating package script '/home/raz/volcani/rover_volkani/install/roverrobotics_driver/share/roverrobotics_driver/package.bash'
[0.642s] INFO:colcon.colcon_core.shell:Creating package script '/home/raz/volcani/rover_volkani/install/roverrobotics_driver/share/roverrobotics_driver/package.zsh'
[0.642s] Level 1:colcon.colcon_core.environment:create_file_with_runtime_dependencies(/home/raz/volcani/rover_volkani/install/roverrobotics_driver/share/colcon-core/packages/roverrobotics_driver)
[0.643s] Level 1:colcon.colcon_core.environment:create_environment_scripts_only(roverrobotics_driver)
[0.643s] Level 1:colcon.colcon_core.environment:checking '/home/raz/volcani/rover_volkani/install/roverrobotics_driver' for CMake module files
[0.643s] Level 1:colcon.colcon_core.environment:checking '/home/raz/volcani/rover_volkani/install/roverrobotics_driver' for CMake config files
[0.643s] Level 1:colcon.colcon_core.shell:create_environment_hook('roverrobotics_driver', 'cmake_prefix_path')
[0.643s] INFO:colcon.colcon_core.shell:Creating environment hook '/home/raz/volcani/rover_volkani/install/roverrobotics_driver/share/roverrobotics_driver/hook/cmake_prefix_path.ps1'
[0.644s] INFO:colcon.colcon_core.shell:Creating environment descriptor '/home/raz/volcani/rover_volkani/install/roverrobotics_driver/share/roverrobotics_driver/hook/cmake_prefix_path.dsv'
[0.644s] INFO:colcon.colcon_core.shell:Creating environment hook '/home/raz/volcani/rover_volkani/install/roverrobotics_driver/share/roverrobotics_driver/hook/cmake_prefix_path.sh'
[0.644s] Level 1:colcon.colcon_core.environment:checking '/home/raz/volcani/rover_volkani/install/roverrobotics_driver/lib'
[0.644s] Level 1:colcon.colcon_core.environment:checking '/home/raz/volcani/rover_volkani/install/roverrobotics_driver/bin'
[0.644s] Level 1:colcon.colcon_core.environment:checking '/home/raz/volcani/rover_volkani/install/roverrobotics_driver/lib/pkgconfig/roverrobotics_driver.pc'
[0.644s] Level 1:colcon.colcon_core.environment:checking '/home/raz/volcani/rover_volkani/install/roverrobotics_driver/lib/python3.10/site-packages'
[0.645s] Level 1:colcon.colcon_core.environment:checking '/home/raz/volcani/rover_volkani/install/roverrobotics_driver/bin'
[0.645s] INFO:colcon.colcon_core.shell:Creating package script '/home/raz/volcani/rover_volkani/install/roverrobotics_driver/share/roverrobotics_driver/package.ps1'
[0.645s] INFO:colcon.colcon_core.shell:Creating package descriptor '/home/raz/volcani/rover_volkani/install/roverrobotics_driver/share/roverrobotics_driver/package.dsv'
[0.645s] INFO:colcon.colcon_core.shell:Creating package script '/home/raz/volcani/rover_volkani/install/roverrobotics_driver/share/roverrobotics_driver/package.sh'
[0.646s] INFO:colcon.colcon_core.shell:Creating package script '/home/raz/volcani/rover_volkani/install/roverrobotics_driver/share/roverrobotics_driver/package.bash'
[0.646s] INFO:colcon.colcon_core.shell:Creating package script '/home/raz/volcani/rover_volkani/install/roverrobotics_driver/share/roverrobotics_driver/package.zsh'
[0.646s] Level 1:colcon.colcon_core.environment:create_file_with_runtime_dependencies(/home/raz/volcani/rover_volkani/install/roverrobotics_driver/share/colcon-core/packages/roverrobotics_driver)
[0.647s] Level 1:colcon.colcon_core.environment:create_environment_scripts_only(roverrobotics_gazebo)
[0.647s] Level 1:colcon.colcon_core.environment:checking '/home/raz/volcani/rover_volkani/install/roverrobotics_gazebo' for CMake module files
[0.647s] DEBUG:colcon.colcon_core.event_handler.log_command:Invoked command in '/home/raz/volcani/rover_volkani/build/roverrobotics_gazebo' returned '0': CMAKE_PREFIX_PATH=/home/raz/volcani/rover_volkani/install/roverrobotics_description:/home/raz/volcani/rover_volkani/install/roverrobotics_input_manager:/home/raz/volcani/rover_volkani/install/roverrobotics_gazebo:/home/raz/volcani/rover_volkani/install/roverrobotics_driver:/home/raz/volcani/rover_volkani/install/greenhouse_navigation:/opt/ros/humble /usr/bin/cmake --install /home/raz/volcani/rover_volkani/build/roverrobotics_gazebo
[0.647s] Level 1:colcon.colcon_core.environment:checking '/home/raz/volcani/rover_volkani/install/roverrobotics_gazebo' for CMake config files
[0.648s] Level 1:colcon.colcon_core.shell:create_environment_hook('roverrobotics_gazebo', 'cmake_prefix_path')
[0.648s] INFO:colcon.colcon_core.shell:Creating environment hook '/home/raz/volcani/rover_volkani/install/roverrobotics_gazebo/share/roverrobotics_gazebo/hook/cmake_prefix_path.ps1'
[0.648s] INFO:colcon.colcon_core.shell:Creating environment descriptor '/home/raz/volcani/rover_volkani/install/roverrobotics_gazebo/share/roverrobotics_gazebo/hook/cmake_prefix_path.dsv'
[0.648s] INFO:colcon.colcon_core.shell:Creating environment hook '/home/raz/volcani/rover_volkani/install/roverrobotics_gazebo/share/roverrobotics_gazebo/hook/cmake_prefix_path.sh'
[0.649s] Level 1:colcon.colcon_core.environment:checking '/home/raz/volcani/rover_volkani/install/roverrobotics_gazebo/bin'
[0.649s] Level 1:colcon.colcon_core.environment:checking '/home/raz/volcani/rover_volkani/install/roverrobotics_gazebo/lib/pkgconfig/roverrobotics_gazebo.pc'
[0.649s] Level 1:colcon.colcon_core.environment:checking '/home/raz/volcani/rover_volkani/install/roverrobotics_gazebo/lib/python3.10/site-packages'
[0.649s] Level 1:colcon.colcon_core.environment:checking '/home/raz/volcani/rover_volkani/install/roverrobotics_gazebo/bin'
[0.649s] INFO:colcon.colcon_core.shell:Creating package script '/home/raz/volcani/rover_volkani/install/roverrobotics_gazebo/share/roverrobotics_gazebo/package.ps1'
[0.650s] INFO:colcon.colcon_core.shell:Creating package descriptor '/home/raz/volcani/rover_volkani/install/roverrobotics_gazebo/share/roverrobotics_gazebo/package.dsv'
[0.650s] INFO:colcon.colcon_core.shell:Creating package script '/home/raz/volcani/rover_volkani/install/roverrobotics_gazebo/share/roverrobotics_gazebo/package.sh'
[0.650s] INFO:colcon.colcon_core.shell:Creating package script '/home/raz/volcani/rover_volkani/install/roverrobotics_gazebo/share/roverrobotics_gazebo/package.bash'
[0.650s] INFO:colcon.colcon_core.shell:Creating package script '/home/raz/volcani/rover_volkani/install/roverrobotics_gazebo/share/roverrobotics_gazebo/package.zsh'
[0.651s] Level 1:colcon.colcon_core.environment:create_file_with_runtime_dependencies(/home/raz/volcani/rover_volkani/install/roverrobotics_gazebo/share/colcon-core/packages/roverrobotics_gazebo)
[0.651s] Level 1:colcon.colcon_core.environment:create_environment_scripts_only(roverrobotics_gazebo)
[0.651s] Level 1:colcon.colcon_core.environment:checking '/home/raz/volcani/rover_volkani/install/roverrobotics_gazebo' for CMake module files
[0.651s] Level 1:colcon.colcon_core.environment:checking '/home/raz/volcani/rover_volkani/install/roverrobotics_gazebo' for CMake config files
[0.652s] Level 1:colcon.colcon_core.shell:create_environment_hook('roverrobotics_gazebo', 'cmake_prefix_path')
[0.652s] INFO:colcon.colcon_core.shell:Creating environment hook '/home/raz/volcani/rover_volkani/install/roverrobotics_gazebo/share/roverrobotics_gazebo/hook/cmake_prefix_path.ps1'
[0.652s] INFO:colcon.colcon_core.shell:Creating environment descriptor '/home/raz/volcani/rover_volkani/install/roverrobotics_gazebo/share/roverrobotics_gazebo/hook/cmake_prefix_path.dsv'
[0.652s] INFO:colcon.colcon_core.shell:Creating environment hook '/home/raz/volcani/rover_volkani/install/roverrobotics_gazebo/share/roverrobotics_gazebo/hook/cmake_prefix_path.sh'
[0.653s] Level 1:colcon.colcon_core.environment:checking '/home/raz/volcani/rover_volkani/install/roverrobotics_gazebo/bin'
[0.653s] Level 1:colcon.colcon_core.environment:checking '/home/raz/volcani/rover_volkani/install/roverrobotics_gazebo/lib/pkgconfig/roverrobotics_gazebo.pc'
[0.653s] Level 1:colcon.colcon_core.environment:checking '/home/raz/volcani/rover_volkani/install/roverrobotics_gazebo/lib/python3.10/site-packages'
[0.653s] Level 1:colcon.colcon_core.environment:checking '/home/raz/volcani/rover_volkani/install/roverrobotics_gazebo/bin'
[0.653s] INFO:colcon.colcon_core.shell:Creating package script '/home/raz/volcani/rover_volkani/install/roverrobotics_gazebo/share/roverrobotics_gazebo/package.ps1'
[0.654s] INFO:colcon.colcon_core.shell:Creating package descriptor '/home/raz/volcani/rover_volkani/install/roverrobotics_gazebo/share/roverrobotics_gazebo/package.dsv'
[0.654s] INFO:colcon.colcon_core.shell:Creating package script '/home/raz/volcani/rover_volkani/install/roverrobotics_gazebo/share/roverrobotics_gazebo/package.sh'
[0.654s] INFO:colcon.colcon_core.shell:Creating package script '/home/raz/volcani/rover_volkani/install/roverrobotics_gazebo/share/roverrobotics_gazebo/package.bash'
[0.655s] INFO:colcon.colcon_core.shell:Creating package script '/home/raz/volcani/rover_volkani/install/roverrobotics_gazebo/share/roverrobotics_gazebo/package.zsh'
[0.655s] Level 1:colcon.colcon_core.environment:create_file_with_runtime_dependencies(/home/raz/volcani/rover_volkani/install/roverrobotics_gazebo/share/colcon-core/packages/roverrobotics_gazebo)
[0.792s] DEBUG:colcon.colcon_core.event_handler.log_command:Invoking command in '/home/raz/volcani/rover_volkani/build/greenhouse_navigation': PYTHONPATH=/home/raz/volcani/rover_volkani/build/greenhouse_navigation/prefix_override:/usr/lib/python3/dist-packages/colcon_core/task/python/colcon_distutils_commands:/home/raz/volcani/rover_volkani/install/greenhouse_navigation/lib/python3.10/site-packages:${PYTHONPATH} /usr/bin/python3 -W ignore:setup.py install is deprecated -W ignore:easy_install command is deprecated setup.py develop --editable --build-directory /home/raz/volcani/rover_volkani/build/greenhouse_navigation/build --no-deps symlink_data
[1.169s] Level 1:colcon.colcon_core.shell:create_environment_hook('greenhouse_navigation', 'pythonpath_develop')
[1.169s] INFO:colcon.colcon_core.shell:Creating environment hook '/home/raz/volcani/rover_volkani/build/greenhouse_navigation/share/greenhouse_navigation/hook/pythonpath_develop.ps1'
[1.170s] DEBUG:colcon.colcon_core.event_handler.log_command:Invoked command in '/home/raz/volcani/rover_volkani/build/greenhouse_navigation' returned '0': PYTHONPATH=/home/raz/volcani/rover_volkani/build/greenhouse_navigation/prefix_override:/usr/lib/python3/dist-packages/colcon_core/task/python/colcon_distutils_commands:/home/raz/volcani/rover_volkani/install/greenhouse_navigation/lib/python3.10/site-packages:${PYTHONPATH} /usr/bin/python3 -W ignore:setup.py install is deprecated -W ignore:easy_install command is deprecated setup.py develop --editable --build-directory /home/raz/volcani/rover_volkani/build/greenhouse_navigation/build --no-deps symlink_data
[1.170s] INFO:colcon.colcon_core.shell:Creating environment descriptor '/home/raz/volcani/rover_volkani/build/greenhouse_navigation/share/greenhouse_navigation/hook/pythonpath_develop.dsv'
[1.170s] INFO:colcon.colcon_core.shell:Creating environment hook '/home/raz/volcani/rover_volkani/build/greenhouse_navigation/share/greenhouse_navigation/hook/pythonpath_develop.sh'
[1.171s] Level 1:colcon.colcon_core.environment:checking '/home/raz/volcani/rover_volkani/install/greenhouse_navigation' for CMake module files
[1.171s] Level 1:colcon.colcon_core.environment:checking '/home/raz/volcani/rover_volkani/install/greenhouse_navigation' for CMake config files
[1.171s] Level 1:colcon.colcon_core.environment:checking '/home/raz/volcani/rover_volkani/install/greenhouse_navigation/lib'
[1.171s] Level 1:colcon.colcon_core.environment:checking '/home/raz/volcani/rover_volkani/install/greenhouse_navigation/bin'
[1.171s] Level 1:colcon.colcon_core.environment:checking '/home/raz/volcani/rover_volkani/install/greenhouse_navigation/lib/pkgconfig/greenhouse_navigation.pc'
[1.172s] Level 1:colcon.colcon_core.environment:checking '/home/raz/volcani/rover_volkani/install/greenhouse_navigation/lib/python3.10/site-packages'
[1.172s] Level 1:colcon.colcon_core.shell:create_environment_hook('greenhouse_navigation', 'pythonpath')
[1.172s] INFO:colcon.colcon_core.shell:Creating environment hook '/home/raz/volcani/rover_volkani/install/greenhouse_navigation/share/greenhouse_navigation/hook/pythonpath.ps1'
[1.172s] INFO:colcon.colcon_core.shell:Creating environment descriptor '/home/raz/volcani/rover_volkani/install/greenhouse_navigation/share/greenhouse_navigation/hook/pythonpath.dsv'
[1.173s] INFO:colcon.colcon_core.shell:Creating environment hook '/home/raz/volcani/rover_volkani/install/greenhouse_navigation/share/greenhouse_navigation/hook/pythonpath.sh'
[1.173s] Level 1:colcon.colcon_core.environment:checking '/home/raz/volcani/rover_volkani/install/greenhouse_navigation/bin'
[1.173s] Level 1:colcon.colcon_core.environment:create_environment_scripts_only(greenhouse_navigation)
[1.174s] INFO:colcon.colcon_core.shell:Creating package script '/home/raz/volcani/rover_volkani/install/greenhouse_navigation/share/greenhouse_navigation/package.ps1'
[1.174s] INFO:colcon.colcon_core.shell:Creating package descriptor '/home/raz/volcani/rover_volkani/install/greenhouse_navigation/share/greenhouse_navigation/package.dsv'
[1.175s] INFO:colcon.colcon_core.shell:Creating package script '/home/raz/volcani/rover_volkani/install/greenhouse_navigation/share/greenhouse_navigation/package.sh'
[1.175s] INFO:colcon.colcon_core.shell:Creating package script '/home/raz/volcani/rover_volkani/install/greenhouse_navigation/share/greenhouse_navigation/package.bash'
[1.176s] INFO:colcon.colcon_core.shell:Creating package script '/home/raz/volcani/rover_volkani/install/greenhouse_navigation/share/greenhouse_navigation/package.zsh'
[1.176s] Level 1:colcon.colcon_core.environment:create_file_with_runtime_dependencies(/home/raz/volcani/rover_volkani/install/greenhouse_navigation/share/colcon-core/packages/greenhouse_navigation)
[1.176s] DEBUG:colcon.colcon_parallel_executor.executor.parallel:closing loop
[1.177s] DEBUG:colcon.colcon_parallel_executor.executor.parallel:loop closed
[1.177s] DEBUG:colcon.colcon_parallel_executor.executor.parallel:run_until_complete finished with '0'
[1.177s] DEBUG:colcon.colcon_core.event_reactor:joining thread
[1.180s] INFO:colcon.colcon_core.plugin_system:Skipping extension 'colcon_notification.desktop_notification.terminal_notifier': Not used on non-Darwin systems
[1.180s] INFO:colcon.colcon_core.plugin_system:Skipping extension 'colcon_notification.desktop_notification.win32': Not used on non-Windows systems
[1.180s] INFO:colcon.colcon_notification.desktop_notification:Sending desktop notification using 'notify2'
[1.233s] DEBUG:colcon.colcon_core.event_reactor:joined thread
[1.234s] INFO:colcon.colcon_core.shell:Creating prefix script '/home/raz/volcani/rover_volkani/install/local_setup.ps1'
[1.235s] INFO:colcon.colcon_core.shell:Creating prefix util module '/home/raz/volcani/rover_volkani/install/_local_setup_util_ps1.py'
[1.237s] INFO:colcon.colcon_core.shell:Creating prefix chain script '/home/raz/volcani/rover_volkani/install/setup.ps1'
[1.238s] INFO:colcon.colcon_core.shell:Creating prefix script '/home/raz/volcani/rover_volkani/install/local_setup.sh'
[1.238s] INFO:colcon.colcon_core.shell:Creating prefix util module '/home/raz/volcani/rover_volkani/install/_local_setup_util_sh.py'
[1.239s] INFO:colcon.colcon_core.shell:Creating prefix chain script '/home/raz/volcani/rover_volkani/install/setup.sh'
[1.240s] INFO:colcon.colcon_core.shell:Creating prefix script '/home/raz/volcani/rover_volkani/install/local_setup.bash'
[1.240s] INFO:colcon.colcon_core.shell:Creating prefix chain script '/home/raz/volcani/rover_volkani/install/setup.bash'
[1.241s] INFO:colcon.colcon_core.shell:Creating prefix script '/home/raz/volcani/rover_volkani/install/local_setup.zsh'
[1.241s] INFO:colcon.colcon_core.shell:Creating prefix chain script '/home/raz/volcani/rover_volkani/install/setup.zsh'
