running egg_info
creating ../../build/greenhouse_navigation/greenhouse_navigation.egg-info
writing ../../build/greenhouse_navigation/greenhouse_navigation.egg-info/PKG-INFO
writing dependency_links to ../../build/greenhouse_navigation/greenhouse_navigation.egg-info/dependency_links.txt
writing entry points to ../../build/greenhouse_navigation/greenhouse_navigation.egg-info/entry_points.txt
writing requirements to ../../build/greenhouse_navigation/greenhouse_navigation.egg-info/requires.txt
writing top-level names to ../../build/greenhouse_navigation/greenhouse_navigation.egg-info/top_level.txt
writing manifest file '../../build/greenhouse_navigation/greenhouse_navigation.egg-info/SOURCES.txt'
reading manifest file '../../build/greenhouse_navigation/greenhouse_navigation.egg-info/SOURCES.txt'
writing manifest file '../../build/greenhouse_navigation/greenhouse_navigation.egg-info/SOURCES.txt'
running build
running build_py
creating /home/rover/rover_workspace/build/greenhouse_navigation/build
creating /home/rover/rover_workspace/build/greenhouse_navigation/build/lib
creating /home/rover/rover_workspace/build/greenhouse_navigation/build/lib/greenhouse_navigation
copying greenhouse_navigation/__init__.py -> /home/rover/rover_workspace/build/greenhouse_navigation/build/lib/greenhouse_navigation
copying greenhouse_navigation/greenhouse_navigator.py -> /home/rover/rover_workspace/build/greenhouse_navigation/build/lib/greenhouse_navigation
running install
running install_lib
creating /home/rover/rover_workspace/install/greenhouse_navigation/lib/python3.10/site-packages/greenhouse_navigation
copying /home/rover/rover_workspace/build/greenhouse_navigation/build/lib/greenhouse_navigation/__init__.py -> /home/rover/rover_workspace/install/greenhouse_navigation/lib/python3.10/site-packages/greenhouse_navigation
copying /home/rover/rover_workspace/build/greenhouse_navigation/build/lib/greenhouse_navigation/greenhouse_navigator.py -> /home/rover/rover_workspace/install/greenhouse_navigation/lib/python3.10/site-packages/greenhouse_navigation
byte-compiling /home/rover/rover_workspace/install/greenhouse_navigation/lib/python3.10/site-packages/greenhouse_navigation/__init__.py to __init__.cpython-310.pyc
byte-compiling /home/rover/rover_workspace/install/greenhouse_navigation/lib/python3.10/site-packages/greenhouse_navigation/greenhouse_navigator.py to greenhouse_navigator.cpython-310.pyc
running install_data
creating /home/rover/rover_workspace/install/greenhouse_navigation/share/ament_index
creating /home/rover/rover_workspace/install/greenhouse_navigation/share/ament_index/resource_index
creating /home/rover/rover_workspace/install/greenhouse_navigation/share/ament_index/resource_index/packages
copying resource/greenhouse_navigation -> /home/rover/rover_workspace/install/greenhouse_navigation/share/ament_index/resource_index/packages
copying package.xml -> /home/rover/rover_workspace/install/greenhouse_navigation/share/greenhouse_navigation
running install_egg_info
Copying ../../build/greenhouse_navigation/greenhouse_navigation.egg-info to /home/rover/rover_workspace/install/greenhouse_navigation/lib/python3.10/site-packages/greenhouse_navigation-0.0.0-py3.10.egg-info
running install_scripts
Installing navigator script to /home/rover/rover_workspace/install/greenhouse_navigation/lib/greenhouse_navigation
writing list of installed files to '/home/rover/rover_workspace/build/greenhouse_navigation/install.log'
