[0.352s] Invoking command in '/home/rover/rover_workspace/build/roverrobotics_driver': CMAKE_PREFIX_PATH=${CMAKE_PREFIX_PATH}:/home/rover/rover_workspace/install/greenhouse_navigation:/home/rover/rover_workspace/install/bno055:/opt/ros/humble /usr/bin/cmake --build /home/rover/rover_workspace/build/roverrobotics_driver -- -j8 -l8
[0.391s] [35m[1mConsolidate compiler generated dependencies of target greenhouse_experiment_node[0m
[0.411s] [  7%] [32mBuilding CXX object CMakeFiles/greenhouse_experiment_node.dir/src/greenhouse_experiment_node.cpp.o[0m
[0.416s] [ 92%] Built target roverrobotics_driver
[4.726s] [100%] [32m[1mLinking CXX executable greenhouse_experiment_node[0m
[4.995s] [100%] Built target greenhouse_experiment_node
[5.005s] Invoked command in '/home/rover/rover_workspace/build/roverrobotics_driver' returned '0': CMAKE_PREFIX_PATH=${CMAKE_PREFIX_PATH}:/home/rover/rover_workspace/install/greenhouse_navigation:/home/rover/rover_workspace/install/bno055:/opt/ros/humble /usr/bin/cmake --build /home/rover/rover_workspace/build/roverrobotics_driver -- -j8 -l8
[5.006s] Invoking command in '/home/rover/rover_workspace/build/roverrobotics_driver': CMAKE_PREFIX_PATH=${CMAKE_PREFIX_PATH}:/home/rover/rover_workspace/install/greenhouse_navigation:/home/rover/rover_workspace/install/bno055:/opt/ros/humble /usr/bin/cmake --install /home/rover/rover_workspace/build/roverrobotics_driver
[5.012s] -- Install configuration: ""
[5.013s] -- Installing: /home/rover/rover_workspace/install/roverrobotics_driver/lib/roverrobotics_driver/greenhouse_experiment_node
[5.015s] -- Set runtime path of "/home/rover/rover_workspace/install/roverrobotics_driver/lib/roverrobotics_driver/greenhouse_experiment_node" to ""
[5.015s] -- Up-to-date: /home/rover/rover_workspace/install/roverrobotics_driver/share/roverrobotics_driver/launch
[5.015s] -- Up-to-date: /home/rover/rover_workspace/install/roverrobotics_driver/share/roverrobotics_driver/launch/nav2_backend.py
[5.015s] -- Up-to-date: /home/rover/rover_workspace/install/roverrobotics_driver/share/roverrobotics_driver/launch/zero_teleop.launch.py
[5.015s] -- Up-to-date: /home/rover/rover_workspace/install/roverrobotics_driver/share/roverrobotics_driver/launch/mini_teleop.launch.py
[5.015s] -- Up-to-date: /home/rover/rover_workspace/install/roverrobotics_driver/share/roverrobotics_driver/launch/robot_localizer_outdoor.launch.py
[5.015s] -- Up-to-date: /home/rover/rover_workspace/install/roverrobotics_driver/share/roverrobotics_driver/launch/slam_launch.py
[5.015s] -- Up-to-date: /home/rover/rover_workspace/install/roverrobotics_driver/share/roverrobotics_driver/launch/miti.launch.py
[5.015s] -- Up-to-date: /home/rover/rover_workspace/install/roverrobotics_driver/share/roverrobotics_driver/launch/mini.launch.py
[5.015s] -- Up-to-date: /home/rover/rover_workspace/install/roverrobotics_driver/share/roverrobotics_driver/launch/miti_65.launch.py
[5.015s] -- Up-to-date: /home/rover/rover_workspace/install/roverrobotics_driver/share/roverrobotics_driver/launch/ps4_controller.launch.py
[5.015s] -- Up-to-date: /home/rover/rover_workspace/install/roverrobotics_driver/share/roverrobotics_driver/launch/navigation_launch.py
[5.015s] -- Up-to-date: /home/rover/rover_workspace/install/roverrobotics_driver/share/roverrobotics_driver/launch/accessories.launch.py
[5.015s] -- Up-to-date: /home/rover/rover_workspace/install/roverrobotics_driver/share/roverrobotics_driver/launch/max_teleop.launch.py
[5.016s] -- Up-to-date: /home/rover/rover_workspace/install/roverrobotics_driver/share/roverrobotics_driver/launch/pro_teleop.launch.py
[5.016s] -- Up-to-date: /home/rover/rover_workspace/install/roverrobotics_driver/share/roverrobotics_driver/launch/robot_localizer.launch.py
[5.016s] -- Up-to-date: /home/rover/rover_workspace/install/roverrobotics_driver/share/roverrobotics_driver/launch/miti_65_teleop.launch.py
[5.016s] -- Up-to-date: /home/rover/rover_workspace/install/roverrobotics_driver/share/roverrobotics_driver/launch/ps5_controller.launch.py
[5.016s] -- Up-to-date: /home/rover/rover_workspace/install/roverrobotics_driver/share/roverrobotics_driver/launch/outdoor_navigation_launch.py
[5.016s] -- Up-to-date: /home/rover/rover_workspace/install/roverrobotics_driver/share/roverrobotics_driver/launch/miti_teleop.launch.py
[5.016s] -- Up-to-date: /home/rover/rover_workspace/install/roverrobotics_driver/share/roverrobotics_driver/launch/zero.launch.py
[5.016s] -- Up-to-date: /home/rover/rover_workspace/install/roverrobotics_driver/share/roverrobotics_driver/launch/greenhouse_nav.launch.py
[5.016s] -- Up-to-date: /home/rover/rover_workspace/install/roverrobotics_driver/share/roverrobotics_driver/launch/greenhouse_nav_amcl.launch.py
[5.016s] -- Up-to-date: /home/rover/rover_workspace/install/roverrobotics_driver/share/roverrobotics_driver/launch/pro.launch.py
[5.016s] -- Up-to-date: /home/rover/rover_workspace/install/roverrobotics_driver/share/roverrobotics_driver/launch/max.launch.py
[5.016s] -- Up-to-date: /home/rover/rover_workspace/install/roverrobotics_driver/share/roverrobotics_driver/config
[5.016s] -- Up-to-date: /home/rover/rover_workspace/install/roverrobotics_driver/share/roverrobotics_driver/config/miti_config.yaml
[5.016s] -- Up-to-date: /home/rover/rover_workspace/install/roverrobotics_driver/share/roverrobotics_driver/config/slam_configs
[5.016s] -- Up-to-date: /home/rover/rover_workspace/install/roverrobotics_driver/share/roverrobotics_driver/config/slam_configs/mapper_params_localization.yaml
[5.016s] -- Installing: /home/rover/rover_workspace/install/roverrobotics_driver/share/roverrobotics_driver/config/slam_configs/mapper_params_lifelong.yaml
[5.016s] -- Up-to-date: /home/rover/rover_workspace/install/roverrobotics_driver/share/roverrobotics_driver/config/slam_configs/mapper_params_offline.yaml
[5.016s] -- Up-to-date: /home/rover/rover_workspace/install/roverrobotics_driver/share/roverrobotics_driver/config/slam_configs/mapper_params_online_sync.yaml
[5.017s] -- Up-to-date: /home/rover/rover_workspace/install/roverrobotics_driver/share/roverrobotics_driver/config/slam_configs/mapper_params_online_async.yaml
[5.017s] -- Up-to-date: /home/rover/rover_workspace/install/roverrobotics_driver/share/roverrobotics_driver/config/mini_config.yaml
[5.017s] -- Up-to-date: /home/rover/rover_workspace/install/roverrobotics_driver/share/roverrobotics_driver/config/ps5_controller_config_jp6.yaml
[5.017s] -- Up-to-date: /home/rover/rover_workspace/install/roverrobotics_driver/share/roverrobotics_driver/config/miti_65_config.yaml
[5.017s] -- Up-to-date: /home/rover/rover_workspace/install/roverrobotics_driver/share/roverrobotics_driver/config/localization_outdoor_ekf.yaml
[5.017s] -- Up-to-date: /home/rover/rover_workspace/install/roverrobotics_driver/share/roverrobotics_driver/config/indoor_configs
[5.017s] -- Up-to-date: /home/rover/rover_workspace/install/roverrobotics_driver/share/roverrobotics_driver/config/indoor_configs/plants.yaml
[5.017s] -- Up-to-date: /home/rover/rover_workspace/install/roverrobotics_driver/share/roverrobotics_driver/config/accessories.yaml
[5.017s] -- Up-to-date: /home/rover/rover_workspace/install/roverrobotics_driver/share/roverrobotics_driver/config/ps5_controller_config.yaml
[5.017s] -- Up-to-date: /home/rover/rover_workspace/install/roverrobotics_driver/share/roverrobotics_driver/config/max_130_config.yaml
[5.017s] -- Up-to-date: /home/rover/rover_workspace/install/roverrobotics_driver/share/roverrobotics_driver/config/rviz_configs
[5.017s] -- Up-to-date: /home/rover/rover_workspace/install/roverrobotics_driver/share/roverrobotics_driver/config/rviz_configs/custom_slam.rviz
[5.017s] -- Up-to-date: /home/rover/rover_workspace/install/roverrobotics_driver/share/roverrobotics_driver/config/rviz_configs/nav2_default_view.rviz
[5.017s] -- Up-to-date: /home/rover/rover_workspace/install/roverrobotics_driver/share/roverrobotics_driver/config/rviz_configs/slam_rviz_layout.rviz
[5.017s] -- Up-to-date: /home/rover/rover_workspace/install/roverrobotics_driver/share/roverrobotics_driver/config/rviz_configs/realsense_rviz_layout.rviz
[5.017s] -- Up-to-date: /home/rover/rover_workspace/install/roverrobotics_driver/share/roverrobotics_driver/config/realsense_config.yaml
[5.017s] -- Up-to-date: /home/rover/rover_workspace/install/roverrobotics_driver/share/roverrobotics_driver/config/pro_config.yaml
[5.018s] -- Up-to-date: /home/rover/rover_workspace/install/roverrobotics_driver/share/roverrobotics_driver/config/ps4_controller_config.yaml
[5.018s] -- Up-to-date: /home/rover/rover_workspace/install/roverrobotics_driver/share/roverrobotics_driver/config/ps4_controller_config_jp6.yaml
[5.018s] -- Up-to-date: /home/rover/rover_workspace/install/roverrobotics_driver/share/roverrobotics_driver/config/max_150_config.yaml
[5.018s] -- Up-to-date: /home/rover/rover_workspace/install/roverrobotics_driver/share/roverrobotics_driver/config/topics.yaml
[5.018s] -- Up-to-date: /home/rover/rover_workspace/install/roverrobotics_driver/share/roverrobotics_driver/config/nav2_params.yaml
[5.018s] -- Up-to-date: /home/rover/rover_workspace/install/roverrobotics_driver/share/roverrobotics_driver/config/localization_ekf.yaml
[5.018s] -- Up-to-date: /home/rover/rover_workspace/install/roverrobotics_driver/share/roverrobotics_driver/config/max_100_config.yaml
[5.018s] -- Up-to-date: /home/rover/rover_workspace/install/roverrobotics_driver/share/roverrobotics_driver/config/max_65_config.yaml
[5.018s] -- Up-to-date: /home/rover/rover_workspace/install/roverrobotics_driver/share/roverrobotics_driver/config/zero_config.yaml
[5.018s] -- Up-to-date: /home/rover/rover_workspace/install/roverrobotics_driver/share/roverrobotics_driver/maps
[5.018s] -- Up-to-date: /home/rover/rover_workspace/install/roverrobotics_driver/share/roverrobotics_driver/maps/my_map.pgm
[5.018s] -- Up-to-date: /home/rover/rover_workspace/install/roverrobotics_driver/share/roverrobotics_driver/maps/maze_map.pgm
[5.018s] -- Up-to-date: /home/rover/rover_workspace/install/roverrobotics_driver/share/roverrobotics_driver/maps/maze_map.yaml
[5.018s] -- Up-to-date: /home/rover/rover_workspace/install/roverrobotics_driver/share/roverrobotics_driver/maps/indoor_abc_lab2.posegraph
[5.018s] -- Up-to-date: /home/rover/rover_workspace/install/roverrobotics_driver/share/roverrobotics_driver/maps/indoor_abc_lab2.data
[5.018s] -- Up-to-date: /home/rover/rover_workspace/install/roverrobotics_driver/share/roverrobotics_driver/maps/indoor_abc_lab2.yaml
[5.018s] -- Up-to-date: /home/rover/rover_workspace/install/roverrobotics_driver/share/roverrobotics_driver/maps/my_map.yaml
[5.018s] -- Up-to-date: /home/rover/rover_workspace/install/roverrobotics_driver/share/roverrobotics_driver/maps/indoor_abc_lab2.pgm
[5.018s] -- Up-to-date: /home/rover/rover_workspace/install/roverrobotics_driver/share/roverrobotics_driver/maps/maze_map.data
[5.018s] -- Up-to-date: /home/rover/rover_workspace/install/roverrobotics_driver/share/roverrobotics_driver/maps/maze_map.posegraph
[5.018s] -- Up-to-date: /home/rover/rover_workspace/install/roverrobotics_driver/lib/roverrobotics_driver/roverrobotics_driver
[5.019s] -- Up-to-date: /home/rover/rover_workspace/install/roverrobotics_driver/share/ament_index/resource_index/package_run_dependencies/roverrobotics_driver
[5.019s] -- Up-to-date: /home/rover/rover_workspace/install/roverrobotics_driver/share/ament_index/resource_index/parent_prefix_path/roverrobotics_driver
[5.019s] -- Up-to-date: /home/rover/rover_workspace/install/roverrobotics_driver/share/roverrobotics_driver/environment/ament_prefix_path.sh
[5.019s] -- Up-to-date: /home/rover/rover_workspace/install/roverrobotics_driver/share/roverrobotics_driver/environment/ament_prefix_path.dsv
[5.019s] -- Up-to-date: /home/rover/rover_workspace/install/roverrobotics_driver/share/roverrobotics_driver/environment/path.sh
[5.019s] -- Up-to-date: /home/rover/rover_workspace/install/roverrobotics_driver/share/roverrobotics_driver/environment/path.dsv
[5.019s] -- Up-to-date: /home/rover/rover_workspace/install/roverrobotics_driver/share/roverrobotics_driver/local_setup.bash
[5.019s] -- Up-to-date: /home/rover/rover_workspace/install/roverrobotics_driver/share/roverrobotics_driver/local_setup.sh
[5.019s] -- Up-to-date: /home/rover/rover_workspace/install/roverrobotics_driver/share/roverrobotics_driver/local_setup.zsh
[5.019s] -- Up-to-date: /home/rover/rover_workspace/install/roverrobotics_driver/share/roverrobotics_driver/local_setup.dsv
[5.019s] -- Installing: /home/rover/rover_workspace/install/roverrobotics_driver/share/roverrobotics_driver/package.dsv
[5.019s] -- Up-to-date: /home/rover/rover_workspace/install/roverrobotics_driver/share/ament_index/resource_index/packages/roverrobotics_driver
[5.019s] -- Up-to-date: /home/rover/rover_workspace/install/roverrobotics_driver/share/roverrobotics_driver/cmake/roverrobotics_driverConfig.cmake
[5.019s] -- Up-to-date: /home/rover/rover_workspace/install/roverrobotics_driver/share/roverrobotics_driver/cmake/roverrobotics_driverConfig-version.cmake
[5.019s] -- Up-to-date: /home/rover/rover_workspace/install/roverrobotics_driver/share/roverrobotics_driver/package.xml
[5.020s] Invoked command in '/home/rover/rover_workspace/build/roverrobotics_driver' returned '0': CMAKE_PREFIX_PATH=${CMAKE_PREFIX_PATH}:/home/rover/rover_workspace/install/greenhouse_navigation:/home/rover/rover_workspace/install/bno055:/opt/ros/humble /usr/bin/cmake --install /home/rover/rover_workspace/build/roverrobotics_driver
