[0.704s] Invoking command in '/home/rover/rover_workspace/src/bno055': PYTHONPATH=/home/rover/rover_workspace/build/bno055/prefix_override:/usr/lib/python3/dist-packages/colcon_core/task/python/colcon_distutils_commands:/home/rover/rover_workspace/install/bno055/lib/python3.10/site-packages:${PYTHONPATH} /usr/bin/python3 -W ignore:setup.py install is deprecated -W ignore:easy_install command is deprecated setup.py egg_info --egg-base ../../build/bno055 build --build-base /home/rover/rover_workspace/build/bno055/build install --record /home/rover/rover_workspace/build/bno055/install.log --single-version-externally-managed install_data
[0.908s] running egg_info
[0.909s] writing ../../build/bno055/bno055.egg-info/PKG-INFO
[0.909s] writing dependency_links to ../../build/bno055/bno055.egg-info/dependency_links.txt
[0.910s] writing entry points to ../../build/bno055/bno055.egg-info/entry_points.txt
[0.910s] writing requirements to ../../build/bno055/bno055.egg-info/requires.txt
[0.910s] writing top-level names to ../../build/bno055/bno055.egg-info/top_level.txt
[0.913s] reading manifest file '../../build/bno055/bno055.egg-info/SOURCES.txt'
[0.913s] adding license file 'LICENSE'
[0.913s] adding license file 'AUTHORS'
[0.914s] writing manifest file '../../build/bno055/bno055.egg-info/SOURCES.txt'
[0.915s] running build
[0.915s] running build_py
[0.928s] running install
[0.928s] running install_lib
[0.929s] byte-compiling /home/rover/rover_workspace/install/bno055/lib/python3.10/site-packages/bno055/__init__.py to __init__.cpython-310.pyc
[0.929s] byte-compiling /home/rover/rover_workspace/install/bno055/lib/python3.10/site-packages/bno055/params/__init__.py to __init__.cpython-310.pyc
[0.929s] byte-compiling /home/rover/rover_workspace/install/bno055/lib/python3.10/site-packages/bno055/params/NodeParameters.py to NodeParameters.cpython-310.pyc
[0.929s] byte-compiling /home/rover/rover_workspace/install/bno055/lib/python3.10/site-packages/bno055/sensor/__init__.py to __init__.cpython-310.pyc
[0.929s] byte-compiling /home/rover/rover_workspace/install/bno055/lib/python3.10/site-packages/bno055/sensor/SensorService.py to SensorService.cpython-310.pyc
[0.929s] byte-compiling /home/rover/rover_workspace/install/bno055/lib/python3.10/site-packages/bno055/registers.py to registers.cpython-310.pyc
[0.929s] byte-compiling /home/rover/rover_workspace/install/bno055/lib/python3.10/site-packages/bno055/error_handling/__init__.py to __init__.cpython-310.pyc
[0.929s] byte-compiling /home/rover/rover_workspace/install/bno055/lib/python3.10/site-packages/bno055/error_handling/exceptions.py to exceptions.cpython-310.pyc
[0.929s] byte-compiling /home/rover/rover_workspace/install/bno055/lib/python3.10/site-packages/bno055/bno055.py to bno055.cpython-310.pyc
[0.930s] byte-compiling /home/rover/rover_workspace/install/bno055/lib/python3.10/site-packages/bno055/connectors/__init__.py to __init__.cpython-310.pyc
[0.930s] byte-compiling /home/rover/rover_workspace/install/bno055/lib/python3.10/site-packages/bno055/connectors/i2c.py to i2c.cpython-310.pyc
[0.930s] byte-compiling /home/rover/rover_workspace/install/bno055/lib/python3.10/site-packages/bno055/connectors/uart.py to uart.cpython-310.pyc
[0.930s] byte-compiling /home/rover/rover_workspace/install/bno055/lib/python3.10/site-packages/bno055/connectors/Connector.py to Connector.cpython-310.pyc
[0.930s] running install_data
[0.930s] running install_egg_info
[0.931s] removing '/home/rover/rover_workspace/install/bno055/lib/python3.10/site-packages/bno055-0.5.0-py3.10.egg-info' (and everything under it)
[0.931s] Copying ../../build/bno055/bno055.egg-info to /home/rover/rover_workspace/install/bno055/lib/python3.10/site-packages/bno055-0.5.0-py3.10.egg-info
[0.932s] running install_scripts
[0.954s] Installing bno055 script to /home/rover/rover_workspace/install/bno055/lib/bno055
[0.954s] writing list of installed files to '/home/rover/rover_workspace/build/bno055/install.log'
[0.997s] Invoked command in '/home/rover/rover_workspace/src/bno055' returned '0': PYTHONPATH=/home/rover/rover_workspace/build/bno055/prefix_override:/usr/lib/python3/dist-packages/colcon_core/task/python/colcon_distutils_commands:/home/rover/rover_workspace/install/bno055/lib/python3.10/site-packages:${PYTHONPATH} /usr/bin/python3 -W ignore:setup.py install is deprecated -W ignore:easy_install command is deprecated setup.py egg_info --egg-base ../../build/bno055 build --build-base /home/rover/rover_workspace/build/bno055/build install --record /home/rover/rover_workspace/build/bno055/install.log --single-version-externally-managed install_data
