[0.066s] DEBUG:colcon:Command line arguments: ['/usr/bin/colcon', 'build', '--symlink-install']
[0.066s] DEBUG:colcon:Parsed command line arguments: Namespace(log_base=None, log_level=None, verb_name='build', build_base='build', install_base='install', merge_install=False, symlink_install=True, test_result_base=None, continue_on_error=False, executor='parallel', parallel_workers=24, event_handlers=None, ignore_user_meta=False, metas=['./colcon.meta'], base_paths=['.'], packages_ignore=None, packages_ignore_regex=None, paths=None, packages_up_to=None, packages_up_to_regex=None, packages_above=None, packages_above_and_dependencies=None, packages_above_depth=None, packages_select_by_dep=None, packages_skip_by_dep=None, packages_skip_up_to=None, packages_select_build_failed=False, packages_skip_build_finished=False, packages_select_test_failures=False, packages_skip_test_passed=False, packages_select=None, packages_skip=None, packages_select_regex=None, packages_skip_regex=None, packages_start=None, packages_end=None, allow_overriding=[], cmake_args=None, cmake_target=None, cmake_target_skip_unavailable=False, cmake_clean_cache=False, cmake_clean_first=False, cmake_force_configure=False, ament_cmake_args=None, catkin_cmake_args=None, catkin_skip_building_tests=False, mixin_files=None, mixin=None, verb_parser=<colcon_mixin.mixin.mixin_argument.MixinArgumentDecorator object at 0x7b20e599c1f0>, verb_extension=<colcon_core.verb.build.BuildVerb object at 0x7b20e5aa97b0>, main=<bound method BuildVerb.main of <colcon_core.verb.build.BuildVerb object at 0x7b20e5aa97b0>>, mixin_verb=('build',))
[0.188s] Level 1:colcon.colcon_core.package_discovery:discover_packages(colcon_meta) check parameters
[0.188s] Level 1:colcon.colcon_core.package_discovery:discover_packages(recursive) check parameters
[0.188s] Level 1:colcon.colcon_core.package_discovery:discover_packages(ignore) check parameters
[0.188s] Level 1:colcon.colcon_core.package_discovery:discover_packages(path) check parameters
[0.188s] Level 1:colcon.colcon_core.package_discovery:discover_packages(colcon_meta) discover
[0.188s] Level 1:colcon.colcon_core.package_discovery:discover_packages(recursive) discover
[0.188s] INFO:colcon.colcon_core.package_discovery:Crawling recursively for packages in '/home/raz/volcani/rover_volkani'
[0.188s] Level 1:colcon.colcon_core.package_identification:_identify(.) by extensions ['ignore', 'ignore_ament_install']
[0.188s] Level 1:colcon.colcon_core.package_identification:_identify(.) by extension 'ignore'
[0.188s] Level 1:colcon.colcon_core.package_identification:_identify(.) by extension 'ignore_ament_install'
[0.188s] Level 1:colcon.colcon_core.package_identification:_identify(.) by extensions ['colcon_pkg']
[0.188s] Level 1:colcon.colcon_core.package_identification:_identify(.) by extension 'colcon_pkg'
[0.188s] Level 1:colcon.colcon_core.package_identification:_identify(.) by extensions ['colcon_meta']
[0.188s] Level 1:colcon.colcon_core.package_identification:_identify(.) by extension 'colcon_meta'
[0.188s] Level 1:colcon.colcon_core.package_identification:_identify(.) by extensions ['ros']
[0.188s] Level 1:colcon.colcon_core.package_identification:_identify(.) by extension 'ros'
[0.195s] Level 1:colcon.colcon_core.package_identification:_identify(.) by extensions ['cmake', 'python']
[0.195s] Level 1:colcon.colcon_core.package_identification:_identify(.) by extension 'cmake'
[0.195s] Level 1:colcon.colcon_core.package_identification:_identify(.) by extension 'python'
[0.195s] Level 1:colcon.colcon_core.package_identification:_identify(.) by extensions ['python_setup_py']
[0.195s] Level 1:colcon.colcon_core.package_identification:_identify(.) by extension 'python_setup_py'
[0.196s] Level 1:colcon.colcon_core.package_identification:_identify(build) by extensions ['ignore', 'ignore_ament_install']
[0.196s] Level 1:colcon.colcon_core.package_identification:_identify(build) by extension 'ignore'
[0.196s] Level 1:colcon.colcon_core.package_identification:_identify(build) ignored
[0.196s] Level 1:colcon.colcon_core.package_identification:_identify(install) by extensions ['ignore', 'ignore_ament_install']
[0.196s] Level 1:colcon.colcon_core.package_identification:_identify(install) by extension 'ignore'
[0.196s] Level 1:colcon.colcon_core.package_identification:_identify(install) ignored
[0.196s] Level 1:colcon.colcon_core.package_identification:_identify(log) by extensions ['ignore', 'ignore_ament_install']
[0.196s] Level 1:colcon.colcon_core.package_identification:_identify(log) by extension 'ignore'
[0.196s] Level 1:colcon.colcon_core.package_identification:_identify(log) ignored
[0.196s] Level 1:colcon.colcon_core.package_identification:_identify(src) by extensions ['ignore', 'ignore_ament_install']
[0.196s] Level 1:colcon.colcon_core.package_identification:_identify(src) by extension 'ignore'
[0.196s] Level 1:colcon.colcon_core.package_identification:_identify(src) by extension 'ignore_ament_install'
[0.196s] Level 1:colcon.colcon_core.package_identification:_identify(src) by extensions ['colcon_pkg']
[0.196s] Level 1:colcon.colcon_core.package_identification:_identify(src) by extension 'colcon_pkg'
[0.196s] Level 1:colcon.colcon_core.package_identification:_identify(src) by extensions ['colcon_meta']
[0.196s] Level 1:colcon.colcon_core.package_identification:_identify(src) by extension 'colcon_meta'
[0.196s] Level 1:colcon.colcon_core.package_identification:_identify(src) by extensions ['ros']
[0.196s] Level 1:colcon.colcon_core.package_identification:_identify(src) by extension 'ros'
[0.196s] Level 1:colcon.colcon_core.package_identification:_identify(src) by extensions ['cmake', 'python']
[0.196s] Level 1:colcon.colcon_core.package_identification:_identify(src) by extension 'cmake'
[0.196s] Level 1:colcon.colcon_core.package_identification:_identify(src) by extension 'python'
[0.196s] Level 1:colcon.colcon_core.package_identification:_identify(src) by extensions ['python_setup_py']
[0.196s] Level 1:colcon.colcon_core.package_identification:_identify(src) by extension 'python_setup_py'
[0.196s] Level 1:colcon.colcon_core.package_identification:_identify(src/bno055) by extensions ['ignore', 'ignore_ament_install']
[0.196s] Level 1:colcon.colcon_core.package_identification:_identify(src/bno055) by extension 'ignore'
[0.196s] Level 1:colcon.colcon_core.package_identification:_identify(src/bno055) by extension 'ignore_ament_install'
[0.196s] Level 1:colcon.colcon_core.package_identification:_identify(src/bno055) by extensions ['colcon_pkg']
[0.196s] Level 1:colcon.colcon_core.package_identification:_identify(src/bno055) by extension 'colcon_pkg'
[0.196s] Level 1:colcon.colcon_core.package_identification:_identify(src/bno055) by extensions ['colcon_meta']
[0.196s] Level 1:colcon.colcon_core.package_identification:_identify(src/bno055) by extension 'colcon_meta'
[0.196s] Level 1:colcon.colcon_core.package_identification:_identify(src/bno055) by extensions ['ros']
[0.196s] Level 1:colcon.colcon_core.package_identification:_identify(src/bno055) by extension 'ros'
[0.196s] Level 1:colcon.colcon_core.package_identification:_identify(src/bno055) by extensions ['cmake', 'python']
[0.197s] Level 1:colcon.colcon_core.package_identification:_identify(src/bno055) by extension 'cmake'
[0.197s] Level 1:colcon.colcon_core.package_identification:_identify(src/bno055) by extension 'python'
[0.197s] Level 1:colcon.colcon_core.package_identification:_identify(src/bno055) by extensions ['python_setup_py']
[0.197s] Level 1:colcon.colcon_core.package_identification:_identify(src/bno055) by extension 'python_setup_py'
[0.197s] Level 1:colcon.colcon_core.package_identification:_identify(src/greenhouse_navigation) by extensions ['ignore', 'ignore_ament_install']
[0.197s] Level 1:colcon.colcon_core.package_identification:_identify(src/greenhouse_navigation) by extension 'ignore'
[0.197s] Level 1:colcon.colcon_core.package_identification:_identify(src/greenhouse_navigation) by extension 'ignore_ament_install'
[0.197s] Level 1:colcon.colcon_core.package_identification:_identify(src/greenhouse_navigation) by extensions ['colcon_pkg']
[0.197s] Level 1:colcon.colcon_core.package_identification:_identify(src/greenhouse_navigation) by extension 'colcon_pkg'
[0.197s] Level 1:colcon.colcon_core.package_identification:_identify(src/greenhouse_navigation) by extensions ['colcon_meta']
[0.197s] Level 1:colcon.colcon_core.package_identification:_identify(src/greenhouse_navigation) by extension 'colcon_meta'
[0.197s] Level 1:colcon.colcon_core.package_identification:_identify(src/greenhouse_navigation) by extensions ['ros']
[0.197s] Level 1:colcon.colcon_core.package_identification:_identify(src/greenhouse_navigation) by extension 'ros'
[0.198s] DEBUG:colcon.colcon_core.package_identification:Package 'src/greenhouse_navigation' with type 'ros.ament_python' and name 'greenhouse_navigation'
[0.199s] Level 1:colcon.colcon_core.package_identification:_identify(src/roverrobotics_description) by extensions ['ignore', 'ignore_ament_install']
[0.199s] Level 1:colcon.colcon_core.package_identification:_identify(src/roverrobotics_description) by extension 'ignore'
[0.199s] Level 1:colcon.colcon_core.package_identification:_identify(src/roverrobotics_description) by extension 'ignore_ament_install'
[0.199s] Level 1:colcon.colcon_core.package_identification:_identify(src/roverrobotics_description) by extensions ['colcon_pkg']
[0.199s] Level 1:colcon.colcon_core.package_identification:_identify(src/roverrobotics_description) by extension 'colcon_pkg'
[0.199s] Level 1:colcon.colcon_core.package_identification:_identify(src/roverrobotics_description) by extensions ['colcon_meta']
[0.199s] Level 1:colcon.colcon_core.package_identification:_identify(src/roverrobotics_description) by extension 'colcon_meta'
[0.199s] Level 1:colcon.colcon_core.package_identification:_identify(src/roverrobotics_description) by extensions ['ros']
[0.199s] Level 1:colcon.colcon_core.package_identification:_identify(src/roverrobotics_description) by extension 'ros'
[0.199s] DEBUG:colcon.colcon_core.package_identification:Package 'src/roverrobotics_description' with type 'ros.ament_cmake' and name 'roverrobotics_description'
[0.199s] Level 1:colcon.colcon_core.package_identification:_identify(src/roverrobotics_driver) by extensions ['ignore', 'ignore_ament_install']
[0.199s] Level 1:colcon.colcon_core.package_identification:_identify(src/roverrobotics_driver) by extension 'ignore'
[0.199s] Level 1:colcon.colcon_core.package_identification:_identify(src/roverrobotics_driver) by extension 'ignore_ament_install'
[0.199s] Level 1:colcon.colcon_core.package_identification:_identify(src/roverrobotics_driver) by extensions ['colcon_pkg']
[0.199s] Level 1:colcon.colcon_core.package_identification:_identify(src/roverrobotics_driver) by extension 'colcon_pkg'
[0.199s] Level 1:colcon.colcon_core.package_identification:_identify(src/roverrobotics_driver) by extensions ['colcon_meta']
[0.199s] Level 1:colcon.colcon_core.package_identification:_identify(src/roverrobotics_driver) by extension 'colcon_meta'
[0.199s] Level 1:colcon.colcon_core.package_identification:_identify(src/roverrobotics_driver) by extensions ['ros']
[0.199s] Level 1:colcon.colcon_core.package_identification:_identify(src/roverrobotics_driver) by extension 'ros'
[0.200s] DEBUG:colcon.colcon_core.package_identification:Package 'src/roverrobotics_driver' with type 'ros.ament_cmake' and name 'roverrobotics_driver'
[0.200s] Level 1:colcon.colcon_core.package_identification:_identify(src/roverrobotics_gazebo) by extensions ['ignore', 'ignore_ament_install']
[0.200s] Level 1:colcon.colcon_core.package_identification:_identify(src/roverrobotics_gazebo) by extension 'ignore'
[0.200s] Level 1:colcon.colcon_core.package_identification:_identify(src/roverrobotics_gazebo) by extension 'ignore_ament_install'
[0.201s] Level 1:colcon.colcon_core.package_identification:_identify(src/roverrobotics_gazebo) by extensions ['colcon_pkg']
[0.201s] Level 1:colcon.colcon_core.package_identification:_identify(src/roverrobotics_gazebo) by extension 'colcon_pkg'
[0.201s] Level 1:colcon.colcon_core.package_identification:_identify(src/roverrobotics_gazebo) by extensions ['colcon_meta']
[0.201s] Level 1:colcon.colcon_core.package_identification:_identify(src/roverrobotics_gazebo) by extension 'colcon_meta'
[0.201s] Level 1:colcon.colcon_core.package_identification:_identify(src/roverrobotics_gazebo) by extensions ['ros']
[0.201s] Level 1:colcon.colcon_core.package_identification:_identify(src/roverrobotics_gazebo) by extension 'ros'
[0.201s] DEBUG:colcon.colcon_core.package_identification:Package 'src/roverrobotics_gazebo' with type 'ros.ament_cmake' and name 'roverrobotics_gazebo'
[0.201s] Level 1:colcon.colcon_core.package_identification:_identify(src/roverrobotics_input_manager) by extensions ['ignore', 'ignore_ament_install']
[0.201s] Level 1:colcon.colcon_core.package_identification:_identify(src/roverrobotics_input_manager) by extension 'ignore'
[0.201s] Level 1:colcon.colcon_core.package_identification:_identify(src/roverrobotics_input_manager) by extension 'ignore_ament_install'
[0.201s] Level 1:colcon.colcon_core.package_identification:_identify(src/roverrobotics_input_manager) by extensions ['colcon_pkg']
[0.201s] Level 1:colcon.colcon_core.package_identification:_identify(src/roverrobotics_input_manager) by extension 'colcon_pkg'
[0.201s] Level 1:colcon.colcon_core.package_identification:_identify(src/roverrobotics_input_manager) by extensions ['colcon_meta']
[0.201s] Level 1:colcon.colcon_core.package_identification:_identify(src/roverrobotics_input_manager) by extension 'colcon_meta'
[0.201s] Level 1:colcon.colcon_core.package_identification:_identify(src/roverrobotics_input_manager) by extensions ['ros']
[0.201s] Level 1:colcon.colcon_core.package_identification:_identify(src/roverrobotics_input_manager) by extension 'ros'
[0.202s] DEBUG:colcon.colcon_core.package_identification:Package 'src/roverrobotics_input_manager' with type 'ros.ament_cmake' and name 'roverrobotics_input_manager'
[0.202s] Level 1:colcon.colcon_core.package_identification:_identify(src/rplidar_ros) by extensions ['ignore', 'ignore_ament_install']
[0.202s] Level 1:colcon.colcon_core.package_identification:_identify(src/rplidar_ros) by extension 'ignore'
[0.202s] Level 1:colcon.colcon_core.package_identification:_identify(src/rplidar_ros) by extension 'ignore_ament_install'
[0.202s] Level 1:colcon.colcon_core.package_identification:_identify(src/rplidar_ros) by extensions ['colcon_pkg']
[0.202s] Level 1:colcon.colcon_core.package_identification:_identify(src/rplidar_ros) by extension 'colcon_pkg'
[0.202s] Level 1:colcon.colcon_core.package_identification:_identify(src/rplidar_ros) by extensions ['colcon_meta']
[0.202s] Level 1:colcon.colcon_core.package_identification:_identify(src/rplidar_ros) by extension 'colcon_meta'
[0.202s] Level 1:colcon.colcon_core.package_identification:_identify(src/rplidar_ros) by extensions ['ros']
[0.202s] Level 1:colcon.colcon_core.package_identification:_identify(src/rplidar_ros) by extension 'ros'
[0.202s] Level 1:colcon.colcon_core.package_identification:_identify(src/rplidar_ros) by extensions ['cmake', 'python']
[0.202s] Level 1:colcon.colcon_core.package_identification:_identify(src/rplidar_ros) by extension 'cmake'
[0.202s] Level 1:colcon.colcon_core.package_identification:_identify(src/rplidar_ros) by extension 'python'
[0.202s] Level 1:colcon.colcon_core.package_identification:_identify(src/rplidar_ros) by extensions ['python_setup_py']
[0.202s] Level 1:colcon.colcon_core.package_identification:_identify(src/rplidar_ros) by extension 'python_setup_py'
[0.202s] Level 1:colcon.colcon_core.package_discovery:discover_packages(recursive) using defaults
[0.202s] Level 1:colcon.colcon_core.package_discovery:discover_packages(ignore) discover
[0.202s] Level 1:colcon.colcon_core.package_discovery:discover_packages(ignore) using defaults
[0.202s] Level 1:colcon.colcon_core.package_discovery:discover_packages(path) discover
[0.202s] Level 1:colcon.colcon_core.package_discovery:discover_packages(path) using defaults
[0.214s] Level 1:colcon.colcon_core.package_discovery:discover_packages(prefix_path) check parameters
[0.215s] Level 1:colcon.colcon_core.package_discovery:discover_packages(prefix_path) discover
[0.215s] WARNING:colcon.colcon_ros.prefix_path.ament:The path '/home/raz/volcani/rover_volkani/install/greenhouse_navigation' in the environment variable AMENT_PREFIX_PATH doesn't exist
[0.215s] WARNING:colcon.colcon_ros.prefix_path.ament:The path '/home/raz/volcani/rover_volkani/install/bno055' in the environment variable AMENT_PREFIX_PATH doesn't exist
[0.215s] WARNING:colcon.colcon_ros.prefix_path.catkin:The path '/home/raz/volcani/rover_volkani/install/rplidar_ros' in the environment variable CMAKE_PREFIX_PATH doesn't exist
[0.215s] WARNING:colcon.colcon_ros.prefix_path.catkin:The path '/home/raz/volcani/rover_volkani/install/roverrobotics_input_manager' in the environment variable CMAKE_PREFIX_PATH doesn't exist
[0.215s] WARNING:colcon.colcon_ros.prefix_path.catkin:The path '/home/raz/volcani/rover_volkani/install/roverrobotics_gazebo' in the environment variable CMAKE_PREFIX_PATH doesn't exist
[0.215s] WARNING:colcon.colcon_ros.prefix_path.catkin:The path '/home/raz/volcani/rover_volkani/install/roverrobotics_driver' in the environment variable CMAKE_PREFIX_PATH doesn't exist
[0.215s] WARNING:colcon.colcon_ros.prefix_path.catkin:The path '/home/raz/volcani/rover_volkani/install/roverrobotics_description' in the environment variable CMAKE_PREFIX_PATH doesn't exist
[0.216s] DEBUG:colcon.colcon_installed_package_information.package_discovery:Found 0 installed packages in /home/raz/volcani/rover_volkani/install
[0.217s] DEBUG:colcon.colcon_installed_package_information.package_discovery:Found 482 installed packages in /opt/ros/humble
[0.218s] Level 1:colcon.colcon_core.package_discovery:discover_packages(prefix_path) using defaults
[0.250s] Level 5:colcon.colcon_core.verb:set package 'greenhouse_navigation' build argument 'cmake_args' from command line to 'None'
[0.250s] Level 5:colcon.colcon_core.verb:set package 'greenhouse_navigation' build argument 'cmake_target' from command line to 'None'
[0.250s] Level 5:colcon.colcon_core.verb:set package 'greenhouse_navigation' build argument 'cmake_target_skip_unavailable' from command line to 'False'
[0.250s] Level 5:colcon.colcon_core.verb:set package 'greenhouse_navigation' build argument 'cmake_clean_cache' from command line to 'False'
[0.250s] Level 5:colcon.colcon_core.verb:set package 'greenhouse_navigation' build argument 'cmake_clean_first' from command line to 'False'
[0.250s] Level 5:colcon.colcon_core.verb:set package 'greenhouse_navigation' build argument 'cmake_force_configure' from command line to 'False'
[0.250s] Level 5:colcon.colcon_core.verb:set package 'greenhouse_navigation' build argument 'ament_cmake_args' from command line to 'None'
[0.250s] Level 5:colcon.colcon_core.verb:set package 'greenhouse_navigation' build argument 'catkin_cmake_args' from command line to 'None'
[0.250s] Level 5:colcon.colcon_core.verb:set package 'greenhouse_navigation' build argument 'catkin_skip_building_tests' from command line to 'False'
[0.250s] DEBUG:colcon.colcon_core.verb:Building package 'greenhouse_navigation' with the following arguments: {'ament_cmake_args': None, 'build_base': '/home/raz/volcani/rover_volkani/build/greenhouse_navigation', 'catkin_cmake_args': None, 'catkin_skip_building_tests': False, 'cmake_args': None, 'cmake_clean_cache': False, 'cmake_clean_first': False, 'cmake_force_configure': False, 'cmake_target': None, 'cmake_target_skip_unavailable': False, 'install_base': '/home/raz/volcani/rover_volkani/install/greenhouse_navigation', 'merge_install': False, 'path': '/home/raz/volcani/rover_volkani/src/greenhouse_navigation', 'symlink_install': True, 'test_result_base': None}
[0.251s] Level 5:colcon.colcon_core.verb:set package 'roverrobotics_description' build argument 'cmake_args' from command line to 'None'
[0.251s] Level 5:colcon.colcon_core.verb:set package 'roverrobotics_description' build argument 'cmake_target' from command line to 'None'
[0.251s] Level 5:colcon.colcon_core.verb:set package 'roverrobotics_description' build argument 'cmake_target_skip_unavailable' from command line to 'False'
[0.251s] Level 5:colcon.colcon_core.verb:set package 'roverrobotics_description' build argument 'cmake_clean_cache' from command line to 'False'
[0.251s] Level 5:colcon.colcon_core.verb:set package 'roverrobotics_description' build argument 'cmake_clean_first' from command line to 'False'
[0.251s] Level 5:colcon.colcon_core.verb:set package 'roverrobotics_description' build argument 'cmake_force_configure' from command line to 'False'
[0.251s] Level 5:colcon.colcon_core.verb:set package 'roverrobotics_description' build argument 'ament_cmake_args' from command line to 'None'
[0.251s] Level 5:colcon.colcon_core.verb:set package 'roverrobotics_description' build argument 'catkin_cmake_args' from command line to 'None'
[0.251s] Level 5:colcon.colcon_core.verb:set package 'roverrobotics_description' build argument 'catkin_skip_building_tests' from command line to 'False'
[0.251s] DEBUG:colcon.colcon_core.verb:Building package 'roverrobotics_description' with the following arguments: {'ament_cmake_args': None, 'build_base': '/home/raz/volcani/rover_volkani/build/roverrobotics_description', 'catkin_cmake_args': None, 'catkin_skip_building_tests': False, 'cmake_args': None, 'cmake_clean_cache': False, 'cmake_clean_first': False, 'cmake_force_configure': False, 'cmake_target': None, 'cmake_target_skip_unavailable': False, 'install_base': '/home/raz/volcani/rover_volkani/install/roverrobotics_description', 'merge_install': False, 'path': '/home/raz/volcani/rover_volkani/src/roverrobotics_description', 'symlink_install': True, 'test_result_base': None}
[0.251s] Level 5:colcon.colcon_core.verb:set package 'roverrobotics_driver' build argument 'cmake_args' from command line to 'None'
[0.251s] Level 5:colcon.colcon_core.verb:set package 'roverrobotics_driver' build argument 'cmake_target' from command line to 'None'
[0.251s] Level 5:colcon.colcon_core.verb:set package 'roverrobotics_driver' build argument 'cmake_target_skip_unavailable' from command line to 'False'
[0.251s] Level 5:colcon.colcon_core.verb:set package 'roverrobotics_driver' build argument 'cmake_clean_cache' from command line to 'False'
[0.251s] Level 5:colcon.colcon_core.verb:set package 'roverrobotics_driver' build argument 'cmake_clean_first' from command line to 'False'
[0.251s] Level 5:colcon.colcon_core.verb:set package 'roverrobotics_driver' build argument 'cmake_force_configure' from command line to 'False'
[0.251s] Level 5:colcon.colcon_core.verb:set package 'roverrobotics_driver' build argument 'ament_cmake_args' from command line to 'None'
[0.251s] Level 5:colcon.colcon_core.verb:set package 'roverrobotics_driver' build argument 'catkin_cmake_args' from command line to 'None'
[0.251s] Level 5:colcon.colcon_core.verb:set package 'roverrobotics_driver' build argument 'catkin_skip_building_tests' from command line to 'False'
[0.251s] DEBUG:colcon.colcon_core.verb:Building package 'roverrobotics_driver' with the following arguments: {'ament_cmake_args': None, 'build_base': '/home/raz/volcani/rover_volkani/build/roverrobotics_driver', 'catkin_cmake_args': None, 'catkin_skip_building_tests': False, 'cmake_args': None, 'cmake_clean_cache': False, 'cmake_clean_first': False, 'cmake_force_configure': False, 'cmake_target': None, 'cmake_target_skip_unavailable': False, 'install_base': '/home/raz/volcani/rover_volkani/install/roverrobotics_driver', 'merge_install': False, 'path': '/home/raz/volcani/rover_volkani/src/roverrobotics_driver', 'symlink_install': True, 'test_result_base': None}
[0.251s] Level 5:colcon.colcon_core.verb:set package 'roverrobotics_input_manager' build argument 'cmake_args' from command line to 'None'
[0.251s] Level 5:colcon.colcon_core.verb:set package 'roverrobotics_input_manager' build argument 'cmake_target' from command line to 'None'
[0.251s] Level 5:colcon.colcon_core.verb:set package 'roverrobotics_input_manager' build argument 'cmake_target_skip_unavailable' from command line to 'False'
[0.251s] Level 5:colcon.colcon_core.verb:set package 'roverrobotics_input_manager' build argument 'cmake_clean_cache' from command line to 'False'
[0.251s] Level 5:colcon.colcon_core.verb:set package 'roverrobotics_input_manager' build argument 'cmake_clean_first' from command line to 'False'
[0.251s] Level 5:colcon.colcon_core.verb:set package 'roverrobotics_input_manager' build argument 'cmake_force_configure' from command line to 'False'
[0.251s] Level 5:colcon.colcon_core.verb:set package 'roverrobotics_input_manager' build argument 'ament_cmake_args' from command line to 'None'
[0.251s] Level 5:colcon.colcon_core.verb:set package 'roverrobotics_input_manager' build argument 'catkin_cmake_args' from command line to 'None'
[0.251s] Level 5:colcon.colcon_core.verb:set package 'roverrobotics_input_manager' build argument 'catkin_skip_building_tests' from command line to 'False'
[0.251s] DEBUG:colcon.colcon_core.verb:Building package 'roverrobotics_input_manager' with the following arguments: {'ament_cmake_args': None, 'build_base': '/home/raz/volcani/rover_volkani/build/roverrobotics_input_manager', 'catkin_cmake_args': None, 'catkin_skip_building_tests': False, 'cmake_args': None, 'cmake_clean_cache': False, 'cmake_clean_first': False, 'cmake_force_configure': False, 'cmake_target': None, 'cmake_target_skip_unavailable': False, 'install_base': '/home/raz/volcani/rover_volkani/install/roverrobotics_input_manager', 'merge_install': False, 'path': '/home/raz/volcani/rover_volkani/src/roverrobotics_input_manager', 'symlink_install': True, 'test_result_base': None}
[0.252s] Level 5:colcon.colcon_core.verb:set package 'roverrobotics_gazebo' build argument 'cmake_args' from command line to 'None'
[0.252s] Level 5:colcon.colcon_core.verb:set package 'roverrobotics_gazebo' build argument 'cmake_target' from command line to 'None'
[0.252s] Level 5:colcon.colcon_core.verb:set package 'roverrobotics_gazebo' build argument 'cmake_target_skip_unavailable' from command line to 'False'
[0.252s] Level 5:colcon.colcon_core.verb:set package 'roverrobotics_gazebo' build argument 'cmake_clean_cache' from command line to 'False'
[0.252s] Level 5:colcon.colcon_core.verb:set package 'roverrobotics_gazebo' build argument 'cmake_clean_first' from command line to 'False'
[0.252s] Level 5:colcon.colcon_core.verb:set package 'roverrobotics_gazebo' build argument 'cmake_force_configure' from command line to 'False'
[0.252s] Level 5:colcon.colcon_core.verb:set package 'roverrobotics_gazebo' build argument 'ament_cmake_args' from command line to 'None'
[0.252s] Level 5:colcon.colcon_core.verb:set package 'roverrobotics_gazebo' build argument 'catkin_cmake_args' from command line to 'None'
[0.252s] Level 5:colcon.colcon_core.verb:set package 'roverrobotics_gazebo' build argument 'catkin_skip_building_tests' from command line to 'False'
[0.252s] DEBUG:colcon.colcon_core.verb:Building package 'roverrobotics_gazebo' with the following arguments: {'ament_cmake_args': None, 'build_base': '/home/raz/volcani/rover_volkani/build/roverrobotics_gazebo', 'catkin_cmake_args': None, 'catkin_skip_building_tests': False, 'cmake_args': None, 'cmake_clean_cache': False, 'cmake_clean_first': False, 'cmake_force_configure': False, 'cmake_target': None, 'cmake_target_skip_unavailable': False, 'install_base': '/home/raz/volcani/rover_volkani/install/roverrobotics_gazebo', 'merge_install': False, 'path': '/home/raz/volcani/rover_volkani/src/roverrobotics_gazebo', 'symlink_install': True, 'test_result_base': None}
[0.252s] INFO:colcon.colcon_core.executor:Executing jobs using 'parallel' executor
[0.253s] DEBUG:colcon.colcon_parallel_executor.executor.parallel:run_until_complete
[0.253s] INFO:colcon.colcon_ros.task.ament_cmake.build:Building ROS package in '/home/raz/volcani/rover_volkani/src/roverrobotics_description' with build type 'ament_cmake'
[0.253s] INFO:colcon.colcon_cmake.task.cmake.build:Building CMake package in '/home/raz/volcani/rover_volkani/src/roverrobotics_description'
[0.254s] INFO:colcon.colcon_core.plugin_system:Skipping extension 'colcon_core.shell.bat': Not used on non-Windows systems
[0.254s] INFO:colcon.colcon_core.shell:Skip shell extension 'powershell' for command environment: Not usable outside of PowerShell
[0.254s] DEBUG:colcon.colcon_core.shell:Skip shell extension 'dsv' for command environment
[0.257s] INFO:colcon.colcon_ros.task.ament_python.build:Building ROS package in '/home/raz/volcani/rover_volkani/src/greenhouse_navigation' with build type 'ament_python'
[0.257s] Level 1:colcon.colcon_core.shell:create_environment_hook('greenhouse_navigation', 'ament_prefix_path')
[0.257s] INFO:colcon.colcon_core.shell:Creating environment hook '/home/raz/volcani/rover_volkani/install/greenhouse_navigation/share/greenhouse_navigation/hook/ament_prefix_path.ps1'
[0.258s] INFO:colcon.colcon_core.shell:Creating environment descriptor '/home/raz/volcani/rover_volkani/install/greenhouse_navigation/share/greenhouse_navigation/hook/ament_prefix_path.dsv'
[0.258s] INFO:colcon.colcon_core.shell:Creating environment hook '/home/raz/volcani/rover_volkani/install/greenhouse_navigation/share/greenhouse_navigation/hook/ament_prefix_path.sh'
[0.258s] INFO:colcon.colcon_core.shell:Skip shell extension 'powershell' for command environment: Not usable outside of PowerShell
[0.258s] DEBUG:colcon.colcon_core.shell:Skip shell extension 'dsv' for command environment
[0.260s] INFO:colcon.colcon_ros.task.ament_cmake.build:Building ROS package in '/home/raz/volcani/rover_volkani/src/roverrobotics_driver' with build type 'ament_cmake'
[0.261s] INFO:colcon.colcon_cmake.task.cmake.build:Building CMake package in '/home/raz/volcani/rover_volkani/src/roverrobotics_driver'
[0.261s] INFO:colcon.colcon_core.shell:Skip shell extension 'powershell' for command environment: Not usable outside of PowerShell
[0.261s] DEBUG:colcon.colcon_core.shell:Skip shell extension 'dsv' for command environment
[0.263s] INFO:colcon.colcon_ros.task.ament_cmake.build:Building ROS package in '/home/raz/volcani/rover_volkani/src/roverrobotics_input_manager' with build type 'ament_cmake'
[0.263s] INFO:colcon.colcon_cmake.task.cmake.build:Building CMake package in '/home/raz/volcani/rover_volkani/src/roverrobotics_input_manager'
[0.263s] INFO:colcon.colcon_core.shell:Skip shell extension 'powershell' for command environment: Not usable outside of PowerShell
[0.263s] DEBUG:colcon.colcon_core.shell:Skip shell extension 'dsv' for command environment
[0.268s] DEBUG:colcon.colcon_core.event_handler.log_command:Invoking command in '/home/raz/volcani/rover_volkani/build/roverrobotics_description': CMAKE_PREFIX_PATH=${CMAKE_PREFIX_PATH}:/home/raz/volcani/rover_volkani/install/greenhouse_navigation:/home/raz/volcani/rover_volkani/install/bno055:/opt/ros/humble /usr/bin/cmake /home/raz/volcani/rover_volkani/src/roverrobotics_description -DAMENT_CMAKE_SYMLINK_INSTALL=1 -DCMAKE_INSTALL_PREFIX=/home/raz/volcani/rover_volkani/install/roverrobotics_description
[0.439s] INFO:colcon.colcon_core.task.python.build:Building Python package in '/home/raz/volcani/rover_volkani/src/greenhouse_navigation'
[0.439s] INFO:colcon.colcon_core.shell:Skip shell extension 'powershell' for command environment: Not usable outside of PowerShell
[0.439s] DEBUG:colcon.colcon_core.shell:Skip shell extension 'dsv' for command environment
[0.443s] DEBUG:colcon.colcon_core.event_handler.log_command:Invoking command in '/home/raz/volcani/rover_volkani/build/roverrobotics_driver': CMAKE_PREFIX_PATH=${CMAKE_PREFIX_PATH}:/home/raz/volcani/rover_volkani/install/greenhouse_navigation:/home/raz/volcani/rover_volkani/install/bno055:/opt/ros/humble /usr/bin/cmake /home/raz/volcani/rover_volkani/src/roverrobotics_driver -DAMENT_CMAKE_SYMLINK_INSTALL=1 -DCMAKE_INSTALL_PREFIX=/home/raz/volcani/rover_volkani/install/roverrobotics_driver
[0.446s] DEBUG:colcon.colcon_core.event_handler.log_command:Invoking command in '/home/raz/volcani/rover_volkani/build/roverrobotics_input_manager': CMAKE_PREFIX_PATH=${CMAKE_PREFIX_PATH}:/home/raz/volcani/rover_volkani/install/greenhouse_navigation:/home/raz/volcani/rover_volkani/install/bno055:/opt/ros/humble /usr/bin/cmake /home/raz/volcani/rover_volkani/src/roverrobotics_input_manager -DAMENT_CMAKE_SYMLINK_INSTALL=1 -DCMAKE_INSTALL_PREFIX=/home/raz/volcani/rover_volkani/install/roverrobotics_input_manager
[0.686s] DEBUG:colcon.colcon_core.event_handler.log_command:Invoking command in '/home/raz/volcani/rover_volkani/build/greenhouse_navigation': PYTHONPATH=/home/raz/volcani/rover_volkani/build/greenhouse_navigation/prefix_override:/usr/lib/python3/dist-packages/colcon_core/task/python/colcon_distutils_commands:/home/raz/volcani/rover_volkani/install/greenhouse_navigation/lib/python3.10/site-packages:${PYTHONPATH} /usr/bin/python3 -W ignore:setup.py install is deprecated -W ignore:easy_install command is deprecated setup.py develop --editable --build-directory /home/raz/volcani/rover_volkani/build/greenhouse_navigation/build --no-deps symlink_data
[0.757s] DEBUG:colcon.colcon_core.event_handler.log_command:Invoked command in '/home/raz/volcani/rover_volkani/build/roverrobotics_description' returned '0': CMAKE_PREFIX_PATH=${CMAKE_PREFIX_PATH}:/home/raz/volcani/rover_volkani/install/greenhouse_navigation:/home/raz/volcani/rover_volkani/install/bno055:/opt/ros/humble /usr/bin/cmake /home/raz/volcani/rover_volkani/src/roverrobotics_description -DAMENT_CMAKE_SYMLINK_INSTALL=1 -DCMAKE_INSTALL_PREFIX=/home/raz/volcani/rover_volkani/install/roverrobotics_description
[0.758s] DEBUG:colcon.colcon_core.event_handler.log_command:Invoking command in '/home/raz/volcani/rover_volkani/build/roverrobotics_description': CMAKE_PREFIX_PATH=${CMAKE_PREFIX_PATH}:/home/raz/volcani/rover_volkani/install/greenhouse_navigation:/home/raz/volcani/rover_volkani/install/bno055:/opt/ros/humble /usr/bin/cmake --build /home/raz/volcani/rover_volkani/build/roverrobotics_description -- -j24 -l24
[0.787s] DEBUG:colcon.colcon_core.event_handler.log_command:Invoked command in '/home/raz/volcani/rover_volkani/build/roverrobotics_description' returned '0': CMAKE_PREFIX_PATH=${CMAKE_PREFIX_PATH}:/home/raz/volcani/rover_volkani/install/greenhouse_navigation:/home/raz/volcani/rover_volkani/install/bno055:/opt/ros/humble /usr/bin/cmake --build /home/raz/volcani/rover_volkani/build/roverrobotics_description -- -j24 -l24
[0.796s] DEBUG:colcon.colcon_core.event_handler.log_command:Invoking command in '/home/raz/volcani/rover_volkani/build/roverrobotics_description': CMAKE_PREFIX_PATH=${CMAKE_PREFIX_PATH}:/home/raz/volcani/rover_volkani/install/greenhouse_navigation:/home/raz/volcani/rover_volkani/install/bno055:/opt/ros/humble /usr/bin/cmake --install /home/raz/volcani/rover_volkani/build/roverrobotics_description
[0.872s] DEBUG:colcon.colcon_core.event_handler.log_command:Invoked command in '/home/raz/volcani/rover_volkani/build/roverrobotics_input_manager' returned '0': CMAKE_PREFIX_PATH=${CMAKE_PREFIX_PATH}:/home/raz/volcani/rover_volkani/install/greenhouse_navigation:/home/raz/volcani/rover_volkani/install/bno055:/opt/ros/humble /usr/bin/cmake /home/raz/volcani/rover_volkani/src/roverrobotics_input_manager -DAMENT_CMAKE_SYMLINK_INSTALL=1 -DCMAKE_INSTALL_PREFIX=/home/raz/volcani/rover_volkani/install/roverrobotics_input_manager
[0.873s] DEBUG:colcon.colcon_core.event_handler.log_command:Invoking command in '/home/raz/volcani/rover_volkani/build/roverrobotics_input_manager': CMAKE_PREFIX_PATH=${CMAKE_PREFIX_PATH}:/home/raz/volcani/rover_volkani/install/greenhouse_navigation:/home/raz/volcani/rover_volkani/install/bno055:/opt/ros/humble /usr/bin/cmake --build /home/raz/volcani/rover_volkani/build/roverrobotics_input_manager -- -j24 -l24
[0.896s] DEBUG:colcon.colcon_core.event_handler.log_command:Invoked command in '/home/raz/volcani/rover_volkani/build/roverrobotics_input_manager' returned '0': CMAKE_PREFIX_PATH=${CMAKE_PREFIX_PATH}:/home/raz/volcani/rover_volkani/install/greenhouse_navigation:/home/raz/volcani/rover_volkani/install/bno055:/opt/ros/humble /usr/bin/cmake --build /home/raz/volcani/rover_volkani/build/roverrobotics_input_manager -- -j24 -l24
[0.897s] DEBUG:colcon.colcon_core.event_handler.log_command:Invoking command in '/home/raz/volcani/rover_volkani/build/roverrobotics_input_manager': CMAKE_PREFIX_PATH=${CMAKE_PREFIX_PATH}:/home/raz/volcani/rover_volkani/install/greenhouse_navigation:/home/raz/volcani/rover_volkani/install/bno055:/opt/ros/humble /usr/bin/cmake --install /home/raz/volcani/rover_volkani/build/roverrobotics_input_manager
[0.988s] Level 1:colcon.colcon_core.shell:create_environment_hook('greenhouse_navigation', 'pythonpath_develop')
[0.988s] INFO:colcon.colcon_core.shell:Creating environment hook '/home/raz/volcani/rover_volkani/build/greenhouse_navigation/share/greenhouse_navigation/hook/pythonpath_develop.ps1'
[0.989s] DEBUG:colcon.colcon_core.event_handler.log_command:Invoked command in '/home/raz/volcani/rover_volkani/build/greenhouse_navigation' returned '0': PYTHONPATH=/home/raz/volcani/rover_volkani/build/greenhouse_navigation/prefix_override:/usr/lib/python3/dist-packages/colcon_core/task/python/colcon_distutils_commands:/home/raz/volcani/rover_volkani/install/greenhouse_navigation/lib/python3.10/site-packages:${PYTHONPATH} /usr/bin/python3 -W ignore:setup.py install is deprecated -W ignore:easy_install command is deprecated setup.py develop --editable --build-directory /home/raz/volcani/rover_volkani/build/greenhouse_navigation/build --no-deps symlink_data
[0.989s] INFO:colcon.colcon_core.shell:Creating environment descriptor '/home/raz/volcani/rover_volkani/build/greenhouse_navigation/share/greenhouse_navigation/hook/pythonpath_develop.dsv'
[0.989s] INFO:colcon.colcon_core.shell:Creating environment hook '/home/raz/volcani/rover_volkani/build/greenhouse_navigation/share/greenhouse_navigation/hook/pythonpath_develop.sh'
[0.992s] Level 1:colcon.colcon_core.environment:checking '/home/raz/volcani/rover_volkani/install/greenhouse_navigation' for CMake module files
[0.993s] Level 1:colcon.colcon_core.environment:checking '/home/raz/volcani/rover_volkani/install/greenhouse_navigation' for CMake config files
[0.993s] Level 1:colcon.colcon_core.environment:checking '/home/raz/volcani/rover_volkani/install/greenhouse_navigation/lib'
[0.993s] Level 1:colcon.colcon_core.environment:checking '/home/raz/volcani/rover_volkani/install/greenhouse_navigation/bin'
[0.993s] Level 1:colcon.colcon_core.environment:checking '/home/raz/volcani/rover_volkani/install/greenhouse_navigation/lib/pkgconfig/greenhouse_navigation.pc'
[0.994s] Level 1:colcon.colcon_core.environment:checking '/home/raz/volcani/rover_volkani/install/greenhouse_navigation/lib/python3.10/site-packages'
[0.994s] Level 1:colcon.colcon_core.shell:create_environment_hook('greenhouse_navigation', 'pythonpath')
[0.994s] INFO:colcon.colcon_core.shell:Creating environment hook '/home/raz/volcani/rover_volkani/install/greenhouse_navigation/share/greenhouse_navigation/hook/pythonpath.ps1'
[0.994s] INFO:colcon.colcon_core.shell:Creating environment descriptor '/home/raz/volcani/rover_volkani/install/greenhouse_navigation/share/greenhouse_navigation/hook/pythonpath.dsv'
[0.995s] INFO:colcon.colcon_core.shell:Creating environment hook '/home/raz/volcani/rover_volkani/install/greenhouse_navigation/share/greenhouse_navigation/hook/pythonpath.sh'
[0.995s] Level 1:colcon.colcon_core.environment:checking '/home/raz/volcani/rover_volkani/install/greenhouse_navigation/bin'
[0.995s] Level 1:colcon.colcon_core.environment:create_environment_scripts_only(greenhouse_navigation)
[0.995s] INFO:colcon.colcon_core.shell:Creating package script '/home/raz/volcani/rover_volkani/install/greenhouse_navigation/share/greenhouse_navigation/package.ps1'
[0.996s] INFO:colcon.colcon_core.shell:Creating package descriptor '/home/raz/volcani/rover_volkani/install/greenhouse_navigation/share/greenhouse_navigation/package.dsv'
[0.997s] INFO:colcon.colcon_core.shell:Creating package script '/home/raz/volcani/rover_volkani/install/greenhouse_navigation/share/greenhouse_navigation/package.sh'
[0.998s] INFO:colcon.colcon_core.shell:Creating package script '/home/raz/volcani/rover_volkani/install/greenhouse_navigation/share/greenhouse_navigation/package.bash'
[0.998s] INFO:colcon.colcon_core.shell:Creating package script '/home/raz/volcani/rover_volkani/install/greenhouse_navigation/share/greenhouse_navigation/package.zsh'
[0.999s] Level 1:colcon.colcon_core.environment:create_file_with_runtime_dependencies(/home/raz/volcani/rover_volkani/install/greenhouse_navigation/share/colcon-core/packages/greenhouse_navigation)
[1.035s] Level 1:colcon.colcon_core.environment:create_environment_scripts_only(roverrobotics_input_manager)
[1.036s] Level 1:colcon.colcon_core.environment:checking '/home/raz/volcani/rover_volkani/install/roverrobotics_input_manager' for CMake module files
[1.036s] DEBUG:colcon.colcon_core.event_handler.log_command:Invoked command in '/home/raz/volcani/rover_volkani/build/roverrobotics_input_manager' returned '0': CMAKE_PREFIX_PATH=${CMAKE_PREFIX_PATH}:/home/raz/volcani/rover_volkani/install/greenhouse_navigation:/home/raz/volcani/rover_volkani/install/bno055:/opt/ros/humble /usr/bin/cmake --install /home/raz/volcani/rover_volkani/build/roverrobotics_input_manager
[1.037s] Level 1:colcon.colcon_core.environment:checking '/home/raz/volcani/rover_volkani/install/roverrobotics_input_manager' for CMake config files
[1.037s] Level 1:colcon.colcon_core.shell:create_environment_hook('roverrobotics_input_manager', 'cmake_prefix_path')
[1.037s] INFO:colcon.colcon_core.shell:Creating environment hook '/home/raz/volcani/rover_volkani/install/roverrobotics_input_manager/share/roverrobotics_input_manager/hook/cmake_prefix_path.ps1'
[1.038s] INFO:colcon.colcon_core.shell:Creating environment descriptor '/home/raz/volcani/rover_volkani/install/roverrobotics_input_manager/share/roverrobotics_input_manager/hook/cmake_prefix_path.dsv'
[1.038s] INFO:colcon.colcon_core.shell:Creating environment hook '/home/raz/volcani/rover_volkani/install/roverrobotics_input_manager/share/roverrobotics_input_manager/hook/cmake_prefix_path.sh'
[1.038s] Level 1:colcon.colcon_core.environment:checking '/home/raz/volcani/rover_volkani/install/roverrobotics_input_manager/lib'
[1.038s] Level 1:colcon.colcon_core.environment:checking '/home/raz/volcani/rover_volkani/install/roverrobotics_input_manager/bin'
[1.039s] Level 1:colcon.colcon_core.environment:checking '/home/raz/volcani/rover_volkani/install/roverrobotics_input_manager/lib/pkgconfig/roverrobotics_input_manager.pc'
[1.039s] Level 1:colcon.colcon_core.environment:checking '/home/raz/volcani/rover_volkani/install/roverrobotics_input_manager/lib/python3.10/site-packages'
[1.039s] Level 1:colcon.colcon_core.environment:checking '/home/raz/volcani/rover_volkani/install/roverrobotics_input_manager/bin'
[1.040s] INFO:colcon.colcon_core.shell:Creating package script '/home/raz/volcani/rover_volkani/install/roverrobotics_input_manager/share/roverrobotics_input_manager/package.ps1'
[1.040s] INFO:colcon.colcon_core.shell:Creating package descriptor '/home/raz/volcani/rover_volkani/install/roverrobotics_input_manager/share/roverrobotics_input_manager/package.dsv'
[1.041s] INFO:colcon.colcon_core.shell:Creating package script '/home/raz/volcani/rover_volkani/install/roverrobotics_input_manager/share/roverrobotics_input_manager/package.sh'
[1.041s] INFO:colcon.colcon_core.shell:Creating package script '/home/raz/volcani/rover_volkani/install/roverrobotics_input_manager/share/roverrobotics_input_manager/package.bash'
[1.041s] INFO:colcon.colcon_core.shell:Creating package script '/home/raz/volcani/rover_volkani/install/roverrobotics_input_manager/share/roverrobotics_input_manager/package.zsh'
[1.042s] Level 1:colcon.colcon_core.environment:create_file_with_runtime_dependencies(/home/raz/volcani/rover_volkani/install/roverrobotics_input_manager/share/colcon-core/packages/roverrobotics_input_manager)
[1.042s] Level 1:colcon.colcon_core.environment:create_environment_scripts_only(roverrobotics_input_manager)
[1.043s] Level 1:colcon.colcon_core.environment:checking '/home/raz/volcani/rover_volkani/install/roverrobotics_input_manager' for CMake module files
[1.043s] Level 1:colcon.colcon_core.environment:checking '/home/raz/volcani/rover_volkani/install/roverrobotics_input_manager' for CMake config files
[1.044s] Level 1:colcon.colcon_core.shell:create_environment_hook('roverrobotics_input_manager', 'cmake_prefix_path')
[1.044s] INFO:colcon.colcon_core.shell:Creating environment hook '/home/raz/volcani/rover_volkani/install/roverrobotics_input_manager/share/roverrobotics_input_manager/hook/cmake_prefix_path.ps1'
[1.044s] INFO:colcon.colcon_core.shell:Creating environment descriptor '/home/raz/volcani/rover_volkani/install/roverrobotics_input_manager/share/roverrobotics_input_manager/hook/cmake_prefix_path.dsv'
[1.045s] INFO:colcon.colcon_core.shell:Creating environment hook '/home/raz/volcani/rover_volkani/install/roverrobotics_input_manager/share/roverrobotics_input_manager/hook/cmake_prefix_path.sh'
[1.045s] Level 1:colcon.colcon_core.environment:checking '/home/raz/volcani/rover_volkani/install/roverrobotics_input_manager/lib'
[1.045s] Level 1:colcon.colcon_core.environment:checking '/home/raz/volcani/rover_volkani/install/roverrobotics_input_manager/bin'
[1.045s] Level 1:colcon.colcon_core.environment:checking '/home/raz/volcani/rover_volkani/install/roverrobotics_input_manager/lib/pkgconfig/roverrobotics_input_manager.pc'
[1.046s] Level 1:colcon.colcon_core.environment:checking '/home/raz/volcani/rover_volkani/install/roverrobotics_input_manager/lib/python3.10/site-packages'
[1.046s] Level 1:colcon.colcon_core.environment:checking '/home/raz/volcani/rover_volkani/install/roverrobotics_input_manager/bin'
[1.046s] INFO:colcon.colcon_core.shell:Creating package script '/home/raz/volcani/rover_volkani/install/roverrobotics_input_manager/share/roverrobotics_input_manager/package.ps1'
[1.046s] INFO:colcon.colcon_core.shell:Creating package descriptor '/home/raz/volcani/rover_volkani/install/roverrobotics_input_manager/share/roverrobotics_input_manager/package.dsv'
[1.047s] INFO:colcon.colcon_core.shell:Creating package script '/home/raz/volcani/rover_volkani/install/roverrobotics_input_manager/share/roverrobotics_input_manager/package.sh'
[1.047s] INFO:colcon.colcon_core.shell:Creating package script '/home/raz/volcani/rover_volkani/install/roverrobotics_input_manager/share/roverrobotics_input_manager/package.bash'
[1.048s] INFO:colcon.colcon_core.shell:Creating package script '/home/raz/volcani/rover_volkani/install/roverrobotics_input_manager/share/roverrobotics_input_manager/package.zsh'
[1.048s] Level 1:colcon.colcon_core.environment:create_file_with_runtime_dependencies(/home/raz/volcani/rover_volkani/install/roverrobotics_input_manager/share/colcon-core/packages/roverrobotics_input_manager)
[1.161s] Level 1:colcon.colcon_core.environment:create_environment_scripts_only(roverrobotics_description)
[1.162s] DEBUG:colcon.colcon_core.event_handler.log_command:Invoked command in '/home/raz/volcani/rover_volkani/build/roverrobotics_description' returned '0': CMAKE_PREFIX_PATH=${CMAKE_PREFIX_PATH}:/home/raz/volcani/rover_volkani/install/greenhouse_navigation:/home/raz/volcani/rover_volkani/install/bno055:/opt/ros/humble /usr/bin/cmake --install /home/raz/volcani/rover_volkani/build/roverrobotics_description
[1.162s] Level 1:colcon.colcon_core.environment:checking '/home/raz/volcani/rover_volkani/install/roverrobotics_description' for CMake module files
[1.163s] Level 1:colcon.colcon_core.environment:checking '/home/raz/volcani/rover_volkani/install/roverrobotics_description' for CMake config files
[1.163s] Level 1:colcon.colcon_core.shell:create_environment_hook('roverrobotics_description', 'cmake_prefix_path')
[1.163s] INFO:colcon.colcon_core.shell:Creating environment hook '/home/raz/volcani/rover_volkani/install/roverrobotics_description/share/roverrobotics_description/hook/cmake_prefix_path.ps1'
[1.164s] INFO:colcon.colcon_core.shell:Creating environment descriptor '/home/raz/volcani/rover_volkani/install/roverrobotics_description/share/roverrobotics_description/hook/cmake_prefix_path.dsv'
[1.164s] INFO:colcon.colcon_core.shell:Creating environment hook '/home/raz/volcani/rover_volkani/install/roverrobotics_description/share/roverrobotics_description/hook/cmake_prefix_path.sh'
[1.165s] Level 1:colcon.colcon_core.environment:checking '/home/raz/volcani/rover_volkani/install/roverrobotics_description/bin'
[1.165s] Level 1:colcon.colcon_core.environment:checking '/home/raz/volcani/rover_volkani/install/roverrobotics_description/lib/pkgconfig/roverrobotics_description.pc'
[1.165s] Level 1:colcon.colcon_core.environment:checking '/home/raz/volcani/rover_volkani/install/roverrobotics_description/lib/python3.10/site-packages'
[1.165s] Level 1:colcon.colcon_core.environment:checking '/home/raz/volcani/rover_volkani/install/roverrobotics_description/bin'
[1.165s] INFO:colcon.colcon_core.shell:Creating package script '/home/raz/volcani/rover_volkani/install/roverrobotics_description/share/roverrobotics_description/package.ps1'
[1.166s] INFO:colcon.colcon_core.shell:Creating package descriptor '/home/raz/volcani/rover_volkani/install/roverrobotics_description/share/roverrobotics_description/package.dsv'
[1.166s] INFO:colcon.colcon_core.shell:Creating package script '/home/raz/volcani/rover_volkani/install/roverrobotics_description/share/roverrobotics_description/package.sh'
[1.167s] INFO:colcon.colcon_core.shell:Creating package script '/home/raz/volcani/rover_volkani/install/roverrobotics_description/share/roverrobotics_description/package.bash'
[1.167s] INFO:colcon.colcon_core.shell:Creating package script '/home/raz/volcani/rover_volkani/install/roverrobotics_description/share/roverrobotics_description/package.zsh'
[1.167s] Level 1:colcon.colcon_core.environment:create_file_with_runtime_dependencies(/home/raz/volcani/rover_volkani/install/roverrobotics_description/share/colcon-core/packages/roverrobotics_description)
[1.168s] Level 1:colcon.colcon_core.environment:create_environment_scripts_only(roverrobotics_description)
[1.168s] Level 1:colcon.colcon_core.environment:checking '/home/raz/volcani/rover_volkani/install/roverrobotics_description' for CMake module files
[1.169s] Level 1:colcon.colcon_core.environment:checking '/home/raz/volcani/rover_volkani/install/roverrobotics_description' for CMake config files
[1.169s] Level 1:colcon.colcon_core.shell:create_environment_hook('roverrobotics_description', 'cmake_prefix_path')
[1.169s] INFO:colcon.colcon_core.shell:Creating environment hook '/home/raz/volcani/rover_volkani/install/roverrobotics_description/share/roverrobotics_description/hook/cmake_prefix_path.ps1'
[1.169s] INFO:colcon.colcon_core.shell:Creating environment descriptor '/home/raz/volcani/rover_volkani/install/roverrobotics_description/share/roverrobotics_description/hook/cmake_prefix_path.dsv'
[1.170s] INFO:colcon.colcon_core.shell:Creating environment hook '/home/raz/volcani/rover_volkani/install/roverrobotics_description/share/roverrobotics_description/hook/cmake_prefix_path.sh'
[1.170s] Level 1:colcon.colcon_core.environment:checking '/home/raz/volcani/rover_volkani/install/roverrobotics_description/bin'
[1.170s] Level 1:colcon.colcon_core.environment:checking '/home/raz/volcani/rover_volkani/install/roverrobotics_description/lib/pkgconfig/roverrobotics_description.pc'
[1.171s] Level 1:colcon.colcon_core.environment:checking '/home/raz/volcani/rover_volkani/install/roverrobotics_description/lib/python3.10/site-packages'
[1.171s] Level 1:colcon.colcon_core.environment:checking '/home/raz/volcani/rover_volkani/install/roverrobotics_description/bin'
[1.171s] INFO:colcon.colcon_core.shell:Creating package script '/home/raz/volcani/rover_volkani/install/roverrobotics_description/share/roverrobotics_description/package.ps1'
[1.172s] INFO:colcon.colcon_core.shell:Creating package descriptor '/home/raz/volcani/rover_volkani/install/roverrobotics_description/share/roverrobotics_description/package.dsv'
[1.172s] INFO:colcon.colcon_core.shell:Creating package script '/home/raz/volcani/rover_volkani/install/roverrobotics_description/share/roverrobotics_description/package.sh'
[1.173s] INFO:colcon.colcon_core.shell:Creating package script '/home/raz/volcani/rover_volkani/install/roverrobotics_description/share/roverrobotics_description/package.bash'
[1.173s] INFO:colcon.colcon_core.shell:Creating package script '/home/raz/volcani/rover_volkani/install/roverrobotics_description/share/roverrobotics_description/package.zsh'
[1.173s] Level 1:colcon.colcon_core.environment:create_file_with_runtime_dependencies(/home/raz/volcani/rover_volkani/install/roverrobotics_description/share/colcon-core/packages/roverrobotics_description)
[1.174s] INFO:colcon.colcon_ros.task.ament_cmake.build:Building ROS package in '/home/raz/volcani/rover_volkani/src/roverrobotics_gazebo' with build type 'ament_cmake'
[1.174s] INFO:colcon.colcon_cmake.task.cmake.build:Building CMake package in '/home/raz/volcani/rover_volkani/src/roverrobotics_gazebo'
[1.174s] INFO:colcon.colcon_core.shell:Skip shell extension 'powershell' for command environment: Not usable outside of PowerShell
[1.174s] DEBUG:colcon.colcon_core.shell:Skip shell extension 'dsv' for command environment
[1.183s] DEBUG:colcon.colcon_core.event_handler.log_command:Invoking command in '/home/raz/volcani/rover_volkani/build/roverrobotics_gazebo': AMENT_PREFIX_PATH=/home/raz/volcani/rover_volkani/install/roverrobotics_description:${AMENT_PREFIX_PATH} CMAKE_PREFIX_PATH=/home/raz/volcani/rover_volkani/install/roverrobotics_description:/home/raz/volcani/rover_volkani/install/rplidar_ros:/home/raz/volcani/rover_volkani/install/roverrobotics_input_manager:/home/raz/volcani/rover_volkani/install/roverrobotics_gazebo:/home/raz/volcani/rover_volkani/install/roverrobotics_driver:/home/raz/volcani/rover_volkani/install/greenhouse_navigation:/home/raz/volcani/rover_volkani/install/bno055:/opt/ros/humble /usr/bin/cmake /home/raz/volcani/rover_volkani/src/roverrobotics_gazebo -DAMENT_CMAKE_SYMLINK_INSTALL=1 -DCMAKE_INSTALL_PREFIX=/home/raz/volcani/rover_volkani/install/roverrobotics_gazebo
[1.488s] DEBUG:colcon.colcon_core.event_handler.log_command:Invoked command in '/home/raz/volcani/rover_volkani/build/roverrobotics_driver' returned '0': CMAKE_PREFIX_PATH=${CMAKE_PREFIX_PATH}:/home/raz/volcani/rover_volkani/install/greenhouse_navigation:/home/raz/volcani/rover_volkani/install/bno055:/opt/ros/humble /usr/bin/cmake /home/raz/volcani/rover_volkani/src/roverrobotics_driver -DAMENT_CMAKE_SYMLINK_INSTALL=1 -DCMAKE_INSTALL_PREFIX=/home/raz/volcani/rover_volkani/install/roverrobotics_driver
[1.488s] DEBUG:colcon.colcon_core.event_handler.log_command:Invoking command in '/home/raz/volcani/rover_volkani/build/roverrobotics_driver': CMAKE_PREFIX_PATH=${CMAKE_PREFIX_PATH}:/home/raz/volcani/rover_volkani/install/greenhouse_navigation:/home/raz/volcani/rover_volkani/install/bno055:/opt/ros/humble /usr/bin/cmake --build /home/raz/volcani/rover_volkani/build/roverrobotics_driver -- -j24 -l24
[1.715s] DEBUG:colcon.colcon_core.event_handler.log_command:Invoked command in '/home/raz/volcani/rover_volkani/build/roverrobotics_gazebo' returned '0': AMENT_PREFIX_PATH=/home/raz/volcani/rover_volkani/install/roverrobotics_description:${AMENT_PREFIX_PATH} CMAKE_PREFIX_PATH=/home/raz/volcani/rover_volkani/install/roverrobotics_description:/home/raz/volcani/rover_volkani/install/rplidar_ros:/home/raz/volcani/rover_volkani/install/roverrobotics_input_manager:/home/raz/volcani/rover_volkani/install/roverrobotics_gazebo:/home/raz/volcani/rover_volkani/install/roverrobotics_driver:/home/raz/volcani/rover_volkani/install/greenhouse_navigation:/home/raz/volcani/rover_volkani/install/bno055:/opt/ros/humble /usr/bin/cmake /home/raz/volcani/rover_volkani/src/roverrobotics_gazebo -DAMENT_CMAKE_SYMLINK_INSTALL=1 -DCMAKE_INSTALL_PREFIX=/home/raz/volcani/rover_volkani/install/roverrobotics_gazebo
[1.716s] DEBUG:colcon.colcon_core.event_handler.log_command:Invoking command in '/home/raz/volcani/rover_volkani/build/roverrobotics_gazebo': AMENT_PREFIX_PATH=/home/raz/volcani/rover_volkani/install/roverrobotics_description:${AMENT_PREFIX_PATH} CMAKE_PREFIX_PATH=/home/raz/volcani/rover_volkani/install/roverrobotics_description:/home/raz/volcani/rover_volkani/install/rplidar_ros:/home/raz/volcani/rover_volkani/install/roverrobotics_input_manager:/home/raz/volcani/rover_volkani/install/roverrobotics_gazebo:/home/raz/volcani/rover_volkani/install/roverrobotics_driver:/home/raz/volcani/rover_volkani/install/greenhouse_navigation:/home/raz/volcani/rover_volkani/install/bno055:/opt/ros/humble /usr/bin/cmake --build /home/raz/volcani/rover_volkani/build/roverrobotics_gazebo -- -j24 -l24
[1.750s] DEBUG:colcon.colcon_core.event_handler.log_command:Invoked command in '/home/raz/volcani/rover_volkani/build/roverrobotics_gazebo' returned '0': AMENT_PREFIX_PATH=/home/raz/volcani/rover_volkani/install/roverrobotics_description:${AMENT_PREFIX_PATH} CMAKE_PREFIX_PATH=/home/raz/volcani/rover_volkani/install/roverrobotics_description:/home/raz/volcani/rover_volkani/install/rplidar_ros:/home/raz/volcani/rover_volkani/install/roverrobotics_input_manager:/home/raz/volcani/rover_volkani/install/roverrobotics_gazebo:/home/raz/volcani/rover_volkani/install/roverrobotics_driver:/home/raz/volcani/rover_volkani/install/greenhouse_navigation:/home/raz/volcani/rover_volkani/install/bno055:/opt/ros/humble /usr/bin/cmake --build /home/raz/volcani/rover_volkani/build/roverrobotics_gazebo -- -j24 -l24
[1.751s] DEBUG:colcon.colcon_core.event_handler.log_command:Invoking command in '/home/raz/volcani/rover_volkani/build/roverrobotics_gazebo': AMENT_PREFIX_PATH=/home/raz/volcani/rover_volkani/install/roverrobotics_description:${AMENT_PREFIX_PATH} CMAKE_PREFIX_PATH=/home/raz/volcani/rover_volkani/install/roverrobotics_description:/home/raz/volcani/rover_volkani/install/rplidar_ros:/home/raz/volcani/rover_volkani/install/roverrobotics_input_manager:/home/raz/volcani/rover_volkani/install/roverrobotics_gazebo:/home/raz/volcani/rover_volkani/install/roverrobotics_driver:/home/raz/volcani/rover_volkani/install/greenhouse_navigation:/home/raz/volcani/rover_volkani/install/bno055:/opt/ros/humble /usr/bin/cmake --install /home/raz/volcani/rover_volkani/build/roverrobotics_gazebo
[1.954s] Level 1:colcon.colcon_core.environment:create_environment_scripts_only(roverrobotics_gazebo)
[1.955s] Level 1:colcon.colcon_core.environment:checking '/home/raz/volcani/rover_volkani/install/roverrobotics_gazebo' for CMake module files
[1.955s] DEBUG:colcon.colcon_core.event_handler.log_command:Invoked command in '/home/raz/volcani/rover_volkani/build/roverrobotics_gazebo' returned '0': AMENT_PREFIX_PATH=/home/raz/volcani/rover_volkani/install/roverrobotics_description:${AMENT_PREFIX_PATH} CMAKE_PREFIX_PATH=/home/raz/volcani/rover_volkani/install/roverrobotics_description:/home/raz/volcani/rover_volkani/install/rplidar_ros:/home/raz/volcani/rover_volkani/install/roverrobotics_input_manager:/home/raz/volcani/rover_volkani/install/roverrobotics_gazebo:/home/raz/volcani/rover_volkani/install/roverrobotics_driver:/home/raz/volcani/rover_volkani/install/greenhouse_navigation:/home/raz/volcani/rover_volkani/install/bno055:/opt/ros/humble /usr/bin/cmake --install /home/raz/volcani/rover_volkani/build/roverrobotics_gazebo
[1.956s] Level 1:colcon.colcon_core.environment:checking '/home/raz/volcani/rover_volkani/install/roverrobotics_gazebo' for CMake config files
[1.956s] Level 1:colcon.colcon_core.shell:create_environment_hook('roverrobotics_gazebo', 'cmake_prefix_path')
[1.956s] INFO:colcon.colcon_core.shell:Creating environment hook '/home/raz/volcani/rover_volkani/install/roverrobotics_gazebo/share/roverrobotics_gazebo/hook/cmake_prefix_path.ps1'
[1.957s] INFO:colcon.colcon_core.shell:Creating environment descriptor '/home/raz/volcani/rover_volkani/install/roverrobotics_gazebo/share/roverrobotics_gazebo/hook/cmake_prefix_path.dsv'
[1.957s] INFO:colcon.colcon_core.shell:Creating environment hook '/home/raz/volcani/rover_volkani/install/roverrobotics_gazebo/share/roverrobotics_gazebo/hook/cmake_prefix_path.sh'
[1.957s] Level 1:colcon.colcon_core.environment:checking '/home/raz/volcani/rover_volkani/install/roverrobotics_gazebo/bin'
[1.957s] Level 1:colcon.colcon_core.environment:checking '/home/raz/volcani/rover_volkani/install/roverrobotics_gazebo/lib/pkgconfig/roverrobotics_gazebo.pc'
[1.958s] Level 1:colcon.colcon_core.environment:checking '/home/raz/volcani/rover_volkani/install/roverrobotics_gazebo/lib/python3.10/site-packages'
[1.958s] Level 1:colcon.colcon_core.environment:checking '/home/raz/volcani/rover_volkani/install/roverrobotics_gazebo/bin'
[1.958s] INFO:colcon.colcon_core.shell:Creating package script '/home/raz/volcani/rover_volkani/install/roverrobotics_gazebo/share/roverrobotics_gazebo/package.ps1'
[1.959s] INFO:colcon.colcon_core.shell:Creating package descriptor '/home/raz/volcani/rover_volkani/install/roverrobotics_gazebo/share/roverrobotics_gazebo/package.dsv'
[1.959s] INFO:colcon.colcon_core.shell:Creating package script '/home/raz/volcani/rover_volkani/install/roverrobotics_gazebo/share/roverrobotics_gazebo/package.sh'
[1.959s] INFO:colcon.colcon_core.shell:Creating package script '/home/raz/volcani/rover_volkani/install/roverrobotics_gazebo/share/roverrobotics_gazebo/package.bash'
[1.960s] INFO:colcon.colcon_core.shell:Creating package script '/home/raz/volcani/rover_volkani/install/roverrobotics_gazebo/share/roverrobotics_gazebo/package.zsh'
[1.960s] Level 1:colcon.colcon_core.environment:create_file_with_runtime_dependencies(/home/raz/volcani/rover_volkani/install/roverrobotics_gazebo/share/colcon-core/packages/roverrobotics_gazebo)
[1.960s] Level 1:colcon.colcon_core.environment:create_environment_scripts_only(roverrobotics_gazebo)
[1.961s] Level 1:colcon.colcon_core.environment:checking '/home/raz/volcani/rover_volkani/install/roverrobotics_gazebo' for CMake module files
[1.961s] Level 1:colcon.colcon_core.environment:checking '/home/raz/volcani/rover_volkani/install/roverrobotics_gazebo' for CMake config files
[1.961s] Level 1:colcon.colcon_core.shell:create_environment_hook('roverrobotics_gazebo', 'cmake_prefix_path')
[1.962s] INFO:colcon.colcon_core.shell:Creating environment hook '/home/raz/volcani/rover_volkani/install/roverrobotics_gazebo/share/roverrobotics_gazebo/hook/cmake_prefix_path.ps1'
[1.962s] INFO:colcon.colcon_core.shell:Creating environment descriptor '/home/raz/volcani/rover_volkani/install/roverrobotics_gazebo/share/roverrobotics_gazebo/hook/cmake_prefix_path.dsv'
[1.962s] INFO:colcon.colcon_core.shell:Creating environment hook '/home/raz/volcani/rover_volkani/install/roverrobotics_gazebo/share/roverrobotics_gazebo/hook/cmake_prefix_path.sh'
[1.963s] Level 1:colcon.colcon_core.environment:checking '/home/raz/volcani/rover_volkani/install/roverrobotics_gazebo/bin'
[1.963s] Level 1:colcon.colcon_core.environment:checking '/home/raz/volcani/rover_volkani/install/roverrobotics_gazebo/lib/pkgconfig/roverrobotics_gazebo.pc'
[1.963s] Level 1:colcon.colcon_core.environment:checking '/home/raz/volcani/rover_volkani/install/roverrobotics_gazebo/lib/python3.10/site-packages'
[1.963s] Level 1:colcon.colcon_core.environment:checking '/home/raz/volcani/rover_volkani/install/roverrobotics_gazebo/bin'
[1.963s] INFO:colcon.colcon_core.shell:Creating package script '/home/raz/volcani/rover_volkani/install/roverrobotics_gazebo/share/roverrobotics_gazebo/package.ps1'
[1.964s] INFO:colcon.colcon_core.shell:Creating package descriptor '/home/raz/volcani/rover_volkani/install/roverrobotics_gazebo/share/roverrobotics_gazebo/package.dsv'
[1.964s] INFO:colcon.colcon_core.shell:Creating package script '/home/raz/volcani/rover_volkani/install/roverrobotics_gazebo/share/roverrobotics_gazebo/package.sh'
[1.965s] INFO:colcon.colcon_core.shell:Creating package script '/home/raz/volcani/rover_volkani/install/roverrobotics_gazebo/share/roverrobotics_gazebo/package.bash'
[1.965s] INFO:colcon.colcon_core.shell:Creating package script '/home/raz/volcani/rover_volkani/install/roverrobotics_gazebo/share/roverrobotics_gazebo/package.zsh'
[1.965s] Level 1:colcon.colcon_core.environment:create_file_with_runtime_dependencies(/home/raz/volcani/rover_volkani/install/roverrobotics_gazebo/share/colcon-core/packages/roverrobotics_gazebo)
[13.927s] DEBUG:colcon.colcon_core.event_handler.log_command:Invoked command in '/home/raz/volcani/rover_volkani/build/roverrobotics_driver' returned '0': CMAKE_PREFIX_PATH=${CMAKE_PREFIX_PATH}:/home/raz/volcani/rover_volkani/install/greenhouse_navigation:/home/raz/volcani/rover_volkani/install/bno055:/opt/ros/humble /usr/bin/cmake --build /home/raz/volcani/rover_volkani/build/roverrobotics_driver -- -j24 -l24
[13.928s] DEBUG:colcon.colcon_core.event_handler.log_command:Invoking command in '/home/raz/volcani/rover_volkani/build/roverrobotics_driver': CMAKE_PREFIX_PATH=${CMAKE_PREFIX_PATH}:/home/raz/volcani/rover_volkani/install/greenhouse_navigation:/home/raz/volcani/rover_volkani/install/bno055:/opt/ros/humble /usr/bin/cmake --install /home/raz/volcani/rover_volkani/build/roverrobotics_driver
[14.651s] Level 1:colcon.colcon_core.environment:create_environment_scripts_only(roverrobotics_driver)
[14.651s] Level 1:colcon.colcon_core.environment:checking '/home/raz/volcani/rover_volkani/install/roverrobotics_driver' for CMake module files
[14.652s] DEBUG:colcon.colcon_core.event_handler.log_command:Invoked command in '/home/raz/volcani/rover_volkani/build/roverrobotics_driver' returned '0': CMAKE_PREFIX_PATH=${CMAKE_PREFIX_PATH}:/home/raz/volcani/rover_volkani/install/greenhouse_navigation:/home/raz/volcani/rover_volkani/install/bno055:/opt/ros/humble /usr/bin/cmake --install /home/raz/volcani/rover_volkani/build/roverrobotics_driver
[14.652s] Level 1:colcon.colcon_core.environment:checking '/home/raz/volcani/rover_volkani/install/roverrobotics_driver' for CMake config files
[14.653s] Level 1:colcon.colcon_core.shell:create_environment_hook('roverrobotics_driver', 'cmake_prefix_path')
[14.653s] INFO:colcon.colcon_core.shell:Creating environment hook '/home/raz/volcani/rover_volkani/install/roverrobotics_driver/share/roverrobotics_driver/hook/cmake_prefix_path.ps1'
[14.653s] INFO:colcon.colcon_core.shell:Creating environment descriptor '/home/raz/volcani/rover_volkani/install/roverrobotics_driver/share/roverrobotics_driver/hook/cmake_prefix_path.dsv'
[14.654s] INFO:colcon.colcon_core.shell:Creating environment hook '/home/raz/volcani/rover_volkani/install/roverrobotics_driver/share/roverrobotics_driver/hook/cmake_prefix_path.sh'
[14.654s] Level 1:colcon.colcon_core.environment:checking '/home/raz/volcani/rover_volkani/install/roverrobotics_driver/lib'
[14.654s] Level 1:colcon.colcon_core.environment:checking '/home/raz/volcani/rover_volkani/install/roverrobotics_driver/bin'
[14.654s] Level 1:colcon.colcon_core.environment:checking '/home/raz/volcani/rover_volkani/install/roverrobotics_driver/lib/pkgconfig/roverrobotics_driver.pc'
[14.654s] Level 1:colcon.colcon_core.environment:checking '/home/raz/volcani/rover_volkani/install/roverrobotics_driver/lib/python3.10/site-packages'
[14.655s] Level 1:colcon.colcon_core.environment:checking '/home/raz/volcani/rover_volkani/install/roverrobotics_driver/bin'
[14.655s] INFO:colcon.colcon_core.shell:Creating package script '/home/raz/volcani/rover_volkani/install/roverrobotics_driver/share/roverrobotics_driver/package.ps1'
[14.655s] INFO:colcon.colcon_core.shell:Creating package descriptor '/home/raz/volcani/rover_volkani/install/roverrobotics_driver/share/roverrobotics_driver/package.dsv'
[14.656s] INFO:colcon.colcon_core.shell:Creating package script '/home/raz/volcani/rover_volkani/install/roverrobotics_driver/share/roverrobotics_driver/package.sh'
[14.656s] INFO:colcon.colcon_core.shell:Creating package script '/home/raz/volcani/rover_volkani/install/roverrobotics_driver/share/roverrobotics_driver/package.bash'
[14.656s] INFO:colcon.colcon_core.shell:Creating package script '/home/raz/volcani/rover_volkani/install/roverrobotics_driver/share/roverrobotics_driver/package.zsh'
[14.656s] Level 1:colcon.colcon_core.environment:create_file_with_runtime_dependencies(/home/raz/volcani/rover_volkani/install/roverrobotics_driver/share/colcon-core/packages/roverrobotics_driver)
[14.657s] Level 1:colcon.colcon_core.environment:create_environment_scripts_only(roverrobotics_driver)
[14.657s] Level 1:colcon.colcon_core.environment:checking '/home/raz/volcani/rover_volkani/install/roverrobotics_driver' for CMake module files
[14.657s] Level 1:colcon.colcon_core.environment:checking '/home/raz/volcani/rover_volkani/install/roverrobotics_driver' for CMake config files
[14.658s] Level 1:colcon.colcon_core.shell:create_environment_hook('roverrobotics_driver', 'cmake_prefix_path')
[14.658s] INFO:colcon.colcon_core.shell:Creating environment hook '/home/raz/volcani/rover_volkani/install/roverrobotics_driver/share/roverrobotics_driver/hook/cmake_prefix_path.ps1'
[14.659s] INFO:colcon.colcon_core.shell:Creating environment descriptor '/home/raz/volcani/rover_volkani/install/roverrobotics_driver/share/roverrobotics_driver/hook/cmake_prefix_path.dsv'
[14.659s] INFO:colcon.colcon_core.shell:Creating environment hook '/home/raz/volcani/rover_volkani/install/roverrobotics_driver/share/roverrobotics_driver/hook/cmake_prefix_path.sh'
[14.659s] Level 1:colcon.colcon_core.environment:checking '/home/raz/volcani/rover_volkani/install/roverrobotics_driver/lib'
[14.659s] Level 1:colcon.colcon_core.environment:checking '/home/raz/volcani/rover_volkani/install/roverrobotics_driver/bin'
[14.659s] Level 1:colcon.colcon_core.environment:checking '/home/raz/volcani/rover_volkani/install/roverrobotics_driver/lib/pkgconfig/roverrobotics_driver.pc'
[14.660s] Level 1:colcon.colcon_core.environment:checking '/home/raz/volcani/rover_volkani/install/roverrobotics_driver/lib/python3.10/site-packages'
[14.660s] Level 1:colcon.colcon_core.environment:checking '/home/raz/volcani/rover_volkani/install/roverrobotics_driver/bin'
[14.660s] INFO:colcon.colcon_core.shell:Creating package script '/home/raz/volcani/rover_volkani/install/roverrobotics_driver/share/roverrobotics_driver/package.ps1'
[14.661s] INFO:colcon.colcon_core.shell:Creating package descriptor '/home/raz/volcani/rover_volkani/install/roverrobotics_driver/share/roverrobotics_driver/package.dsv'
[14.661s] INFO:colcon.colcon_core.shell:Creating package script '/home/raz/volcani/rover_volkani/install/roverrobotics_driver/share/roverrobotics_driver/package.sh'
[14.661s] INFO:colcon.colcon_core.shell:Creating package script '/home/raz/volcani/rover_volkani/install/roverrobotics_driver/share/roverrobotics_driver/package.bash'
[14.662s] INFO:colcon.colcon_core.shell:Creating package script '/home/raz/volcani/rover_volkani/install/roverrobotics_driver/share/roverrobotics_driver/package.zsh'
[14.662s] Level 1:colcon.colcon_core.environment:create_file_with_runtime_dependencies(/home/raz/volcani/rover_volkani/install/roverrobotics_driver/share/colcon-core/packages/roverrobotics_driver)
[14.662s] DEBUG:colcon.colcon_parallel_executor.executor.parallel:closing loop
[14.662s] DEBUG:colcon.colcon_parallel_executor.executor.parallel:loop closed
[14.662s] DEBUG:colcon.colcon_parallel_executor.executor.parallel:run_until_complete finished with '0'
[14.663s] DEBUG:colcon.colcon_core.event_reactor:joining thread
[14.667s] INFO:colcon.colcon_core.plugin_system:Skipping extension 'colcon_notification.desktop_notification.terminal_notifier': Not used on non-Darwin systems
[14.667s] INFO:colcon.colcon_core.plugin_system:Skipping extension 'colcon_notification.desktop_notification.win32': Not used on non-Windows systems
[14.667s] INFO:colcon.colcon_notification.desktop_notification:Sending desktop notification using 'notify2'
[14.680s] DEBUG:colcon.colcon_core.event_reactor:joined thread
[14.680s] INFO:colcon.colcon_core.shell:Creating prefix script '/home/raz/volcani/rover_volkani/install/local_setup.ps1'
[14.681s] INFO:colcon.colcon_core.shell:Creating prefix util module '/home/raz/volcani/rover_volkani/install/_local_setup_util_ps1.py'
[14.682s] INFO:colcon.colcon_core.shell:Creating prefix chain script '/home/raz/volcani/rover_volkani/install/setup.ps1'
[14.683s] INFO:colcon.colcon_core.shell:Creating prefix script '/home/raz/volcani/rover_volkani/install/local_setup.sh'
[14.684s] INFO:colcon.colcon_core.shell:Creating prefix util module '/home/raz/volcani/rover_volkani/install/_local_setup_util_sh.py'
[14.684s] INFO:colcon.colcon_core.shell:Creating prefix chain script '/home/raz/volcani/rover_volkani/install/setup.sh'
[14.686s] INFO:colcon.colcon_core.shell:Creating prefix script '/home/raz/volcani/rover_volkani/install/local_setup.bash'
[14.686s] INFO:colcon.colcon_core.shell:Creating prefix chain script '/home/raz/volcani/rover_volkani/install/setup.bash'
[14.687s] INFO:colcon.colcon_core.shell:Creating prefix script '/home/raz/volcani/rover_volkani/install/local_setup.zsh'
[14.687s] INFO:colcon.colcon_core.shell:Creating prefix chain script '/home/raz/volcani/rover_volkani/install/setup.zsh'
