running develop
Removing /home/raz/volcani/rover_volkani/install/greenhouse_navigation/lib/python3.10/site-packages/greenhouse-navigation.egg-link (link to .)
running egg_info
writing ../../build/greenhouse_navigation/greenhouse_navigation.egg-info/PKG-INFO
writing dependency_links to ../../build/greenhouse_navigation/greenhouse_navigation.egg-info/dependency_links.txt
writing entry points to ../../build/greenhouse_navigation/greenhouse_navigation.egg-info/entry_points.txt
writing requirements to ../../build/greenhouse_navigation/greenhouse_navigation.egg-info/requires.txt
writing top-level names to ../../build/greenhouse_navigation/greenhouse_navigation.egg-info/top_level.txt
reading manifest file '../../build/greenhouse_navigation/greenhouse_navigation.egg-info/SOURCES.txt'
writing manifest file '../../build/greenhouse_navigation/greenhouse_navigation.egg-info/SOURCES.txt'
running build
running build_py
creating /home/raz/volcani/rover_volkani/build/greenhouse_navigation/build
creating /home/raz/volcani/rover_volkani/build/greenhouse_navigation/build/lib
creating /home/raz/volcani/rover_volkani/build/greenhouse_navigation/build/lib/greenhouse_navigation
copying greenhouse_navigation/__init__.py -> /home/raz/volcani/rover_volkani/build/greenhouse_navigation/build/lib/greenhouse_navigation
copying greenhouse_navigation/greenhouse_navigator.py -> /home/raz/volcani/rover_volkani/build/greenhouse_navigation/build/lib/greenhouse_navigation
running install
running install_lib
creating /home/raz/volcani/rover_volkani/install/greenhouse_navigation/lib/python3.10/site-packages/greenhouse_navigation
copying /home/raz/volcani/rover_volkani/build/greenhouse_navigation/build/lib/greenhouse_navigation/__init__.py -> /home/raz/volcani/rover_volkani/install/greenhouse_navigation/lib/python3.10/site-packages/greenhouse_navigation
copying /home/raz/volcani/rover_volkani/build/greenhouse_navigation/build/lib/greenhouse_navigation/greenhouse_navigator.py -> /home/raz/volcani/rover_volkani/install/greenhouse_navigation/lib/python3.10/site-packages/greenhouse_navigation
byte-compiling /home/raz/volcani/rover_volkani/install/greenhouse_navigation/lib/python3.10/site-packages/greenhouse_navigation/__init__.py to __init__.cpython-310.pyc
byte-compiling /home/raz/volcani/rover_volkani/install/greenhouse_navigation/lib/python3.10/site-packages/greenhouse_navigation/greenhouse_navigator.py to greenhouse_navigator.cpython-310.pyc
running install_data
copying resource/greenhouse_navigation -> /home/raz/volcani/rover_volkani/install/greenhouse_navigation/share/ament_index/resource_index/packages
copying package.xml -> /home/raz/volcani/rover_volkani/install/greenhouse_navigation/share/greenhouse_navigation
running install_egg_info
Copying ../../build/greenhouse_navigation/greenhouse_navigation.egg-info to /home/raz/volcani/rover_volkani/install/greenhouse_navigation/lib/python3.10/site-packages/greenhouse_navigation-0.0.0-py3.10.egg-info
running install_scripts
Installing navigator script to /home/raz/volcani/rover_volkani/install/greenhouse_navigation/lib/greenhouse_navigation
writing list of installed files to '/home/raz/volcani/rover_volkani/build/greenhouse_navigation/install.log'
