[0.435s] Invoking command in '/home/raz/volcani/rover_volkani/build/greenhouse_navigation': PYTHONPATH=/home/raz/volcani/rover_volkani/build/greenhouse_navigation/prefix_override:/usr/lib/python3/dist-packages/colcon_core/task/python/colcon_distutils_commands:/home/raz/volcani/rover_volkani/install/greenhouse_navigation/lib/python3.10/site-packages:${PYTHONPATH} /usr/bin/python3 -W ignore:setup.py install is deprecated -W ignore:easy_install command is deprecated setup.py develop --uninstall --editable --build-directory /home/raz/volcani/rover_volkani/build/greenhouse_navigation/build
[0.613s] running develop
[0.736s] Removing /home/raz/volcani/rover_volkani/install/greenhouse_navigation/lib/python3.10/site-packages/greenhouse-navigation.egg-link (link to .)
[0.752s] Invoked command in '/home/raz/volcani/rover_volkani/build/greenhouse_navigation' returned '0': PYTHONPATH=/home/raz/volcani/rover_volkani/build/greenhouse_navigation/prefix_override:/usr/lib/python3/dist-packages/colcon_core/task/python/colcon_distutils_commands:/home/raz/volcani/rover_volkani/install/greenhouse_navigation/lib/python3.10/site-packages:${PYTHONPATH} /usr/bin/python3 -W ignore:setup.py install is deprecated -W ignore:easy_install command is deprecated setup.py develop --uninstall --editable --build-directory /home/raz/volcani/rover_volkani/build/greenhouse_navigation/build
[0.753s] Invoking command in '/home/raz/volcani/rover_volkani/src/greenhouse_navigation': PYTHONPATH=/home/raz/volcani/rover_volkani/build/greenhouse_navigation/prefix_override:/usr/lib/python3/dist-packages/colcon_core/task/python/colcon_distutils_commands:/home/raz/volcani/rover_volkani/install/greenhouse_navigation/lib/python3.10/site-packages:${PYTHONPATH} /usr/bin/python3 -W ignore:setup.py install is deprecated -W ignore:easy_install command is deprecated setup.py egg_info --egg-base ../../build/greenhouse_navigation build --build-base /home/raz/volcani/rover_volkani/build/greenhouse_navigation/build install --record /home/raz/volcani/rover_volkani/build/greenhouse_navigation/install.log --single-version-externally-managed install_data --force
[0.914s] running egg_info
[0.914s] writing ../../build/greenhouse_navigation/greenhouse_navigation.egg-info/PKG-INFO
[0.915s] writing dependency_links to ../../build/greenhouse_navigation/greenhouse_navigation.egg-info/dependency_links.txt
[0.915s] writing entry points to ../../build/greenhouse_navigation/greenhouse_navigation.egg-info/entry_points.txt
[0.915s] writing requirements to ../../build/greenhouse_navigation/greenhouse_navigation.egg-info/requires.txt
[0.915s] writing top-level names to ../../build/greenhouse_navigation/greenhouse_navigation.egg-info/top_level.txt
[0.916s] reading manifest file '../../build/greenhouse_navigation/greenhouse_navigation.egg-info/SOURCES.txt'
[0.916s] writing manifest file '../../build/greenhouse_navigation/greenhouse_navigation.egg-info/SOURCES.txt'
[0.917s] running build
[0.917s] running build_py
[0.917s] creating /home/raz/volcani/rover_volkani/build/greenhouse_navigation/build
[0.917s] creating /home/raz/volcani/rover_volkani/build/greenhouse_navigation/build/lib
[0.917s] creating /home/raz/volcani/rover_volkani/build/greenhouse_navigation/build/lib/greenhouse_navigation
[0.917s] copying greenhouse_navigation/__init__.py -> /home/raz/volcani/rover_volkani/build/greenhouse_navigation/build/lib/greenhouse_navigation
[0.917s] copying greenhouse_navigation/greenhouse_navigator.py -> /home/raz/volcani/rover_volkani/build/greenhouse_navigation/build/lib/greenhouse_navigation
[0.917s] running install
[0.917s] running install_lib
[0.918s] creating /home/raz/volcani/rover_volkani/install/greenhouse_navigation/lib/python3.10/site-packages/greenhouse_navigation
[0.918s] copying /home/raz/volcani/rover_volkani/build/greenhouse_navigation/build/lib/greenhouse_navigation/__init__.py -> /home/raz/volcani/rover_volkani/install/greenhouse_navigation/lib/python3.10/site-packages/greenhouse_navigation
[0.918s] copying /home/raz/volcani/rover_volkani/build/greenhouse_navigation/build/lib/greenhouse_navigation/greenhouse_navigator.py -> /home/raz/volcani/rover_volkani/install/greenhouse_navigation/lib/python3.10/site-packages/greenhouse_navigation
[0.918s] byte-compiling /home/raz/volcani/rover_volkani/install/greenhouse_navigation/lib/python3.10/site-packages/greenhouse_navigation/__init__.py to __init__.cpython-310.pyc
[0.918s] byte-compiling /home/raz/volcani/rover_volkani/install/greenhouse_navigation/lib/python3.10/site-packages/greenhouse_navigation/greenhouse_navigator.py to greenhouse_navigator.cpython-310.pyc
[0.919s] running install_data
[0.919s] copying resource/greenhouse_navigation -> /home/raz/volcani/rover_volkani/install/greenhouse_navigation/share/ament_index/resource_index/packages
[0.919s] copying package.xml -> /home/raz/volcani/rover_volkani/install/greenhouse_navigation/share/greenhouse_navigation
[0.919s] running install_egg_info
[0.920s] Copying ../../build/greenhouse_navigation/greenhouse_navigation.egg-info to /home/raz/volcani/rover_volkani/install/greenhouse_navigation/lib/python3.10/site-packages/greenhouse_navigation-0.0.0-py3.10.egg-info
[0.921s] running install_scripts
[0.937s] Installing navigator script to /home/raz/volcani/rover_volkani/install/greenhouse_navigation/lib/greenhouse_navigation
[0.937s] writing list of installed files to '/home/raz/volcani/rover_volkani/build/greenhouse_navigation/install.log'
[0.951s] Invoked command in '/home/raz/volcani/rover_volkani/src/greenhouse_navigation' returned '0': PYTHONPATH=/home/raz/volcani/rover_volkani/build/greenhouse_navigation/prefix_override:/usr/lib/python3/dist-packages/colcon_core/task/python/colcon_distutils_commands:/home/raz/volcani/rover_volkani/install/greenhouse_navigation/lib/python3.10/site-packages:${PYTHONPATH} /usr/bin/python3 -W ignore:setup.py install is deprecated -W ignore:easy_install command is deprecated setup.py egg_info --egg-base ../../build/greenhouse_navigation build --build-base /home/raz/volcani/rover_volkani/build/greenhouse_navigation/build install --record /home/raz/volcani/rover_volkani/build/greenhouse_navigation/install.log --single-version-externally-managed install_data --force
