-- Found ament_cmake: 1.3.11 (/opt/ros/humble/share/ament_cmake/cmake)
-- Override CMake install command with custom implementation using symlinks instead of copying resources
-- Found ament_lint_auto: 0.12.12 (/opt/ros/humble/share/ament_lint_auto/cmake)
-- Added test 'copyright' to check source files copyright and LICENSE
-- Added test 'flake8' to check Python code syntax and style conventions
-- Added test 'lint_cmake' to check CMake code style
-- Added test 'pep257' to check Python code against some of the docstring style conventions in PEP 257
-- Added test 'xmllint' to check XML markup files
-- Configuring done
-- Generating done
-- Build files have been written to: /home/raz/volcani/rover_volkani/build/roverrobotics_gazebo
-- Install configuration: ""
-- Execute custom install script
-- Up-to-date symlink: /home/raz/volcani/rover_volkani/install/roverrobotics_gazebo/share/roverrobotics_gazebo/launch/2wd_rover_gazebo.launch.py
-- Up-to-date symlink: /home/raz/volcani/rover_volkani/install/roverrobotics_gazebo/share/roverrobotics_gazebo/launch/2wd_rover_indoor_lab.launch.py
-- Up-to-date symlink: /home/raz/volcani/rover_volkani/install/roverrobotics_gazebo/share/roverrobotics_gazebo/launch/4wd_rover_gazebo.launch.py
-- Up-to-date symlink: /home/raz/volcani/rover_volkani/install/roverrobotics_gazebo/share/roverrobotics_gazebo/launch/flipper_gazebo.launch.py
-- Up-to-date symlink: /home/raz/volcani/rover_volkani/install/roverrobotics_gazebo/share/roverrobotics_gazebo/launch/max_gazebo.launch.py
-- Up-to-date symlink: /home/raz/volcani/rover_volkani/install/roverrobotics_gazebo/share/roverrobotics_gazebo/launch/mini_gazebo.launch.py
-- Up-to-date symlink: /home/raz/volcani/rover_volkani/install/roverrobotics_gazebo/share/roverrobotics_gazebo/launch/miti_65_gazebo.launch.py
-- Up-to-date symlink: /home/raz/volcani/rover_volkani/install/roverrobotics_gazebo/share/roverrobotics_gazebo/launch/miti_gazebo.launch.py
-- Up-to-date symlink: /home/raz/volcani/rover_volkani/install/roverrobotics_gazebo/share/roverrobotics_gazebo/worlds/depot.sdf
-- Up-to-date symlink: /home/raz/volcani/rover_volkani/install/roverrobotics_gazebo/share/roverrobotics_gazebo/worlds/indoor_lab_world_walled.sdf
-- Up-to-date symlink: /home/raz/volcani/rover_volkani/install/roverrobotics_gazebo/share/roverrobotics_gazebo/worlds/maze.sdf
-- Up-to-date symlink: /home/raz/volcani/rover_volkani/install/roverrobotics_gazebo/share/roverrobotics_gazebo/worlds/warehouse.sdf
-- Symlinking: /home/raz/volcani/rover_volkani/install/roverrobotics_gazebo/share/roverrobotics_gazebo/models/map/meshes/indoor_abc_lab3.stl
-- Symlinking: /home/raz/volcani/rover_volkani/install/roverrobotics_gazebo/share/roverrobotics_gazebo/models/map/meshes/map.stl
-- Symlinking: /home/raz/volcani/rover_volkani/install/roverrobotics_gazebo/share/roverrobotics_gazebo/models/map/model.config
-- Symlinking: /home/raz/volcani/rover_volkani/install/roverrobotics_gazebo/share/roverrobotics_gazebo/models/map/model.sdf
-- Up-to-date symlink: /home/raz/volcani/rover_volkani/install/roverrobotics_gazebo/share/ament_index/resource_index/package_run_dependencies/roverrobotics_gazebo
-- Up-to-date symlink: /home/raz/volcani/rover_volkani/install/roverrobotics_gazebo/share/ament_index/resource_index/parent_prefix_path/roverrobotics_gazebo
-- Up-to-date symlink: /home/raz/volcani/rover_volkani/install/roverrobotics_gazebo/share/roverrobotics_gazebo/environment/ament_prefix_path.sh
-- Up-to-date symlink: /home/raz/volcani/rover_volkani/install/roverrobotics_gazebo/share/roverrobotics_gazebo/environment/ament_prefix_path.dsv
-- Up-to-date symlink: /home/raz/volcani/rover_volkani/install/roverrobotics_gazebo/share/roverrobotics_gazebo/environment/path.sh
-- Up-to-date symlink: /home/raz/volcani/rover_volkani/install/roverrobotics_gazebo/share/roverrobotics_gazebo/environment/path.dsv
-- Up-to-date symlink: /home/raz/volcani/rover_volkani/install/roverrobotics_gazebo/share/roverrobotics_gazebo/local_setup.bash
-- Up-to-date symlink: /home/raz/volcani/rover_volkani/install/roverrobotics_gazebo/share/roverrobotics_gazebo/local_setup.sh
-- Up-to-date symlink: /home/raz/volcani/rover_volkani/install/roverrobotics_gazebo/share/roverrobotics_gazebo/local_setup.zsh
-- Up-to-date symlink: /home/raz/volcani/rover_volkani/install/roverrobotics_gazebo/share/roverrobotics_gazebo/local_setup.dsv
-- Symlinking: /home/raz/volcani/rover_volkani/install/roverrobotics_gazebo/share/roverrobotics_gazebo/package.dsv
-- Up-to-date symlink: /home/raz/volcani/rover_volkani/install/roverrobotics_gazebo/share/ament_index/resource_index/packages/roverrobotics_gazebo
-- Up-to-date symlink: /home/raz/volcani/rover_volkani/install/roverrobotics_gazebo/share/roverrobotics_gazebo/cmake/roverrobotics_gazeboConfig.cmake
-- Up-to-date symlink: /home/raz/volcani/rover_volkani/install/roverrobotics_gazebo/share/roverrobotics_gazebo/cmake/roverrobotics_gazeboConfig-version.cmake
-- Up-to-date symlink: /home/raz/volcani/rover_volkani/install/roverrobotics_gazebo/share/roverrobotics_gazebo/package.xml
