[0.006s] Invoking command in '/home/raz/volcani/rover_volkani/build/roverrobotics_gazebo': CMAKE_PREFIX_PATH=/home/raz/volcani/rover_volkani/install/roverrobotics_description:/home/raz/volcani/rover_volkani/install/roverrobotics_input_manager:/home/raz/volcani/rover_volkani/install/roverrobotics_gazebo:/home/raz/volcani/rover_volkani/install/roverrobotics_driver:/home/raz/volcani/rover_volkani/install/greenhouse_navigation:/opt/ros/humble /usr/bin/cmake --build /home/raz/volcani/rover_volkani/build/roverrobotics_gazebo -- -j24 -l24
[0.022s] -- Found ament_cmake: 1.3.11 (/opt/ros/humble/share/ament_cmake/cmake)
[0.110s] -- Override CMake install command with custom implementation using symlinks instead of copying resources
[0.118s] -- Found ament_lint_auto: 0.12.12 (/opt/ros/humble/share/ament_lint_auto/cmake)
[0.167s] -- Added test 'copyright' to check source files copyright and LICENSE
[0.168s] -- Added test 'flake8' to check Python code syntax and style conventions
[0.168s] -- Added test 'lint_cmake' to check CMake code style
[0.169s] -- Added test 'pep257' to check Python code against some of the docstring style conventions in PEP 257
[0.170s] -- Added test 'xmllint' to check XML markup files
[0.170s] -- Configuring done
[0.172s] -- Generating done
[0.173s] -- Build files have been written to: /home/raz/volcani/rover_volkani/build/roverrobotics_gazebo
[0.190s] Invoked command in '/home/raz/volcani/rover_volkani/build/roverrobotics_gazebo' returned '0': CMAKE_PREFIX_PATH=/home/raz/volcani/rover_volkani/install/roverrobotics_description:/home/raz/volcani/rover_volkani/install/roverrobotics_input_manager:/home/raz/volcani/rover_volkani/install/roverrobotics_gazebo:/home/raz/volcani/rover_volkani/install/roverrobotics_driver:/home/raz/volcani/rover_volkani/install/greenhouse_navigation:/opt/ros/humble /usr/bin/cmake --build /home/raz/volcani/rover_volkani/build/roverrobotics_gazebo -- -j24 -l24
[0.191s] Invoking command in '/home/raz/volcani/rover_volkani/build/roverrobotics_gazebo': CMAKE_PREFIX_PATH=/home/raz/volcani/rover_volkani/install/roverrobotics_description:/home/raz/volcani/rover_volkani/install/roverrobotics_input_manager:/home/raz/volcani/rover_volkani/install/roverrobotics_gazebo:/home/raz/volcani/rover_volkani/install/roverrobotics_driver:/home/raz/volcani/rover_volkani/install/greenhouse_navigation:/opt/ros/humble /usr/bin/cmake --install /home/raz/volcani/rover_volkani/build/roverrobotics_gazebo
[0.196s] -- Install configuration: ""
[0.196s] -- Execute custom install script
[0.196s] -- Up-to-date symlink: /home/raz/volcani/rover_volkani/install/roverrobotics_gazebo/share/roverrobotics_gazebo/launch/2wd_rover_gazebo.launch.py
[0.196s] -- Up-to-date symlink: /home/raz/volcani/rover_volkani/install/roverrobotics_gazebo/share/roverrobotics_gazebo/launch/2wd_rover_indoor_lab.launch.py
[0.196s] -- Up-to-date symlink: /home/raz/volcani/rover_volkani/install/roverrobotics_gazebo/share/roverrobotics_gazebo/launch/4wd_rover_gazebo.launch.py
[0.196s] -- Up-to-date symlink: /home/raz/volcani/rover_volkani/install/roverrobotics_gazebo/share/roverrobotics_gazebo/launch/flipper_gazebo.launch.py
[0.196s] -- Up-to-date symlink: /home/raz/volcani/rover_volkani/install/roverrobotics_gazebo/share/roverrobotics_gazebo/launch/max_gazebo.launch.py
[0.196s] -- Up-to-date symlink: /home/raz/volcani/rover_volkani/install/roverrobotics_gazebo/share/roverrobotics_gazebo/launch/mini_gazebo.launch.py
[0.196s] -- Up-to-date symlink: /home/raz/volcani/rover_volkani/install/roverrobotics_gazebo/share/roverrobotics_gazebo/launch/miti_65_gazebo.launch.py
[0.197s] -- Up-to-date symlink: /home/raz/volcani/rover_volkani/install/roverrobotics_gazebo/share/roverrobotics_gazebo/launch/miti_gazebo.launch.py
[0.197s] -- Up-to-date symlink: /home/raz/volcani/rover_volkani/install/roverrobotics_gazebo/share/roverrobotics_gazebo/worlds/depot.sdf
[0.197s] -- Up-to-date symlink: /home/raz/volcani/rover_volkani/install/roverrobotics_gazebo/share/roverrobotics_gazebo/worlds/indoor_lab_world_walled.sdf
[0.197s] -- Up-to-date symlink: /home/raz/volcani/rover_volkani/install/roverrobotics_gazebo/share/roverrobotics_gazebo/worlds/maze.sdf
[0.197s] -- Up-to-date symlink: /home/raz/volcani/rover_volkani/install/roverrobotics_gazebo/share/roverrobotics_gazebo/worlds/warehouse.sdf
[0.197s] -- Symlinking: /home/raz/volcani/rover_volkani/install/roverrobotics_gazebo/share/roverrobotics_gazebo/models/map/meshes/indoor_abc_lab3.stl
[0.204s] -- Symlinking: /home/raz/volcani/rover_volkani/install/roverrobotics_gazebo/share/roverrobotics_gazebo/models/map/meshes/map.stl
[0.210s] -- Symlinking: /home/raz/volcani/rover_volkani/install/roverrobotics_gazebo/share/roverrobotics_gazebo/models/map/model.config
[0.217s] -- Symlinking: /home/raz/volcani/rover_volkani/install/roverrobotics_gazebo/share/roverrobotics_gazebo/models/map/model.sdf
[0.225s] -- Up-to-date symlink: /home/raz/volcani/rover_volkani/install/roverrobotics_gazebo/share/ament_index/resource_index/package_run_dependencies/roverrobotics_gazebo
[0.225s] -- Up-to-date symlink: /home/raz/volcani/rover_volkani/install/roverrobotics_gazebo/share/ament_index/resource_index/parent_prefix_path/roverrobotics_gazebo
[0.225s] -- Up-to-date symlink: /home/raz/volcani/rover_volkani/install/roverrobotics_gazebo/share/roverrobotics_gazebo/environment/ament_prefix_path.sh
[0.225s] -- Up-to-date symlink: /home/raz/volcani/rover_volkani/install/roverrobotics_gazebo/share/roverrobotics_gazebo/environment/ament_prefix_path.dsv
[0.225s] -- Up-to-date symlink: /home/raz/volcani/rover_volkani/install/roverrobotics_gazebo/share/roverrobotics_gazebo/environment/path.sh
[0.225s] -- Up-to-date symlink: /home/raz/volcani/rover_volkani/install/roverrobotics_gazebo/share/roverrobotics_gazebo/environment/path.dsv
[0.225s] -- Up-to-date symlink: /home/raz/volcani/rover_volkani/install/roverrobotics_gazebo/share/roverrobotics_gazebo/local_setup.bash
[0.225s] -- Up-to-date symlink: /home/raz/volcani/rover_volkani/install/roverrobotics_gazebo/share/roverrobotics_gazebo/local_setup.sh
[0.225s] -- Up-to-date symlink: /home/raz/volcani/rover_volkani/install/roverrobotics_gazebo/share/roverrobotics_gazebo/local_setup.zsh
[0.225s] -- Up-to-date symlink: /home/raz/volcani/rover_volkani/install/roverrobotics_gazebo/share/roverrobotics_gazebo/local_setup.dsv
[0.225s] -- Symlinking: /home/raz/volcani/rover_volkani/install/roverrobotics_gazebo/share/roverrobotics_gazebo/package.dsv
[0.231s] -- Up-to-date symlink: /home/raz/volcani/rover_volkani/install/roverrobotics_gazebo/share/ament_index/resource_index/packages/roverrobotics_gazebo
[0.231s] -- Up-to-date symlink: /home/raz/volcani/rover_volkani/install/roverrobotics_gazebo/share/roverrobotics_gazebo/cmake/roverrobotics_gazeboConfig.cmake
[0.231s] -- Up-to-date symlink: /home/raz/volcani/rover_volkani/install/roverrobotics_gazebo/share/roverrobotics_gazebo/cmake/roverrobotics_gazeboConfig-version.cmake
[0.232s] -- Up-to-date symlink: /home/raz/volcani/rover_volkani/install/roverrobotics_gazebo/share/roverrobotics_gazebo/package.xml
[0.233s] Invoked command in '/home/raz/volcani/rover_volkani/build/roverrobotics_gazebo' returned '0': CMAKE_PREFIX_PATH=/home/raz/volcani/rover_volkani/install/roverrobotics_description:/home/raz/volcani/rover_volkani/install/roverrobotics_input_manager:/home/raz/volcani/rover_volkani/install/roverrobotics_gazebo:/home/raz/volcani/rover_volkani/install/roverrobotics_driver:/home/raz/volcani/rover_volkani/install/greenhouse_navigation:/opt/ros/humble /usr/bin/cmake --install /home/raz/volcani/rover_volkani/build/roverrobotics_gazebo
