[0.182s] Invoking command in '/home/raz/volcani/rover_volkani/build/roverrobotics_driver': CMAKE_PREFIX_PATH=${CMAKE_PREFIX_PATH}:/home/raz/volcani/rover_volkani/install/greenhouse_navigation:/home/raz/volcani/rover_volkani/install/bno055:/opt/ros/humble /usr/bin/cmake /home/raz/volcani/rover_volkani/src/roverrobotics_driver -DAMENT_CMAKE_SYMLINK_INSTALL=1 -DCMAKE_INSTALL_PREFIX=/home/raz/volcani/rover_volkani/install/roverrobotics_driver
[0.226s] -- The C compiler identification is GNU 11.4.0
[0.265s] -- The CXX compiler identification is GNU 11.4.0
[0.270s] -- Detecting C compiler ABI info
[0.321s] -- Detecting C compiler ABI info - done
[0.326s] -- Check for working C compiler: /usr/bin/cc - skipped
[0.326s] -- Detecting C compile features
[0.326s] -- Detecting C compile features - done
[0.328s] -- Detecting CXX compiler ABI info
[0.387s] -- Detecting CXX compiler ABI info - done
[0.392s] -- Check for working CXX compiler: /usr/bin/c++ - skipped
[0.392s] -- Detecting CXX compile features
[0.393s] -- Detecting CXX compile features - done
[0.394s] -- Found ament_cmake: 1.3.11 (/opt/ros/humble/share/ament_cmake/cmake)
[0.498s] -- Found Python3: /usr/bin/python3 (found version "3.10.12") found components: Interpreter 
[0.542s] -- Override CMake install command with custom implementation using symlinks instead of copying resources
[0.572s] -- Found rclcpp: 16.0.12 (/opt/ros/humble/share/rclcpp/cmake)
[0.612s] -- Found rosidl_generator_c: 3.1.6 (/opt/ros/humble/share/rosidl_generator_c/cmake)
[0.614s] -- Found rosidl_adapter: 3.1.6 (/opt/ros/humble/share/rosidl_adapter/cmake)
[0.622s] -- Found rosidl_generator_cpp: 3.1.6 (/opt/ros/humble/share/rosidl_generator_cpp/cmake)
[0.633s] -- Using all available rosidl_typesupport_c: rosidl_typesupport_fastrtps_c;rosidl_typesupport_introspection_c
[0.646s] -- Using all available rosidl_typesupport_cpp: rosidl_typesupport_fastrtps_cpp;rosidl_typesupport_introspection_cpp
[0.684s] -- Found rmw_implementation_cmake: 6.1.2 (/opt/ros/humble/share/rmw_implementation_cmake/cmake)
[0.686s] -- Found rmw_fastrtps_cpp: 6.2.7 (/opt/ros/humble/share/rmw_fastrtps_cpp/cmake)
[0.757s] -- Found OpenSSL: /usr/lib/x86_64-linux-gnu/libcrypto.so (found version "3.0.2")  
[0.780s] -- Found FastRTPS: /opt/ros/humble/include  
[0.813s] -- Using RMW implementation 'rmw_fastrtps_cpp' as default
[0.823s] -- Looking for pthread.h
[0.885s] -- Looking for pthread.h - found
[0.885s] -- Performing Test CMAKE_HAVE_LIBC_PTHREAD
[0.970s] -- Performing Test CMAKE_HAVE_LIBC_PTHREAD - Success
[0.971s] -- Found Threads: TRUE  
[1.017s] -- Found geometry_msgs: 4.8.0 (/opt/ros/humble/share/geometry_msgs/cmake)
[1.028s] -- Found nav_msgs: 4.8.0 (/opt/ros/humble/share/nav_msgs/cmake)
[1.041s] -- Found tf2_geometry_msgs: 0.25.12 (/opt/ros/humble/share/tf2_geometry_msgs/cmake)
[1.048s] -- Found eigen3_cmake_module: 0.1.1 (/opt/ros/humble/share/eigen3_cmake_module/cmake)
[1.049s] -- Found Eigen3: TRUE (found version "3.4.0") 
[1.049s] -- Ensuring Eigen3 include directory is part of orocos-kdl CMake target
[1.129s] -- Found sensor_msgs: 4.8.0 (/opt/ros/humble/share/sensor_msgs/cmake)
[1.143s] -- Found nav2_msgs: 1.1.18 (/opt/ros/humble/share/nav2_msgs/cmake)
[1.206s] -- Configuring done
[1.216s] -- Generating done
[1.219s] -- Build files have been written to: /home/raz/volcani/rover_volkani/build/roverrobotics_driver
[1.227s] Invoked command in '/home/raz/volcani/rover_volkani/build/roverrobotics_driver' returned '0': CMAKE_PREFIX_PATH=${CMAKE_PREFIX_PATH}:/home/raz/volcani/rover_volkani/install/greenhouse_navigation:/home/raz/volcani/rover_volkani/install/bno055:/opt/ros/humble /usr/bin/cmake /home/raz/volcani/rover_volkani/src/roverrobotics_driver -DAMENT_CMAKE_SYMLINK_INSTALL=1 -DCMAKE_INSTALL_PREFIX=/home/raz/volcani/rover_volkani/install/roverrobotics_driver
[1.227s] Invoking command in '/home/raz/volcani/rover_volkani/build/roverrobotics_driver': CMAKE_PREFIX_PATH=${CMAKE_PREFIX_PATH}:/home/raz/volcani/rover_volkani/install/greenhouse_navigation:/home/raz/volcani/rover_volkani/install/bno055:/opt/ros/humble /usr/bin/cmake --build /home/raz/volcani/rover_volkani/build/roverrobotics_driver -- -j24 -l24
[1.265s] [ 23%] [32mBuilding CXX object CMakeFiles/roverrobotics_driver.dir/library/librover/src/utils.cpp.o[0m
[1.265s] [ 23%] [32mBuilding CXX object CMakeFiles/roverrobotics_driver.dir/src/roverrobotics_ros2_driver.cpp.o[0m
[1.265s] [ 23%] [32mBuilding CXX object CMakeFiles/roverrobotics_driver.dir/library/librover/src/comm_serial.cpp.o[0m
[1.266s] [ 30%] [32mBuilding CXX object CMakeFiles/roverrobotics_driver.dir/library/librover/src/comm_can.cpp.o[0m
[1.266s] [ 46%] [32mBuilding CXX object CMakeFiles/roverrobotics_driver.dir/library/librover/src/control.cpp.o[0m
[1.266s] [ 46%] [32mBuilding CXX object CMakeFiles/greenhouse_experiment_node.dir/src/greenhouse_experiment_node.cpp.o[0m
[1.266s] [ 53%] [32mBuilding CXX object CMakeFiles/roverrobotics_driver.dir/library/librover/src/vesc.cpp.o[0m
[1.266s] [ 61%] [32mBuilding CXX object CMakeFiles/roverrobotics_driver.dir/library/librover/src/utilities.cpp.o[0m
[1.267s] [ 69%] [32mBuilding CXX object CMakeFiles/roverrobotics_driver.dir/library/librover/src/protocol_zero_2.cpp.o[0m
[1.267s] [ 76%] [32mBuilding CXX object CMakeFiles/roverrobotics_driver.dir/library/librover/src/protocol_pro.cpp.o[0m
[1.268s] [ 84%] [32mBuilding CXX object CMakeFiles/roverrobotics_driver.dir/library/librover/src/differential_robot.cpp.o[0m
[1.572s] [01m[K/home/raz/volcani/rover_volkani/src/roverrobotics_driver/library/librover/src/vesc.cpp:[m[K In member function ‘[01m[Kvesc::vescChannelStatus vesc::BridgedVescArray::parseReceivedMessage(std::vector<unsigned char>)[m[K’:
[1.572s] [01m[K/home/raz/volcani/rover_volkani/src/roverrobotics_driver/library/librover/src/vesc.cpp:76:5:[m[K [01;35m[Kwarning: [m[Kcontrol reaches end of non-void function [[01;35m[K]8;;https://gcc.gnu.org/onlinedocs/gcc/Warning-Options.html#index-Wreturn-type-Wreturn-type]8;;[m[K]
[1.572s]    76 |     [01;35m[K}[m[K
[1.572s]       |     [01;35m[K^[m[K
[4.675s] [ 92%] [32m[1mLinking CXX executable greenhouse_experiment_node[0m
[4.852s] [ 92%] Built target greenhouse_experiment_node
[12.985s] [100%] [32m[1mLinking CXX executable roverrobotics_driver[0m
[13.656s] [100%] Built target roverrobotics_driver
[13.666s] Invoked command in '/home/raz/volcani/rover_volkani/build/roverrobotics_driver' returned '0': CMAKE_PREFIX_PATH=${CMAKE_PREFIX_PATH}:/home/raz/volcani/rover_volkani/install/greenhouse_navigation:/home/raz/volcani/rover_volkani/install/bno055:/opt/ros/humble /usr/bin/cmake --build /home/raz/volcani/rover_volkani/build/roverrobotics_driver -- -j24 -l24
[13.667s] Invoking command in '/home/raz/volcani/rover_volkani/build/roverrobotics_driver': CMAKE_PREFIX_PATH=${CMAKE_PREFIX_PATH}:/home/raz/volcani/rover_volkani/install/greenhouse_navigation:/home/raz/volcani/rover_volkani/install/bno055:/opt/ros/humble /usr/bin/cmake --install /home/raz/volcani/rover_volkani/build/roverrobotics_driver
[13.674s] -- Install configuration: ""
[13.675s] -- Execute custom install script
[13.675s] -- Symlinking: /home/raz/volcani/rover_volkani/install/roverrobotics_driver/lib/roverrobotics_driver/greenhouse_experiment_node
[13.684s] -- Symlinking: /home/raz/volcani/rover_volkani/install/roverrobotics_driver/share/roverrobotics_driver/launch/accessories.launch.py
[13.694s] -- Symlinking: /home/raz/volcani/rover_volkani/install/roverrobotics_driver/share/roverrobotics_driver/launch/experiments_launch.py
[13.702s] -- Symlinking: /home/raz/volcani/rover_volkani/install/roverrobotics_driver/share/roverrobotics_driver/launch/greenhouse_nav.launch.py
[13.711s] -- Symlinking: /home/raz/volcani/rover_volkani/install/roverrobotics_driver/share/roverrobotics_driver/launch/greenhouse_nav_amcl.launch.py
[13.719s] -- Symlinking: /home/raz/volcani/rover_volkani/install/roverrobotics_driver/share/roverrobotics_driver/launch/max.launch.py
[13.727s] -- Symlinking: /home/raz/volcani/rover_volkani/install/roverrobotics_driver/share/roverrobotics_driver/launch/max_teleop.launch.py
[13.735s] -- Symlinking: /home/raz/volcani/rover_volkani/install/roverrobotics_driver/share/roverrobotics_driver/launch/mini.launch.py
[13.745s] -- Symlinking: /home/raz/volcani/rover_volkani/install/roverrobotics_driver/share/roverrobotics_driver/launch/mini_teleop.launch.py
[13.751s] -- Symlinking: /home/raz/volcani/rover_volkani/install/roverrobotics_driver/share/roverrobotics_driver/launch/miti.launch.py
[13.759s] -- Symlinking: /home/raz/volcani/rover_volkani/install/roverrobotics_driver/share/roverrobotics_driver/launch/miti_65.launch.py
[13.767s] -- Symlinking: /home/raz/volcani/rover_volkani/install/roverrobotics_driver/share/roverrobotics_driver/launch/miti_65_teleop.launch.py
[13.774s] -- Symlinking: /home/raz/volcani/rover_volkani/install/roverrobotics_driver/share/roverrobotics_driver/launch/miti_teleop.launch.py
[13.781s] -- Symlinking: /home/raz/volcani/rover_volkani/install/roverrobotics_driver/share/roverrobotics_driver/launch/nav2_backend.py
[13.790s] -- Symlinking: /home/raz/volcani/rover_volkani/install/roverrobotics_driver/share/roverrobotics_driver/launch/navigation_launch.py
[13.799s] -- Symlinking: /home/raz/volcani/rover_volkani/install/roverrobotics_driver/share/roverrobotics_driver/launch/navigation_launch_indoor.py
[13.807s] -- Symlinking: /home/raz/volcani/rover_volkani/install/roverrobotics_driver/share/roverrobotics_driver/launch/outdoor_navigation_launch.py
[13.816s] -- Symlinking: /home/raz/volcani/rover_volkani/install/roverrobotics_driver/share/roverrobotics_driver/launch/pro.launch.py
[13.825s] -- Symlinking: /home/raz/volcani/rover_volkani/install/roverrobotics_driver/share/roverrobotics_driver/launch/pro_teleop.launch.py
[13.833s] -- Symlinking: /home/raz/volcani/rover_volkani/install/roverrobotics_driver/share/roverrobotics_driver/launch/ps4_controller.launch.py
[13.842s] -- Symlinking: /home/raz/volcani/rover_volkani/install/roverrobotics_driver/share/roverrobotics_driver/launch/ps5_controller.launch.py
[13.847s] -- Symlinking: /home/raz/volcani/rover_volkani/install/roverrobotics_driver/share/roverrobotics_driver/launch/robot_localizer.launch.py
[13.854s] -- Symlinking: /home/raz/volcani/rover_volkani/install/roverrobotics_driver/share/roverrobotics_driver/launch/robot_localizer_outdoor.launch.py
[13.863s] -- Symlinking: /home/raz/volcani/rover_volkani/install/roverrobotics_driver/share/roverrobotics_driver/launch/slam_launch.py
[13.871s] -- Symlinking: /home/raz/volcani/rover_volkani/install/roverrobotics_driver/share/roverrobotics_driver/launch/zero.launch.py
[13.880s] -- Symlinking: /home/raz/volcani/rover_volkani/install/roverrobotics_driver/share/roverrobotics_driver/launch/zero_teleop.launch.py
[13.888s] -- Symlinking: /home/raz/volcani/rover_volkani/install/roverrobotics_driver/share/roverrobotics_driver/config/accessories.yaml
[13.893s] -- Symlinking: /home/raz/volcani/rover_volkani/install/roverrobotics_driver/share/roverrobotics_driver/config/indoor_configs/plants.yaml
[13.900s] -- Symlinking: /home/raz/volcani/rover_volkani/install/roverrobotics_driver/share/roverrobotics_driver/config/localization_ekf.yaml
[13.906s] -- Symlinking: /home/raz/volcani/rover_volkani/install/roverrobotics_driver/share/roverrobotics_driver/config/localization_outdoor_ekf.yaml
[13.915s] -- Symlinking: /home/raz/volcani/rover_volkani/install/roverrobotics_driver/share/roverrobotics_driver/config/max_100_config.yaml
[13.924s] -- Symlinking: /home/raz/volcani/rover_volkani/install/roverrobotics_driver/share/roverrobotics_driver/config/max_130_config.yaml
[13.934s] -- Symlinking: /home/raz/volcani/rover_volkani/install/roverrobotics_driver/share/roverrobotics_driver/config/max_150_config.yaml
[13.944s] -- Symlinking: /home/raz/volcani/rover_volkani/install/roverrobotics_driver/share/roverrobotics_driver/config/max_65_config.yaml
[13.953s] -- Symlinking: /home/raz/volcani/rover_volkani/install/roverrobotics_driver/share/roverrobotics_driver/config/mini_config.yaml
[13.961s] -- Symlinking: /home/raz/volcani/rover_volkani/install/roverrobotics_driver/share/roverrobotics_driver/config/miti_65_config.yaml
[13.971s] -- Symlinking: /home/raz/volcani/rover_volkani/install/roverrobotics_driver/share/roverrobotics_driver/config/miti_config.yaml
[13.981s] -- Symlinking: /home/raz/volcani/rover_volkani/install/roverrobotics_driver/share/roverrobotics_driver/config/nav2_params.yaml
[13.989s] -- Symlinking: /home/raz/volcani/rover_volkani/install/roverrobotics_driver/share/roverrobotics_driver/config/pro_config.yaml
[13.997s] -- Symlinking: /home/raz/volcani/rover_volkani/install/roverrobotics_driver/share/roverrobotics_driver/config/ps4_controller_config.yaml
[14.006s] -- Symlinking: /home/raz/volcani/rover_volkani/install/roverrobotics_driver/share/roverrobotics_driver/config/ps4_controller_config_jp6.yaml
[14.015s] -- Symlinking: /home/raz/volcani/rover_volkani/install/roverrobotics_driver/share/roverrobotics_driver/config/ps5_controller_config.yaml
[14.024s] -- Symlinking: /home/raz/volcani/rover_volkani/install/roverrobotics_driver/share/roverrobotics_driver/config/ps5_controller_config_jp6.yaml
[14.032s] -- Symlinking: /home/raz/volcani/rover_volkani/install/roverrobotics_driver/share/roverrobotics_driver/config/realsense_config.yaml
[14.041s] -- Symlinking: /home/raz/volcani/rover_volkani/install/roverrobotics_driver/share/roverrobotics_driver/config/rviz_configs/custom_slam.rviz
[14.049s] -- Symlinking: /home/raz/volcani/rover_volkani/install/roverrobotics_driver/share/roverrobotics_driver/config/rviz_configs/nav2_default_view.rviz
[14.057s] -- Symlinking: /home/raz/volcani/rover_volkani/install/roverrobotics_driver/share/roverrobotics_driver/config/rviz_configs/realsense_rviz_layout.rviz
[14.065s] -- Symlinking: /home/raz/volcani/rover_volkani/install/roverrobotics_driver/share/roverrobotics_driver/config/rviz_configs/slam_rviz_layout.rviz
[14.073s] -- Symlinking: /home/raz/volcani/rover_volkani/install/roverrobotics_driver/share/roverrobotics_driver/config/slam_configs/mapper_params_lifelong.yaml
[14.083s] -- Symlinking: /home/raz/volcani/rover_volkani/install/roverrobotics_driver/share/roverrobotics_driver/config/slam_configs/mapper_params_localization.yaml
[14.091s] -- Symlinking: /home/raz/volcani/rover_volkani/install/roverrobotics_driver/share/roverrobotics_driver/config/slam_configs/mapper_params_offline.yaml
[14.099s] -- Symlinking: /home/raz/volcani/rover_volkani/install/roverrobotics_driver/share/roverrobotics_driver/config/slam_configs/mapper_params_online_async.yaml
[14.108s] -- Symlinking: /home/raz/volcani/rover_volkani/install/roverrobotics_driver/share/roverrobotics_driver/config/slam_configs/mapper_params_online_sync.yaml
[14.116s] -- Symlinking: /home/raz/volcani/rover_volkani/install/roverrobotics_driver/share/roverrobotics_driver/config/topics.yaml
[14.124s] -- Symlinking: /home/raz/volcani/rover_volkani/install/roverrobotics_driver/share/roverrobotics_driver/config/zero_config.yaml
[14.133s] -- Symlinking: /home/raz/volcani/rover_volkani/install/roverrobotics_driver/share/roverrobotics_driver/maps/indoor_abc_lab2.data
[14.143s] -- Symlinking: /home/raz/volcani/rover_volkani/install/roverrobotics_driver/share/roverrobotics_driver/maps/indoor_abc_lab2.pgm
[14.153s] -- Symlinking: /home/raz/volcani/rover_volkani/install/roverrobotics_driver/share/roverrobotics_driver/maps/indoor_abc_lab2.posegraph
[14.162s] -- Symlinking: /home/raz/volcani/rover_volkani/install/roverrobotics_driver/share/roverrobotics_driver/maps/indoor_abc_lab2.yaml
[14.171s] -- Symlinking: /home/raz/volcani/rover_volkani/install/roverrobotics_driver/share/roverrobotics_driver/maps/indoor_abc_lab3.data
[14.180s] -- Symlinking: /home/raz/volcani/rover_volkani/install/roverrobotics_driver/share/roverrobotics_driver/maps/indoor_abc_lab3.pgm
[14.189s] -- Symlinking: /home/raz/volcani/rover_volkani/install/roverrobotics_driver/share/roverrobotics_driver/maps/indoor_abc_lab3.posegraph
[14.196s] -- Symlinking: /home/raz/volcani/rover_volkani/install/roverrobotics_driver/share/roverrobotics_driver/maps/indoor_abc_lab3.yaml
[14.205s] -- Symlinking: /home/raz/volcani/rover_volkani/install/roverrobotics_driver/share/roverrobotics_driver/maps/maze_map.data
[14.213s] -- Symlinking: /home/raz/volcani/rover_volkani/install/roverrobotics_driver/share/roverrobotics_driver/maps/maze_map.pgm
[14.220s] -- Symlinking: /home/raz/volcani/rover_volkani/install/roverrobotics_driver/share/roverrobotics_driver/maps/maze_map.posegraph
[14.230s] -- Symlinking: /home/raz/volcani/rover_volkani/install/roverrobotics_driver/share/roverrobotics_driver/maps/maze_map.yaml
[14.238s] -- Symlinking: /home/raz/volcani/rover_volkani/install/roverrobotics_driver/share/roverrobotics_driver/maps/my_map.pgm
[14.246s] -- Symlinking: /home/raz/volcani/rover_volkani/install/roverrobotics_driver/share/roverrobotics_driver/maps/my_map.yaml
[14.255s] -- Symlinking: /home/raz/volcani/rover_volkani/install/roverrobotics_driver/lib/roverrobotics_driver/roverrobotics_driver
[14.263s] -- Symlinking: /home/raz/volcani/rover_volkani/install/roverrobotics_driver/share/ament_index/resource_index/package_run_dependencies/roverrobotics_driver
[14.272s] -- Symlinking: /home/raz/volcani/rover_volkani/install/roverrobotics_driver/share/ament_index/resource_index/parent_prefix_path/roverrobotics_driver
[14.282s] -- Symlinking: /home/raz/volcani/rover_volkani/install/roverrobotics_driver/share/roverrobotics_driver/environment/ament_prefix_path.sh
[14.289s] -- Symlinking: /home/raz/volcani/rover_volkani/install/roverrobotics_driver/share/roverrobotics_driver/environment/ament_prefix_path.dsv
[14.295s] -- Symlinking: /home/raz/volcani/rover_volkani/install/roverrobotics_driver/share/roverrobotics_driver/environment/path.sh
[14.303s] -- Symlinking: /home/raz/volcani/rover_volkani/install/roverrobotics_driver/share/roverrobotics_driver/environment/path.dsv
[14.312s] -- Symlinking: /home/raz/volcani/rover_volkani/install/roverrobotics_driver/share/roverrobotics_driver/local_setup.bash
[14.321s] -- Symlinking: /home/raz/volcani/rover_volkani/install/roverrobotics_driver/share/roverrobotics_driver/local_setup.sh
[14.329s] -- Symlinking: /home/raz/volcani/rover_volkani/install/roverrobotics_driver/share/roverrobotics_driver/local_setup.zsh
[14.337s] -- Symlinking: /home/raz/volcani/rover_volkani/install/roverrobotics_driver/share/roverrobotics_driver/local_setup.dsv
[14.347s] -- Symlinking: /home/raz/volcani/rover_volkani/install/roverrobotics_driver/share/roverrobotics_driver/package.dsv
[14.354s] -- Symlinking: /home/raz/volcani/rover_volkani/install/roverrobotics_driver/share/ament_index/resource_index/packages/roverrobotics_driver
[14.362s] -- Symlinking: /home/raz/volcani/rover_volkani/install/roverrobotics_driver/share/roverrobotics_driver/cmake/roverrobotics_driverConfig.cmake
[14.370s] -- Symlinking: /home/raz/volcani/rover_volkani/install/roverrobotics_driver/share/roverrobotics_driver/cmake/roverrobotics_driverConfig-version.cmake
[14.380s] -- Symlinking: /home/raz/volcani/rover_volkani/install/roverrobotics_driver/share/roverrobotics_driver/package.xml
[14.391s] Invoked command in '/home/raz/volcani/rover_volkani/build/roverrobotics_driver' returned '0': CMAKE_PREFIX_PATH=${CMAKE_PREFIX_PATH}:/home/raz/volcani/rover_volkani/install/greenhouse_navigation:/home/raz/volcani/rover_volkani/install/bno055:/opt/ros/humble /usr/bin/cmake --install /home/raz/volcani/rover_volkani/build/roverrobotics_driver
