[0.649s] Invoking command in '/home/rover/rover_workspace/src/greenhouse_navigation': PYTHONPATH=/home/rover/rover_workspace/build/greenhouse_navigation/prefix_override:/usr/lib/python3/dist-packages/colcon_core/task/python/colcon_distutils_commands:/home/rover/rover_workspace/install/greenhouse_navigation/lib/python3.10/site-packages:${PYTHONPATH} /usr/bin/python3 -W ignore:setup.py install is deprecated -W ignore:easy_install command is deprecated setup.py egg_info --egg-base ../../build/greenhouse_navigation build --build-base /home/rover/rover_workspace/build/greenhouse_navigation/build install --record /home/rover/rover_workspace/build/greenhouse_navigation/install.log --single-version-externally-managed install_data
[0.814s] running egg_info
[0.815s] writing ../../build/greenhouse_navigation/greenhouse_navigation.egg-info/PKG-INFO
[0.815s] writing dependency_links to ../../build/greenhouse_navigation/greenhouse_navigation.egg-info/dependency_links.txt
[0.815s] writing entry points to ../../build/greenhouse_navigation/greenhouse_navigation.egg-info/entry_points.txt
[0.815s] writing requirements to ../../build/greenhouse_navigation/greenhouse_navigation.egg-info/requires.txt
[0.815s] writing top-level names to ../../build/greenhouse_navigation/greenhouse_navigation.egg-info/top_level.txt
[0.816s] reading manifest file '../../build/greenhouse_navigation/greenhouse_navigation.egg-info/SOURCES.txt'
[0.816s] writing manifest file '../../build/greenhouse_navigation/greenhouse_navigation.egg-info/SOURCES.txt'
[0.817s] running build
[0.817s] running build_py
[0.817s] copying greenhouse_navigation/greenhouse_navigator.py -> /home/rover/rover_workspace/build/greenhouse_navigation/build/lib/greenhouse_navigation
[0.817s] running install
[0.817s] running install_lib
[0.818s] copying /home/rover/rover_workspace/build/greenhouse_navigation/build/lib/greenhouse_navigation/greenhouse_navigator.py -> /home/rover/rover_workspace/install/greenhouse_navigation/lib/python3.10/site-packages/greenhouse_navigation
[0.819s] byte-compiling /home/rover/rover_workspace/install/greenhouse_navigation/lib/python3.10/site-packages/greenhouse_navigation/greenhouse_navigator.py to greenhouse_navigator.cpython-310.pyc
[0.819s] running install_data
[0.819s] running install_egg_info
[0.820s] removing '/home/rover/rover_workspace/install/greenhouse_navigation/lib/python3.10/site-packages/greenhouse_navigation-0.0.0-py3.10.egg-info' (and everything under it)
[0.821s] Copying ../../build/greenhouse_navigation/greenhouse_navigation.egg-info to /home/rover/rover_workspace/install/greenhouse_navigation/lib/python3.10/site-packages/greenhouse_navigation-0.0.0-py3.10.egg-info
[0.821s] running install_scripts
[0.835s] Installing navigator script to /home/rover/rover_workspace/install/greenhouse_navigation/lib/greenhouse_navigation
[0.835s] writing list of installed files to '/home/rover/rover_workspace/build/greenhouse_navigation/install.log'
[0.855s] Invoked command in '/home/rover/rover_workspace/src/greenhouse_navigation' returned '0': PYTHONPATH=/home/rover/rover_workspace/build/greenhouse_navigation/prefix_override:/usr/lib/python3/dist-packages/colcon_core/task/python/colcon_distutils_commands:/home/rover/rover_workspace/install/greenhouse_navigation/lib/python3.10/site-packages:${PYTHONPATH} /usr/bin/python3 -W ignore:setup.py install is deprecated -W ignore:easy_install command is deprecated setup.py egg_info --egg-base ../../build/greenhouse_navigation build --build-base /home/rover/rover_workspace/build/greenhouse_navigation/build install --record /home/rover/rover_workspace/build/greenhouse_navigation/install.log --single-version-externally-managed install_data
