[0.385s] Invoking command in '/home/rover/rover_workspace/build/rplidar_ros': CMAKE_PREFIX_PATH=${CMAKE_PREFIX_PATH}:/home/rover/rover_workspace/install/greenhouse_navigation:/home/rover/rover_workspace/install/bno055:/home/rover/NUC-1/install/variable_autonomy:/home/rover/NUC-1/install/bno055:/opt/ros/humble /usr/bin/cmake --build /home/rover/rover_workspace/build/rplidar_ros -- -j8 -l8
[0.482s] [ 10%] Built target rplidar_client
[0.482s] [ 60%] Built target rplidar_composition
[0.484s] [100%] Built target rplidar_node
[0.497s] Invoked command in '/home/rover/rover_workspace/build/rplidar_ros' returned '0': CMAKE_PREFIX_PATH=${CMAKE_PREFIX_PATH}:/home/rover/rover_workspace/install/greenhouse_navigation:/home/rover/rover_workspace/install/bno055:/home/rover/NUC-1/install/variable_autonomy:/home/rover/NUC-1/install/bno055:/opt/ros/humble /usr/bin/cmake --build /home/rover/rover_workspace/build/rplidar_ros -- -j8 -l8
[0.499s] Invoking command in '/home/rover/rover_workspace/build/rplidar_ros': CMAKE_PREFIX_PATH=${CMAKE_PREFIX_PATH}:/home/rover/rover_workspace/install/greenhouse_navigation:/home/rover/rover_workspace/install/bno055:/home/rover/NUC-1/install/variable_autonomy:/home/rover/NUC-1/install/bno055:/opt/ros/humble /usr/bin/cmake --install /home/rover/rover_workspace/build/rplidar_ros
[0.506s] -- Install configuration: ""
[0.507s] -- Execute custom install script
[0.508s] -- Up-to-date symlink: /home/rover/rover_workspace/install/rplidar_ros/share/rplidar_ros/launch/rplidar_a1_launch.py
[0.508s] -- Up-to-date symlink: /home/rover/rover_workspace/install/rplidar_ros/share/rplidar_ros/launch/rplidar_a2m12_launch.py
[0.508s] -- Up-to-date symlink: /home/rover/rover_workspace/install/rplidar_ros/share/rplidar_ros/launch/rplidar_a2m7_launch.py
[0.509s] -- Up-to-date symlink: /home/rover/rover_workspace/install/rplidar_ros/share/rplidar_ros/launch/rplidar_a2m8_launch.py
[0.509s] -- Up-to-date symlink: /home/rover/rover_workspace/install/rplidar_ros/share/rplidar_ros/launch/rplidar_a3_launch.py
[0.509s] -- Up-to-date symlink: /home/rover/rover_workspace/install/rplidar_ros/share/rplidar_ros/launch/rplidar_c1_launch.py
[0.509s] -- Up-to-date symlink: /home/rover/rover_workspace/install/rplidar_ros/share/rplidar_ros/launch/rplidar_s1_launch.py
[0.510s] -- Up-to-date symlink: /home/rover/rover_workspace/install/rplidar_ros/share/rplidar_ros/launch/rplidar_s1_tcp_launch.py
[0.510s] -- Up-to-date symlink: /home/rover/rover_workspace/install/rplidar_ros/share/rplidar_ros/launch/rplidar_s2_launch.py
[0.510s] -- Up-to-date symlink: /home/rover/rover_workspace/install/rplidar_ros/share/rplidar_ros/launch/rplidar_s2e_launch.py
[0.510s] -- Up-to-date symlink: /home/rover/rover_workspace/install/rplidar_ros/share/rplidar_ros/launch/rplidar_s3_launch.py
[0.511s] -- Up-to-date symlink: /home/rover/rover_workspace/install/rplidar_ros/share/rplidar_ros/launch/rplidar_t1_launch.py
[0.511s] -- Up-to-date symlink: /home/rover/rover_workspace/install/rplidar_ros/share/rplidar_ros/launch/view_rplidar_a1_launch.py
[0.511s] -- Up-to-date symlink: /home/rover/rover_workspace/install/rplidar_ros/share/rplidar_ros/launch/view_rplidar_a2m12_launch.py
[0.511s] -- Up-to-date symlink: /home/rover/rover_workspace/install/rplidar_ros/share/rplidar_ros/launch/view_rplidar_a2m7_launch.py
[0.511s] -- Up-to-date symlink: /home/rover/rover_workspace/install/rplidar_ros/share/rplidar_ros/launch/view_rplidar_a2m8_launch.py
[0.512s] -- Up-to-date symlink: /home/rover/rover_workspace/install/rplidar_ros/share/rplidar_ros/launch/view_rplidar_a3_launch.py
[0.512s] -- Up-to-date symlink: /home/rover/rover_workspace/install/rplidar_ros/share/rplidar_ros/launch/view_rplidar_c1_launch.py
[0.512s] -- Up-to-date symlink: /home/rover/rover_workspace/install/rplidar_ros/share/rplidar_ros/launch/view_rplidar_s1_launch.py
[0.512s] -- Up-to-date symlink: /home/rover/rover_workspace/install/rplidar_ros/share/rplidar_ros/launch/view_rplidar_s1_tcp_launch.py
[0.513s] -- Up-to-date symlink: /home/rover/rover_workspace/install/rplidar_ros/share/rplidar_ros/launch/view_rplidar_s2_launch.py
[0.513s] -- Up-to-date symlink: /home/rover/rover_workspace/install/rplidar_ros/share/rplidar_ros/launch/view_rplidar_s2e_launch.py
[0.513s] -- Up-to-date symlink: /home/rover/rover_workspace/install/rplidar_ros/share/rplidar_ros/launch/view_rplidar_s3_launch.py
[0.514s] -- Up-to-date symlink: /home/rover/rover_workspace/install/rplidar_ros/share/rplidar_ros/launch/view_rplidar_t1_launch.py
[0.514s] -- Up-to-date symlink: /home/rover/rover_workspace/install/rplidar_ros/share/rplidar_ros/rviz/rplidar_ros.rviz
[0.515s] -- Up-to-date symlink: /home/rover/rover_workspace/install/rplidar_ros/lib/rplidar_ros/rplidar_node
[0.515s] -- Up-to-date symlink: /home/rover/rover_workspace/install/rplidar_ros/lib/rplidar_ros/rplidar_composition
[0.515s] -- Up-to-date symlink: /home/rover/rover_workspace/install/rplidar_ros/lib/rplidar_ros/rplidar_client
[0.516s] -- Up-to-date symlink: /home/rover/rover_workspace/install/rplidar_ros/share/ament_index/resource_index/package_run_dependencies/rplidar_ros
[0.516s] -- Up-to-date symlink: /home/rover/rover_workspace/install/rplidar_ros/share/ament_index/resource_index/parent_prefix_path/rplidar_ros
[0.517s] -- Up-to-date symlink: /home/rover/rover_workspace/install/rplidar_ros/share/rplidar_ros/environment/ament_prefix_path.sh
[0.517s] -- Up-to-date symlink: /home/rover/rover_workspace/install/rplidar_ros/share/rplidar_ros/environment/ament_prefix_path.dsv
[0.517s] -- Up-to-date symlink: /home/rover/rover_workspace/install/rplidar_ros/share/rplidar_ros/environment/path.sh
[0.518s] -- Up-to-date symlink: /home/rover/rover_workspace/install/rplidar_ros/share/rplidar_ros/environment/path.dsv
[0.518s] -- Up-to-date symlink: /home/rover/rover_workspace/install/rplidar_ros/share/rplidar_ros/local_setup.bash
[0.519s] -- Up-to-date symlink: /home/rover/rover_workspace/install/rplidar_ros/share/rplidar_ros/local_setup.sh
[0.520s] -- Up-to-date symlink: /home/rover/rover_workspace/install/rplidar_ros/share/rplidar_ros/local_setup.zsh
[0.520s] -- Up-to-date symlink: /home/rover/rover_workspace/install/rplidar_ros/share/rplidar_ros/local_setup.dsv
[0.520s] -- Symlinking: /home/rover/rover_workspace/install/rplidar_ros/share/rplidar_ros/package.dsv
[0.528s] -- Up-to-date symlink: /home/rover/rover_workspace/install/rplidar_ros/share/ament_index/resource_index/packages/rplidar_ros
[0.528s] -- Up-to-date symlink: /home/rover/rover_workspace/install/rplidar_ros/share/rplidar_ros/cmake/ament_cmake_export_dependencies-extras.cmake
[0.528s] -- Up-to-date symlink: /home/rover/rover_workspace/install/rplidar_ros/share/rplidar_ros/cmake/ament_cmake_export_include_directories-extras.cmake
[0.529s] -- Up-to-date symlink: /home/rover/rover_workspace/install/rplidar_ros/share/rplidar_ros/cmake/rplidar_rosConfig.cmake
[0.532s] -- Up-to-date symlink: /home/rover/rover_workspace/install/rplidar_ros/share/rplidar_ros/cmake/rplidar_rosConfig-version.cmake
[0.532s] -- Up-to-date symlink: /home/rover/rover_workspace/install/rplidar_ros/share/rplidar_ros/package.xml
[0.534s] Invoked command in '/home/rover/rover_workspace/build/rplidar_ros' returned '0': CMAKE_PREFIX_PATH=${CMAKE_PREFIX_PATH}:/home/rover/rover_workspace/install/greenhouse_navigation:/home/rover/rover_workspace/install/bno055:/home/rover/NUC-1/install/variable_autonomy:/home/rover/NUC-1/install/bno055:/opt/ros/humble /usr/bin/cmake --install /home/rover/rover_workspace/build/rplidar_ros
