[0.676s] Invoking command in '/home/rover/rover_workspace/src/greenhouse_navigation': PYTHONPATH=/home/rover/rover_workspace/build/greenhouse_navigation/prefix_override:/usr/lib/python3/dist-packages/colcon_core/task/python/colcon_distutils_commands:/home/rover/rover_workspace/install/greenhouse_navigation/lib/python3.10/site-packages:${PYTHONPATH} /usr/bin/python3 -W ignore:setup.py install is deprecated -W ignore:easy_install command is deprecated setup.py egg_info --egg-base ../../build/greenhouse_navigation build --build-base /home/rover/rover_workspace/build/greenhouse_navigation/build install --record /home/rover/rover_workspace/build/greenhouse_navigation/install.log --single-version-externally-managed install_data
[0.845s] running egg_info
[0.845s] creating ../../build/greenhouse_navigation/greenhouse_navigation.egg-info
[0.845s] writing ../../build/greenhouse_navigation/greenhouse_navigation.egg-info/PKG-INFO
[0.849s] writing dependency_links to ../../build/greenhouse_navigation/greenhouse_navigation.egg-info/dependency_links.txt
[0.849s] writing entry points to ../../build/greenhouse_navigation/greenhouse_navigation.egg-info/entry_points.txt
[0.849s] writing requirements to ../../build/greenhouse_navigation/greenhouse_navigation.egg-info/requires.txt
[0.849s] writing top-level names to ../../build/greenhouse_navigation/greenhouse_navigation.egg-info/top_level.txt
[0.849s] writing manifest file '../../build/greenhouse_navigation/greenhouse_navigation.egg-info/SOURCES.txt'
[0.849s] reading manifest file '../../build/greenhouse_navigation/greenhouse_navigation.egg-info/SOURCES.txt'
[0.850s] writing manifest file '../../build/greenhouse_navigation/greenhouse_navigation.egg-info/SOURCES.txt'
[0.850s] running build
[0.850s] running build_py
[0.850s] creating /home/rover/rover_workspace/build/greenhouse_navigation/build
[0.850s] creating /home/rover/rover_workspace/build/greenhouse_navigation/build/lib
[0.850s] creating /home/rover/rover_workspace/build/greenhouse_navigation/build/lib/greenhouse_navigation
[0.850s] copying greenhouse_navigation/__init__.py -> /home/rover/rover_workspace/build/greenhouse_navigation/build/lib/greenhouse_navigation
[0.851s] running install
[0.851s] running install_lib
[0.852s] creating /home/rover/rover_workspace/install/greenhouse_navigation/lib/python3.10/site-packages/greenhouse_navigation
[0.852s] copying /home/rover/rover_workspace/build/greenhouse_navigation/build/lib/greenhouse_navigation/__init__.py -> /home/rover/rover_workspace/install/greenhouse_navigation/lib/python3.10/site-packages/greenhouse_navigation
[0.853s] byte-compiling /home/rover/rover_workspace/install/greenhouse_navigation/lib/python3.10/site-packages/greenhouse_navigation/__init__.py to __init__.cpython-310.pyc
[0.853s] running install_data
[0.853s] creating /home/rover/rover_workspace/install/greenhouse_navigation/share/ament_index
[0.853s] creating /home/rover/rover_workspace/install/greenhouse_navigation/share/ament_index/resource_index
[0.853s] creating /home/rover/rover_workspace/install/greenhouse_navigation/share/ament_index/resource_index/packages
[0.853s] copying resource/greenhouse_navigation -> /home/rover/rover_workspace/install/greenhouse_navigation/share/ament_index/resource_index/packages
[0.853s] copying package.xml -> /home/rover/rover_workspace/install/greenhouse_navigation/share/greenhouse_navigation
[0.853s] running install_egg_info
[0.854s] Copying ../../build/greenhouse_navigation/greenhouse_navigation.egg-info to /home/rover/rover_workspace/install/greenhouse_navigation/lib/python3.10/site-packages/greenhouse_navigation-0.0.0-py3.10.egg-info
[0.855s] running install_scripts
[0.871s] writing list of installed files to '/home/rover/rover_workspace/build/greenhouse_navigation/install.log'
[0.894s] Invoked command in '/home/rover/rover_workspace/src/greenhouse_navigation' returned '0': PYTHONPATH=/home/rover/rover_workspace/build/greenhouse_navigation/prefix_override:/usr/lib/python3/dist-packages/colcon_core/task/python/colcon_distutils_commands:/home/rover/rover_workspace/install/greenhouse_navigation/lib/python3.10/site-packages:${PYTHONPATH} /usr/bin/python3 -W ignore:setup.py install is deprecated -W ignore:easy_install command is deprecated setup.py egg_info --egg-base ../../build/greenhouse_navigation build --build-base /home/rover/rover_workspace/build/greenhouse_navigation/build install --record /home/rover/rover_workspace/build/greenhouse_navigation/install.log --single-version-externally-managed install_data
