[0.523s] Invoking command in '/home/rover/rover_workspace/build/bno055': PYTHONPATH=/home/rover/rover_workspace/build/bno055/prefix_override:/usr/lib/python3/dist-packages/colcon_core/task/python/colcon_distutils_commands:/home/rover/rover_workspace/install/bno055/lib/python3.10/site-packages:${PYTHONPATH} /usr/bin/python3 -W ignore:setup.py install is deprecated -W ignore:easy_install command is deprecated setup.py develop --uninstall --editable --build-directory /home/rover/rover_workspace/build/bno055/build
[0.702s] running develop
[0.811s] Removing /home/rover/rover_workspace/install/bno055/lib/python3.10/site-packages/bno055.egg-link (link to .)
[0.829s] Invoked command in '/home/rover/rover_workspace/build/bno055' returned '0': PYTHONPATH=/home/rover/rover_workspace/build/bno055/prefix_override:/usr/lib/python3/dist-packages/colcon_core/task/python/colcon_distutils_commands:/home/rover/rover_workspace/install/bno055/lib/python3.10/site-packages:${PYTHONPATH} /usr/bin/python3 -W ignore:setup.py install is deprecated -W ignore:easy_install command is deprecated setup.py develop --uninstall --editable --build-directory /home/rover/rover_workspace/build/bno055/build
[0.830s] Invoking command in '/home/rover/rover_workspace/src/bno055': PYTHONPATH=/home/rover/rover_workspace/build/bno055/prefix_override:/usr/lib/python3/dist-packages/colcon_core/task/python/colcon_distutils_commands:/home/rover/rover_workspace/install/bno055/lib/python3.10/site-packages:${PYTHONPATH} /usr/bin/python3 -W ignore:setup.py install is deprecated -W ignore:easy_install command is deprecated setup.py egg_info --egg-base ../../build/bno055 build --build-base /home/rover/rover_workspace/build/bno055/build install --record /home/rover/rover_workspace/build/bno055/install.log --single-version-externally-managed install_data --force
[0.969s] running egg_info
[0.969s] writing ../../build/bno055/bno055.egg-info/PKG-INFO
[0.969s] writing dependency_links to ../../build/bno055/bno055.egg-info/dependency_links.txt
[0.970s] writing entry points to ../../build/bno055/bno055.egg-info/entry_points.txt
[0.970s] writing requirements to ../../build/bno055/bno055.egg-info/requires.txt
[0.970s] writing top-level names to ../../build/bno055/bno055.egg-info/top_level.txt
[0.971s] reading manifest file '../../build/bno055/bno055.egg-info/SOURCES.txt'
[0.971s] adding license file 'LICENSE'
[0.971s] adding license file 'AUTHORS'
[0.972s] writing manifest file '../../build/bno055/bno055.egg-info/SOURCES.txt'
[0.972s] running build
[0.972s] running build_py
[0.974s] running install
[0.974s] running install_lib
[0.974s] creating /home/rover/rover_workspace/install/bno055/lib/python3.10/site-packages/bno055
[0.974s] copying /home/rover/rover_workspace/build/bno055/build/lib/bno055/__init__.py -> /home/rover/rover_workspace/install/bno055/lib/python3.10/site-packages/bno055
[0.975s] creating /home/rover/rover_workspace/install/bno055/lib/python3.10/site-packages/bno055/params
[0.975s] copying /home/rover/rover_workspace/build/bno055/build/lib/bno055/params/__init__.py -> /home/rover/rover_workspace/install/bno055/lib/python3.10/site-packages/bno055/params
[0.976s] copying /home/rover/rover_workspace/build/bno055/build/lib/bno055/params/NodeParameters.py -> /home/rover/rover_workspace/install/bno055/lib/python3.10/site-packages/bno055/params
[0.976s] creating /home/rover/rover_workspace/install/bno055/lib/python3.10/site-packages/bno055/sensor
[0.976s] copying /home/rover/rover_workspace/build/bno055/build/lib/bno055/sensor/__init__.py -> /home/rover/rover_workspace/install/bno055/lib/python3.10/site-packages/bno055/sensor
[0.976s] copying /home/rover/rover_workspace/build/bno055/build/lib/bno055/sensor/SensorService.py -> /home/rover/rover_workspace/install/bno055/lib/python3.10/site-packages/bno055/sensor
[0.977s] copying /home/rover/rover_workspace/build/bno055/build/lib/bno055/registers.py -> /home/rover/rover_workspace/install/bno055/lib/python3.10/site-packages/bno055
[0.977s] creating /home/rover/rover_workspace/install/bno055/lib/python3.10/site-packages/bno055/error_handling
[0.977s] copying /home/rover/rover_workspace/build/bno055/build/lib/bno055/error_handling/__init__.py -> /home/rover/rover_workspace/install/bno055/lib/python3.10/site-packages/bno055/error_handling
[0.977s] copying /home/rover/rover_workspace/build/bno055/build/lib/bno055/error_handling/exceptions.py -> /home/rover/rover_workspace/install/bno055/lib/python3.10/site-packages/bno055/error_handling
[0.977s] copying /home/rover/rover_workspace/build/bno055/build/lib/bno055/bno055.py -> /home/rover/rover_workspace/install/bno055/lib/python3.10/site-packages/bno055
[0.978s] creating /home/rover/rover_workspace/install/bno055/lib/python3.10/site-packages/bno055/connectors
[0.978s] copying /home/rover/rover_workspace/build/bno055/build/lib/bno055/connectors/__init__.py -> /home/rover/rover_workspace/install/bno055/lib/python3.10/site-packages/bno055/connectors
[0.978s] copying /home/rover/rover_workspace/build/bno055/build/lib/bno055/connectors/i2c.py -> /home/rover/rover_workspace/install/bno055/lib/python3.10/site-packages/bno055/connectors
[0.978s] copying /home/rover/rover_workspace/build/bno055/build/lib/bno055/connectors/uart.py -> /home/rover/rover_workspace/install/bno055/lib/python3.10/site-packages/bno055/connectors
[0.978s] copying /home/rover/rover_workspace/build/bno055/build/lib/bno055/connectors/Connector.py -> /home/rover/rover_workspace/install/bno055/lib/python3.10/site-packages/bno055/connectors
[0.979s] byte-compiling /home/rover/rover_workspace/install/bno055/lib/python3.10/site-packages/bno055/__init__.py to __init__.cpython-310.pyc
[0.979s] byte-compiling /home/rover/rover_workspace/install/bno055/lib/python3.10/site-packages/bno055/params/__init__.py to __init__.cpython-310.pyc
[0.979s] byte-compiling /home/rover/rover_workspace/install/bno055/lib/python3.10/site-packages/bno055/params/NodeParameters.py to NodeParameters.cpython-310.pyc
[0.980s] byte-compiling /home/rover/rover_workspace/install/bno055/lib/python3.10/site-packages/bno055/sensor/__init__.py to __init__.cpython-310.pyc
[0.980s] byte-compiling /home/rover/rover_workspace/install/bno055/lib/python3.10/site-packages/bno055/sensor/SensorService.py to SensorService.cpython-310.pyc
[0.982s] byte-compiling /home/rover/rover_workspace/install/bno055/lib/python3.10/site-packages/bno055/registers.py to registers.cpython-310.pyc
[0.982s] byte-compiling /home/rover/rover_workspace/install/bno055/lib/python3.10/site-packages/bno055/error_handling/__init__.py to __init__.cpython-310.pyc
[0.982s] byte-compiling /home/rover/rover_workspace/install/bno055/lib/python3.10/site-packages/bno055/error_handling/exceptions.py to exceptions.cpython-310.pyc
[0.983s] byte-compiling /home/rover/rover_workspace/install/bno055/lib/python3.10/site-packages/bno055/bno055.py to bno055.cpython-310.pyc
[0.983s] byte-compiling /home/rover/rover_workspace/install/bno055/lib/python3.10/site-packages/bno055/connectors/__init__.py to __init__.cpython-310.pyc
[0.983s] byte-compiling /home/rover/rover_workspace/install/bno055/lib/python3.10/site-packages/bno055/connectors/i2c.py to i2c.cpython-310.pyc
[0.983s] byte-compiling /home/rover/rover_workspace/install/bno055/lib/python3.10/site-packages/bno055/connectors/uart.py to uart.cpython-310.pyc
[0.984s] byte-compiling /home/rover/rover_workspace/install/bno055/lib/python3.10/site-packages/bno055/connectors/Connector.py to Connector.cpython-310.pyc
[0.984s] running install_data
[0.984s] copying resource/bno055 -> /home/rover/rover_workspace/install/bno055/share/ament_index/resource_index/packages
[0.984s] copying package.xml -> /home/rover/rover_workspace/install/bno055/share/bno055
[0.984s] copying launch/bno055.launch.py -> /home/rover/rover_workspace/install/bno055/share/bno055/launch
[0.985s] copying bno055/params/bno055_params_i2c.yaml -> /home/rover/rover_workspace/install/bno055/share/bno055/config
[0.986s] copying bno055/params/bno055_params.yaml -> /home/rover/rover_workspace/install/bno055/share/bno055/config
[0.986s] copying bno055/params/bno055_params_test.yaml -> /home/rover/rover_workspace/install/bno055/share/bno055/config
[0.987s] running install_egg_info
[0.988s] Copying ../../build/bno055/bno055.egg-info to /home/rover/rover_workspace/install/bno055/lib/python3.10/site-packages/bno055-0.5.0-py3.10.egg-info
[0.989s] running install_scripts
[1.002s] Installing bno055 script to /home/rover/rover_workspace/install/bno055/lib/bno055
[1.002s] writing list of installed files to '/home/rover/rover_workspace/build/bno055/install.log'
[1.018s] Invoked command in '/home/rover/rover_workspace/src/bno055' returned '0': PYTHONPATH=/home/rover/rover_workspace/build/bno055/prefix_override:/usr/lib/python3/dist-packages/colcon_core/task/python/colcon_distutils_commands:/home/rover/rover_workspace/install/bno055/lib/python3.10/site-packages:${PYTHONPATH} /usr/bin/python3 -W ignore:setup.py install is deprecated -W ignore:easy_install command is deprecated setup.py egg_info --egg-base ../../build/bno055 build --build-base /home/rover/rover_workspace/build/bno055/build install --record /home/rover/rover_workspace/build/bno055/install.log --single-version-externally-managed install_data --force
