[0.500s] Invoking command in '/home/rover/rover_workspace/src/bno055': PYTHONPATH=/home/rover/rover_workspace/build/bno055/prefix_override:/usr/lib/python3/dist-packages/colcon_core/task/python/colcon_distutils_commands:/home/rover/rover_workspace/install/bno055/lib/python3.10/site-packages:${PYTHONPATH} /usr/bin/python3 -W ignore:setup.py install is deprecated -W ignore:easy_install command is deprecated setup.py egg_info --egg-base ../../build/bno055 build --build-base /home/rover/rover_workspace/build/bno055/build install --record /home/rover/rover_workspace/build/bno055/install.log --single-version-externally-managed install_data
[0.689s] running egg_info
[0.690s] creating ../../build/bno055/bno055.egg-info
[0.690s] writing ../../build/bno055/bno055.egg-info/PKG-INFO
[0.690s] writing dependency_links to ../../build/bno055/bno055.egg-info/dependency_links.txt
[0.690s] writing entry points to ../../build/bno055/bno055.egg-info/entry_points.txt
[0.690s] writing requirements to ../../build/bno055/bno055.egg-info/requires.txt
[0.690s] writing top-level names to ../../build/bno055/bno055.egg-info/top_level.txt
[0.690s] writing manifest file '../../build/bno055/bno055.egg-info/SOURCES.txt'
[0.691s] reading manifest file '../../build/bno055/bno055.egg-info/SOURCES.txt'
[0.692s] adding license file 'LICENSE'
[0.692s] adding license file 'AUTHORS'
[0.692s] writing manifest file '../../build/bno055/bno055.egg-info/SOURCES.txt'
[0.692s] running build
[0.692s] running build_py
[0.692s] creating /home/rover/rover_workspace/build/bno055/build
[0.692s] creating /home/rover/rover_workspace/build/bno055/build/lib
[0.692s] creating /home/rover/rover_workspace/build/bno055/build/lib/bno055
[0.692s] copying bno055/__init__.py -> /home/rover/rover_workspace/build/bno055/build/lib/bno055
[0.693s] copying bno055/bno055.py -> /home/rover/rover_workspace/build/bno055/build/lib/bno055
[0.693s] copying bno055/registers.py -> /home/rover/rover_workspace/build/bno055/build/lib/bno055
[0.693s] creating /home/rover/rover_workspace/build/bno055/build/lib/bno055/params
[0.693s] copying bno055/params/__init__.py -> /home/rover/rover_workspace/build/bno055/build/lib/bno055/params
[0.693s] copying bno055/params/NodeParameters.py -> /home/rover/rover_workspace/build/bno055/build/lib/bno055/params
[0.693s] creating /home/rover/rover_workspace/build/bno055/build/lib/bno055/sensor
[0.693s] copying bno055/sensor/__init__.py -> /home/rover/rover_workspace/build/bno055/build/lib/bno055/sensor
[0.693s] copying bno055/sensor/SensorService.py -> /home/rover/rover_workspace/build/bno055/build/lib/bno055/sensor
[0.693s] creating /home/rover/rover_workspace/build/bno055/build/lib/bno055/error_handling
[0.693s] copying bno055/error_handling/__init__.py -> /home/rover/rover_workspace/build/bno055/build/lib/bno055/error_handling
[0.693s] copying bno055/error_handling/exceptions.py -> /home/rover/rover_workspace/build/bno055/build/lib/bno055/error_handling
[0.693s] creating /home/rover/rover_workspace/build/bno055/build/lib/bno055/connectors
[0.694s] copying bno055/connectors/__init__.py -> /home/rover/rover_workspace/build/bno055/build/lib/bno055/connectors
[0.694s] copying bno055/connectors/i2c.py -> /home/rover/rover_workspace/build/bno055/build/lib/bno055/connectors
[0.694s] copying bno055/connectors/uart.py -> /home/rover/rover_workspace/build/bno055/build/lib/bno055/connectors
[0.694s] copying bno055/connectors/Connector.py -> /home/rover/rover_workspace/build/bno055/build/lib/bno055/connectors
[0.694s] running install
[0.694s] running install_lib
[0.695s] creating /home/rover/rover_workspace/install/bno055/lib/python3.10/site-packages/bno055
[0.695s] copying /home/rover/rover_workspace/build/bno055/build/lib/bno055/__init__.py -> /home/rover/rover_workspace/install/bno055/lib/python3.10/site-packages/bno055
[0.695s] creating /home/rover/rover_workspace/install/bno055/lib/python3.10/site-packages/bno055/params
[0.695s] copying /home/rover/rover_workspace/build/bno055/build/lib/bno055/params/__init__.py -> /home/rover/rover_workspace/install/bno055/lib/python3.10/site-packages/bno055/params
[0.695s] copying /home/rover/rover_workspace/build/bno055/build/lib/bno055/params/NodeParameters.py -> /home/rover/rover_workspace/install/bno055/lib/python3.10/site-packages/bno055/params
[0.695s] creating /home/rover/rover_workspace/install/bno055/lib/python3.10/site-packages/bno055/sensor
[0.695s] copying /home/rover/rover_workspace/build/bno055/build/lib/bno055/sensor/__init__.py -> /home/rover/rover_workspace/install/bno055/lib/python3.10/site-packages/bno055/sensor
[0.695s] copying /home/rover/rover_workspace/build/bno055/build/lib/bno055/sensor/SensorService.py -> /home/rover/rover_workspace/install/bno055/lib/python3.10/site-packages/bno055/sensor
[0.695s] copying /home/rover/rover_workspace/build/bno055/build/lib/bno055/registers.py -> /home/rover/rover_workspace/install/bno055/lib/python3.10/site-packages/bno055
[0.695s] creating /home/rover/rover_workspace/install/bno055/lib/python3.10/site-packages/bno055/error_handling
[0.695s] copying /home/rover/rover_workspace/build/bno055/build/lib/bno055/error_handling/__init__.py -> /home/rover/rover_workspace/install/bno055/lib/python3.10/site-packages/bno055/error_handling
[0.695s] copying /home/rover/rover_workspace/build/bno055/build/lib/bno055/error_handling/exceptions.py -> /home/rover/rover_workspace/install/bno055/lib/python3.10/site-packages/bno055/error_handling
[0.696s] copying /home/rover/rover_workspace/build/bno055/build/lib/bno055/bno055.py -> /home/rover/rover_workspace/install/bno055/lib/python3.10/site-packages/bno055
[0.696s] creating /home/rover/rover_workspace/install/bno055/lib/python3.10/site-packages/bno055/connectors
[0.696s] copying /home/rover/rover_workspace/build/bno055/build/lib/bno055/connectors/__init__.py -> /home/rover/rover_workspace/install/bno055/lib/python3.10/site-packages/bno055/connectors
[0.696s] copying /home/rover/rover_workspace/build/bno055/build/lib/bno055/connectors/i2c.py -> /home/rover/rover_workspace/install/bno055/lib/python3.10/site-packages/bno055/connectors
[0.696s] copying /home/rover/rover_workspace/build/bno055/build/lib/bno055/connectors/uart.py -> /home/rover/rover_workspace/install/bno055/lib/python3.10/site-packages/bno055/connectors
[0.696s] copying /home/rover/rover_workspace/build/bno055/build/lib/bno055/connectors/Connector.py -> /home/rover/rover_workspace/install/bno055/lib/python3.10/site-packages/bno055/connectors
[0.697s] byte-compiling /home/rover/rover_workspace/install/bno055/lib/python3.10/site-packages/bno055/__init__.py to __init__.cpython-310.pyc
[0.697s] byte-compiling /home/rover/rover_workspace/install/bno055/lib/python3.10/site-packages/bno055/params/__init__.py to __init__.cpython-310.pyc
[0.698s] byte-compiling /home/rover/rover_workspace/install/bno055/lib/python3.10/site-packages/bno055/params/NodeParameters.py to NodeParameters.cpython-310.pyc
[0.698s] byte-compiling /home/rover/rover_workspace/install/bno055/lib/python3.10/site-packages/bno055/sensor/__init__.py to __init__.cpython-310.pyc
[0.699s] byte-compiling /home/rover/rover_workspace/install/bno055/lib/python3.10/site-packages/bno055/sensor/SensorService.py to SensorService.cpython-310.pyc
[0.701s] byte-compiling /home/rover/rover_workspace/install/bno055/lib/python3.10/site-packages/bno055/registers.py to registers.cpython-310.pyc
[0.701s] byte-compiling /home/rover/rover_workspace/install/bno055/lib/python3.10/site-packages/bno055/error_handling/__init__.py to __init__.cpython-310.pyc
[0.701s] byte-compiling /home/rover/rover_workspace/install/bno055/lib/python3.10/site-packages/bno055/error_handling/exceptions.py to exceptions.cpython-310.pyc
[0.701s] byte-compiling /home/rover/rover_workspace/install/bno055/lib/python3.10/site-packages/bno055/bno055.py to bno055.cpython-310.pyc
[0.702s] byte-compiling /home/rover/rover_workspace/install/bno055/lib/python3.10/site-packages/bno055/connectors/__init__.py to __init__.cpython-310.pyc
[0.702s] byte-compiling /home/rover/rover_workspace/install/bno055/lib/python3.10/site-packages/bno055/connectors/i2c.py to i2c.cpython-310.pyc
[0.703s] byte-compiling /home/rover/rover_workspace/install/bno055/lib/python3.10/site-packages/bno055/connectors/uart.py to uart.cpython-310.pyc
[0.703s] byte-compiling /home/rover/rover_workspace/install/bno055/lib/python3.10/site-packages/bno055/connectors/Connector.py to Connector.cpython-310.pyc
[0.703s] running install_data
[0.703s] creating /home/rover/rover_workspace/install/bno055/share/ament_index
[0.703s] creating /home/rover/rover_workspace/install/bno055/share/ament_index/resource_index
[0.703s] creating /home/rover/rover_workspace/install/bno055/share/ament_index/resource_index/packages
[0.703s] copying resource/bno055 -> /home/rover/rover_workspace/install/bno055/share/ament_index/resource_index/packages
[0.703s] copying package.xml -> /home/rover/rover_workspace/install/bno055/share/bno055
[0.704s] creating /home/rover/rover_workspace/install/bno055/share/bno055/launch
[0.704s] copying launch/bno055.launch.py -> /home/rover/rover_workspace/install/bno055/share/bno055/launch
[0.704s] creating /home/rover/rover_workspace/install/bno055/share/bno055/config
[0.704s] copying bno055/params/bno055_params_i2c.yaml -> /home/rover/rover_workspace/install/bno055/share/bno055/config
[0.704s] copying bno055/params/bno055_params.yaml -> /home/rover/rover_workspace/install/bno055/share/bno055/config
[0.704s] copying bno055/params/bno055_params_test.yaml -> /home/rover/rover_workspace/install/bno055/share/bno055/config
[0.704s] running install_egg_info
[0.705s] Copying ../../build/bno055/bno055.egg-info to /home/rover/rover_workspace/install/bno055/lib/python3.10/site-packages/bno055-0.5.0-py3.10.egg-info
[0.706s] running install_scripts
[0.727s] Installing bno055 script to /home/rover/rover_workspace/install/bno055/lib/bno055
[0.728s] writing list of installed files to '/home/rover/rover_workspace/build/bno055/install.log'
[0.752s] Invoked command in '/home/rover/rover_workspace/src/bno055' returned '0': PYTHONPATH=/home/rover/rover_workspace/build/bno055/prefix_override:/usr/lib/python3/dist-packages/colcon_core/task/python/colcon_distutils_commands:/home/rover/rover_workspace/install/bno055/lib/python3.10/site-packages:${PYTHONPATH} /usr/bin/python3 -W ignore:setup.py install is deprecated -W ignore:easy_install command is deprecated setup.py egg_info --egg-base ../../build/bno055 build --build-base /home/rover/rover_workspace/build/bno055/build install --record /home/rover/rover_workspace/build/bno055/install.log --single-version-externally-managed install_data
