[0.181s] Invoking command in '/home/raz/volcani/rover_volkani/build/roverrobotics_input_manager': CMAKE_PREFIX_PATH=${CMAKE_PREFIX_PATH}:/home/raz/volcani/rover_volkani/install/greenhouse_navigation:/opt/ros/humble /usr/bin/cmake /home/raz/volcani/rover_volkani/src/roverrobotics_input_manager -DAMENT_CMAKE_SYMLINK_INSTALL=1 -DCMAKE_INSTALL_PREFIX=/home/raz/volcani/rover_volkani/install/roverrobotics_input_manager
[0.188s] -- Found ament_cmake: 1.3.11 (/opt/ros/humble/share/ament_cmake/cmake)
[0.269s] -- Override CMake install command with custom implementation using symlinks instead of copying resources
[0.316s] -- Configuring done
[0.318s] -- Generating done
[0.318s] -- Build files have been written to: /home/raz/volcani/rover_volkani/build/roverrobotics_input_manager
[0.320s] Invoked command in '/home/raz/volcani/rover_volkani/build/roverrobotics_input_manager' returned '0': CMAKE_PREFIX_PATH=${CMAKE_PREFIX_PATH}:/home/raz/volcani/rover_volkani/install/greenhouse_navigation:/opt/ros/humble /usr/bin/cmake /home/raz/volcani/rover_volkani/src/roverrobotics_input_manager -DAMENT_CMAKE_SYMLINK_INSTALL=1 -DCMAKE_INSTALL_PREFIX=/home/raz/volcani/rover_volkani/install/roverrobotics_input_manager
[0.322s] Invoking command in '/home/raz/volcani/rover_volkani/build/roverrobotics_input_manager': CMAKE_PREFIX_PATH=${CMAKE_PREFIX_PATH}:/home/raz/volcani/rover_volkani/install/greenhouse_navigation:/opt/ros/humble /usr/bin/cmake --build /home/raz/volcani/rover_volkani/build/roverrobotics_input_manager -- -j24 -l24
[0.349s] Invoked command in '/home/raz/volcani/rover_volkani/build/roverrobotics_input_manager' returned '0': CMAKE_PREFIX_PATH=${CMAKE_PREFIX_PATH}:/home/raz/volcani/rover_volkani/install/greenhouse_navigation:/opt/ros/humble /usr/bin/cmake --build /home/raz/volcani/rover_volkani/build/roverrobotics_input_manager -- -j24 -l24
[0.350s] Invoking command in '/home/raz/volcani/rover_volkani/build/roverrobotics_input_manager': CMAKE_PREFIX_PATH=${CMAKE_PREFIX_PATH}:/home/raz/volcani/rover_volkani/install/greenhouse_navigation:/opt/ros/humble /usr/bin/cmake --install /home/raz/volcani/rover_volkani/build/roverrobotics_input_manager
[0.355s] -- Install configuration: ""
[0.355s] -- Execute custom install script
[0.358s] -- Up-to-date symlink: /home/raz/volcani/rover_volkani/install/roverrobotics_input_manager/lib/roverrobotics_input_manager/modules/Controller.py
[0.358s] -- Up-to-date symlink: /home/raz/volcani/rover_volkani/install/roverrobotics_input_manager/lib/roverrobotics_input_manager/modules/Topics.py
[0.358s] -- Up-to-date symlink: /home/raz/volcani/rover_volkani/install/roverrobotics_input_manager/lib/roverrobotics_input_manager/modules/__pycache__/Controller.cpython-310.pyc
[0.358s] -- Up-to-date symlink: /home/raz/volcani/rover_volkani/install/roverrobotics_input_manager/lib/roverrobotics_input_manager/modules/__pycache__/Controller.cpython-38.pyc
[0.358s] -- Up-to-date symlink: /home/raz/volcani/rover_volkani/install/roverrobotics_input_manager/lib/roverrobotics_input_manager/modules/__pycache__/Topics.cpython-310.pyc
[0.358s] -- Up-to-date symlink: /home/raz/volcani/rover_volkani/install/roverrobotics_input_manager/lib/roverrobotics_input_manager/modules/__pycache__/Topics.cpython-38.pyc
[0.358s] -- Up-to-date symlink: /home/raz/volcani/rover_volkani/install/roverrobotics_input_manager/lib/roverrobotics_input_manager/joys_manager.py
[0.358s] -- Up-to-date symlink: /home/raz/volcani/rover_volkani/install/roverrobotics_input_manager/share/ament_index/resource_index/package_run_dependencies/roverrobotics_input_manager
[0.358s] -- Up-to-date symlink: /home/raz/volcani/rover_volkani/install/roverrobotics_input_manager/share/ament_index/resource_index/parent_prefix_path/roverrobotics_input_manager
[0.359s] -- Up-to-date symlink: /home/raz/volcani/rover_volkani/install/roverrobotics_input_manager/share/roverrobotics_input_manager/environment/ament_prefix_path.sh
[0.359s] -- Up-to-date symlink: /home/raz/volcani/rover_volkani/install/roverrobotics_input_manager/share/roverrobotics_input_manager/environment/ament_prefix_path.dsv
[0.359s] -- Up-to-date symlink: /home/raz/volcani/rover_volkani/install/roverrobotics_input_manager/share/roverrobotics_input_manager/environment/path.sh
[0.359s] -- Up-to-date symlink: /home/raz/volcani/rover_volkani/install/roverrobotics_input_manager/share/roverrobotics_input_manager/environment/path.dsv
[0.359s] -- Up-to-date symlink: /home/raz/volcani/rover_volkani/install/roverrobotics_input_manager/share/roverrobotics_input_manager/local_setup.bash
[0.359s] -- Up-to-date symlink: /home/raz/volcani/rover_volkani/install/roverrobotics_input_manager/share/roverrobotics_input_manager/local_setup.sh
[0.359s] -- Up-to-date symlink: /home/raz/volcani/rover_volkani/install/roverrobotics_input_manager/share/roverrobotics_input_manager/local_setup.zsh
[0.359s] -- Up-to-date symlink: /home/raz/volcani/rover_volkani/install/roverrobotics_input_manager/share/roverrobotics_input_manager/local_setup.dsv
[0.359s] -- Symlinking: /home/raz/volcani/rover_volkani/install/roverrobotics_input_manager/share/roverrobotics_input_manager/package.dsv
[0.365s] -- Up-to-date symlink: /home/raz/volcani/rover_volkani/install/roverrobotics_input_manager/share/ament_index/resource_index/packages/roverrobotics_input_manager
[0.365s] -- Up-to-date symlink: /home/raz/volcani/rover_volkani/install/roverrobotics_input_manager/share/roverrobotics_input_manager/cmake/roverrobotics_input_managerConfig.cmake
[0.366s] -- Up-to-date symlink: /home/raz/volcani/rover_volkani/install/roverrobotics_input_manager/share/roverrobotics_input_manager/cmake/roverrobotics_input_managerConfig-version.cmake
[0.366s] -- Up-to-date symlink: /home/raz/volcani/rover_volkani/install/roverrobotics_input_manager/share/roverrobotics_input_manager/package.xml
[0.368s] Invoked command in '/home/raz/volcani/rover_volkani/build/roverrobotics_input_manager' returned '0': CMAKE_PREFIX_PATH=${CMAKE_PREFIX_PATH}:/home/raz/volcani/rover_volkani/install/greenhouse_navigation:/opt/ros/humble /usr/bin/cmake --install /home/raz/volcani/rover_volkani/build/roverrobotics_input_manager
