[0.373s] Invoking command in '/home/rover/rover_workspace/build/roverrobotics_input_manager': CMAKE_PREFIX_PATH=${CMAKE_PREFIX_PATH}:/home/rover/rover_workspace/install/greenhouse_navigation:/home/rover/rover_workspace/install/bno055:/opt/ros/humble /usr/bin/cmake /home/rover/rover_workspace/src/roverrobotics_input_manager -DAMENT_CMAKE_SYMLINK_INSTALL=1 -DCMAKE_INSTALL_PREFIX=/home/rover/rover_workspace/install/roverrobotics_input_manager
[0.381s] -- Found ament_cmake: 1.3.11 (/opt/ros/humble/share/ament_cmake/cmake)
[0.500s] -- Override CMake install command with custom implementation using symlinks instead of copying resources
[0.566s] -- Configuring done
[0.568s] -- Generating done
[0.569s] -- Build files have been written to: /home/rover/rover_workspace/build/roverrobotics_input_manager
[0.572s] Invoked command in '/home/rover/rover_workspace/build/roverrobotics_input_manager' returned '0': CMAKE_PREFIX_PATH=${CMAKE_PREFIX_PATH}:/home/rover/rover_workspace/install/greenhouse_navigation:/home/rover/rover_workspace/install/bno055:/opt/ros/humble /usr/bin/cmake /home/rover/rover_workspace/src/roverrobotics_input_manager -DAMENT_CMAKE_SYMLINK_INSTALL=1 -DCMAKE_INSTALL_PREFIX=/home/rover/rover_workspace/install/roverrobotics_input_manager
[0.574s] Invoking command in '/home/rover/rover_workspace/build/roverrobotics_input_manager': CMAKE_PREFIX_PATH=${CMAKE_PREFIX_PATH}:/home/rover/rover_workspace/install/greenhouse_navigation:/home/rover/rover_workspace/install/bno055:/opt/ros/humble /usr/bin/cmake --build /home/rover/rover_workspace/build/roverrobotics_input_manager -- -j8 -l8
[0.605s] Invoked command in '/home/rover/rover_workspace/build/roverrobotics_input_manager' returned '0': CMAKE_PREFIX_PATH=${CMAKE_PREFIX_PATH}:/home/rover/rover_workspace/install/greenhouse_navigation:/home/rover/rover_workspace/install/bno055:/opt/ros/humble /usr/bin/cmake --build /home/rover/rover_workspace/build/roverrobotics_input_manager -- -j8 -l8
[0.606s] Invoking command in '/home/rover/rover_workspace/build/roverrobotics_input_manager': CMAKE_PREFIX_PATH=${CMAKE_PREFIX_PATH}:/home/rover/rover_workspace/install/greenhouse_navigation:/home/rover/rover_workspace/install/bno055:/opt/ros/humble /usr/bin/cmake --install /home/rover/rover_workspace/build/roverrobotics_input_manager
[0.613s] -- Install configuration: ""
[0.614s] -- Execute custom install script
[0.614s] -- Symlinking: /home/rover/rover_workspace/install/roverrobotics_input_manager/lib/roverrobotics_input_manager/modules/Controller.py
[0.621s] -- Symlinking: /home/rover/rover_workspace/install/roverrobotics_input_manager/lib/roverrobotics_input_manager/modules/Topics.py
[0.627s] -- Symlinking: /home/rover/rover_workspace/install/roverrobotics_input_manager/lib/roverrobotics_input_manager/modules/__pycache__/Controller.cpython-310.pyc
[0.636s] -- Symlinking: /home/rover/rover_workspace/install/roverrobotics_input_manager/lib/roverrobotics_input_manager/modules/__pycache__/Controller.cpython-38.pyc
[0.643s] -- Symlinking: /home/rover/rover_workspace/install/roverrobotics_input_manager/lib/roverrobotics_input_manager/modules/__pycache__/Topics.cpython-310.pyc
[0.650s] -- Symlinking: /home/rover/rover_workspace/install/roverrobotics_input_manager/lib/roverrobotics_input_manager/modules/__pycache__/Topics.cpython-38.pyc
[0.657s] -- Symlinking: /home/rover/rover_workspace/install/roverrobotics_input_manager/lib/roverrobotics_input_manager/joys_manager.py
[0.665s] -- Symlinking: /home/rover/rover_workspace/install/roverrobotics_input_manager/share/ament_index/resource_index/package_run_dependencies/roverrobotics_input_manager
[0.673s] -- Symlinking: /home/rover/rover_workspace/install/roverrobotics_input_manager/share/ament_index/resource_index/parent_prefix_path/roverrobotics_input_manager
[0.682s] -- Symlinking: /home/rover/rover_workspace/install/roverrobotics_input_manager/share/roverrobotics_input_manager/environment/ament_prefix_path.sh
[0.689s] -- Symlinking: /home/rover/rover_workspace/install/roverrobotics_input_manager/share/roverrobotics_input_manager/environment/ament_prefix_path.dsv
[0.695s] -- Symlinking: /home/rover/rover_workspace/install/roverrobotics_input_manager/share/roverrobotics_input_manager/environment/path.sh
[0.703s] -- Symlinking: /home/rover/rover_workspace/install/roverrobotics_input_manager/share/roverrobotics_input_manager/environment/path.dsv
[0.713s] -- Symlinking: /home/rover/rover_workspace/install/roverrobotics_input_manager/share/roverrobotics_input_manager/local_setup.bash
[0.724s] -- Symlinking: /home/rover/rover_workspace/install/roverrobotics_input_manager/share/roverrobotics_input_manager/local_setup.sh
[0.734s] -- Symlinking: /home/rover/rover_workspace/install/roverrobotics_input_manager/share/roverrobotics_input_manager/local_setup.zsh
[0.745s] -- Symlinking: /home/rover/rover_workspace/install/roverrobotics_input_manager/share/roverrobotics_input_manager/local_setup.dsv
[0.755s] -- Symlinking: /home/rover/rover_workspace/install/roverrobotics_input_manager/share/roverrobotics_input_manager/package.dsv
[0.764s] -- Symlinking: /home/rover/rover_workspace/install/roverrobotics_input_manager/share/ament_index/resource_index/packages/roverrobotics_input_manager
[0.773s] -- Symlinking: /home/rover/rover_workspace/install/roverrobotics_input_manager/share/roverrobotics_input_manager/cmake/roverrobotics_input_managerConfig.cmake
[0.780s] -- Symlinking: /home/rover/rover_workspace/install/roverrobotics_input_manager/share/roverrobotics_input_manager/cmake/roverrobotics_input_managerConfig-version.cmake
[0.788s] -- Symlinking: /home/rover/rover_workspace/install/roverrobotics_input_manager/share/roverrobotics_input_manager/package.xml
[0.798s] Invoked command in '/home/rover/rover_workspace/build/roverrobotics_input_manager' returned '0': CMAKE_PREFIX_PATH=${CMAKE_PREFIX_PATH}:/home/rover/rover_workspace/install/greenhouse_navigation:/home/rover/rover_workspace/install/bno055:/opt/ros/humble /usr/bin/cmake --install /home/rover/rover_workspace/build/roverrobotics_input_manager
