[0.736s] Invoking command in '/home/rover/rover_workspace/src/bno055': PYTHONPATH=/home/rover/rover_workspace/build/bno055/prefix_override:/usr/lib/python3/dist-packages/colcon_core/task/python/colcon_distutils_commands:/home/rover/rover_workspace/install/bno055/lib/python3.10/site-packages:${PYTHONPATH} /usr/bin/python3 -W ignore:setup.py install is deprecated -W ignore:easy_install command is deprecated setup.py egg_info --egg-base ../../build/bno055 build --build-base /home/rover/rover_workspace/build/bno055/build install --record /home/rover/rover_workspace/build/bno055/install.log --single-version-externally-managed install_data
[1.010s] running egg_info
[1.011s] creating ../../build/bno055/bno055.egg-info
[1.011s] writing ../../build/bno055/bno055.egg-info/PKG-INFO
[1.011s] writing dependency_links to ../../build/bno055/bno055.egg-info/dependency_links.txt
[1.011s] writing entry points to ../../build/bno055/bno055.egg-info/entry_points.txt
[1.011s] writing requirements to ../../build/bno055/bno055.egg-info/requires.txt
[1.011s] writing top-level names to ../../build/bno055/bno055.egg-info/top_level.txt
[1.011s] writing manifest file '../../build/bno055/bno055.egg-info/SOURCES.txt'
[1.014s] reading manifest file '../../build/bno055/bno055.egg-info/SOURCES.txt'
[1.014s] adding license file 'LICENSE'
[1.014s] adding license file 'AUTHORS'
[1.014s] writing manifest file '../../build/bno055/bno055.egg-info/SOURCES.txt'
[1.014s] running build
[1.014s] running build_py
[1.015s] creating /home/rover/rover_workspace/build/bno055/build
[1.015s] creating /home/rover/rover_workspace/build/bno055/build/lib
[1.015s] creating /home/rover/rover_workspace/build/bno055/build/lib/bno055
[1.015s] copying bno055/__init__.py -> /home/rover/rover_workspace/build/bno055/build/lib/bno055
[1.016s] copying bno055/bno055.py -> /home/rover/rover_workspace/build/bno055/build/lib/bno055
[1.016s] copying bno055/registers.py -> /home/rover/rover_workspace/build/bno055/build/lib/bno055
[1.016s] creating /home/rover/rover_workspace/build/bno055/build/lib/bno055/params
[1.016s] copying bno055/params/__init__.py -> /home/rover/rover_workspace/build/bno055/build/lib/bno055/params
[1.016s] copying bno055/params/NodeParameters.py -> /home/rover/rover_workspace/build/bno055/build/lib/bno055/params
[1.017s] creating /home/rover/rover_workspace/build/bno055/build/lib/bno055/sensor
[1.017s] copying bno055/sensor/__init__.py -> /home/rover/rover_workspace/build/bno055/build/lib/bno055/sensor
[1.017s] copying bno055/sensor/SensorService.py -> /home/rover/rover_workspace/build/bno055/build/lib/bno055/sensor
[1.017s] creating /home/rover/rover_workspace/build/bno055/build/lib/bno055/error_handling
[1.017s] copying bno055/error_handling/__init__.py -> /home/rover/rover_workspace/build/bno055/build/lib/bno055/error_handling
[1.018s] copying bno055/error_handling/exceptions.py -> /home/rover/rover_workspace/build/bno055/build/lib/bno055/error_handling
[1.018s] creating /home/rover/rover_workspace/build/bno055/build/lib/bno055/connectors
[1.018s] copying bno055/connectors/__init__.py -> /home/rover/rover_workspace/build/bno055/build/lib/bno055/connectors
[1.018s] copying bno055/connectors/i2c.py -> /home/rover/rover_workspace/build/bno055/build/lib/bno055/connectors
[1.019s] copying bno055/connectors/uart.py -> /home/rover/rover_workspace/build/bno055/build/lib/bno055/connectors
[1.019s] copying bno055/connectors/Connector.py -> /home/rover/rover_workspace/build/bno055/build/lib/bno055/connectors
[1.019s] running install
[1.019s] running install_lib
[1.020s] creating /home/rover/rover_workspace/install/bno055/lib/python3.10/site-packages/bno055
[1.020s] copying /home/rover/rover_workspace/build/bno055/build/lib/bno055/__init__.py -> /home/rover/rover_workspace/install/bno055/lib/python3.10/site-packages/bno055
[1.020s] creating /home/rover/rover_workspace/install/bno055/lib/python3.10/site-packages/bno055/params
[1.021s] copying /home/rover/rover_workspace/build/bno055/build/lib/bno055/params/__init__.py -> /home/rover/rover_workspace/install/bno055/lib/python3.10/site-packages/bno055/params
[1.021s] copying /home/rover/rover_workspace/build/bno055/build/lib/bno055/params/NodeParameters.py -> /home/rover/rover_workspace/install/bno055/lib/python3.10/site-packages/bno055/params
[1.021s] creating /home/rover/rover_workspace/install/bno055/lib/python3.10/site-packages/bno055/sensor
[1.021s] copying /home/rover/rover_workspace/build/bno055/build/lib/bno055/sensor/__init__.py -> /home/rover/rover_workspace/install/bno055/lib/python3.10/site-packages/bno055/sensor
[1.021s] copying /home/rover/rover_workspace/build/bno055/build/lib/bno055/sensor/SensorService.py -> /home/rover/rover_workspace/install/bno055/lib/python3.10/site-packages/bno055/sensor
[1.021s] copying /home/rover/rover_workspace/build/bno055/build/lib/bno055/registers.py -> /home/rover/rover_workspace/install/bno055/lib/python3.10/site-packages/bno055
[1.021s] creating /home/rover/rover_workspace/install/bno055/lib/python3.10/site-packages/bno055/error_handling
[1.021s] copying /home/rover/rover_workspace/build/bno055/build/lib/bno055/error_handling/__init__.py -> /home/rover/rover_workspace/install/bno055/lib/python3.10/site-packages/bno055/error_handling
[1.021s] copying /home/rover/rover_workspace/build/bno055/build/lib/bno055/error_handling/exceptions.py -> /home/rover/rover_workspace/install/bno055/lib/python3.10/site-packages/bno055/error_handling
[1.021s] copying /home/rover/rover_workspace/build/bno055/build/lib/bno055/bno055.py -> /home/rover/rover_workspace/install/bno055/lib/python3.10/site-packages/bno055
[1.021s] creating /home/rover/rover_workspace/install/bno055/lib/python3.10/site-packages/bno055/connectors
[1.022s] copying /home/rover/rover_workspace/build/bno055/build/lib/bno055/connectors/__init__.py -> /home/rover/rover_workspace/install/bno055/lib/python3.10/site-packages/bno055/connectors
[1.022s] copying /home/rover/rover_workspace/build/bno055/build/lib/bno055/connectors/i2c.py -> /home/rover/rover_workspace/install/bno055/lib/python3.10/site-packages/bno055/connectors
[1.022s] copying /home/rover/rover_workspace/build/bno055/build/lib/bno055/connectors/uart.py -> /home/rover/rover_workspace/install/bno055/lib/python3.10/site-packages/bno055/connectors
[1.022s] copying /home/rover/rover_workspace/build/bno055/build/lib/bno055/connectors/Connector.py -> /home/rover/rover_workspace/install/bno055/lib/python3.10/site-packages/bno055/connectors
[1.024s] byte-compiling /home/rover/rover_workspace/install/bno055/lib/python3.10/site-packages/bno055/__init__.py to __init__.cpython-310.pyc
[1.025s] byte-compiling /home/rover/rover_workspace/install/bno055/lib/python3.10/site-packages/bno055/params/__init__.py to __init__.cpython-310.pyc
[1.025s] byte-compiling /home/rover/rover_workspace/install/bno055/lib/python3.10/site-packages/bno055/params/NodeParameters.py to NodeParameters.cpython-310.pyc
[1.025s] byte-compiling /home/rover/rover_workspace/install/bno055/lib/python3.10/site-packages/bno055/sensor/__init__.py to __init__.cpython-310.pyc
[1.025s] byte-compiling /home/rover/rover_workspace/install/bno055/lib/python3.10/site-packages/bno055/sensor/SensorService.py to SensorService.cpython-310.pyc
[1.029s] byte-compiling /home/rover/rover_workspace/install/bno055/lib/python3.10/site-packages/bno055/registers.py to registers.cpython-310.pyc
[1.029s] byte-compiling /home/rover/rover_workspace/install/bno055/lib/python3.10/site-packages/bno055/error_handling/__init__.py to __init__.cpython-310.pyc
[1.030s] byte-compiling /home/rover/rover_workspace/install/bno055/lib/python3.10/site-packages/bno055/error_handling/exceptions.py to exceptions.cpython-310.pyc
[1.031s] byte-compiling /home/rover/rover_workspace/install/bno055/lib/python3.10/site-packages/bno055/bno055.py to bno055.cpython-310.pyc
[1.031s] byte-compiling /home/rover/rover_workspace/install/bno055/lib/python3.10/site-packages/bno055/connectors/__init__.py to __init__.cpython-310.pyc
[1.032s] byte-compiling /home/rover/rover_workspace/install/bno055/lib/python3.10/site-packages/bno055/connectors/i2c.py to i2c.cpython-310.pyc
[1.032s] byte-compiling /home/rover/rover_workspace/install/bno055/lib/python3.10/site-packages/bno055/connectors/uart.py to uart.cpython-310.pyc
[1.033s] byte-compiling /home/rover/rover_workspace/install/bno055/lib/python3.10/site-packages/bno055/connectors/Connector.py to Connector.cpython-310.pyc
[1.033s] running install_data
[1.033s] creating /home/rover/rover_workspace/install/bno055/share/ament_index
[1.033s] creating /home/rover/rover_workspace/install/bno055/share/ament_index/resource_index
[1.033s] creating /home/rover/rover_workspace/install/bno055/share/ament_index/resource_index/packages
[1.033s] copying resource/bno055 -> /home/rover/rover_workspace/install/bno055/share/ament_index/resource_index/packages
[1.033s] copying package.xml -> /home/rover/rover_workspace/install/bno055/share/bno055
[1.033s] creating /home/rover/rover_workspace/install/bno055/share/bno055/launch
[1.034s] copying launch/bno055.launch.py -> /home/rover/rover_workspace/install/bno055/share/bno055/launch
[1.038s] creating /home/rover/rover_workspace/install/bno055/share/bno055/config
[1.038s] copying bno055/params/bno055_params_i2c.yaml -> /home/rover/rover_workspace/install/bno055/share/bno055/config
[1.039s] copying bno055/params/bno055_params.yaml -> /home/rover/rover_workspace/install/bno055/share/bno055/config
[1.040s] copying bno055/params/bno055_params_test.yaml -> /home/rover/rover_workspace/install/bno055/share/bno055/config
[1.041s] running install_egg_info
[1.043s] Copying ../../build/bno055/bno055.egg-info to /home/rover/rover_workspace/install/bno055/lib/python3.10/site-packages/bno055-0.5.0-py3.10.egg-info
[1.044s] running install_scripts
[1.080s] Installing bno055 script to /home/rover/rover_workspace/install/bno055/lib/bno055
[1.082s] writing list of installed files to '/home/rover/rover_workspace/build/bno055/install.log'
[1.117s] Invoked command in '/home/rover/rover_workspace/src/bno055' returned '0': PYTHONPATH=/home/rover/rover_workspace/build/bno055/prefix_override:/usr/lib/python3/dist-packages/colcon_core/task/python/colcon_distutils_commands:/home/rover/rover_workspace/install/bno055/lib/python3.10/site-packages:${PYTHONPATH} /usr/bin/python3 -W ignore:setup.py install is deprecated -W ignore:easy_install command is deprecated setup.py egg_info --egg-base ../../build/bno055 build --build-base /home/rover/rover_workspace/build/bno055/build install --record /home/rover/rover_workspace/build/bno055/install.log --single-version-externally-managed install_data
