[0.116s] DEBUG:colcon:Command line arguments: ['/usr/bin/colcon', 'build']
[0.116s] DEBUG:colcon:Parsed command line arguments: Namespace(log_base=None, log_level=None, verb_name='build', build_base='build', install_base='install', merge_install=False, symlink_install=False, test_result_base=None, continue_on_error=False, executor='parallel', parallel_workers=8, event_handlers=None, ignore_user_meta=False, metas=['./colcon.meta'], base_paths=['.'], packages_ignore=None, packages_ignore_regex=None, paths=None, packages_up_to=None, packages_up_to_regex=None, packages_above=None, packages_above_and_dependencies=None, packages_above_depth=None, packages_select_by_dep=None, packages_skip_by_dep=None, packages_skip_up_to=None, packages_select_build_failed=False, packages_skip_build_finished=False, packages_select_test_failures=False, packages_skip_test_passed=False, packages_select=None, packages_skip=None, packages_select_regex=None, packages_skip_regex=None, packages_start=None, packages_end=None, allow_overriding=[], cmake_args=None, cmake_target=None, cmake_target_skip_unavailable=False, cmake_clean_cache=False, cmake_clean_first=False, cmake_force_configure=False, ament_cmake_args=None, catkin_cmake_args=None, catkin_skip_building_tests=False, mixin_files=None, mixin=None, verb_parser=<colcon_mixin.mixin.mixin_argument.MixinArgumentDecorator object at 0x7008b26529b0>, verb_extension=<colcon_core.verb.build.BuildVerb object at 0x7008b2651f30>, main=<bound method BuildVerb.main of <colcon_core.verb.build.BuildVerb object at 0x7008b2651f30>>, mixin_verb=('build',))
[0.292s] Level 1:colcon.colcon_core.package_discovery:discover_packages(colcon_meta) check parameters
[0.292s] Level 1:colcon.colcon_core.package_discovery:discover_packages(recursive) check parameters
[0.292s] Level 1:colcon.colcon_core.package_discovery:discover_packages(ignore) check parameters
[0.292s] Level 1:colcon.colcon_core.package_discovery:discover_packages(path) check parameters
[0.292s] Level 1:colcon.colcon_core.package_discovery:discover_packages(colcon_meta) discover
[0.292s] Level 1:colcon.colcon_core.package_discovery:discover_packages(recursive) discover
[0.292s] INFO:colcon.colcon_core.package_discovery:Crawling recursively for packages in '/home/rover/rover_workspace'
[0.292s] Level 1:colcon.colcon_core.package_identification:_identify(.) by extensions ['ignore', 'ignore_ament_install']
[0.292s] Level 1:colcon.colcon_core.package_identification:_identify(.) by extension 'ignore'
[0.292s] Level 1:colcon.colcon_core.package_identification:_identify(.) by extension 'ignore_ament_install'
[0.292s] Level 1:colcon.colcon_core.package_identification:_identify(.) by extensions ['colcon_pkg']
[0.292s] Level 1:colcon.colcon_core.package_identification:_identify(.) by extension 'colcon_pkg'
[0.292s] Level 1:colcon.colcon_core.package_identification:_identify(.) by extensions ['colcon_meta']
[0.292s] Level 1:colcon.colcon_core.package_identification:_identify(.) by extension 'colcon_meta'
[0.292s] Level 1:colcon.colcon_core.package_identification:_identify(.) by extensions ['ros']
[0.292s] Level 1:colcon.colcon_core.package_identification:_identify(.) by extension 'ros'
[0.302s] Level 1:colcon.colcon_core.package_identification:_identify(.) by extensions ['cmake', 'python']
[0.302s] Level 1:colcon.colcon_core.package_identification:_identify(.) by extension 'cmake'
[0.302s] Level 1:colcon.colcon_core.package_identification:_identify(.) by extension 'python'
[0.302s] Level 1:colcon.colcon_core.package_identification:_identify(.) by extensions ['python_setup_py']
[0.302s] Level 1:colcon.colcon_core.package_identification:_identify(.) by extension 'python_setup_py'
[0.302s] Level 1:colcon.colcon_core.package_identification:_identify(build) by extensions ['ignore', 'ignore_ament_install']
[0.302s] Level 1:colcon.colcon_core.package_identification:_identify(build) by extension 'ignore'
[0.302s] Level 1:colcon.colcon_core.package_identification:_identify(build) ignored
[0.302s] Level 1:colcon.colcon_core.package_identification:_identify(install) by extensions ['ignore', 'ignore_ament_install']
[0.302s] Level 1:colcon.colcon_core.package_identification:_identify(install) by extension 'ignore'
[0.302s] Level 1:colcon.colcon_core.package_identification:_identify(install) ignored
[0.303s] Level 1:colcon.colcon_core.package_identification:_identify(log) by extensions ['ignore', 'ignore_ament_install']
[0.303s] Level 1:colcon.colcon_core.package_identification:_identify(log) by extension 'ignore'
[0.303s] Level 1:colcon.colcon_core.package_identification:_identify(log) ignored
[0.303s] Level 1:colcon.colcon_core.package_identification:_identify(src) by extensions ['ignore', 'ignore_ament_install']
[0.303s] Level 1:colcon.colcon_core.package_identification:_identify(src) by extension 'ignore'
[0.303s] Level 1:colcon.colcon_core.package_identification:_identify(src) by extension 'ignore_ament_install'
[0.303s] Level 1:colcon.colcon_core.package_identification:_identify(src) by extensions ['colcon_pkg']
[0.303s] Level 1:colcon.colcon_core.package_identification:_identify(src) by extension 'colcon_pkg'
[0.303s] Level 1:colcon.colcon_core.package_identification:_identify(src) by extensions ['colcon_meta']
[0.303s] Level 1:colcon.colcon_core.package_identification:_identify(src) by extension 'colcon_meta'
[0.303s] Level 1:colcon.colcon_core.package_identification:_identify(src) by extensions ['ros']
[0.303s] Level 1:colcon.colcon_core.package_identification:_identify(src) by extension 'ros'
[0.303s] Level 1:colcon.colcon_core.package_identification:_identify(src) by extensions ['cmake', 'python']
[0.303s] Level 1:colcon.colcon_core.package_identification:_identify(src) by extension 'cmake'
[0.303s] Level 1:colcon.colcon_core.package_identification:_identify(src) by extension 'python'
[0.303s] Level 1:colcon.colcon_core.package_identification:_identify(src) by extensions ['python_setup_py']
[0.303s] Level 1:colcon.colcon_core.package_identification:_identify(src) by extension 'python_setup_py'
[0.303s] Level 1:colcon.colcon_core.package_identification:_identify(src/bno055) by extensions ['ignore', 'ignore_ament_install']
[0.303s] Level 1:colcon.colcon_core.package_identification:_identify(src/bno055) by extension 'ignore'
[0.303s] Level 1:colcon.colcon_core.package_identification:_identify(src/bno055) by extension 'ignore_ament_install'
[0.303s] Level 1:colcon.colcon_core.package_identification:_identify(src/bno055) by extensions ['colcon_pkg']
[0.303s] Level 1:colcon.colcon_core.package_identification:_identify(src/bno055) by extension 'colcon_pkg'
[0.303s] Level 1:colcon.colcon_core.package_identification:_identify(src/bno055) by extensions ['colcon_meta']
[0.303s] Level 1:colcon.colcon_core.package_identification:_identify(src/bno055) by extension 'colcon_meta'
[0.303s] Level 1:colcon.colcon_core.package_identification:_identify(src/bno055) by extensions ['ros']
[0.303s] Level 1:colcon.colcon_core.package_identification:_identify(src/bno055) by extension 'ros'
[0.306s] DEBUG:colcon.colcon_core.package_identification:Package 'src/bno055' with type 'ros.ament_python' and name 'bno055'
[0.306s] Level 1:colcon.colcon_core.package_identification:_identify(src/greenhouse_navigation) by extensions ['ignore', 'ignore_ament_install']
[0.306s] Level 1:colcon.colcon_core.package_identification:_identify(src/greenhouse_navigation) by extension 'ignore'
[0.306s] Level 1:colcon.colcon_core.package_identification:_identify(src/greenhouse_navigation) by extension 'ignore_ament_install'
[0.306s] Level 1:colcon.colcon_core.package_identification:_identify(src/greenhouse_navigation) by extensions ['colcon_pkg']
[0.306s] Level 1:colcon.colcon_core.package_identification:_identify(src/greenhouse_navigation) by extension 'colcon_pkg'
[0.306s] Level 1:colcon.colcon_core.package_identification:_identify(src/greenhouse_navigation) by extensions ['colcon_meta']
[0.306s] Level 1:colcon.colcon_core.package_identification:_identify(src/greenhouse_navigation) by extension 'colcon_meta'
[0.306s] Level 1:colcon.colcon_core.package_identification:_identify(src/greenhouse_navigation) by extensions ['ros']
[0.306s] Level 1:colcon.colcon_core.package_identification:_identify(src/greenhouse_navigation) by extension 'ros'
[0.307s] DEBUG:colcon.colcon_core.package_identification:Package 'src/greenhouse_navigation' with type 'ros.ament_python' and name 'greenhouse_navigation'
[0.307s] Level 1:colcon.colcon_core.package_identification:_identify(src/roverrobotics_description) by extensions ['ignore', 'ignore_ament_install']
[0.307s] Level 1:colcon.colcon_core.package_identification:_identify(src/roverrobotics_description) by extension 'ignore'
[0.307s] Level 1:colcon.colcon_core.package_identification:_identify(src/roverrobotics_description) by extension 'ignore_ament_install'
[0.307s] Level 1:colcon.colcon_core.package_identification:_identify(src/roverrobotics_description) by extensions ['colcon_pkg']
[0.307s] Level 1:colcon.colcon_core.package_identification:_identify(src/roverrobotics_description) by extension 'colcon_pkg'
[0.307s] Level 1:colcon.colcon_core.package_identification:_identify(src/roverrobotics_description) by extensions ['colcon_meta']
[0.307s] Level 1:colcon.colcon_core.package_identification:_identify(src/roverrobotics_description) by extension 'colcon_meta'
[0.307s] Level 1:colcon.colcon_core.package_identification:_identify(src/roverrobotics_description) by extensions ['ros']
[0.307s] Level 1:colcon.colcon_core.package_identification:_identify(src/roverrobotics_description) by extension 'ros'
[0.308s] DEBUG:colcon.colcon_core.package_identification:Package 'src/roverrobotics_description' with type 'ros.ament_cmake' and name 'roverrobotics_description'
[0.308s] Level 1:colcon.colcon_core.package_identification:_identify(src/roverrobotics_driver) by extensions ['ignore', 'ignore_ament_install']
[0.308s] Level 1:colcon.colcon_core.package_identification:_identify(src/roverrobotics_driver) by extension 'ignore'
[0.308s] Level 1:colcon.colcon_core.package_identification:_identify(src/roverrobotics_driver) by extension 'ignore_ament_install'
[0.308s] Level 1:colcon.colcon_core.package_identification:_identify(src/roverrobotics_driver) by extensions ['colcon_pkg']
[0.308s] Level 1:colcon.colcon_core.package_identification:_identify(src/roverrobotics_driver) by extension 'colcon_pkg'
[0.308s] Level 1:colcon.colcon_core.package_identification:_identify(src/roverrobotics_driver) by extensions ['colcon_meta']
[0.308s] Level 1:colcon.colcon_core.package_identification:_identify(src/roverrobotics_driver) by extension 'colcon_meta'
[0.308s] Level 1:colcon.colcon_core.package_identification:_identify(src/roverrobotics_driver) by extensions ['ros']
[0.308s] Level 1:colcon.colcon_core.package_identification:_identify(src/roverrobotics_driver) by extension 'ros'
[0.309s] DEBUG:colcon.colcon_core.package_identification:Package 'src/roverrobotics_driver' with type 'ros.ament_cmake' and name 'roverrobotics_driver'
[0.309s] Level 1:colcon.colcon_core.package_identification:_identify(src/roverrobotics_gazebo) by extensions ['ignore', 'ignore_ament_install']
[0.309s] Level 1:colcon.colcon_core.package_identification:_identify(src/roverrobotics_gazebo) by extension 'ignore'
[0.309s] Level 1:colcon.colcon_core.package_identification:_identify(src/roverrobotics_gazebo) by extension 'ignore_ament_install'
[0.309s] Level 1:colcon.colcon_core.package_identification:_identify(src/roverrobotics_gazebo) by extensions ['colcon_pkg']
[0.309s] Level 1:colcon.colcon_core.package_identification:_identify(src/roverrobotics_gazebo) by extension 'colcon_pkg'
[0.309s] Level 1:colcon.colcon_core.package_identification:_identify(src/roverrobotics_gazebo) by extensions ['colcon_meta']
[0.309s] Level 1:colcon.colcon_core.package_identification:_identify(src/roverrobotics_gazebo) by extension 'colcon_meta'
[0.309s] Level 1:colcon.colcon_core.package_identification:_identify(src/roverrobotics_gazebo) by extensions ['ros']
[0.309s] Level 1:colcon.colcon_core.package_identification:_identify(src/roverrobotics_gazebo) by extension 'ros'
[0.309s] DEBUG:colcon.colcon_core.package_identification:Package 'src/roverrobotics_gazebo' with type 'ros.ament_cmake' and name 'roverrobotics_gazebo'
[0.310s] Level 1:colcon.colcon_core.package_identification:_identify(src/roverrobotics_input_manager) by extensions ['ignore', 'ignore_ament_install']
[0.310s] Level 1:colcon.colcon_core.package_identification:_identify(src/roverrobotics_input_manager) by extension 'ignore'
[0.310s] Level 1:colcon.colcon_core.package_identification:_identify(src/roverrobotics_input_manager) by extension 'ignore_ament_install'
[0.310s] Level 1:colcon.colcon_core.package_identification:_identify(src/roverrobotics_input_manager) by extensions ['colcon_pkg']
[0.310s] Level 1:colcon.colcon_core.package_identification:_identify(src/roverrobotics_input_manager) by extension 'colcon_pkg'
[0.310s] Level 1:colcon.colcon_core.package_identification:_identify(src/roverrobotics_input_manager) by extensions ['colcon_meta']
[0.310s] Level 1:colcon.colcon_core.package_identification:_identify(src/roverrobotics_input_manager) by extension 'colcon_meta'
[0.310s] Level 1:colcon.colcon_core.package_identification:_identify(src/roverrobotics_input_manager) by extensions ['ros']
[0.310s] Level 1:colcon.colcon_core.package_identification:_identify(src/roverrobotics_input_manager) by extension 'ros'
[0.310s] DEBUG:colcon.colcon_core.package_identification:Package 'src/roverrobotics_input_manager' with type 'ros.ament_cmake' and name 'roverrobotics_input_manager'
[0.310s] Level 1:colcon.colcon_core.package_identification:_identify(src/rplidar_ros) by extensions ['ignore', 'ignore_ament_install']
[0.310s] Level 1:colcon.colcon_core.package_identification:_identify(src/rplidar_ros) by extension 'ignore'
[0.310s] Level 1:colcon.colcon_core.package_identification:_identify(src/rplidar_ros) by extension 'ignore_ament_install'
[0.310s] Level 1:colcon.colcon_core.package_identification:_identify(src/rplidar_ros) by extensions ['colcon_pkg']
[0.310s] Level 1:colcon.colcon_core.package_identification:_identify(src/rplidar_ros) by extension 'colcon_pkg'
[0.310s] Level 1:colcon.colcon_core.package_identification:_identify(src/rplidar_ros) by extensions ['colcon_meta']
[0.310s] Level 1:colcon.colcon_core.package_identification:_identify(src/rplidar_ros) by extension 'colcon_meta'
[0.310s] Level 1:colcon.colcon_core.package_identification:_identify(src/rplidar_ros) by extensions ['ros']
[0.310s] Level 1:colcon.colcon_core.package_identification:_identify(src/rplidar_ros) by extension 'ros'
[0.311s] DEBUG:colcon.colcon_core.package_identification:Package 'src/rplidar_ros' with type 'ros.ament_cmake' and name 'rplidar_ros'
[0.311s] Level 1:colcon.colcon_core.package_discovery:discover_packages(recursive) using defaults
[0.311s] Level 1:colcon.colcon_core.package_discovery:discover_packages(ignore) discover
[0.311s] Level 1:colcon.colcon_core.package_discovery:discover_packages(ignore) using defaults
[0.311s] Level 1:colcon.colcon_core.package_discovery:discover_packages(path) discover
[0.311s] Level 1:colcon.colcon_core.package_discovery:discover_packages(path) using defaults
[0.339s] Level 1:colcon.colcon_core.package_discovery:discover_packages(prefix_path) check parameters
[0.339s] Level 1:colcon.colcon_core.package_discovery:discover_packages(prefix_path) discover
[0.342s] DEBUG:colcon.colcon_installed_package_information.package_discovery:Found 7 installed packages in /home/rover/rover_workspace/install
[0.342s] DEBUG:colcon.colcon_installed_package_information.package_discovery:Found 8 installed packages in /home/rover/NUC-1/install
[0.343s] DEBUG:colcon.colcon_installed_package_information.package_discovery:Found 325 installed packages in /opt/ros/humble
[0.344s] Level 1:colcon.colcon_core.package_discovery:discover_packages(prefix_path) using defaults
[0.397s] Level 5:colcon.colcon_core.verb:set package 'bno055' build argument 'cmake_args' from command line to 'None'
[0.397s] Level 5:colcon.colcon_core.verb:set package 'bno055' build argument 'cmake_target' from command line to 'None'
[0.397s] Level 5:colcon.colcon_core.verb:set package 'bno055' build argument 'cmake_target_skip_unavailable' from command line to 'False'
[0.397s] Level 5:colcon.colcon_core.verb:set package 'bno055' build argument 'cmake_clean_cache' from command line to 'False'
[0.397s] Level 5:colcon.colcon_core.verb:set package 'bno055' build argument 'cmake_clean_first' from command line to 'False'
[0.397s] Level 5:colcon.colcon_core.verb:set package 'bno055' build argument 'cmake_force_configure' from command line to 'False'
[0.397s] Level 5:colcon.colcon_core.verb:set package 'bno055' build argument 'ament_cmake_args' from command line to 'None'
[0.397s] Level 5:colcon.colcon_core.verb:set package 'bno055' build argument 'catkin_cmake_args' from command line to 'None'
[0.397s] Level 5:colcon.colcon_core.verb:set package 'bno055' build argument 'catkin_skip_building_tests' from command line to 'False'
[0.397s] DEBUG:colcon.colcon_core.verb:Building package 'bno055' with the following arguments: {'ament_cmake_args': None, 'build_base': '/home/rover/rover_workspace/build/bno055', 'catkin_cmake_args': None, 'catkin_skip_building_tests': False, 'cmake_args': None, 'cmake_clean_cache': False, 'cmake_clean_first': False, 'cmake_force_configure': False, 'cmake_target': None, 'cmake_target_skip_unavailable': False, 'install_base': '/home/rover/rover_workspace/install/bno055', 'merge_install': False, 'path': '/home/rover/rover_workspace/src/bno055', 'symlink_install': False, 'test_result_base': None}
[0.397s] Level 5:colcon.colcon_core.verb:set package 'greenhouse_navigation' build argument 'cmake_args' from command line to 'None'
[0.397s] Level 5:colcon.colcon_core.verb:set package 'greenhouse_navigation' build argument 'cmake_target' from command line to 'None'
[0.397s] Level 5:colcon.colcon_core.verb:set package 'greenhouse_navigation' build argument 'cmake_target_skip_unavailable' from command line to 'False'
[0.397s] Level 5:colcon.colcon_core.verb:set package 'greenhouse_navigation' build argument 'cmake_clean_cache' from command line to 'False'
[0.397s] Level 5:colcon.colcon_core.verb:set package 'greenhouse_navigation' build argument 'cmake_clean_first' from command line to 'False'
[0.397s] Level 5:colcon.colcon_core.verb:set package 'greenhouse_navigation' build argument 'cmake_force_configure' from command line to 'False'
[0.397s] Level 5:colcon.colcon_core.verb:set package 'greenhouse_navigation' build argument 'ament_cmake_args' from command line to 'None'
[0.397s] Level 5:colcon.colcon_core.verb:set package 'greenhouse_navigation' build argument 'catkin_cmake_args' from command line to 'None'
[0.397s] Level 5:colcon.colcon_core.verb:set package 'greenhouse_navigation' build argument 'catkin_skip_building_tests' from command line to 'False'
[0.398s] DEBUG:colcon.colcon_core.verb:Building package 'greenhouse_navigation' with the following arguments: {'ament_cmake_args': None, 'build_base': '/home/rover/rover_workspace/build/greenhouse_navigation', 'catkin_cmake_args': None, 'catkin_skip_building_tests': False, 'cmake_args': None, 'cmake_clean_cache': False, 'cmake_clean_first': False, 'cmake_force_configure': False, 'cmake_target': None, 'cmake_target_skip_unavailable': False, 'install_base': '/home/rover/rover_workspace/install/greenhouse_navigation', 'merge_install': False, 'path': '/home/rover/rover_workspace/src/greenhouse_navigation', 'symlink_install': False, 'test_result_base': None}
[0.398s] Level 5:colcon.colcon_core.verb:set package 'roverrobotics_description' build argument 'cmake_args' from command line to 'None'
[0.398s] Level 5:colcon.colcon_core.verb:set package 'roverrobotics_description' build argument 'cmake_target' from command line to 'None'
[0.398s] Level 5:colcon.colcon_core.verb:set package 'roverrobotics_description' build argument 'cmake_target_skip_unavailable' from command line to 'False'
[0.398s] Level 5:colcon.colcon_core.verb:set package 'roverrobotics_description' build argument 'cmake_clean_cache' from command line to 'False'
[0.398s] Level 5:colcon.colcon_core.verb:set package 'roverrobotics_description' build argument 'cmake_clean_first' from command line to 'False'
[0.398s] Level 5:colcon.colcon_core.verb:set package 'roverrobotics_description' build argument 'cmake_force_configure' from command line to 'False'
[0.398s] Level 5:colcon.colcon_core.verb:set package 'roverrobotics_description' build argument 'ament_cmake_args' from command line to 'None'
[0.398s] Level 5:colcon.colcon_core.verb:set package 'roverrobotics_description' build argument 'catkin_cmake_args' from command line to 'None'
[0.398s] Level 5:colcon.colcon_core.verb:set package 'roverrobotics_description' build argument 'catkin_skip_building_tests' from command line to 'False'
[0.398s] DEBUG:colcon.colcon_core.verb:Building package 'roverrobotics_description' with the following arguments: {'ament_cmake_args': None, 'build_base': '/home/rover/rover_workspace/build/roverrobotics_description', 'catkin_cmake_args': None, 'catkin_skip_building_tests': False, 'cmake_args': None, 'cmake_clean_cache': False, 'cmake_clean_first': False, 'cmake_force_configure': False, 'cmake_target': None, 'cmake_target_skip_unavailable': False, 'install_base': '/home/rover/rover_workspace/install/roverrobotics_description', 'merge_install': False, 'path': '/home/rover/rover_workspace/src/roverrobotics_description', 'symlink_install': False, 'test_result_base': None}
[0.398s] Level 5:colcon.colcon_core.verb:set package 'roverrobotics_driver' build argument 'cmake_args' from command line to 'None'
[0.398s] Level 5:colcon.colcon_core.verb:set package 'roverrobotics_driver' build argument 'cmake_target' from command line to 'None'
[0.398s] Level 5:colcon.colcon_core.verb:set package 'roverrobotics_driver' build argument 'cmake_target_skip_unavailable' from command line to 'False'
[0.398s] Level 5:colcon.colcon_core.verb:set package 'roverrobotics_driver' build argument 'cmake_clean_cache' from command line to 'False'
[0.398s] Level 5:colcon.colcon_core.verb:set package 'roverrobotics_driver' build argument 'cmake_clean_first' from command line to 'False'
[0.398s] Level 5:colcon.colcon_core.verb:set package 'roverrobotics_driver' build argument 'cmake_force_configure' from command line to 'False'
[0.398s] Level 5:colcon.colcon_core.verb:set package 'roverrobotics_driver' build argument 'ament_cmake_args' from command line to 'None'
[0.398s] Level 5:colcon.colcon_core.verb:set package 'roverrobotics_driver' build argument 'catkin_cmake_args' from command line to 'None'
[0.398s] Level 5:colcon.colcon_core.verb:set package 'roverrobotics_driver' build argument 'catkin_skip_building_tests' from command line to 'False'
[0.398s] DEBUG:colcon.colcon_core.verb:Building package 'roverrobotics_driver' with the following arguments: {'ament_cmake_args': None, 'build_base': '/home/rover/rover_workspace/build/roverrobotics_driver', 'catkin_cmake_args': None, 'catkin_skip_building_tests': False, 'cmake_args': None, 'cmake_clean_cache': False, 'cmake_clean_first': False, 'cmake_force_configure': False, 'cmake_target': None, 'cmake_target_skip_unavailable': False, 'install_base': '/home/rover/rover_workspace/install/roverrobotics_driver', 'merge_install': False, 'path': '/home/rover/rover_workspace/src/roverrobotics_driver', 'symlink_install': False, 'test_result_base': None}
[0.398s] Level 5:colcon.colcon_core.verb:set package 'roverrobotics_input_manager' build argument 'cmake_args' from command line to 'None'
[0.398s] Level 5:colcon.colcon_core.verb:set package 'roverrobotics_input_manager' build argument 'cmake_target' from command line to 'None'
[0.398s] Level 5:colcon.colcon_core.verb:set package 'roverrobotics_input_manager' build argument 'cmake_target_skip_unavailable' from command line to 'False'
[0.398s] Level 5:colcon.colcon_core.verb:set package 'roverrobotics_input_manager' build argument 'cmake_clean_cache' from command line to 'False'
[0.398s] Level 5:colcon.colcon_core.verb:set package 'roverrobotics_input_manager' build argument 'cmake_clean_first' from command line to 'False'
[0.398s] Level 5:colcon.colcon_core.verb:set package 'roverrobotics_input_manager' build argument 'cmake_force_configure' from command line to 'False'
[0.398s] Level 5:colcon.colcon_core.verb:set package 'roverrobotics_input_manager' build argument 'ament_cmake_args' from command line to 'None'
[0.398s] Level 5:colcon.colcon_core.verb:set package 'roverrobotics_input_manager' build argument 'catkin_cmake_args' from command line to 'None'
[0.398s] Level 5:colcon.colcon_core.verb:set package 'roverrobotics_input_manager' build argument 'catkin_skip_building_tests' from command line to 'False'
[0.398s] DEBUG:colcon.colcon_core.verb:Building package 'roverrobotics_input_manager' with the following arguments: {'ament_cmake_args': None, 'build_base': '/home/rover/rover_workspace/build/roverrobotics_input_manager', 'catkin_cmake_args': None, 'catkin_skip_building_tests': False, 'cmake_args': None, 'cmake_clean_cache': False, 'cmake_clean_first': False, 'cmake_force_configure': False, 'cmake_target': None, 'cmake_target_skip_unavailable': False, 'install_base': '/home/rover/rover_workspace/install/roverrobotics_input_manager', 'merge_install': False, 'path': '/home/rover/rover_workspace/src/roverrobotics_input_manager', 'symlink_install': False, 'test_result_base': None}
[0.399s] Level 5:colcon.colcon_core.verb:set package 'rplidar_ros' build argument 'cmake_args' from command line to 'None'
[0.399s] Level 5:colcon.colcon_core.verb:set package 'rplidar_ros' build argument 'cmake_target' from command line to 'None'
[0.399s] Level 5:colcon.colcon_core.verb:set package 'rplidar_ros' build argument 'cmake_target_skip_unavailable' from command line to 'False'
[0.399s] Level 5:colcon.colcon_core.verb:set package 'rplidar_ros' build argument 'cmake_clean_cache' from command line to 'False'
[0.399s] Level 5:colcon.colcon_core.verb:set package 'rplidar_ros' build argument 'cmake_clean_first' from command line to 'False'
[0.399s] Level 5:colcon.colcon_core.verb:set package 'rplidar_ros' build argument 'cmake_force_configure' from command line to 'False'
[0.399s] Level 5:colcon.colcon_core.verb:set package 'rplidar_ros' build argument 'ament_cmake_args' from command line to 'None'
[0.399s] Level 5:colcon.colcon_core.verb:set package 'rplidar_ros' build argument 'catkin_cmake_args' from command line to 'None'
[0.399s] Level 5:colcon.colcon_core.verb:set package 'rplidar_ros' build argument 'catkin_skip_building_tests' from command line to 'False'
[0.399s] DEBUG:colcon.colcon_core.verb:Building package 'rplidar_ros' with the following arguments: {'ament_cmake_args': None, 'build_base': '/home/rover/rover_workspace/build/rplidar_ros', 'catkin_cmake_args': None, 'catkin_skip_building_tests': False, 'cmake_args': None, 'cmake_clean_cache': False, 'cmake_clean_first': False, 'cmake_force_configure': False, 'cmake_target': None, 'cmake_target_skip_unavailable': False, 'install_base': '/home/rover/rover_workspace/install/rplidar_ros', 'merge_install': False, 'path': '/home/rover/rover_workspace/src/rplidar_ros', 'symlink_install': False, 'test_result_base': None}
[0.399s] Level 5:colcon.colcon_core.verb:set package 'roverrobotics_gazebo' build argument 'cmake_args' from command line to 'None'
[0.399s] Level 5:colcon.colcon_core.verb:set package 'roverrobotics_gazebo' build argument 'cmake_target' from command line to 'None'
[0.399s] Level 5:colcon.colcon_core.verb:set package 'roverrobotics_gazebo' build argument 'cmake_target_skip_unavailable' from command line to 'False'
[0.399s] Level 5:colcon.colcon_core.verb:set package 'roverrobotics_gazebo' build argument 'cmake_clean_cache' from command line to 'False'
[0.399s] Level 5:colcon.colcon_core.verb:set package 'roverrobotics_gazebo' build argument 'cmake_clean_first' from command line to 'False'
[0.399s] Level 5:colcon.colcon_core.verb:set package 'roverrobotics_gazebo' build argument 'cmake_force_configure' from command line to 'False'
[0.399s] Level 5:colcon.colcon_core.verb:set package 'roverrobotics_gazebo' build argument 'ament_cmake_args' from command line to 'None'
[0.399s] Level 5:colcon.colcon_core.verb:set package 'roverrobotics_gazebo' build argument 'catkin_cmake_args' from command line to 'None'
[0.399s] Level 5:colcon.colcon_core.verb:set package 'roverrobotics_gazebo' build argument 'catkin_skip_building_tests' from command line to 'False'
[0.399s] DEBUG:colcon.colcon_core.verb:Building package 'roverrobotics_gazebo' with the following arguments: {'ament_cmake_args': None, 'build_base': '/home/rover/rover_workspace/build/roverrobotics_gazebo', 'catkin_cmake_args': None, 'catkin_skip_building_tests': False, 'cmake_args': None, 'cmake_clean_cache': False, 'cmake_clean_first': False, 'cmake_force_configure': False, 'cmake_target': None, 'cmake_target_skip_unavailable': False, 'install_base': '/home/rover/rover_workspace/install/roverrobotics_gazebo', 'merge_install': False, 'path': '/home/rover/rover_workspace/src/roverrobotics_gazebo', 'symlink_install': False, 'test_result_base': None}
[0.399s] INFO:colcon.colcon_core.executor:Executing jobs using 'parallel' executor
[0.400s] DEBUG:colcon.colcon_parallel_executor.executor.parallel:run_until_complete
[0.400s] INFO:colcon.colcon_ros.task.ament_cmake.build:Building ROS package in '/home/rover/rover_workspace/src/roverrobotics_description' with build type 'ament_cmake'
[0.400s] INFO:colcon.colcon_cmake.task.cmake.build:Building CMake package in '/home/rover/rover_workspace/src/roverrobotics_description'
[0.404s] INFO:colcon.colcon_core.plugin_system:Skipping extension 'colcon_core.shell.bat': Not used on non-Windows systems
[0.404s] INFO:colcon.colcon_core.shell:Skip shell extension 'powershell' for command environment: Not usable outside of PowerShell
[0.404s] DEBUG:colcon.colcon_core.shell:Skip shell extension 'dsv' for command environment
[0.408s] INFO:colcon.colcon_ros.task.ament_python.build:Building ROS package in '/home/rover/rover_workspace/src/bno055' with build type 'ament_python'
[0.408s] Level 1:colcon.colcon_core.shell:create_environment_hook('bno055', 'ament_prefix_path')
[0.408s] INFO:colcon.colcon_core.shell:Creating environment hook '/home/rover/rover_workspace/install/bno055/share/bno055/hook/ament_prefix_path.ps1'
[0.409s] INFO:colcon.colcon_core.shell:Creating environment descriptor '/home/rover/rover_workspace/install/bno055/share/bno055/hook/ament_prefix_path.dsv'
[0.409s] INFO:colcon.colcon_core.shell:Creating environment hook '/home/rover/rover_workspace/install/bno055/share/bno055/hook/ament_prefix_path.sh'
[0.410s] INFO:colcon.colcon_core.shell:Skip shell extension 'powershell' for command environment: Not usable outside of PowerShell
[0.410s] DEBUG:colcon.colcon_core.shell:Skip shell extension 'dsv' for command environment
[0.412s] INFO:colcon.colcon_ros.task.ament_python.build:Building ROS package in '/home/rover/rover_workspace/src/greenhouse_navigation' with build type 'ament_python'
[0.412s] Level 1:colcon.colcon_core.shell:create_environment_hook('greenhouse_navigation', 'ament_prefix_path')
[0.412s] INFO:colcon.colcon_core.shell:Creating environment hook '/home/rover/rover_workspace/install/greenhouse_navigation/share/greenhouse_navigation/hook/ament_prefix_path.ps1'
[0.413s] INFO:colcon.colcon_core.shell:Creating environment descriptor '/home/rover/rover_workspace/install/greenhouse_navigation/share/greenhouse_navigation/hook/ament_prefix_path.dsv'
[0.413s] INFO:colcon.colcon_core.shell:Creating environment hook '/home/rover/rover_workspace/install/greenhouse_navigation/share/greenhouse_navigation/hook/ament_prefix_path.sh'
[0.413s] INFO:colcon.colcon_core.shell:Skip shell extension 'powershell' for command environment: Not usable outside of PowerShell
[0.413s] DEBUG:colcon.colcon_core.shell:Skip shell extension 'dsv' for command environment
[0.416s] INFO:colcon.colcon_ros.task.ament_cmake.build:Building ROS package in '/home/rover/rover_workspace/src/roverrobotics_driver' with build type 'ament_cmake'
[0.416s] INFO:colcon.colcon_cmake.task.cmake.build:Building CMake package in '/home/rover/rover_workspace/src/roverrobotics_driver'
[0.417s] INFO:colcon.colcon_core.shell:Skip shell extension 'powershell' for command environment: Not usable outside of PowerShell
[0.417s] DEBUG:colcon.colcon_core.shell:Skip shell extension 'dsv' for command environment
[0.420s] INFO:colcon.colcon_ros.task.ament_cmake.build:Building ROS package in '/home/rover/rover_workspace/src/roverrobotics_input_manager' with build type 'ament_cmake'
[0.420s] INFO:colcon.colcon_cmake.task.cmake.build:Building CMake package in '/home/rover/rover_workspace/src/roverrobotics_input_manager'
[0.420s] INFO:colcon.colcon_core.shell:Skip shell extension 'powershell' for command environment: Not usable outside of PowerShell
[0.420s] DEBUG:colcon.colcon_core.shell:Skip shell extension 'dsv' for command environment
[0.422s] INFO:colcon.colcon_ros.task.ament_cmake.build:Building ROS package in '/home/rover/rover_workspace/src/rplidar_ros' with build type 'ament_cmake'
[0.422s] INFO:colcon.colcon_cmake.task.cmake.build:Building CMake package in '/home/rover/rover_workspace/src/rplidar_ros'
[0.422s] INFO:colcon.colcon_core.shell:Skip shell extension 'powershell' for command environment: Not usable outside of PowerShell
[0.422s] DEBUG:colcon.colcon_core.shell:Skip shell extension 'dsv' for command environment
[0.430s] DEBUG:colcon.colcon_core.event_handler.log_command:Invoking command in '/home/rover/rover_workspace/build/roverrobotics_description': CMAKE_PREFIX_PATH=${CMAKE_PREFIX_PATH}:/home/rover/rover_workspace/install/bno055:/home/rover/NUC-1/install/variable_autonomy:/home/rover/NUC-1/install/bno055:/opt/ros/humble /usr/bin/cmake --build /home/rover/rover_workspace/build/roverrobotics_description -- -j8 -l8
[0.601s] INFO:colcon.colcon_core.task.python.build:Building Python package in '/home/rover/rover_workspace/src/bno055'
[0.601s] INFO:colcon.colcon_core.shell:Skip shell extension 'powershell' for command environment: Not usable outside of PowerShell
[0.601s] DEBUG:colcon.colcon_core.shell:Skip shell extension 'dsv' for command environment
[0.771s] INFO:colcon.colcon_core.task.python.build:Building Python package in '/home/rover/rover_workspace/src/greenhouse_navigation'
[0.772s] INFO:colcon.colcon_core.shell:Skip shell extension 'powershell' for command environment: Not usable outside of PowerShell
[0.772s] DEBUG:colcon.colcon_core.shell:Skip shell extension 'dsv' for command environment
[0.777s] DEBUG:colcon.colcon_core.event_handler.log_command:Invoking command in '/home/rover/rover_workspace/build/roverrobotics_driver': CMAKE_PREFIX_PATH=${CMAKE_PREFIX_PATH}:/home/rover/rover_workspace/install/bno055:/home/rover/NUC-1/install/variable_autonomy:/home/rover/NUC-1/install/bno055:/opt/ros/humble /usr/bin/cmake --build /home/rover/rover_workspace/build/roverrobotics_driver -- -j8 -l8
[0.779s] DEBUG:colcon.colcon_core.event_handler.log_command:Invoking command in '/home/rover/rover_workspace/build/roverrobotics_input_manager': CMAKE_PREFIX_PATH=${CMAKE_PREFIX_PATH}:/home/rover/rover_workspace/install/bno055:/home/rover/NUC-1/install/variable_autonomy:/home/rover/NUC-1/install/bno055:/opt/ros/humble /usr/bin/cmake --build /home/rover/rover_workspace/build/roverrobotics_input_manager -- -j8 -l8
[0.783s] DEBUG:colcon.colcon_core.event_handler.log_command:Invoking command in '/home/rover/rover_workspace/build/rplidar_ros': CMAKE_PREFIX_PATH=${CMAKE_PREFIX_PATH}:/home/rover/rover_workspace/install/bno055:/home/rover/NUC-1/install/variable_autonomy:/home/rover/NUC-1/install/bno055:/opt/ros/humble /usr/bin/cmake --build /home/rover/rover_workspace/build/rplidar_ros -- -j8 -l8
[0.784s] DEBUG:colcon.colcon_core.event_handler.log_command:Invoked command in '/home/rover/rover_workspace/build/roverrobotics_description' returned '0': CMAKE_PREFIX_PATH=${CMAKE_PREFIX_PATH}:/home/rover/rover_workspace/install/bno055:/home/rover/NUC-1/install/variable_autonomy:/home/rover/NUC-1/install/bno055:/opt/ros/humble /usr/bin/cmake --build /home/rover/rover_workspace/build/roverrobotics_description -- -j8 -l8
[0.792s] DEBUG:colcon.colcon_core.event_handler.log_command:Invoking command in '/home/rover/rover_workspace/build/roverrobotics_description': CMAKE_PREFIX_PATH=${CMAKE_PREFIX_PATH}:/home/rover/rover_workspace/install/bno055:/home/rover/NUC-1/install/variable_autonomy:/home/rover/NUC-1/install/bno055:/opt/ros/humble /usr/bin/cmake --install /home/rover/rover_workspace/build/roverrobotics_description
[0.807s] DEBUG:colcon.colcon_core.event_handler.log_command:Invoked command in '/home/rover/rover_workspace/build/roverrobotics_input_manager' returned '0': CMAKE_PREFIX_PATH=${CMAKE_PREFIX_PATH}:/home/rover/rover_workspace/install/bno055:/home/rover/NUC-1/install/variable_autonomy:/home/rover/NUC-1/install/bno055:/opt/ros/humble /usr/bin/cmake --build /home/rover/rover_workspace/build/roverrobotics_input_manager -- -j8 -l8
[0.809s] DEBUG:colcon.colcon_core.event_handler.log_command:Invoking command in '/home/rover/rover_workspace/build/roverrobotics_input_manager': CMAKE_PREFIX_PATH=${CMAKE_PREFIX_PATH}:/home/rover/rover_workspace/install/bno055:/home/rover/NUC-1/install/variable_autonomy:/home/rover/NUC-1/install/bno055:/opt/ros/humble /usr/bin/cmake --install /home/rover/rover_workspace/build/roverrobotics_input_manager
[0.822s] Level 1:colcon.colcon_core.environment:create_environment_scripts_only(roverrobotics_description)
[0.822s] DEBUG:colcon.colcon_core.event_handler.log_command:Invoked command in '/home/rover/rover_workspace/build/roverrobotics_description' returned '0': CMAKE_PREFIX_PATH=${CMAKE_PREFIX_PATH}:/home/rover/rover_workspace/install/bno055:/home/rover/NUC-1/install/variable_autonomy:/home/rover/NUC-1/install/bno055:/opt/ros/humble /usr/bin/cmake --install /home/rover/rover_workspace/build/roverrobotics_description
[0.828s] Level 1:colcon.colcon_core.environment:checking '/home/rover/rover_workspace/install/roverrobotics_description' for CMake module files
[0.828s] Level 1:colcon.colcon_core.environment:checking '/home/rover/rover_workspace/install/roverrobotics_description' for CMake config files
[0.829s] Level 1:colcon.colcon_core.shell:create_environment_hook('roverrobotics_description', 'cmake_prefix_path')
[0.830s] INFO:colcon.colcon_core.shell:Creating environment hook '/home/rover/rover_workspace/install/roverrobotics_description/share/roverrobotics_description/hook/cmake_prefix_path.ps1'
[0.830s] INFO:colcon.colcon_core.shell:Creating environment descriptor '/home/rover/rover_workspace/install/roverrobotics_description/share/roverrobotics_description/hook/cmake_prefix_path.dsv'
[0.831s] INFO:colcon.colcon_core.shell:Creating environment hook '/home/rover/rover_workspace/install/roverrobotics_description/share/roverrobotics_description/hook/cmake_prefix_path.sh'
[0.832s] Level 1:colcon.colcon_core.environment:checking '/home/rover/rover_workspace/install/roverrobotics_description/bin'
[0.832s] Level 1:colcon.colcon_core.environment:checking '/home/rover/rover_workspace/install/roverrobotics_description/lib/pkgconfig/roverrobotics_description.pc'
[0.833s] Level 1:colcon.colcon_core.environment:checking '/home/rover/rover_workspace/install/roverrobotics_description/lib/python3.10/site-packages'
[0.833s] Level 1:colcon.colcon_core.environment:checking '/home/rover/rover_workspace/install/roverrobotics_description/bin'
[0.833s] INFO:colcon.colcon_core.shell:Creating package script '/home/rover/rover_workspace/install/roverrobotics_description/share/roverrobotics_description/package.ps1'
[0.835s] INFO:colcon.colcon_core.shell:Creating package descriptor '/home/rover/rover_workspace/install/roverrobotics_description/share/roverrobotics_description/package.dsv'
[0.836s] INFO:colcon.colcon_core.shell:Creating package script '/home/rover/rover_workspace/install/roverrobotics_description/share/roverrobotics_description/package.sh'
[0.837s] INFO:colcon.colcon_core.shell:Creating package script '/home/rover/rover_workspace/install/roverrobotics_description/share/roverrobotics_description/package.bash'
[0.838s] INFO:colcon.colcon_core.shell:Creating package script '/home/rover/rover_workspace/install/roverrobotics_description/share/roverrobotics_description/package.zsh'
[0.839s] Level 1:colcon.colcon_core.environment:create_file_with_runtime_dependencies(/home/rover/rover_workspace/install/roverrobotics_description/share/colcon-core/packages/roverrobotics_description)
[0.840s] Level 1:colcon.colcon_core.environment:create_environment_scripts_only(roverrobotics_description)
[0.840s] Level 1:colcon.colcon_core.environment:checking '/home/rover/rover_workspace/install/roverrobotics_description' for CMake module files
[0.840s] Level 1:colcon.colcon_core.environment:checking '/home/rover/rover_workspace/install/roverrobotics_description' for CMake config files
[0.840s] Level 1:colcon.colcon_core.shell:create_environment_hook('roverrobotics_description', 'cmake_prefix_path')
[0.841s] INFO:colcon.colcon_core.shell:Creating environment hook '/home/rover/rover_workspace/install/roverrobotics_description/share/roverrobotics_description/hook/cmake_prefix_path.ps1'
[0.841s] INFO:colcon.colcon_core.shell:Creating environment descriptor '/home/rover/rover_workspace/install/roverrobotics_description/share/roverrobotics_description/hook/cmake_prefix_path.dsv'
[0.841s] INFO:colcon.colcon_core.shell:Creating environment hook '/home/rover/rover_workspace/install/roverrobotics_description/share/roverrobotics_description/hook/cmake_prefix_path.sh'
[0.842s] Level 1:colcon.colcon_core.environment:checking '/home/rover/rover_workspace/install/roverrobotics_description/bin'
[0.842s] Level 1:colcon.colcon_core.environment:checking '/home/rover/rover_workspace/install/roverrobotics_description/lib/pkgconfig/roverrobotics_description.pc'
[0.842s] Level 1:colcon.colcon_core.environment:checking '/home/rover/rover_workspace/install/roverrobotics_description/lib/python3.10/site-packages'
[0.842s] Level 1:colcon.colcon_core.environment:checking '/home/rover/rover_workspace/install/roverrobotics_description/bin'
[0.843s] INFO:colcon.colcon_core.shell:Creating package script '/home/rover/rover_workspace/install/roverrobotics_description/share/roverrobotics_description/package.ps1'
[0.843s] INFO:colcon.colcon_core.shell:Creating package descriptor '/home/rover/rover_workspace/install/roverrobotics_description/share/roverrobotics_description/package.dsv'
[0.844s] INFO:colcon.colcon_core.shell:Creating package script '/home/rover/rover_workspace/install/roverrobotics_description/share/roverrobotics_description/package.sh'
[0.844s] INFO:colcon.colcon_core.shell:Creating package script '/home/rover/rover_workspace/install/roverrobotics_description/share/roverrobotics_description/package.bash'
[0.844s] INFO:colcon.colcon_core.shell:Creating package script '/home/rover/rover_workspace/install/roverrobotics_description/share/roverrobotics_description/package.zsh'
[0.845s] Level 1:colcon.colcon_core.environment:create_file_with_runtime_dependencies(/home/rover/rover_workspace/install/roverrobotics_description/share/colcon-core/packages/roverrobotics_description)
[0.845s] INFO:colcon.colcon_ros.task.ament_cmake.build:Building ROS package in '/home/rover/rover_workspace/src/roverrobotics_gazebo' with build type 'ament_cmake'
[0.845s] INFO:colcon.colcon_cmake.task.cmake.build:Building CMake package in '/home/rover/rover_workspace/src/roverrobotics_gazebo'
[0.846s] INFO:colcon.colcon_core.shell:Skip shell extension 'powershell' for command environment: Not usable outside of PowerShell
[0.846s] DEBUG:colcon.colcon_core.shell:Skip shell extension 'dsv' for command environment
[0.851s] Level 1:colcon.colcon_core.environment:create_environment_scripts_only(roverrobotics_input_manager)
[0.851s] Level 1:colcon.colcon_core.environment:checking '/home/rover/rover_workspace/install/roverrobotics_input_manager' for CMake module files
[0.852s] DEBUG:colcon.colcon_core.event_handler.log_command:Invoked command in '/home/rover/rover_workspace/build/roverrobotics_input_manager' returned '0': CMAKE_PREFIX_PATH=${CMAKE_PREFIX_PATH}:/home/rover/rover_workspace/install/bno055:/home/rover/NUC-1/install/variable_autonomy:/home/rover/NUC-1/install/bno055:/opt/ros/humble /usr/bin/cmake --install /home/rover/rover_workspace/build/roverrobotics_input_manager
[0.852s] Level 1:colcon.colcon_core.environment:checking '/home/rover/rover_workspace/install/roverrobotics_input_manager' for CMake config files
[0.853s] Level 1:colcon.colcon_core.shell:create_environment_hook('roverrobotics_input_manager', 'cmake_prefix_path')
[0.853s] INFO:colcon.colcon_core.shell:Creating environment hook '/home/rover/rover_workspace/install/roverrobotics_input_manager/share/roverrobotics_input_manager/hook/cmake_prefix_path.ps1'
[0.854s] INFO:colcon.colcon_core.shell:Creating environment descriptor '/home/rover/rover_workspace/install/roverrobotics_input_manager/share/roverrobotics_input_manager/hook/cmake_prefix_path.dsv'
[0.854s] INFO:colcon.colcon_core.shell:Creating environment hook '/home/rover/rover_workspace/install/roverrobotics_input_manager/share/roverrobotics_input_manager/hook/cmake_prefix_path.sh'
[0.854s] Level 1:colcon.colcon_core.environment:checking '/home/rover/rover_workspace/install/roverrobotics_input_manager/lib'
[0.854s] Level 1:colcon.colcon_core.environment:checking '/home/rover/rover_workspace/install/roverrobotics_input_manager/bin'
[0.854s] Level 1:colcon.colcon_core.environment:checking '/home/rover/rover_workspace/install/roverrobotics_input_manager/lib/pkgconfig/roverrobotics_input_manager.pc'
[0.855s] Level 1:colcon.colcon_core.environment:checking '/home/rover/rover_workspace/install/roverrobotics_input_manager/lib/python3.10/site-packages'
[0.855s] Level 1:colcon.colcon_core.environment:checking '/home/rover/rover_workspace/install/roverrobotics_input_manager/bin'
[0.855s] INFO:colcon.colcon_core.shell:Creating package script '/home/rover/rover_workspace/install/roverrobotics_input_manager/share/roverrobotics_input_manager/package.ps1'
[0.855s] INFO:colcon.colcon_core.shell:Creating package descriptor '/home/rover/rover_workspace/install/roverrobotics_input_manager/share/roverrobotics_input_manager/package.dsv'
[0.856s] INFO:colcon.colcon_core.shell:Creating package script '/home/rover/rover_workspace/install/roverrobotics_input_manager/share/roverrobotics_input_manager/package.sh'
[0.856s] INFO:colcon.colcon_core.shell:Creating package script '/home/rover/rover_workspace/install/roverrobotics_input_manager/share/roverrobotics_input_manager/package.bash'
[0.856s] INFO:colcon.colcon_core.shell:Creating package script '/home/rover/rover_workspace/install/roverrobotics_input_manager/share/roverrobotics_input_manager/package.zsh'
[0.857s] Level 1:colcon.colcon_core.environment:create_file_with_runtime_dependencies(/home/rover/rover_workspace/install/roverrobotics_input_manager/share/colcon-core/packages/roverrobotics_input_manager)
[0.857s] Level 1:colcon.colcon_core.environment:create_environment_scripts_only(roverrobotics_input_manager)
[0.857s] Level 1:colcon.colcon_core.environment:checking '/home/rover/rover_workspace/install/roverrobotics_input_manager' for CMake module files
[0.858s] Level 1:colcon.colcon_core.environment:checking '/home/rover/rover_workspace/install/roverrobotics_input_manager' for CMake config files
[0.858s] Level 1:colcon.colcon_core.shell:create_environment_hook('roverrobotics_input_manager', 'cmake_prefix_path')
[0.858s] INFO:colcon.colcon_core.shell:Creating environment hook '/home/rover/rover_workspace/install/roverrobotics_input_manager/share/roverrobotics_input_manager/hook/cmake_prefix_path.ps1'
[0.858s] INFO:colcon.colcon_core.shell:Creating environment descriptor '/home/rover/rover_workspace/install/roverrobotics_input_manager/share/roverrobotics_input_manager/hook/cmake_prefix_path.dsv'
[0.858s] INFO:colcon.colcon_core.shell:Creating environment hook '/home/rover/rover_workspace/install/roverrobotics_input_manager/share/roverrobotics_input_manager/hook/cmake_prefix_path.sh'
[0.859s] Level 1:colcon.colcon_core.environment:checking '/home/rover/rover_workspace/install/roverrobotics_input_manager/lib'
[0.859s] Level 1:colcon.colcon_core.environment:checking '/home/rover/rover_workspace/install/roverrobotics_input_manager/bin'
[0.859s] Level 1:colcon.colcon_core.environment:checking '/home/rover/rover_workspace/install/roverrobotics_input_manager/lib/pkgconfig/roverrobotics_input_manager.pc'
[0.859s] Level 1:colcon.colcon_core.environment:checking '/home/rover/rover_workspace/install/roverrobotics_input_manager/lib/python3.10/site-packages'
[0.859s] Level 1:colcon.colcon_core.environment:checking '/home/rover/rover_workspace/install/roverrobotics_input_manager/bin'
[0.859s] INFO:colcon.colcon_core.shell:Creating package script '/home/rover/rover_workspace/install/roverrobotics_input_manager/share/roverrobotics_input_manager/package.ps1'
[0.860s] INFO:colcon.colcon_core.shell:Creating package descriptor '/home/rover/rover_workspace/install/roverrobotics_input_manager/share/roverrobotics_input_manager/package.dsv'
[0.860s] INFO:colcon.colcon_core.shell:Creating package script '/home/rover/rover_workspace/install/roverrobotics_input_manager/share/roverrobotics_input_manager/package.sh'
[0.860s] INFO:colcon.colcon_core.shell:Creating package script '/home/rover/rover_workspace/install/roverrobotics_input_manager/share/roverrobotics_input_manager/package.bash'
[0.861s] INFO:colcon.colcon_core.shell:Creating package script '/home/rover/rover_workspace/install/roverrobotics_input_manager/share/roverrobotics_input_manager/package.zsh'
[0.861s] Level 1:colcon.colcon_core.environment:create_file_with_runtime_dependencies(/home/rover/rover_workspace/install/roverrobotics_input_manager/share/colcon-core/packages/roverrobotics_input_manager)
[0.865s] DEBUG:colcon.colcon_core.event_handler.log_command:Invoking command in '/home/rover/rover_workspace/build/roverrobotics_gazebo': CMAKE_PREFIX_PATH=/home/rover/rover_workspace/install/roverrobotics_description:/home/rover/rover_workspace/install/rplidar_ros:/home/rover/rover_workspace/install/roverrobotics_input_manager:/home/rover/rover_workspace/install/roverrobotics_gazebo:/home/rover/rover_workspace/install/roverrobotics_driver:/home/rover/NUC-1/install/switch_control:/home/rover/NUC-1/install/rplidar_ros:/home/rover/NUC-1/install/roverrobotics_input_manager:/home/rover/NUC-1/install/roverrobotics_gazebo:/home/rover/NUC-1/install/roverrobotics_driver:/home/rover/NUC-1/install/roverrobotics_description:/home/rover/rover_workspace/install/bno055:/home/rover/NUC-1/install/variable_autonomy:/home/rover/NUC-1/install/bno055:/opt/ros/humble /usr/bin/cmake --build /home/rover/rover_workspace/build/roverrobotics_gazebo -- -j8 -l8
[0.880s] DEBUG:colcon.colcon_core.event_handler.log_command:Invoked command in '/home/rover/rover_workspace/build/roverrobotics_driver' returned '0': CMAKE_PREFIX_PATH=${CMAKE_PREFIX_PATH}:/home/rover/rover_workspace/install/bno055:/home/rover/NUC-1/install/variable_autonomy:/home/rover/NUC-1/install/bno055:/opt/ros/humble /usr/bin/cmake --build /home/rover/rover_workspace/build/roverrobotics_driver -- -j8 -l8
[0.882s] DEBUG:colcon.colcon_core.event_handler.log_command:Invoking command in '/home/rover/rover_workspace/build/roverrobotics_driver': CMAKE_PREFIX_PATH=${CMAKE_PREFIX_PATH}:/home/rover/rover_workspace/install/bno055:/home/rover/NUC-1/install/variable_autonomy:/home/rover/NUC-1/install/bno055:/opt/ros/humble /usr/bin/cmake --install /home/rover/rover_workspace/build/roverrobotics_driver
[0.883s] DEBUG:colcon.colcon_core.event_handler.log_command:Invoked command in '/home/rover/rover_workspace/build/rplidar_ros' returned '0': CMAKE_PREFIX_PATH=${CMAKE_PREFIX_PATH}:/home/rover/rover_workspace/install/bno055:/home/rover/NUC-1/install/variable_autonomy:/home/rover/NUC-1/install/bno055:/opt/ros/humble /usr/bin/cmake --build /home/rover/rover_workspace/build/rplidar_ros -- -j8 -l8
[0.885s] DEBUG:colcon.colcon_core.event_handler.log_command:Invoking command in '/home/rover/rover_workspace/build/rplidar_ros': CMAKE_PREFIX_PATH=${CMAKE_PREFIX_PATH}:/home/rover/rover_workspace/install/bno055:/home/rover/NUC-1/install/variable_autonomy:/home/rover/NUC-1/install/bno055:/opt/ros/humble /usr/bin/cmake --install /home/rover/rover_workspace/build/rplidar_ros
[0.903s] DEBUG:colcon.colcon_core.event_handler.log_command:Invoked command in '/home/rover/rover_workspace/build/roverrobotics_gazebo' returned '0': CMAKE_PREFIX_PATH=/home/rover/rover_workspace/install/roverrobotics_description:/home/rover/rover_workspace/install/rplidar_ros:/home/rover/rover_workspace/install/roverrobotics_input_manager:/home/rover/rover_workspace/install/roverrobotics_gazebo:/home/rover/rover_workspace/install/roverrobotics_driver:/home/rover/NUC-1/install/switch_control:/home/rover/NUC-1/install/rplidar_ros:/home/rover/NUC-1/install/roverrobotics_input_manager:/home/rover/NUC-1/install/roverrobotics_gazebo:/home/rover/NUC-1/install/roverrobotics_driver:/home/rover/NUC-1/install/roverrobotics_description:/home/rover/rover_workspace/install/bno055:/home/rover/NUC-1/install/variable_autonomy:/home/rover/NUC-1/install/bno055:/opt/ros/humble /usr/bin/cmake --build /home/rover/rover_workspace/build/roverrobotics_gazebo -- -j8 -l8
[0.905s] DEBUG:colcon.colcon_core.event_handler.log_command:Invoking command in '/home/rover/rover_workspace/build/roverrobotics_gazebo': CMAKE_PREFIX_PATH=/home/rover/rover_workspace/install/roverrobotics_description:/home/rover/rover_workspace/install/rplidar_ros:/home/rover/rover_workspace/install/roverrobotics_input_manager:/home/rover/rover_workspace/install/roverrobotics_gazebo:/home/rover/rover_workspace/install/roverrobotics_driver:/home/rover/NUC-1/install/switch_control:/home/rover/NUC-1/install/rplidar_ros:/home/rover/NUC-1/install/roverrobotics_input_manager:/home/rover/NUC-1/install/roverrobotics_gazebo:/home/rover/NUC-1/install/roverrobotics_driver:/home/rover/NUC-1/install/roverrobotics_description:/home/rover/rover_workspace/install/bno055:/home/rover/NUC-1/install/variable_autonomy:/home/rover/NUC-1/install/bno055:/opt/ros/humble /usr/bin/cmake --install /home/rover/rover_workspace/build/roverrobotics_gazebo
[0.913s] Level 1:colcon.colcon_core.environment:create_environment_scripts_only(rplidar_ros)
[0.913s] Level 1:colcon.colcon_core.environment:checking '/home/rover/rover_workspace/install/rplidar_ros' for CMake module files
[0.914s] DEBUG:colcon.colcon_core.event_handler.log_command:Invoked command in '/home/rover/rover_workspace/build/rplidar_ros' returned '0': CMAKE_PREFIX_PATH=${CMAKE_PREFIX_PATH}:/home/rover/rover_workspace/install/bno055:/home/rover/NUC-1/install/variable_autonomy:/home/rover/NUC-1/install/bno055:/opt/ros/humble /usr/bin/cmake --install /home/rover/rover_workspace/build/rplidar_ros
[0.915s] Level 1:colcon.colcon_core.environment:checking '/home/rover/rover_workspace/install/rplidar_ros' for CMake config files
[0.915s] Level 1:colcon.colcon_core.shell:create_environment_hook('rplidar_ros', 'cmake_prefix_path')
[0.916s] INFO:colcon.colcon_core.shell:Creating environment hook '/home/rover/rover_workspace/install/rplidar_ros/share/rplidar_ros/hook/cmake_prefix_path.ps1'
[0.917s] INFO:colcon.colcon_core.shell:Creating environment descriptor '/home/rover/rover_workspace/install/rplidar_ros/share/rplidar_ros/hook/cmake_prefix_path.dsv'
[0.917s] INFO:colcon.colcon_core.shell:Creating environment hook '/home/rover/rover_workspace/install/rplidar_ros/share/rplidar_ros/hook/cmake_prefix_path.sh'
[0.918s] Level 1:colcon.colcon_core.environment:checking '/home/rover/rover_workspace/install/rplidar_ros/lib'
[0.918s] Level 1:colcon.colcon_core.environment:checking '/home/rover/rover_workspace/install/rplidar_ros/bin'
[0.918s] Level 1:colcon.colcon_core.environment:checking '/home/rover/rover_workspace/install/rplidar_ros/lib/pkgconfig/rplidar_ros.pc'
[0.919s] Level 1:colcon.colcon_core.environment:checking '/home/rover/rover_workspace/install/rplidar_ros/lib/python3.10/site-packages'
[0.919s] Level 1:colcon.colcon_core.environment:checking '/home/rover/rover_workspace/install/rplidar_ros/bin'
[0.919s] INFO:colcon.colcon_core.shell:Creating package script '/home/rover/rover_workspace/install/rplidar_ros/share/rplidar_ros/package.ps1'
[0.920s] INFO:colcon.colcon_core.shell:Creating package descriptor '/home/rover/rover_workspace/install/rplidar_ros/share/rplidar_ros/package.dsv'
[0.920s] INFO:colcon.colcon_core.shell:Creating package script '/home/rover/rover_workspace/install/rplidar_ros/share/rplidar_ros/package.sh'
[0.921s] INFO:colcon.colcon_core.shell:Creating package script '/home/rover/rover_workspace/install/rplidar_ros/share/rplidar_ros/package.bash'
[0.921s] INFO:colcon.colcon_core.shell:Creating package script '/home/rover/rover_workspace/install/rplidar_ros/share/rplidar_ros/package.zsh'
[0.921s] Level 1:colcon.colcon_core.environment:create_file_with_runtime_dependencies(/home/rover/rover_workspace/install/rplidar_ros/share/colcon-core/packages/rplidar_ros)
[0.922s] Level 1:colcon.colcon_core.environment:create_environment_scripts_only(rplidar_ros)
[0.922s] Level 1:colcon.colcon_core.environment:checking '/home/rover/rover_workspace/install/rplidar_ros' for CMake module files
[0.923s] Level 1:colcon.colcon_core.environment:checking '/home/rover/rover_workspace/install/rplidar_ros' for CMake config files
[0.923s] Level 1:colcon.colcon_core.shell:create_environment_hook('rplidar_ros', 'cmake_prefix_path')
[0.923s] INFO:colcon.colcon_core.shell:Creating environment hook '/home/rover/rover_workspace/install/rplidar_ros/share/rplidar_ros/hook/cmake_prefix_path.ps1'
[0.924s] INFO:colcon.colcon_core.shell:Creating environment descriptor '/home/rover/rover_workspace/install/rplidar_ros/share/rplidar_ros/hook/cmake_prefix_path.dsv'
[0.925s] INFO:colcon.colcon_core.shell:Creating environment hook '/home/rover/rover_workspace/install/rplidar_ros/share/rplidar_ros/hook/cmake_prefix_path.sh'
[0.926s] Level 1:colcon.colcon_core.environment:checking '/home/rover/rover_workspace/install/rplidar_ros/lib'
[0.926s] Level 1:colcon.colcon_core.environment:checking '/home/rover/rover_workspace/install/rplidar_ros/bin'
[0.926s] Level 1:colcon.colcon_core.environment:checking '/home/rover/rover_workspace/install/rplidar_ros/lib/pkgconfig/rplidar_ros.pc'
[0.926s] Level 1:colcon.colcon_core.environment:checking '/home/rover/rover_workspace/install/rplidar_ros/lib/python3.10/site-packages'
[0.926s] Level 1:colcon.colcon_core.environment:checking '/home/rover/rover_workspace/install/rplidar_ros/bin'
[0.927s] INFO:colcon.colcon_core.shell:Creating package script '/home/rover/rover_workspace/install/rplidar_ros/share/rplidar_ros/package.ps1'
[0.928s] INFO:colcon.colcon_core.shell:Creating package descriptor '/home/rover/rover_workspace/install/rplidar_ros/share/rplidar_ros/package.dsv'
[0.929s] INFO:colcon.colcon_core.shell:Creating package script '/home/rover/rover_workspace/install/rplidar_ros/share/rplidar_ros/package.sh'
[0.929s] INFO:colcon.colcon_core.shell:Creating package script '/home/rover/rover_workspace/install/rplidar_ros/share/rplidar_ros/package.bash'
[0.929s] INFO:colcon.colcon_core.shell:Creating package script '/home/rover/rover_workspace/install/rplidar_ros/share/rplidar_ros/package.zsh'
[0.930s] Level 1:colcon.colcon_core.environment:create_file_with_runtime_dependencies(/home/rover/rover_workspace/install/rplidar_ros/share/colcon-core/packages/rplidar_ros)
[0.931s] Level 1:colcon.colcon_core.environment:create_environment_scripts_only(roverrobotics_gazebo)
[0.931s] Level 1:colcon.colcon_core.environment:checking '/home/rover/rover_workspace/install/roverrobotics_gazebo' for CMake module files
[0.932s] DEBUG:colcon.colcon_core.event_handler.log_command:Invoked command in '/home/rover/rover_workspace/build/roverrobotics_gazebo' returned '0': CMAKE_PREFIX_PATH=/home/rover/rover_workspace/install/roverrobotics_description:/home/rover/rover_workspace/install/rplidar_ros:/home/rover/rover_workspace/install/roverrobotics_input_manager:/home/rover/rover_workspace/install/roverrobotics_gazebo:/home/rover/rover_workspace/install/roverrobotics_driver:/home/rover/NUC-1/install/switch_control:/home/rover/NUC-1/install/rplidar_ros:/home/rover/NUC-1/install/roverrobotics_input_manager:/home/rover/NUC-1/install/roverrobotics_gazebo:/home/rover/NUC-1/install/roverrobotics_driver:/home/rover/NUC-1/install/roverrobotics_description:/home/rover/rover_workspace/install/bno055:/home/rover/NUC-1/install/variable_autonomy:/home/rover/NUC-1/install/bno055:/opt/ros/humble /usr/bin/cmake --install /home/rover/rover_workspace/build/roverrobotics_gazebo
[0.933s] Level 1:colcon.colcon_core.environment:checking '/home/rover/rover_workspace/install/roverrobotics_gazebo' for CMake config files
[0.933s] Level 1:colcon.colcon_core.shell:create_environment_hook('roverrobotics_gazebo', 'cmake_prefix_path')
[0.933s] INFO:colcon.colcon_core.shell:Creating environment hook '/home/rover/rover_workspace/install/roverrobotics_gazebo/share/roverrobotics_gazebo/hook/cmake_prefix_path.ps1'
[0.934s] INFO:colcon.colcon_core.shell:Creating environment descriptor '/home/rover/rover_workspace/install/roverrobotics_gazebo/share/roverrobotics_gazebo/hook/cmake_prefix_path.dsv'
[0.934s] INFO:colcon.colcon_core.shell:Creating environment hook '/home/rover/rover_workspace/install/roverrobotics_gazebo/share/roverrobotics_gazebo/hook/cmake_prefix_path.sh'
[0.934s] Level 1:colcon.colcon_core.environment:checking '/home/rover/rover_workspace/install/roverrobotics_gazebo/bin'
[0.934s] Level 1:colcon.colcon_core.environment:checking '/home/rover/rover_workspace/install/roverrobotics_gazebo/lib/pkgconfig/roverrobotics_gazebo.pc'
[0.934s] Level 1:colcon.colcon_core.environment:checking '/home/rover/rover_workspace/install/roverrobotics_gazebo/lib/python3.10/site-packages'
[0.934s] Level 1:colcon.colcon_core.environment:checking '/home/rover/rover_workspace/install/roverrobotics_gazebo/bin'
[0.935s] INFO:colcon.colcon_core.shell:Creating package script '/home/rover/rover_workspace/install/roverrobotics_gazebo/share/roverrobotics_gazebo/package.ps1'
[0.935s] INFO:colcon.colcon_core.shell:Creating package descriptor '/home/rover/rover_workspace/install/roverrobotics_gazebo/share/roverrobotics_gazebo/package.dsv'
[0.935s] INFO:colcon.colcon_core.shell:Creating package script '/home/rover/rover_workspace/install/roverrobotics_gazebo/share/roverrobotics_gazebo/package.sh'
[0.935s] INFO:colcon.colcon_core.shell:Creating package script '/home/rover/rover_workspace/install/roverrobotics_gazebo/share/roverrobotics_gazebo/package.bash'
[0.936s] INFO:colcon.colcon_core.shell:Creating package script '/home/rover/rover_workspace/install/roverrobotics_gazebo/share/roverrobotics_gazebo/package.zsh'
[0.936s] Level 1:colcon.colcon_core.environment:create_file_with_runtime_dependencies(/home/rover/rover_workspace/install/roverrobotics_gazebo/share/colcon-core/packages/roverrobotics_gazebo)
[0.936s] Level 1:colcon.colcon_core.environment:create_environment_scripts_only(roverrobotics_gazebo)
[0.936s] Level 1:colcon.colcon_core.environment:checking '/home/rover/rover_workspace/install/roverrobotics_gazebo' for CMake module files
[0.936s] Level 1:colcon.colcon_core.environment:checking '/home/rover/rover_workspace/install/roverrobotics_gazebo' for CMake config files
[0.937s] Level 1:colcon.colcon_core.shell:create_environment_hook('roverrobotics_gazebo', 'cmake_prefix_path')
[0.937s] INFO:colcon.colcon_core.shell:Creating environment hook '/home/rover/rover_workspace/install/roverrobotics_gazebo/share/roverrobotics_gazebo/hook/cmake_prefix_path.ps1'
[0.937s] INFO:colcon.colcon_core.shell:Creating environment descriptor '/home/rover/rover_workspace/install/roverrobotics_gazebo/share/roverrobotics_gazebo/hook/cmake_prefix_path.dsv'
[0.937s] INFO:colcon.colcon_core.shell:Creating environment hook '/home/rover/rover_workspace/install/roverrobotics_gazebo/share/roverrobotics_gazebo/hook/cmake_prefix_path.sh'
[0.938s] Level 1:colcon.colcon_core.environment:checking '/home/rover/rover_workspace/install/roverrobotics_gazebo/bin'
[0.938s] Level 1:colcon.colcon_core.environment:checking '/home/rover/rover_workspace/install/roverrobotics_gazebo/lib/pkgconfig/roverrobotics_gazebo.pc'
[0.938s] Level 1:colcon.colcon_core.environment:checking '/home/rover/rover_workspace/install/roverrobotics_gazebo/lib/python3.10/site-packages'
[0.938s] Level 1:colcon.colcon_core.environment:checking '/home/rover/rover_workspace/install/roverrobotics_gazebo/bin'
[0.938s] INFO:colcon.colcon_core.shell:Creating package script '/home/rover/rover_workspace/install/roverrobotics_gazebo/share/roverrobotics_gazebo/package.ps1'
[0.938s] INFO:colcon.colcon_core.shell:Creating package descriptor '/home/rover/rover_workspace/install/roverrobotics_gazebo/share/roverrobotics_gazebo/package.dsv'
[0.939s] INFO:colcon.colcon_core.shell:Creating package script '/home/rover/rover_workspace/install/roverrobotics_gazebo/share/roverrobotics_gazebo/package.sh'
[0.939s] INFO:colcon.colcon_core.shell:Creating package script '/home/rover/rover_workspace/install/roverrobotics_gazebo/share/roverrobotics_gazebo/package.bash'
[0.939s] INFO:colcon.colcon_core.shell:Creating package script '/home/rover/rover_workspace/install/roverrobotics_gazebo/share/roverrobotics_gazebo/package.zsh'
[0.939s] Level 1:colcon.colcon_core.environment:create_file_with_runtime_dependencies(/home/rover/rover_workspace/install/roverrobotics_gazebo/share/colcon-core/packages/roverrobotics_gazebo)
[0.940s] Level 1:colcon.colcon_core.environment:create_environment_scripts_only(roverrobotics_driver)
[0.940s] Level 1:colcon.colcon_core.environment:checking '/home/rover/rover_workspace/install/roverrobotics_driver' for CMake module files
[0.941s] DEBUG:colcon.colcon_core.event_handler.log_command:Invoked command in '/home/rover/rover_workspace/build/roverrobotics_driver' returned '0': CMAKE_PREFIX_PATH=${CMAKE_PREFIX_PATH}:/home/rover/rover_workspace/install/bno055:/home/rover/NUC-1/install/variable_autonomy:/home/rover/NUC-1/install/bno055:/opt/ros/humble /usr/bin/cmake --install /home/rover/rover_workspace/build/roverrobotics_driver
[0.942s] Level 1:colcon.colcon_core.environment:checking '/home/rover/rover_workspace/install/roverrobotics_driver' for CMake config files
[0.942s] Level 1:colcon.colcon_core.shell:create_environment_hook('roverrobotics_driver', 'cmake_prefix_path')
[0.942s] INFO:colcon.colcon_core.shell:Creating environment hook '/home/rover/rover_workspace/install/roverrobotics_driver/share/roverrobotics_driver/hook/cmake_prefix_path.ps1'
[0.943s] INFO:colcon.colcon_core.shell:Creating environment descriptor '/home/rover/rover_workspace/install/roverrobotics_driver/share/roverrobotics_driver/hook/cmake_prefix_path.dsv'
[0.943s] INFO:colcon.colcon_core.shell:Creating environment hook '/home/rover/rover_workspace/install/roverrobotics_driver/share/roverrobotics_driver/hook/cmake_prefix_path.sh'
[0.943s] Level 1:colcon.colcon_core.environment:checking '/home/rover/rover_workspace/install/roverrobotics_driver/lib'
[0.943s] Level 1:colcon.colcon_core.environment:checking '/home/rover/rover_workspace/install/roverrobotics_driver/bin'
[0.944s] Level 1:colcon.colcon_core.environment:checking '/home/rover/rover_workspace/install/roverrobotics_driver/lib/pkgconfig/roverrobotics_driver.pc'
[0.944s] Level 1:colcon.colcon_core.environment:checking '/home/rover/rover_workspace/install/roverrobotics_driver/lib/python3.10/site-packages'
[0.944s] Level 1:colcon.colcon_core.environment:checking '/home/rover/rover_workspace/install/roverrobotics_driver/bin'
[0.944s] INFO:colcon.colcon_core.shell:Creating package script '/home/rover/rover_workspace/install/roverrobotics_driver/share/roverrobotics_driver/package.ps1'
[0.945s] INFO:colcon.colcon_core.shell:Creating package descriptor '/home/rover/rover_workspace/install/roverrobotics_driver/share/roverrobotics_driver/package.dsv'
[0.945s] INFO:colcon.colcon_core.shell:Creating package script '/home/rover/rover_workspace/install/roverrobotics_driver/share/roverrobotics_driver/package.sh'
[0.945s] INFO:colcon.colcon_core.shell:Creating package script '/home/rover/rover_workspace/install/roverrobotics_driver/share/roverrobotics_driver/package.bash'
[0.946s] INFO:colcon.colcon_core.shell:Creating package script '/home/rover/rover_workspace/install/roverrobotics_driver/share/roverrobotics_driver/package.zsh'
[0.946s] Level 1:colcon.colcon_core.environment:create_file_with_runtime_dependencies(/home/rover/rover_workspace/install/roverrobotics_driver/share/colcon-core/packages/roverrobotics_driver)
[0.947s] Level 1:colcon.colcon_core.environment:create_environment_scripts_only(roverrobotics_driver)
[0.947s] Level 1:colcon.colcon_core.environment:checking '/home/rover/rover_workspace/install/roverrobotics_driver' for CMake module files
[0.947s] Level 1:colcon.colcon_core.environment:checking '/home/rover/rover_workspace/install/roverrobotics_driver' for CMake config files
[0.947s] Level 1:colcon.colcon_core.shell:create_environment_hook('roverrobotics_driver', 'cmake_prefix_path')
[0.948s] INFO:colcon.colcon_core.shell:Creating environment hook '/home/rover/rover_workspace/install/roverrobotics_driver/share/roverrobotics_driver/hook/cmake_prefix_path.ps1'
[0.948s] INFO:colcon.colcon_core.shell:Creating environment descriptor '/home/rover/rover_workspace/install/roverrobotics_driver/share/roverrobotics_driver/hook/cmake_prefix_path.dsv'
[0.948s] INFO:colcon.colcon_core.shell:Creating environment hook '/home/rover/rover_workspace/install/roverrobotics_driver/share/roverrobotics_driver/hook/cmake_prefix_path.sh'
[0.949s] Level 1:colcon.colcon_core.environment:checking '/home/rover/rover_workspace/install/roverrobotics_driver/lib'
[0.949s] Level 1:colcon.colcon_core.environment:checking '/home/rover/rover_workspace/install/roverrobotics_driver/bin'
[0.949s] Level 1:colcon.colcon_core.environment:checking '/home/rover/rover_workspace/install/roverrobotics_driver/lib/pkgconfig/roverrobotics_driver.pc'
[0.949s] Level 1:colcon.colcon_core.environment:checking '/home/rover/rover_workspace/install/roverrobotics_driver/lib/python3.10/site-packages'
[0.949s] Level 1:colcon.colcon_core.environment:checking '/home/rover/rover_workspace/install/roverrobotics_driver/bin'
[0.950s] INFO:colcon.colcon_core.shell:Creating package script '/home/rover/rover_workspace/install/roverrobotics_driver/share/roverrobotics_driver/package.ps1'
[0.950s] INFO:colcon.colcon_core.shell:Creating package descriptor '/home/rover/rover_workspace/install/roverrobotics_driver/share/roverrobotics_driver/package.dsv'
[0.950s] INFO:colcon.colcon_core.shell:Creating package script '/home/rover/rover_workspace/install/roverrobotics_driver/share/roverrobotics_driver/package.sh'
[0.951s] INFO:colcon.colcon_core.shell:Creating package script '/home/rover/rover_workspace/install/roverrobotics_driver/share/roverrobotics_driver/package.bash'
[0.951s] INFO:colcon.colcon_core.shell:Creating package script '/home/rover/rover_workspace/install/roverrobotics_driver/share/roverrobotics_driver/package.zsh'
[0.951s] Level 1:colcon.colcon_core.environment:create_file_with_runtime_dependencies(/home/rover/rover_workspace/install/roverrobotics_driver/share/colcon-core/packages/roverrobotics_driver)
[1.093s] DEBUG:colcon.colcon_core.event_handler.log_command:Invoking command in '/home/rover/rover_workspace/src/greenhouse_navigation': PYTHONPATH=/home/rover/rover_workspace/build/greenhouse_navigation/prefix_override:/usr/lib/python3/dist-packages/colcon_core/task/python/colcon_distutils_commands:/home/rover/rover_workspace/install/greenhouse_navigation/lib/python3.10/site-packages:${PYTHONPATH} /usr/bin/python3 -W ignore:setup.py install is deprecated -W ignore:easy_install command is deprecated setup.py egg_info --egg-base ../../build/greenhouse_navigation build --build-base /home/rover/rover_workspace/build/greenhouse_navigation/build install --record /home/rover/rover_workspace/build/greenhouse_navigation/install.log --single-version-externally-managed install_data
[1.094s] DEBUG:colcon.colcon_core.event_handler.log_command:Invoking command in '/home/rover/rover_workspace/src/bno055': PYTHONPATH=/home/rover/rover_workspace/build/bno055/prefix_override:/usr/lib/python3/dist-packages/colcon_core/task/python/colcon_distutils_commands:/home/rover/rover_workspace/install/bno055/lib/python3.10/site-packages:${PYTHONPATH} /usr/bin/python3 -W ignore:setup.py install is deprecated -W ignore:easy_install command is deprecated setup.py egg_info --egg-base ../../build/bno055 build --build-base /home/rover/rover_workspace/build/bno055/build install --record /home/rover/rover_workspace/build/bno055/install.log --single-version-externally-managed install_data
[1.296s] Level 1:colcon.colcon_core.environment:checking '/home/rover/rover_workspace/install/greenhouse_navigation' for CMake module files
[1.296s] DEBUG:colcon.colcon_core.event_handler.log_command:Invoked command in '/home/rover/rover_workspace/src/greenhouse_navigation' returned '0': PYTHONPATH=/home/rover/rover_workspace/build/greenhouse_navigation/prefix_override:/usr/lib/python3/dist-packages/colcon_core/task/python/colcon_distutils_commands:/home/rover/rover_workspace/install/greenhouse_navigation/lib/python3.10/site-packages:${PYTHONPATH} /usr/bin/python3 -W ignore:setup.py install is deprecated -W ignore:easy_install command is deprecated setup.py egg_info --egg-base ../../build/greenhouse_navigation build --build-base /home/rover/rover_workspace/build/greenhouse_navigation/build install --record /home/rover/rover_workspace/build/greenhouse_navigation/install.log --single-version-externally-managed install_data
[1.296s] Level 1:colcon.colcon_core.environment:checking '/home/rover/rover_workspace/install/greenhouse_navigation' for CMake config files
[1.298s] Level 1:colcon.colcon_core.environment:checking '/home/rover/rover_workspace/install/greenhouse_navigation/lib'
[1.298s] Level 1:colcon.colcon_core.environment:checking '/home/rover/rover_workspace/install/greenhouse_navigation/bin'
[1.298s] Level 1:colcon.colcon_core.environment:checking '/home/rover/rover_workspace/install/greenhouse_navigation/lib/pkgconfig/greenhouse_navigation.pc'
[1.298s] Level 1:colcon.colcon_core.environment:checking '/home/rover/rover_workspace/install/greenhouse_navigation/lib/python3.10/site-packages'
[1.298s] Level 1:colcon.colcon_core.shell:create_environment_hook('greenhouse_navigation', 'pythonpath')
[1.298s] INFO:colcon.colcon_core.shell:Creating environment hook '/home/rover/rover_workspace/install/greenhouse_navigation/share/greenhouse_navigation/hook/pythonpath.ps1'
[1.299s] INFO:colcon.colcon_core.shell:Creating environment descriptor '/home/rover/rover_workspace/install/greenhouse_navigation/share/greenhouse_navigation/hook/pythonpath.dsv'
[1.299s] INFO:colcon.colcon_core.shell:Creating environment hook '/home/rover/rover_workspace/install/greenhouse_navigation/share/greenhouse_navigation/hook/pythonpath.sh'
[1.299s] Level 1:colcon.colcon_core.environment:checking '/home/rover/rover_workspace/install/greenhouse_navigation/bin'
[1.299s] Level 1:colcon.colcon_core.environment:create_environment_scripts_only(greenhouse_navigation)
[1.300s] INFO:colcon.colcon_core.shell:Creating package script '/home/rover/rover_workspace/install/greenhouse_navigation/share/greenhouse_navigation/package.ps1'
[1.300s] INFO:colcon.colcon_core.shell:Creating package descriptor '/home/rover/rover_workspace/install/greenhouse_navigation/share/greenhouse_navigation/package.dsv'
[1.300s] INFO:colcon.colcon_core.shell:Creating package script '/home/rover/rover_workspace/install/greenhouse_navigation/share/greenhouse_navigation/package.sh'
[1.300s] INFO:colcon.colcon_core.shell:Creating package script '/home/rover/rover_workspace/install/greenhouse_navigation/share/greenhouse_navigation/package.bash'
[1.301s] INFO:colcon.colcon_core.shell:Creating package script '/home/rover/rover_workspace/install/greenhouse_navigation/share/greenhouse_navigation/package.zsh'
[1.301s] Level 1:colcon.colcon_core.environment:create_file_with_runtime_dependencies(/home/rover/rover_workspace/install/greenhouse_navigation/share/colcon-core/packages/greenhouse_navigation)
[1.306s] Level 1:colcon.colcon_core.environment:checking '/home/rover/rover_workspace/install/bno055' for CMake module files
[1.307s] DEBUG:colcon.colcon_core.event_handler.log_command:Invoked command in '/home/rover/rover_workspace/src/bno055' returned '0': PYTHONPATH=/home/rover/rover_workspace/build/bno055/prefix_override:/usr/lib/python3/dist-packages/colcon_core/task/python/colcon_distutils_commands:/home/rover/rover_workspace/install/bno055/lib/python3.10/site-packages:${PYTHONPATH} /usr/bin/python3 -W ignore:setup.py install is deprecated -W ignore:easy_install command is deprecated setup.py egg_info --egg-base ../../build/bno055 build --build-base /home/rover/rover_workspace/build/bno055/build install --record /home/rover/rover_workspace/build/bno055/install.log --single-version-externally-managed install_data
[1.308s] Level 1:colcon.colcon_core.environment:checking '/home/rover/rover_workspace/install/bno055' for CMake config files
[1.309s] Level 1:colcon.colcon_core.environment:checking '/home/rover/rover_workspace/install/bno055/lib'
[1.309s] Level 1:colcon.colcon_core.environment:checking '/home/rover/rover_workspace/install/bno055/bin'
[1.309s] Level 1:colcon.colcon_core.environment:checking '/home/rover/rover_workspace/install/bno055/lib/pkgconfig/bno055.pc'
[1.309s] Level 1:colcon.colcon_core.environment:checking '/home/rover/rover_workspace/install/bno055/lib/python3.10/site-packages'
[1.309s] Level 1:colcon.colcon_core.shell:create_environment_hook('bno055', 'pythonpath')
[1.309s] INFO:colcon.colcon_core.shell:Creating environment hook '/home/rover/rover_workspace/install/bno055/share/bno055/hook/pythonpath.ps1'
[1.309s] INFO:colcon.colcon_core.shell:Creating environment descriptor '/home/rover/rover_workspace/install/bno055/share/bno055/hook/pythonpath.dsv'
[1.310s] INFO:colcon.colcon_core.shell:Creating environment hook '/home/rover/rover_workspace/install/bno055/share/bno055/hook/pythonpath.sh'
[1.310s] Level 1:colcon.colcon_core.environment:checking '/home/rover/rover_workspace/install/bno055/bin'
[1.310s] Level 1:colcon.colcon_core.environment:create_environment_scripts_only(bno055)
[1.310s] INFO:colcon.colcon_core.shell:Creating package script '/home/rover/rover_workspace/install/bno055/share/bno055/package.ps1'
[1.311s] INFO:colcon.colcon_core.shell:Creating package descriptor '/home/rover/rover_workspace/install/bno055/share/bno055/package.dsv'
[1.311s] INFO:colcon.colcon_core.shell:Creating package script '/home/rover/rover_workspace/install/bno055/share/bno055/package.sh'
[1.311s] INFO:colcon.colcon_core.shell:Creating package script '/home/rover/rover_workspace/install/bno055/share/bno055/package.bash'
[1.311s] INFO:colcon.colcon_core.shell:Creating package script '/home/rover/rover_workspace/install/bno055/share/bno055/package.zsh'
[1.311s] Level 1:colcon.colcon_core.environment:create_file_with_runtime_dependencies(/home/rover/rover_workspace/install/bno055/share/colcon-core/packages/bno055)
[1.312s] DEBUG:colcon.colcon_parallel_executor.executor.parallel:closing loop
[1.312s] DEBUG:colcon.colcon_parallel_executor.executor.parallel:loop closed
[1.312s] DEBUG:colcon.colcon_parallel_executor.executor.parallel:run_until_complete finished with '0'
[1.312s] DEBUG:colcon.colcon_core.event_reactor:joining thread
[1.321s] INFO:colcon.colcon_core.plugin_system:Skipping extension 'colcon_notification.desktop_notification.terminal_notifier': Not used on non-Darwin systems
[1.321s] INFO:colcon.colcon_core.plugin_system:Skipping extension 'colcon_notification.desktop_notification.win32': Not used on non-Windows systems
[1.321s] INFO:colcon.colcon_notification.desktop_notification:Sending desktop notification using 'notify2'
[1.378s] DEBUG:colcon.colcon_core.event_reactor:joined thread
[1.378s] INFO:colcon.colcon_core.shell:Creating prefix script '/home/rover/rover_workspace/install/local_setup.ps1'
[1.379s] INFO:colcon.colcon_core.shell:Creating prefix util module '/home/rover/rover_workspace/install/_local_setup_util_ps1.py'
[1.380s] INFO:colcon.colcon_core.shell:Creating prefix chain script '/home/rover/rover_workspace/install/setup.ps1'
[1.381s] INFO:colcon.colcon_core.shell:Creating prefix script '/home/rover/rover_workspace/install/local_setup.sh'
[1.382s] INFO:colcon.colcon_core.shell:Creating prefix util module '/home/rover/rover_workspace/install/_local_setup_util_sh.py'
[1.382s] INFO:colcon.colcon_core.shell:Creating prefix chain script '/home/rover/rover_workspace/install/setup.sh'
[1.383s] INFO:colcon.colcon_core.shell:Creating prefix script '/home/rover/rover_workspace/install/local_setup.bash'
[1.384s] INFO:colcon.colcon_core.shell:Creating prefix chain script '/home/rover/rover_workspace/install/setup.bash'
[1.385s] INFO:colcon.colcon_core.shell:Creating prefix script '/home/rover/rover_workspace/install/local_setup.zsh'
[1.385s] INFO:colcon.colcon_core.shell:Creating prefix chain script '/home/rover/rover_workspace/install/setup.zsh'
