[0.183s] Invoking command in '/home/raz/volcani/rover_volkani/build/roverrobotics_input_manager': CMAKE_PREFIX_PATH=${CMAKE_PREFIX_PATH}:/home/raz/volcani/rover_volkani/install/greenhouse_navigation:/home/raz/volcani/rover_volkani/install/bno055:/opt/ros/humble /usr/bin/cmake --build /home/raz/volcani/rover_volkani/build/roverrobotics_input_manager -- -j24 -l24
[0.209s] Invoked command in '/home/raz/volcani/rover_volkani/build/roverrobotics_input_manager' returned '0': CMAKE_PREFIX_PATH=${CMAKE_PREFIX_PATH}:/home/raz/volcani/rover_volkani/install/greenhouse_navigation:/home/raz/volcani/rover_volkani/install/bno055:/opt/ros/humble /usr/bin/cmake --build /home/raz/volcani/rover_volkani/build/roverrobotics_input_manager -- -j24 -l24
[0.210s] Invoking command in '/home/raz/volcani/rover_volkani/build/roverrobotics_input_manager': CMAKE_PREFIX_PATH=${CMAKE_PREFIX_PATH}:/home/raz/volcani/rover_volkani/install/greenhouse_navigation:/home/raz/volcani/rover_volkani/install/bno055:/opt/ros/humble /usr/bin/cmake --install /home/raz/volcani/rover_volkani/build/roverrobotics_input_manager
[0.216s] -- Install configuration: ""
[0.217s] -- Execute custom install script
[0.217s] -- Up-to-date symlink: /home/raz/volcani/rover_volkani/install/roverrobotics_input_manager/lib/roverrobotics_input_manager/modules/Controller.py
[0.217s] -- Up-to-date symlink: /home/raz/volcani/rover_volkani/install/roverrobotics_input_manager/lib/roverrobotics_input_manager/modules/Topics.py
[0.217s] -- Up-to-date symlink: /home/raz/volcani/rover_volkani/install/roverrobotics_input_manager/lib/roverrobotics_input_manager/modules/__pycache__/Controller.cpython-310.pyc
[0.217s] -- Up-to-date symlink: /home/raz/volcani/rover_volkani/install/roverrobotics_input_manager/lib/roverrobotics_input_manager/modules/__pycache__/Controller.cpython-38.pyc
[0.217s] -- Up-to-date symlink: /home/raz/volcani/rover_volkani/install/roverrobotics_input_manager/lib/roverrobotics_input_manager/modules/__pycache__/Topics.cpython-310.pyc
[0.217s] -- Up-to-date symlink: /home/raz/volcani/rover_volkani/install/roverrobotics_input_manager/lib/roverrobotics_input_manager/modules/__pycache__/Topics.cpython-38.pyc
[0.217s] -- Up-to-date symlink: /home/raz/volcani/rover_volkani/install/roverrobotics_input_manager/lib/roverrobotics_input_manager/joys_manager.py
[0.217s] -- Up-to-date symlink: /home/raz/volcani/rover_volkani/install/roverrobotics_input_manager/share/ament_index/resource_index/package_run_dependencies/roverrobotics_input_manager
[0.217s] -- Up-to-date symlink: /home/raz/volcani/rover_volkani/install/roverrobotics_input_manager/share/ament_index/resource_index/parent_prefix_path/roverrobotics_input_manager
[0.217s] -- Up-to-date symlink: /home/raz/volcani/rover_volkani/install/roverrobotics_input_manager/share/roverrobotics_input_manager/environment/ament_prefix_path.sh
[0.217s] -- Up-to-date symlink: /home/raz/volcani/rover_volkani/install/roverrobotics_input_manager/share/roverrobotics_input_manager/environment/ament_prefix_path.dsv
[0.217s] -- Up-to-date symlink: /home/raz/volcani/rover_volkani/install/roverrobotics_input_manager/share/roverrobotics_input_manager/environment/path.sh
[0.217s] -- Up-to-date symlink: /home/raz/volcani/rover_volkani/install/roverrobotics_input_manager/share/roverrobotics_input_manager/environment/path.dsv
[0.218s] -- Up-to-date symlink: /home/raz/volcani/rover_volkani/install/roverrobotics_input_manager/share/roverrobotics_input_manager/local_setup.bash
[0.218s] -- Up-to-date symlink: /home/raz/volcani/rover_volkani/install/roverrobotics_input_manager/share/roverrobotics_input_manager/local_setup.sh
[0.218s] -- Up-to-date symlink: /home/raz/volcani/rover_volkani/install/roverrobotics_input_manager/share/roverrobotics_input_manager/local_setup.zsh
[0.220s] -- Up-to-date symlink: /home/raz/volcani/rover_volkani/install/roverrobotics_input_manager/share/roverrobotics_input_manager/local_setup.dsv
[0.220s] -- Symlinking: /home/raz/volcani/rover_volkani/install/roverrobotics_input_manager/share/roverrobotics_input_manager/package.dsv
[0.224s] -- Up-to-date symlink: /home/raz/volcani/rover_volkani/install/roverrobotics_input_manager/share/ament_index/resource_index/packages/roverrobotics_input_manager
[0.224s] -- Up-to-date symlink: /home/raz/volcani/rover_volkani/install/roverrobotics_input_manager/share/roverrobotics_input_manager/cmake/roverrobotics_input_managerConfig.cmake
[0.224s] -- Up-to-date symlink: /home/raz/volcani/rover_volkani/install/roverrobotics_input_manager/share/roverrobotics_input_manager/cmake/roverrobotics_input_managerConfig-version.cmake
[0.224s] -- Up-to-date symlink: /home/raz/volcani/rover_volkani/install/roverrobotics_input_manager/share/roverrobotics_input_manager/package.xml
[0.226s] Invoked command in '/home/raz/volcani/rover_volkani/build/roverrobotics_input_manager' returned '0': CMAKE_PREFIX_PATH=${CMAKE_PREFIX_PATH}:/home/raz/volcani/rover_volkani/install/greenhouse_navigation:/home/raz/volcani/rover_volkani/install/bno055:/opt/ros/humble /usr/bin/cmake --install /home/raz/volcani/rover_volkani/build/roverrobotics_input_manager
